14:10:21:965  INFO 49650 --- [main] com.hmall.cart.cartApplication           : The following 1 profile is active: "dev"
14:10:22:428  INFO 49650 --- [main] o.s.cloud.context.scope.GenericScope     : BeanFactory id=86d9ed39-a4f3-3bbd-824e-2f26e2563228
14:10:22:877  INFO 49650 --- [main] o.s.b.w.embedded.tomcat.TomcatWebServer  : Tomcat initialized with port(s): 8082 (http)
14:10:22:880  INFO 49650 --- [main] o.apache.catalina.core.StandardService   : Starting service [Tomcat]
14:10:22:880  INFO 49650 --- [main] org.apache.catalina.core.StandardEngine  : Starting Servlet engine: [Apache Tomcat/9.0.75]
14:10:22:928  INFO 49650 --- [main] o.a.c.c.C.[Tomcat].[localhost].[/]       : Initializing Spring embedded WebApplicationContext
14:10:22:928  INFO 49650 --- [main] w.s.c.ServletWebServerApplicationContext : Root WebApplicationContext: initialization completed in 950 ms
14:10:23:073  INFO 49650 --- [main] o.s.c.openfeign.FeignClientFactoryBean   : For 'item-service' URL not provided. Will try picking an instance via load-balancing.
14:10:23:348  INFO 49650 --- [main] c.a.c.sentinel.SentinelWebMvcConfigurer  : [Sentinel Starter] register SentinelWebInterceptor with urlPatterns: [/**].
14:10:23:524  INFO 49650 --- [main] o.s.b.a.e.web.EndpointLinksResolver      : Exposing 1 endpoint(s) beneath base path '/actuator'
14:10:23:559  INFO 49650 --- [main] com.alibaba.nacos.common.remote.client   : [RpcClientFactory] create a new rpc client of 15038177-8ab9-4b31-b7a2-b89cb7d22a32
14:10:23:559  INFO 49650 --- [main] com.alibaba.nacos.common.remote.client   : [15038177-8ab9-4b31-b7a2-b89cb7d22a32] RpcClient init label, labels = {module=naming, source=sdk}
14:10:23:560  INFO 49650 --- [main] com.alibaba.nacos.common.remote.client   : [15038177-8ab9-4b31-b7a2-b89cb7d22a32] RpcClient init, ServerListFactory = com.alibaba.nacos.client.naming.core.ServerListManager
14:10:23:560  INFO 49650 --- [main] com.alibaba.nacos.common.remote.client   : [15038177-8ab9-4b31-b7a2-b89cb7d22a32] Registry connection listener to current client:com.alibaba.nacos.client.naming.remote.gprc.redo.NamingGrpcRedoService
14:10:23:560  INFO 49650 --- [main] com.alibaba.nacos.common.remote.client   : [15038177-8ab9-4b31-b7a2-b89cb7d22a32] Register server push request handler:com.alibaba.nacos.client.naming.remote.gprc.NamingPushRequestHandler
14:10:23:560  INFO 49650 --- [main] com.alibaba.nacos.common.remote.client   : [15038177-8ab9-4b31-b7a2-b89cb7d22a32] Try to connect to server on start up, server: {serverIp = '49.235.39.92', server main port = 8848}
14:10:23:865  INFO 49650 --- [main] com.alibaba.nacos.common.remote.client   : [15038177-8ab9-4b31-b7a2-b89cb7d22a32] Success to connect to server [49.235.39.92:8848] on start up, connectionId = 1765519823784_218.84.124.14_4287
14:10:23:866  INFO 49650 --- [main] com.alibaba.nacos.common.remote.client   : [15038177-8ab9-4b31-b7a2-b89cb7d22a32] Register server push request handler:com.alibaba.nacos.common.remote.client.RpcClient$ConnectResetRequestHandler
14:10:23:866  INFO 49650 --- [com.alibaba.nacos.client.remote.worker] com.alibaba.nacos.common.remote.client   : [15038177-8ab9-4b31-b7a2-b89cb7d22a32] Notify connected event to listeners.
14:10:23:866  INFO 49650 --- [main] com.alibaba.nacos.common.remote.client   : [15038177-8ab9-4b31-b7a2-b89cb7d22a32] Register server push request handler:com.alibaba.nacos.common.remote.client.RpcClient$$Lambda$469/0x000000080044c440
14:10:23:954  INFO 49650 --- [main] o.s.b.w.embedded.tomcat.TomcatWebServer  : Tomcat started on port(s): 8082 (http) with context path ''
14:10:24:024  INFO 49650 --- [main] c.a.c.n.registry.NacosServiceRegistry    : nacos registry, DEFAULT_GROUP cart-service 192.168.1.3:8082 register finished
14:10:24:039  INFO 49650 --- [main] com.hmall.cart.cartApplication           : Started cartApplication in 3.604 seconds (JVM running for 4.016)
14:10:24:044  INFO 49650 --- [main] c.a.c.n.refresh.NacosContextRefresher    : [Nacos Config] Listening config: dataId=cart-service, group=DEFAULT_GROUP
14:10:24:045  INFO 49650 --- [main] c.a.c.n.refresh.NacosContextRefresher    : [Nacos Config] Listening config: dataId=cart-service.yaml, group=DEFAULT_GROUP
14:10:24:045  INFO 49650 --- [main] c.a.c.n.refresh.NacosContextRefresher    : [Nacos Config] Listening config: dataId=cart-service-dev.yaml, group=DEFAULT_GROUP
14:10:24:301  INFO 49650 --- [RMI TCP Connection(1)-127.0.0.1] o.a.c.c.C.[Tomcat].[localhost].[/]       : Initializing Spring DispatcherServlet 'dispatcherServlet'
14:10:24:302  INFO 49650 --- [RMI TCP Connection(1)-127.0.0.1] o.s.web.servlet.DispatcherServlet        : Initializing Servlet 'dispatcherServlet'
14:10:24:304  INFO 49650 --- [RMI TCP Connection(1)-127.0.0.1] o.s.web.servlet.DispatcherServlet        : Completed initialization in 2 ms
14:10:24:316  INFO 49650 --- [RMI TCP Connection(4)-127.0.0.1] com.zaxxer.hikari.HikariDataSource       : HikariPool-1 - Starting...
14:10:24:461  INFO 49650 --- [nacos-grpc-client-executor-10] com.alibaba.nacos.common.remote.client   : [15038177-8ab9-4b31-b7a2-b89cb7d22a32] Receive server push request, request = NotifySubscriberRequest, requestId = 2814
14:10:24:463  INFO 49650 --- [nacos-grpc-client-executor-10] com.alibaba.nacos.common.remote.client   : [15038177-8ab9-4b31-b7a2-b89cb7d22a32] Ack server push request, request = NotifySubscriberRequest, requestId = 2814
14:10:25:298  INFO 49650 --- [RMI TCP Connection(4)-127.0.0.1] com.zaxxer.hikari.HikariDataSource       : HikariPool-1 - Start completed.
14:17:25:313  WARN 49650 --- [Thread-5] c.a.nacos.common.notify.NotifyCenter     : [NotifyCenter] Start destroying Publisher
14:17:25:314  WARN 49650 --- [Thread-5] c.a.nacos.common.notify.NotifyCenter     : [NotifyCenter] Destruction of the end
14:17:25:315  WARN 49650 --- [Thread-1] c.a.n.common.http.HttpClientBeanHolder   : [HttpClientBeanHolder] Start destroying common HttpClient
14:17:25:317  WARN 49650 --- [Thread-1] c.a.n.common.http.HttpClientBeanHolder   : [HttpClientBeanHolder] Destruction of the end
14:17:25:404  INFO 49650 --- [SpringApplicationShutdownHook] c.a.c.n.registry.NacosServiceRegistry    : De-registering from Nacos Server now...
14:17:25:470  INFO 49650 --- [SpringApplicationShutdownHook] c.a.c.n.registry.NacosServiceRegistry    : De-registration finished.
14:17:25:472  INFO 49650 --- [SpringApplicationShutdownHook] com.alibaba.nacos.common.remote.client   : Shutdown rpc client, set status to shutdown
14:17:25:472  INFO 49650 --- [SpringApplicationShutdownHook] com.alibaba.nacos.common.remote.client   : Shutdown client event executor java.util.concurrent.ScheduledThreadPoolExecutor@5695f1ff[Running, pool size = 2, active threads = 2, queued tasks = 0, completed tasks = 0]
14:17:25:472  INFO 49650 --- [SpringApplicationShutdownHook] com.alibaba.nacos.common.remote.client   : Close current connection 1765519823784_218.84.124.14_4287
14:17:25:473  INFO 49650 --- [SpringApplicationShutdownHook] c.a.n.c.remote.client.grpc.GrpcClient    : Shutdown grpc executor java.util.concurrent.ThreadPoolExecutor@35800910[Running, pool size = 8, active threads = 0, queued tasks = 0, completed tasks = 180]
14:17:25:477  INFO 49650 --- [SpringApplicationShutdownHook] com.zaxxer.hikari.HikariDataSource       : HikariPool-1 - Shutdown initiated...
14:17:26:182  INFO 49650 --- [SpringApplicationShutdownHook] com.zaxxer.hikari.HikariDataSource       : HikariPool-1 - Shutdown completed.
14:19:04:584  INFO 50649 --- [main] com.hmall.cart.cartApplication           : The following 1 profile is active: "dev"
14:19:05:209  INFO 50649 --- [main] o.s.cloud.context.scope.GenericScope     : BeanFactory id=86d9ed39-a4f3-3bbd-824e-2f26e2563228
14:19:05:378  INFO 50649 --- [main] o.s.b.w.embedded.tomcat.TomcatWebServer  : Tomcat initialized with port(s): 8082 (http)
14:19:05:381  INFO 50649 --- [main] o.apache.catalina.core.StandardService   : Starting service [Tomcat]
14:19:05:382  INFO 50649 --- [main] org.apache.catalina.core.StandardEngine  : Starting Servlet engine: [Apache Tomcat/9.0.75]
14:19:05:437  INFO 50649 --- [main] o.a.c.c.C.[Tomcat].[localhost].[/]       : Initializing Spring embedded WebApplicationContext
14:19:05:438  INFO 50649 --- [main] w.s.c.ServletWebServerApplicationContext : Root WebApplicationContext: initialization completed in 843 ms
14:19:05:731  INFO 50649 --- [main] o.s.c.openfeign.FeignClientFactoryBean   : For 'item-service' URL not provided. Will try picking an instance via load-balancing.
14:19:06:142  INFO 50649 --- [main] c.a.c.sentinel.SentinelWebMvcConfigurer  : [Sentinel Starter] register SentinelWebInterceptor with urlPatterns: [/**].
14:19:06:380  INFO 50649 --- [main] o.s.b.a.e.web.EndpointLinksResolver      : Exposing 1 endpoint(s) beneath base path '/actuator'
14:19:06:417  INFO 50649 --- [main] com.alibaba.nacos.common.remote.client   : [RpcClientFactory] create a new rpc client of 39eba602-735c-483f-ab20-fe0bb6dd83fb
14:19:06:417  INFO 50649 --- [main] com.alibaba.nacos.common.remote.client   : [39eba602-735c-483f-ab20-fe0bb6dd83fb] RpcClient init label, labels = {module=naming, source=sdk}
14:19:06:418  INFO 50649 --- [main] com.alibaba.nacos.common.remote.client   : [39eba602-735c-483f-ab20-fe0bb6dd83fb] RpcClient init, ServerListFactory = com.alibaba.nacos.client.naming.core.ServerListManager
14:19:06:418  INFO 50649 --- [main] com.alibaba.nacos.common.remote.client   : [39eba602-735c-483f-ab20-fe0bb6dd83fb] Registry connection listener to current client:com.alibaba.nacos.client.naming.remote.gprc.redo.NamingGrpcRedoService
14:19:06:418  INFO 50649 --- [main] com.alibaba.nacos.common.remote.client   : [39eba602-735c-483f-ab20-fe0bb6dd83fb] Register server push request handler:com.alibaba.nacos.client.naming.remote.gprc.NamingPushRequestHandler
14:19:06:418  INFO 50649 --- [main] com.alibaba.nacos.common.remote.client   : [39eba602-735c-483f-ab20-fe0bb6dd83fb] Try to connect to server on start up, server: {serverIp = '49.235.39.92', server main port = 8848}
14:19:06:741  INFO 50649 --- [main] com.alibaba.nacos.common.remote.client   : [39eba602-735c-483f-ab20-fe0bb6dd83fb] Success to connect to server [49.235.39.92:8848] on start up, connectionId = 1765520346669_218.84.124.14_2917
14:19:06:741  INFO 50649 --- [main] com.alibaba.nacos.common.remote.client   : [39eba602-735c-483f-ab20-fe0bb6dd83fb] Register server push request handler:com.alibaba.nacos.common.remote.client.RpcClient$ConnectResetRequestHandler
14:19:06:741  INFO 50649 --- [main] com.alibaba.nacos.common.remote.client   : [39eba602-735c-483f-ab20-fe0bb6dd83fb] Register server push request handler:com.alibaba.nacos.common.remote.client.RpcClient$$Lambda$468/0x000000080045e040
14:19:06:741  INFO 50649 --- [com.alibaba.nacos.client.remote.worker] com.alibaba.nacos.common.remote.client   : [39eba602-735c-483f-ab20-fe0bb6dd83fb] Notify connected event to listeners.
14:19:06:828  INFO 50649 --- [main] o.s.b.w.embedded.tomcat.TomcatWebServer  : Tomcat started on port(s): 8082 (http) with context path ''
14:19:06:901  INFO 50649 --- [main] c.a.c.n.registry.NacosServiceRegistry    : nacos registry, DEFAULT_GROUP cart-service 192.168.1.3:8082 register finished
14:19:06:911  INFO 50649 --- [main] com.hmall.cart.cartApplication           : Started cartApplication in 4.305 seconds (JVM running for 4.741)
14:19:06:914  INFO 50649 --- [main] c.a.c.n.refresh.NacosContextRefresher    : [Nacos Config] Listening config: dataId=cart-service, group=DEFAULT_GROUP
14:19:06:914  INFO 50649 --- [main] c.a.c.n.refresh.NacosContextRefresher    : [Nacos Config] Listening config: dataId=cart-service.yaml, group=DEFAULT_GROUP
14:19:06:915  INFO 50649 --- [main] c.a.c.n.refresh.NacosContextRefresher    : [Nacos Config] Listening config: dataId=cart-service-dev.yaml, group=DEFAULT_GROUP
14:19:07:014  INFO 50649 --- [RMI TCP Connection(4)-127.0.0.1] o.a.c.c.C.[Tomcat].[localhost].[/]       : Initializing Spring DispatcherServlet 'dispatcherServlet'
14:19:07:015  INFO 50649 --- [RMI TCP Connection(4)-127.0.0.1] o.s.web.servlet.DispatcherServlet        : Initializing Servlet 'dispatcherServlet'
14:19:07:015  INFO 50649 --- [RMI TCP Connection(4)-127.0.0.1] o.s.web.servlet.DispatcherServlet        : Completed initialization in 0 ms
14:19:07:031  INFO 50649 --- [RMI TCP Connection(5)-127.0.0.1] com.zaxxer.hikari.HikariDataSource       : HikariPool-1 - Starting...
14:19:07:357  INFO 50649 --- [nacos-grpc-client-executor-10] com.alibaba.nacos.common.remote.client   : [39eba602-735c-483f-ab20-fe0bb6dd83fb] Receive server push request, request = NotifySubscriberRequest, requestId = 2819
14:19:07:359  INFO 50649 --- [nacos-grpc-client-executor-10] com.alibaba.nacos.common.remote.client   : [39eba602-735c-483f-ab20-fe0bb6dd83fb] Ack server push request, request = NotifySubscriberRequest, requestId = 2819
14:19:07:994  INFO 50649 --- [RMI TCP Connection(5)-127.0.0.1] com.zaxxer.hikari.HikariDataSource       : HikariPool-1 - Start completed.
14:21:54:004  INFO 50649 --- [http-nio-8082-exec-1] c.h.common.config.UserinfoInterceptor    : =================================================
14:21:54:004  INFO 50649 --- [http-nio-8082-exec-1] c.h.common.config.UserinfoInterceptor    : >>>>> 拦截器启动！当前路径: /carts
14:21:54:004  INFO 50649 --- [http-nio-8082-exec-1] c.h.common.config.UserinfoInterceptor    : >>>>> 获取到的 user-info 头信息: 2
14:21:54:004  INFO 50649 --- [http-nio-8082-exec-1] c.h.common.config.UserinfoInterceptor    : =================================================
14:21:54:009  INFO 50649 --- [http-nio-8082-exec-1] c.hmall.cart.controller.CartController   : 查询用户购物车列表
14:21:54:097 DEBUG 50649 --- [http-nio-8082-exec-1] c.h.cart.mapper.CartMapper.selectList    : ==>  Preparing: SELECT id,user_id,item_id,num,name,spec,price,image,create_time,update_time FROM cart WHERE (user_id = ?)
14:21:54:114 DEBUG 50649 --- [http-nio-8082-exec-1] c.h.cart.mapper.CartMapper.selectList    : ==> Parameters: 2(Long)
14:21:54:195 DEBUG 50649 --- [http-nio-8082-exec-1] c.h.cart.mapper.CartMapper.selectList    : <==      Total: 5
14:21:54:209 DEBUG 50649 --- [http-nio-8082-exec-1] com.hmall.api.client.itemClient          : [itemClient#queryItemByIds] ---> GET http://item-service/items?ids=40305713537&ids=8533120&ids=100000004580&ids=2120808&ids=14741770661 HTTP/1.1
14:21:54:209 DEBUG 50649 --- [http-nio-8082-exec-1] com.hmall.api.client.itemClient          : [itemClient#queryItemByIds] user-info: 2
14:21:54:209 DEBUG 50649 --- [http-nio-8082-exec-1] com.hmall.api.client.itemClient          : [itemClient#queryItemByIds] ---> END HTTP (0-byte body)
14:21:54:883  INFO 50649 --- [nacos-grpc-client-executor-81] com.alibaba.nacos.common.remote.client   : [39eba602-735c-483f-ab20-fe0bb6dd83fb] Receive server push request, request = NotifySubscriberRequest, requestId = 2824
14:21:54:883  INFO 50649 --- [nacos-grpc-client-executor-81] com.alibaba.nacos.common.remote.client   : [39eba602-735c-483f-ab20-fe0bb6dd83fb] Ack server push request, request = NotifySubscriberRequest, requestId = 2824
14:21:55:656 DEBUG 50649 --- [http-nio-8082-exec-1] com.hmall.api.client.itemClient          : [itemClient#queryItemByIds] <--- HTTP/1.1 200  (1446ms)
14:21:55:656 DEBUG 50649 --- [http-nio-8082-exec-1] com.hmall.api.client.itemClient          : [itemClient#queryItemByIds] connection: keep-alive
14:21:55:656 DEBUG 50649 --- [http-nio-8082-exec-1] com.hmall.api.client.itemClient          : [itemClient#queryItemByIds] content-type: application/json
14:21:55:656 DEBUG 50649 --- [http-nio-8082-exec-1] com.hmall.api.client.itemClient          : [itemClient#queryItemByIds] date: Fri, 12 Dec 2025 06:21:55 GMT
14:21:55:656 DEBUG 50649 --- [http-nio-8082-exec-1] com.hmall.api.client.itemClient          : [itemClient#queryItemByIds] keep-alive: timeout=60
14:21:55:656 DEBUG 50649 --- [http-nio-8082-exec-1] com.hmall.api.client.itemClient          : [itemClient#queryItemByIds] transfer-encoding: chunked
14:21:55:656 DEBUG 50649 --- [http-nio-8082-exec-1] com.hmall.api.client.itemClient          : [itemClient#queryItemByIds] 
14:21:55:657 DEBUG 50649 --- [http-nio-8082-exec-1] com.hmall.api.client.itemClient          : [itemClient#queryItemByIds] [{"id":"2120808","name":"姬龙雪 guy laroche女包 GL经典手提包女牛皮大容量单肩包女欧美时尚包包女包GS1210001-06杏色","price":71800,"stock":1,"image":"https://m.360buyimg.com/mobilecms/s720x720_jfs/t30694/267/398774087/90954/6fc143cf/5bf25358N14dadbf7.jpg!q70.jpg.webp","category":"真皮包","brand":"姬龙雪","spec":"{}","sold":0,"commentCount":0,"isAD":false,"status":1},{"id":"8533120","name":"海尔 （Haier ）LQ65H31 65英寸 4K曲面人工智能全面屏超高清LED液晶电视","price":379500,"stock":10000,"image":"https://m.360buyimg.com/mobilecms/s720x720_jfs/t1/2851/14/13998/101463/5bd9723cE81b2c299/1bfdf2d1628648e4.jpg!q70.jpg.webp","category":"曲面电视","brand":"海尔","spec":"{}","sold":0,"commentCount":0,"isAD":false,"status":1},{"id":"14741770661","name":"康佳（KONKA） LED49UC3 49英寸超薄曲面36核4K HDR人工智能电视","price":144600,"stock":10000,"image":"https://m.360buyimg.com/mobilecms/s720x720_jfs/t16477/84/2032772431/400946/2887be91/5a912776N7e343ec3.jpg!q70.jpg.webp","category":"曲面电视","brand":"康佳","spec":"{}","sold":0,"commentCount":0,"isAD":false,"status":1},{"id":"40305713537","name":"【官方正品 品牌直营】奥古狮登小白鞋女秋季透气2018新款百搭韩版休闲鞋运动鞋女鞋厚底板鞋女 浅蓝【厚底】 41","price":35400,"stock":10000,"image":"https://m.360buyimg.com/mobilecms/s720x720_jfs/t1/14147/34/2890/275451/5c225484Ebd346404/e61513be4639ee2e.jpg!q70.jpg.webp","category":"休闲鞋","brand":"奥古狮登","spec":"{\"颜色\": \"金色\", \"尺码\": \"41\"}","sold":0,"commentCount":0,"isAD":false,"status":1},{"id":"100000004580","name":"薇妮(viney)女士单肩包 时尚牛皮女包百搭斜挎包女士手提大包(经典黑)","price":87900,"stock":9996,"image":"https://m.360buyimg.com/mobilecms/s720x720_jfs/t5590/64/5811657380/234462/5398e856/5965e173N34179777.jpg!q70.jpg.webp","category":"真皮包","brand":"viney","spec":"{\"颜色\": \"黑色\"}","sold":22233,"commentCount":2223232,"isAD":false,"status":1}]
14:21:55:658 DEBUG 50649 --- [http-nio-8082-exec-1] com.hmall.api.client.itemClient          : [itemClient#queryItemByIds] <--- END HTTP (2058-byte body)
14:21:55:666  INFO 50649 --- [http-nio-8082-exec-1] c.h.cart.service.impl.CartServiceImpl    : 查询到的商品列表: [ItemDTO(id=2120808, name=姬龙雪 guy laroche女包 GL经典手提包女牛皮大容量单肩包女欧美时尚包包女包GS1210001-06杏色, price=71800, stock=1, image=https://m.360buyimg.com/mobilecms/s720x720_jfs/t30694/267/398774087/90954/6fc143cf/5bf25358N14dadbf7.jpg!q70.jpg.webp, category=真皮包, brand=姬龙雪, spec={}, sold=0, commentCount=0, isAD=false, status=1), ItemDTO(id=8533120, name=海尔 （Haier ）LQ65H31 65英寸 4K曲面人工智能全面屏超高清LED液晶电视, price=379500, stock=10000, image=https://m.360buyimg.com/mobilecms/s720x720_jfs/t1/2851/14/13998/101463/5bd9723cE81b2c299/1bfdf2d1628648e4.jpg!q70.jpg.webp, category=曲面电视, brand=海尔, spec={}, sold=0, commentCount=0, isAD=false, status=1), ItemDTO(id=14741770661, name=康佳（KONKA） LED49UC3 49英寸超薄曲面36核4K HDR人工智能电视, price=144600, stock=10000, image=https://m.360buyimg.com/mobilecms/s720x720_jfs/t16477/84/2032772431/400946/2887be91/5a912776N7e343ec3.jpg!q70.jpg.webp, category=曲面电视, brand=康佳, spec={}, sold=0, commentCount=0, isAD=false, status=1), ItemDTO(id=40305713537, name=【官方正品 品牌直营】奥古狮登小白鞋女秋季透气2018新款百搭韩版休闲鞋运动鞋女鞋厚底板鞋女 浅蓝【厚底】 41, price=35400, stock=10000, image=https://m.360buyimg.com/mobilecms/s720x720_jfs/t1/14147/34/2890/275451/5c225484Ebd346404/e61513be4639ee2e.jpg!q70.jpg.webp, category=休闲鞋, brand=奥古狮登, spec={"颜色": "金色", "尺码": "41"}, sold=0, commentCount=0, isAD=false, status=1), ItemDTO(id=100000004580, name=薇妮(viney)女士单肩包 时尚牛皮女包百搭斜挎包女士手提大包(经典黑), price=87900, stock=9996, image=https://m.360buyimg.com/mobilecms/s720x720_jfs/t5590/64/5811657380/234462/5398e856/5965e173N34179777.jpg!q70.jpg.webp, category=真皮包, brand=viney, spec={"颜色": "黑色"}, sold=22233, commentCount=2223232, isAD=false, status=1)]
14:22:15:447  INFO 50649 --- [http-nio-8082-exec-2] c.h.common.config.UserinfoInterceptor    : =================================================
14:22:15:448  INFO 50649 --- [http-nio-8082-exec-2] c.h.common.config.UserinfoInterceptor    : >>>>> 拦截器启动！当前路径: /carts
14:22:15:448  INFO 50649 --- [http-nio-8082-exec-2] c.h.common.config.UserinfoInterceptor    : >>>>> 获取到的 user-info 头信息: 2
14:22:15:448  INFO 50649 --- [http-nio-8082-exec-2] c.h.common.config.UserinfoInterceptor    : =================================================
14:22:15:449  INFO 50649 --- [http-nio-8082-exec-2] c.hmall.cart.controller.CartController   : 查询用户购物车列表
14:22:15:523 DEBUG 50649 --- [http-nio-8082-exec-2] c.h.cart.mapper.CartMapper.selectList    : ==>  Preparing: SELECT id,user_id,item_id,num,name,spec,price,image,create_time,update_time FROM cart WHERE (user_id = ?)
14:22:15:524 DEBUG 50649 --- [http-nio-8082-exec-2] c.h.cart.mapper.CartMapper.selectList    : ==> Parameters: 2(Long)
14:22:15:599 DEBUG 50649 --- [http-nio-8082-exec-2] c.h.cart.mapper.CartMapper.selectList    : <==      Total: 5
14:22:15:604 DEBUG 50649 --- [http-nio-8082-exec-2] com.hmall.api.client.itemClient          : [itemClient#queryItemByIds] ---> GET http://item-service/items?ids=40305713537&ids=8533120&ids=100000004580&ids=2120808&ids=14741770661 HTTP/1.1
14:22:15:604 DEBUG 50649 --- [http-nio-8082-exec-2] com.hmall.api.client.itemClient          : [itemClient#queryItemByIds] user-info: 2
14:22:15:604 DEBUG 50649 --- [http-nio-8082-exec-2] com.hmall.api.client.itemClient          : [itemClient#queryItemByIds] ---> END HTTP (0-byte body)
14:22:15:761 DEBUG 50649 --- [http-nio-8082-exec-2] com.hmall.api.client.itemClient          : [itemClient#queryItemByIds] <--- HTTP/1.1 200  (156ms)
14:22:15:762 DEBUG 50649 --- [http-nio-8082-exec-2] com.hmall.api.client.itemClient          : [itemClient#queryItemByIds] connection: keep-alive
14:22:15:762 DEBUG 50649 --- [http-nio-8082-exec-2] com.hmall.api.client.itemClient          : [itemClient#queryItemByIds] content-type: application/json
14:22:15:762 DEBUG 50649 --- [http-nio-8082-exec-2] com.hmall.api.client.itemClient          : [itemClient#queryItemByIds] date: Fri, 12 Dec 2025 06:22:15 GMT
14:22:15:762 DEBUG 50649 --- [http-nio-8082-exec-2] com.hmall.api.client.itemClient          : [itemClient#queryItemByIds] keep-alive: timeout=60
14:22:15:762 DEBUG 50649 --- [http-nio-8082-exec-2] com.hmall.api.client.itemClient          : [itemClient#queryItemByIds] transfer-encoding: chunked
14:22:15:762 DEBUG 50649 --- [http-nio-8082-exec-2] com.hmall.api.client.itemClient          : [itemClient#queryItemByIds] 
14:22:15:762 DEBUG 50649 --- [http-nio-8082-exec-2] com.hmall.api.client.itemClient          : [itemClient#queryItemByIds] [{"id":"2120808","name":"姬龙雪 guy laroche女包 GL经典手提包女牛皮大容量单肩包女欧美时尚包包女包GS1210001-06杏色","price":71800,"stock":1,"image":"https://m.360buyimg.com/mobilecms/s720x720_jfs/t30694/267/398774087/90954/6fc143cf/5bf25358N14dadbf7.jpg!q70.jpg.webp","category":"真皮包","brand":"姬龙雪","spec":"{}","sold":0,"commentCount":0,"isAD":false,"status":1},{"id":"8533120","name":"海尔 （Haier ）LQ65H31 65英寸 4K曲面人工智能全面屏超高清LED液晶电视","price":379500,"stock":10000,"image":"https://m.360buyimg.com/mobilecms/s720x720_jfs/t1/2851/14/13998/101463/5bd9723cE81b2c299/1bfdf2d1628648e4.jpg!q70.jpg.webp","category":"曲面电视","brand":"海尔","spec":"{}","sold":0,"commentCount":0,"isAD":false,"status":1},{"id":"14741770661","name":"康佳（KONKA） LED49UC3 49英寸超薄曲面36核4K HDR人工智能电视","price":144600,"stock":10000,"image":"https://m.360buyimg.com/mobilecms/s720x720_jfs/t16477/84/2032772431/400946/2887be91/5a912776N7e343ec3.jpg!q70.jpg.webp","category":"曲面电视","brand":"康佳","spec":"{}","sold":0,"commentCount":0,"isAD":false,"status":1},{"id":"40305713537","name":"【官方正品 品牌直营】奥古狮登小白鞋女秋季透气2018新款百搭韩版休闲鞋运动鞋女鞋厚底板鞋女 浅蓝【厚底】 41","price":35400,"stock":10000,"image":"https://m.360buyimg.com/mobilecms/s720x720_jfs/t1/14147/34/2890/275451/5c225484Ebd346404/e61513be4639ee2e.jpg!q70.jpg.webp","category":"休闲鞋","brand":"奥古狮登","spec":"{\"颜色\": \"金色\", \"尺码\": \"41\"}","sold":0,"commentCount":0,"isAD":false,"status":1},{"id":"100000004580","name":"薇妮(viney)女士单肩包 时尚牛皮女包百搭斜挎包女士手提大包(经典黑)","price":87900,"stock":9996,"image":"https://m.360buyimg.com/mobilecms/s720x720_jfs/t5590/64/5811657380/234462/5398e856/5965e173N34179777.jpg!q70.jpg.webp","category":"真皮包","brand":"viney","spec":"{\"颜色\": \"黑色\"}","sold":22233,"commentCount":2223232,"isAD":false,"status":1}]
14:22:15:762 DEBUG 50649 --- [http-nio-8082-exec-2] com.hmall.api.client.itemClient          : [itemClient#queryItemByIds] <--- END HTTP (2058-byte body)
14:22:15:763  INFO 50649 --- [http-nio-8082-exec-2] c.h.cart.service.impl.CartServiceImpl    : 查询到的商品列表: [ItemDTO(id=2120808, name=姬龙雪 guy laroche女包 GL经典手提包女牛皮大容量单肩包女欧美时尚包包女包GS1210001-06杏色, price=71800, stock=1, image=https://m.360buyimg.com/mobilecms/s720x720_jfs/t30694/267/398774087/90954/6fc143cf/5bf25358N14dadbf7.jpg!q70.jpg.webp, category=真皮包, brand=姬龙雪, spec={}, sold=0, commentCount=0, isAD=false, status=1), ItemDTO(id=8533120, name=海尔 （Haier ）LQ65H31 65英寸 4K曲面人工智能全面屏超高清LED液晶电视, price=379500, stock=10000, image=https://m.360buyimg.com/mobilecms/s720x720_jfs/t1/2851/14/13998/101463/5bd9723cE81b2c299/1bfdf2d1628648e4.jpg!q70.jpg.webp, category=曲面电视, brand=海尔, spec={}, sold=0, commentCount=0, isAD=false, status=1), ItemDTO(id=14741770661, name=康佳（KONKA） LED49UC3 49英寸超薄曲面36核4K HDR人工智能电视, price=144600, stock=10000, image=https://m.360buyimg.com/mobilecms/s720x720_jfs/t16477/84/2032772431/400946/2887be91/5a912776N7e343ec3.jpg!q70.jpg.webp, category=曲面电视, brand=康佳, spec={}, sold=0, commentCount=0, isAD=false, status=1), ItemDTO(id=40305713537, name=【官方正品 品牌直营】奥古狮登小白鞋女秋季透气2018新款百搭韩版休闲鞋运动鞋女鞋厚底板鞋女 浅蓝【厚底】 41, price=35400, stock=10000, image=https://m.360buyimg.com/mobilecms/s720x720_jfs/t1/14147/34/2890/275451/5c225484Ebd346404/e61513be4639ee2e.jpg!q70.jpg.webp, category=休闲鞋, brand=奥古狮登, spec={"颜色": "金色", "尺码": "41"}, sold=0, commentCount=0, isAD=false, status=1), ItemDTO(id=100000004580, name=薇妮(viney)女士单肩包 时尚牛皮女包百搭斜挎包女士手提大包(经典黑), price=87900, stock=9996, image=https://m.360buyimg.com/mobilecms/s720x720_jfs/t5590/64/5811657380/234462/5398e856/5965e173N34179777.jpg!q70.jpg.webp, category=真皮包, brand=viney, spec={"颜色": "黑色"}, sold=22233, commentCount=2223232, isAD=false, status=1)]
14:30:38:454  WARN 50649 --- [Thread-1] c.a.n.common.http.HttpClientBeanHolder   : [HttpClientBeanHolder] Start destroying common HttpClient
14:30:38:457  WARN 50649 --- [Thread-5] c.a.nacos.common.notify.NotifyCenter     : [NotifyCenter] Start destroying Publisher
14:30:38:457  WARN 50649 --- [Thread-5] c.a.nacos.common.notify.NotifyCenter     : [NotifyCenter] Destruction of the end
14:30:38:458  WARN 50649 --- [Thread-1] c.a.n.common.http.HttpClientBeanHolder   : [HttpClientBeanHolder] Destruction of the end
14:30:38:594  INFO 50649 --- [SpringApplicationShutdownHook] c.a.c.n.registry.NacosServiceRegistry    : De-registering from Nacos Server now...
14:30:38:665  INFO 50649 --- [SpringApplicationShutdownHook] c.a.c.n.registry.NacosServiceRegistry    : De-registration finished.
14:30:38:978  INFO 50649 --- [SpringApplicationShutdownHook] com.alibaba.nacos.common.remote.client   : Shutdown rpc client, set status to shutdown
14:30:38:978  INFO 50649 --- [SpringApplicationShutdownHook] com.alibaba.nacos.common.remote.client   : Shutdown client event executor java.util.concurrent.ScheduledThreadPoolExecutor@2645919b[Running, pool size = 2, active threads = 2, queued tasks = 0, completed tasks = 0]
14:30:38:978  INFO 50649 --- [SpringApplicationShutdownHook] com.alibaba.nacos.common.remote.client   : Close current connection 1765520346669_218.84.124.14_2917
14:30:38:984  INFO 50649 --- [SpringApplicationShutdownHook] c.a.n.c.remote.client.grpc.GrpcClient    : Shutdown grpc executor java.util.concurrent.ThreadPoolExecutor@4839bff4[Running, pool size = 8, active threads = 0, queued tasks = 0, completed tasks = 293]
14:30:38:992  INFO 50649 --- [SpringApplicationShutdownHook] com.zaxxer.hikari.HikariDataSource       : HikariPool-1 - Shutdown initiated...
14:30:39:656  INFO 50649 --- [SpringApplicationShutdownHook] com.zaxxer.hikari.HikariDataSource       : HikariPool-1 - Shutdown completed.
14:30:46:951  INFO 51220 --- [main] com.hmall.cart.cartApplication           : The following 1 profile is active: "dev"
14:30:47:268  INFO 51220 --- [main] o.s.cloud.context.scope.GenericScope     : BeanFactory id=86d9ed39-a4f3-3bbd-824e-2f26e2563228
14:30:47:392  INFO 51220 --- [main] o.s.b.w.embedded.tomcat.TomcatWebServer  : Tomcat initialized with port(s): 8082 (http)
14:30:47:395  INFO 51220 --- [main] o.apache.catalina.core.StandardService   : Starting service [Tomcat]
14:30:47:395  INFO 51220 --- [main] org.apache.catalina.core.StandardEngine  : Starting Servlet engine: [Apache Tomcat/9.0.75]
14:30:47:438  INFO 51220 --- [main] o.a.c.c.C.[Tomcat].[localhost].[/]       : Initializing Spring embedded WebApplicationContext
14:30:47:438  INFO 51220 --- [main] w.s.c.ServletWebServerApplicationContext : Root WebApplicationContext: initialization completed in 477 ms
14:30:47:587  INFO 51220 --- [main] o.s.c.openfeign.FeignClientFactoryBean   : For 'item-service' URL not provided. Will try picking an instance via load-balancing.
14:30:47:817  INFO 51220 --- [main] c.a.c.sentinel.SentinelWebMvcConfigurer  : [Sentinel Starter] register SentinelWebInterceptor with urlPatterns: [/**].
14:30:47:973  INFO 51220 --- [main] o.s.b.a.e.web.EndpointLinksResolver      : Exposing 1 endpoint(s) beneath base path '/actuator'
14:30:48:010  INFO 51220 --- [main] com.alibaba.nacos.common.remote.client   : [RpcClientFactory] create a new rpc client of bb24d4cc-054c-4739-bf42-eec5c3658d0b
14:30:48:010  INFO 51220 --- [main] com.alibaba.nacos.common.remote.client   : [bb24d4cc-054c-4739-bf42-eec5c3658d0b] RpcClient init label, labels = {module=naming, source=sdk}
14:30:48:010  INFO 51220 --- [main] com.alibaba.nacos.common.remote.client   : [bb24d4cc-054c-4739-bf42-eec5c3658d0b] RpcClient init, ServerListFactory = com.alibaba.nacos.client.naming.core.ServerListManager
14:30:48:010  INFO 51220 --- [main] com.alibaba.nacos.common.remote.client   : [bb24d4cc-054c-4739-bf42-eec5c3658d0b] Registry connection listener to current client:com.alibaba.nacos.client.naming.remote.gprc.redo.NamingGrpcRedoService
14:30:48:010  INFO 51220 --- [main] com.alibaba.nacos.common.remote.client   : [bb24d4cc-054c-4739-bf42-eec5c3658d0b] Register server push request handler:com.alibaba.nacos.client.naming.remote.gprc.NamingPushRequestHandler
14:30:48:011  INFO 51220 --- [main] com.alibaba.nacos.common.remote.client   : [bb24d4cc-054c-4739-bf42-eec5c3658d0b] Try to connect to server on start up, server: {serverIp = '49.235.39.92', server main port = 8848}
14:30:48:330  INFO 51220 --- [main] com.alibaba.nacos.common.remote.client   : [bb24d4cc-054c-4739-bf42-eec5c3658d0b] Success to connect to server [49.235.39.92:8848] on start up, connectionId = 1765521048241_218.84.124.14_4260
14:30:48:331  INFO 51220 --- [main] com.alibaba.nacos.common.remote.client   : [bb24d4cc-054c-4739-bf42-eec5c3658d0b] Register server push request handler:com.alibaba.nacos.common.remote.client.RpcClient$ConnectResetRequestHandler
14:30:48:331  INFO 51220 --- [com.alibaba.nacos.client.remote.worker] com.alibaba.nacos.common.remote.client   : [bb24d4cc-054c-4739-bf42-eec5c3658d0b] Notify connected event to listeners.
14:30:48:331  INFO 51220 --- [main] com.alibaba.nacos.common.remote.client   : [bb24d4cc-054c-4739-bf42-eec5c3658d0b] Register server push request handler:com.alibaba.nacos.common.remote.client.RpcClient$$Lambda$453/0x000000080041d040
14:30:48:434  INFO 51220 --- [main] o.s.b.w.embedded.tomcat.TomcatWebServer  : Tomcat started on port(s): 8082 (http) with context path ''
14:30:48:506  INFO 51220 --- [main] c.a.c.n.registry.NacosServiceRegistry    : nacos registry, DEFAULT_GROUP cart-service 192.168.1.3:8082 register finished
14:30:48:525  INFO 51220 --- [main] com.hmall.cart.cartApplication           : Started cartApplication in 3.085 seconds (JVM running for 3.333)
14:30:48:530  INFO 51220 --- [main] c.a.c.n.refresh.NacosContextRefresher    : [Nacos Config] Listening config: dataId=cart-service, group=DEFAULT_GROUP
14:30:48:531  INFO 51220 --- [main] c.a.c.n.refresh.NacosContextRefresher    : [Nacos Config] Listening config: dataId=cart-service.yaml, group=DEFAULT_GROUP
14:30:48:531  INFO 51220 --- [main] c.a.c.n.refresh.NacosContextRefresher    : [Nacos Config] Listening config: dataId=cart-service-dev.yaml, group=DEFAULT_GROUP
14:30:48:943  INFO 51220 --- [nacos-grpc-client-executor-9] com.alibaba.nacos.common.remote.client   : [bb24d4cc-054c-4739-bf42-eec5c3658d0b] Receive server push request, request = NotifySubscriberRequest, requestId = 2825
14:30:48:949  INFO 51220 --- [nacos-grpc-client-executor-9] com.alibaba.nacos.common.remote.client   : [bb24d4cc-054c-4739-bf42-eec5c3658d0b] Ack server push request, request = NotifySubscriberRequest, requestId = 2825
14:30:49:013  INFO 51220 --- [RMI TCP Connection(4)-127.0.0.1] o.a.c.c.C.[Tomcat].[localhost].[/]       : Initializing Spring DispatcherServlet 'dispatcherServlet'
14:30:49:013  INFO 51220 --- [RMI TCP Connection(4)-127.0.0.1] o.s.web.servlet.DispatcherServlet        : Initializing Servlet 'dispatcherServlet'
14:30:49:014  INFO 51220 --- [RMI TCP Connection(4)-127.0.0.1] o.s.web.servlet.DispatcherServlet        : Completed initialization in 1 ms
14:30:49:028  INFO 51220 --- [RMI TCP Connection(6)-127.0.0.1] com.zaxxer.hikari.HikariDataSource       : HikariPool-1 - Starting...
14:30:50:155  INFO 51220 --- [RMI TCP Connection(6)-127.0.0.1] com.zaxxer.hikari.HikariDataSource       : HikariPool-1 - Start completed.
14:33:40:072  WARN 51220 --- [Thread-1] c.a.n.common.http.HttpClientBeanHolder   : [HttpClientBeanHolder] Start destroying common HttpClient
14:33:40:072  WARN 51220 --- [Thread-5] c.a.nacos.common.notify.NotifyCenter     : [NotifyCenter] Start destroying Publisher
14:33:40:074  WARN 51220 --- [Thread-5] c.a.nacos.common.notify.NotifyCenter     : [NotifyCenter] Destruction of the end
14:33:40:074  WARN 51220 --- [Thread-1] c.a.n.common.http.HttpClientBeanHolder   : [HttpClientBeanHolder] Destruction of the end
14:33:40:160  INFO 51220 --- [SpringApplicationShutdownHook] c.a.c.n.registry.NacosServiceRegistry    : De-registering from Nacos Server now...
14:33:40:229  INFO 51220 --- [SpringApplicationShutdownHook] c.a.c.n.registry.NacosServiceRegistry    : De-registration finished.
14:33:40:537  INFO 51220 --- [SpringApplicationShutdownHook] com.alibaba.nacos.common.remote.client   : Shutdown rpc client, set status to shutdown
14:33:40:537  INFO 51220 --- [SpringApplicationShutdownHook] com.alibaba.nacos.common.remote.client   : Shutdown client event executor java.util.concurrent.ScheduledThreadPoolExecutor@2a23e94e[Running, pool size = 2, active threads = 2, queued tasks = 0, completed tasks = 0]
14:33:40:537  INFO 51220 --- [SpringApplicationShutdownHook] com.alibaba.nacos.common.remote.client   : Close current connection 1765521048241_218.84.124.14_4260
14:33:40:540  INFO 51220 --- [SpringApplicationShutdownHook] c.a.n.c.remote.client.grpc.GrpcClient    : Shutdown grpc executor java.util.concurrent.ThreadPoolExecutor@28fc0367[Running, pool size = 7, active threads = 0, queued tasks = 0, completed tasks = 88]
14:33:40:544  INFO 51220 --- [SpringApplicationShutdownHook] com.zaxxer.hikari.HikariDataSource       : HikariPool-1 - Shutdown initiated...
14:33:41:262  INFO 51220 --- [SpringApplicationShutdownHook] com.zaxxer.hikari.HikariDataSource       : HikariPool-1 - Shutdown completed.
14:33:48:928  INFO 51427 --- [main] com.hmall.cart.cartApplication           : The following 1 profile is active: "dev"
14:33:49:371  INFO 51427 --- [main] o.s.cloud.context.scope.GenericScope     : BeanFactory id=86d9ed39-a4f3-3bbd-824e-2f26e2563228
14:33:49:516  INFO 51427 --- [main] o.s.b.w.embedded.tomcat.TomcatWebServer  : Tomcat initialized with port(s): 8082 (http)
14:33:49:519  INFO 51427 --- [main] o.apache.catalina.core.StandardService   : Starting service [Tomcat]
14:33:49:520  INFO 51427 --- [main] org.apache.catalina.core.StandardEngine  : Starting Servlet engine: [Apache Tomcat/9.0.75]
14:33:49:566  INFO 51427 --- [main] o.a.c.c.C.[Tomcat].[localhost].[/]       : Initializing Spring embedded WebApplicationContext
14:33:49:566  INFO 51427 --- [main] w.s.c.ServletWebServerApplicationContext : Root WebApplicationContext: initialization completed in 629 ms
14:33:49:721  INFO 51427 --- [main] o.s.c.openfeign.FeignClientFactoryBean   : For 'item-service' URL not provided. Will try picking an instance via load-balancing.
14:33:49:954  INFO 51427 --- [main] c.a.c.sentinel.SentinelWebMvcConfigurer  : [Sentinel Starter] register SentinelWebInterceptor with urlPatterns: [/**].
14:33:50:100  INFO 51427 --- [main] o.s.b.a.e.web.EndpointLinksResolver      : Exposing 1 endpoint(s) beneath base path '/actuator'
14:33:50:133  INFO 51427 --- [main] com.alibaba.nacos.common.remote.client   : [RpcClientFactory] create a new rpc client of 7b6b727a-b92a-4356-9538-26871d8df41f
14:33:50:133  INFO 51427 --- [main] com.alibaba.nacos.common.remote.client   : [7b6b727a-b92a-4356-9538-26871d8df41f] RpcClient init label, labels = {module=naming, source=sdk}
14:33:50:133  INFO 51427 --- [main] com.alibaba.nacos.common.remote.client   : [7b6b727a-b92a-4356-9538-26871d8df41f] RpcClient init, ServerListFactory = com.alibaba.nacos.client.naming.core.ServerListManager
14:33:50:133  INFO 51427 --- [main] com.alibaba.nacos.common.remote.client   : [7b6b727a-b92a-4356-9538-26871d8df41f] Registry connection listener to current client:com.alibaba.nacos.client.naming.remote.gprc.redo.NamingGrpcRedoService
14:33:50:134  INFO 51427 --- [main] com.alibaba.nacos.common.remote.client   : [7b6b727a-b92a-4356-9538-26871d8df41f] Register server push request handler:com.alibaba.nacos.client.naming.remote.gprc.NamingPushRequestHandler
14:33:50:134  INFO 51427 --- [main] com.alibaba.nacos.common.remote.client   : [7b6b727a-b92a-4356-9538-26871d8df41f] Try to connect to server on start up, server: {serverIp = '49.235.39.92', server main port = 8848}
14:33:50:484  INFO 51427 --- [main] com.alibaba.nacos.common.remote.client   : [7b6b727a-b92a-4356-9538-26871d8df41f] Success to connect to server [49.235.39.92:8848] on start up, connectionId = 1765521230383_218.84.124.14_4611
14:33:50:485  INFO 51427 --- [main] com.alibaba.nacos.common.remote.client   : [7b6b727a-b92a-4356-9538-26871d8df41f] Register server push request handler:com.alibaba.nacos.common.remote.client.RpcClient$ConnectResetRequestHandler
14:33:50:485  INFO 51427 --- [main] com.alibaba.nacos.common.remote.client   : [7b6b727a-b92a-4356-9538-26871d8df41f] Register server push request handler:com.alibaba.nacos.common.remote.client.RpcClient$$Lambda$468/0x000000080054a840
14:33:50:485  INFO 51427 --- [com.alibaba.nacos.client.remote.worker] com.alibaba.nacos.common.remote.client   : [7b6b727a-b92a-4356-9538-26871d8df41f] Notify connected event to listeners.
14:33:50:584  INFO 51427 --- [main] o.s.b.w.embedded.tomcat.TomcatWebServer  : Tomcat started on port(s): 8082 (http) with context path ''
14:33:50:669  INFO 51427 --- [main] c.a.c.n.registry.NacosServiceRegistry    : nacos registry, DEFAULT_GROUP cart-service 192.168.1.3:8082 register finished
14:33:50:679  INFO 51427 --- [main] com.hmall.cart.cartApplication           : Started cartApplication in 3.286 seconds (JVM running for 3.582)
14:33:50:684  INFO 51427 --- [main] c.a.c.n.refresh.NacosContextRefresher    : [Nacos Config] Listening config: dataId=cart-service, group=DEFAULT_GROUP
14:33:50:685  INFO 51427 --- [main] c.a.c.n.refresh.NacosContextRefresher    : [Nacos Config] Listening config: dataId=cart-service.yaml, group=DEFAULT_GROUP
14:33:50:685  INFO 51427 --- [main] c.a.c.n.refresh.NacosContextRefresher    : [Nacos Config] Listening config: dataId=cart-service-dev.yaml, group=DEFAULT_GROUP
14:33:50:862  INFO 51427 --- [RMI TCP Connection(3)-127.0.0.1] o.a.c.c.C.[Tomcat].[localhost].[/]       : Initializing Spring DispatcherServlet 'dispatcherServlet'
14:33:50:863  INFO 51427 --- [RMI TCP Connection(3)-127.0.0.1] o.s.web.servlet.DispatcherServlet        : Initializing Servlet 'dispatcherServlet'
14:33:50:863  INFO 51427 --- [RMI TCP Connection(3)-127.0.0.1] o.s.web.servlet.DispatcherServlet        : Completed initialization in 0 ms
14:33:50:873  INFO 51427 --- [RMI TCP Connection(4)-127.0.0.1] com.zaxxer.hikari.HikariDataSource       : HikariPool-1 - Starting...
14:33:51:075  INFO 51427 --- [nacos-grpc-client-executor-11] com.alibaba.nacos.common.remote.client   : [7b6b727a-b92a-4356-9538-26871d8df41f] Receive server push request, request = NotifySubscriberRequest, requestId = 2831
14:33:51:076  INFO 51427 --- [nacos-grpc-client-executor-11] com.alibaba.nacos.common.remote.client   : [7b6b727a-b92a-4356-9538-26871d8df41f] Ack server push request, request = NotifySubscriberRequest, requestId = 2831
14:33:51:989  INFO 51427 --- [RMI TCP Connection(4)-127.0.0.1] com.zaxxer.hikari.HikariDataSource       : HikariPool-1 - Start completed.
14:35:03:843  WARN 51427 --- [Thread-1] c.a.n.common.http.HttpClientBeanHolder   : [HttpClientBeanHolder] Start destroying common HttpClient
14:35:03:844  WARN 51427 --- [Thread-1] c.a.n.common.http.HttpClientBeanHolder   : [HttpClientBeanHolder] Destruction of the end
14:35:03:845  WARN 51427 --- [Thread-5] c.a.nacos.common.notify.NotifyCenter     : [NotifyCenter] Start destroying Publisher
14:35:03:847  WARN 51427 --- [Thread-5] c.a.nacos.common.notify.NotifyCenter     : [NotifyCenter] Destruction of the end
14:35:03:950  INFO 51427 --- [SpringApplicationShutdownHook] c.a.c.n.registry.NacosServiceRegistry    : De-registering from Nacos Server now...
14:35:04:032  INFO 51427 --- [SpringApplicationShutdownHook] c.a.c.n.registry.NacosServiceRegistry    : De-registration finished.
14:35:04:344  INFO 51427 --- [SpringApplicationShutdownHook] com.alibaba.nacos.common.remote.client   : Shutdown rpc client, set status to shutdown
14:35:04:345  INFO 51427 --- [SpringApplicationShutdownHook] com.alibaba.nacos.common.remote.client   : Shutdown client event executor java.util.concurrent.ScheduledThreadPoolExecutor@60f309ec[Running, pool size = 2, active threads = 2, queued tasks = 0, completed tasks = 0]
14:35:04:345  INFO 51427 --- [SpringApplicationShutdownHook] com.alibaba.nacos.common.remote.client   : Close current connection 1765521230383_218.84.124.14_4611
14:35:04:347  INFO 51427 --- [SpringApplicationShutdownHook] c.a.n.c.remote.client.grpc.GrpcClient    : Shutdown grpc executor java.util.concurrent.ThreadPoolExecutor@5039184b[Running, pool size = 6, active threads = 0, queued tasks = 0, completed tasks = 47]
14:35:04:352  INFO 51427 --- [SpringApplicationShutdownHook] com.zaxxer.hikari.HikariDataSource       : HikariPool-1 - Shutdown initiated...
14:35:05:062  INFO 51427 --- [SpringApplicationShutdownHook] com.zaxxer.hikari.HikariDataSource       : HikariPool-1 - Shutdown completed.
14:35:09:163  INFO 51549 --- [main] com.hmall.cart.cartApplication           : The following 1 profile is active: "dev"
14:35:09:751  INFO 51549 --- [main] o.s.cloud.context.scope.GenericScope     : BeanFactory id=86d9ed39-a4f3-3bbd-824e-2f26e2563228
14:35:09:965  INFO 51549 --- [main] o.s.b.w.embedded.tomcat.TomcatWebServer  : Tomcat initialized with port(s): 8082 (http)
14:35:09:968  INFO 51549 --- [main] o.apache.catalina.core.StandardService   : Starting service [Tomcat]
14:35:09:968  INFO 51549 --- [main] org.apache.catalina.core.StandardEngine  : Starting Servlet engine: [Apache Tomcat/9.0.75]
14:35:10:107  INFO 51549 --- [main] o.a.c.c.C.[Tomcat].[localhost].[/]       : Initializing Spring embedded WebApplicationContext
14:35:10:107  INFO 51549 --- [main] w.s.c.ServletWebServerApplicationContext : Root WebApplicationContext: initialization completed in 931 ms
14:35:10:548  INFO 51549 --- [main] o.s.c.openfeign.FeignClientFactoryBean   : For 'item-service' URL not provided. Will try picking an instance via load-balancing.
14:35:11:117  INFO 51549 --- [main] c.a.c.sentinel.SentinelWebMvcConfigurer  : [Sentinel Starter] register SentinelWebInterceptor with urlPatterns: [/**].
14:35:11:357  INFO 51549 --- [main] o.s.b.a.e.web.EndpointLinksResolver      : Exposing 1 endpoint(s) beneath base path '/actuator'
14:35:11:414  INFO 51549 --- [main] com.alibaba.nacos.common.remote.client   : [RpcClientFactory] create a new rpc client of ec241db6-e28c-4d79-aaa7-cbaa7eabc528
14:35:11:414  INFO 51549 --- [main] com.alibaba.nacos.common.remote.client   : [ec241db6-e28c-4d79-aaa7-cbaa7eabc528] RpcClient init label, labels = {module=naming, source=sdk}
14:35:11:415  INFO 51549 --- [main] com.alibaba.nacos.common.remote.client   : [ec241db6-e28c-4d79-aaa7-cbaa7eabc528] RpcClient init, ServerListFactory = com.alibaba.nacos.client.naming.core.ServerListManager
14:35:11:415  INFO 51549 --- [main] com.alibaba.nacos.common.remote.client   : [ec241db6-e28c-4d79-aaa7-cbaa7eabc528] Registry connection listener to current client:com.alibaba.nacos.client.naming.remote.gprc.redo.NamingGrpcRedoService
14:35:11:415  INFO 51549 --- [main] com.alibaba.nacos.common.remote.client   : [ec241db6-e28c-4d79-aaa7-cbaa7eabc528] Register server push request handler:com.alibaba.nacos.client.naming.remote.gprc.NamingPushRequestHandler
14:35:11:416  INFO 51549 --- [main] com.alibaba.nacos.common.remote.client   : [ec241db6-e28c-4d79-aaa7-cbaa7eabc528] Try to connect to server on start up, server: {serverIp = '49.235.39.92', server main port = 8848}
14:35:11:751  INFO 51549 --- [main] com.alibaba.nacos.common.remote.client   : [ec241db6-e28c-4d79-aaa7-cbaa7eabc528] Success to connect to server [49.235.39.92:8848] on start up, connectionId = 1765521311653_218.84.124.14_4704
14:35:11:751  INFO 51549 --- [main] com.alibaba.nacos.common.remote.client   : [ec241db6-e28c-4d79-aaa7-cbaa7eabc528] Register server push request handler:com.alibaba.nacos.common.remote.client.RpcClient$ConnectResetRequestHandler
14:35:11:751  INFO 51549 --- [main] com.alibaba.nacos.common.remote.client   : [ec241db6-e28c-4d79-aaa7-cbaa7eabc528] Register server push request handler:com.alibaba.nacos.common.remote.client.RpcClient$$Lambda$468/0x0000000800527840
14:35:11:751  INFO 51549 --- [com.alibaba.nacos.client.remote.worker] com.alibaba.nacos.common.remote.client   : [ec241db6-e28c-4d79-aaa7-cbaa7eabc528] Notify connected event to listeners.
14:35:11:854  INFO 51549 --- [main] o.s.b.w.embedded.tomcat.TomcatWebServer  : Tomcat started on port(s): 8082 (http) with context path ''
14:35:11:933  INFO 51549 --- [main] c.a.c.n.registry.NacosServiceRegistry    : nacos registry, DEFAULT_GROUP cart-service 192.168.1.3:8082 register finished
14:35:11:944  INFO 51549 --- [main] com.hmall.cart.cartApplication           : Started cartApplication in 4.458 seconds (JVM running for 4.761)
14:35:11:950  INFO 51549 --- [main] c.a.c.n.refresh.NacosContextRefresher    : [Nacos Config] Listening config: dataId=cart-service, group=DEFAULT_GROUP
14:35:11:951  INFO 51549 --- [main] c.a.c.n.refresh.NacosContextRefresher    : [Nacos Config] Listening config: dataId=cart-service.yaml, group=DEFAULT_GROUP
14:35:11:951  INFO 51549 --- [main] c.a.c.n.refresh.NacosContextRefresher    : [Nacos Config] Listening config: dataId=cart-service-dev.yaml, group=DEFAULT_GROUP
14:35:12:029  INFO 51549 --- [RMI TCP Connection(3)-127.0.0.1] o.a.c.c.C.[Tomcat].[localhost].[/]       : Initializing Spring DispatcherServlet 'dispatcherServlet'
14:35:12:030  INFO 51549 --- [RMI TCP Connection(3)-127.0.0.1] o.s.web.servlet.DispatcherServlet        : Initializing Servlet 'dispatcherServlet'
14:35:12:031  INFO 51549 --- [RMI TCP Connection(3)-127.0.0.1] o.s.web.servlet.DispatcherServlet        : Completed initialization in 1 ms
14:35:12:046  INFO 51549 --- [RMI TCP Connection(4)-127.0.0.1] com.zaxxer.hikari.HikariDataSource       : HikariPool-1 - Starting...
14:35:12:448  INFO 51549 --- [nacos-grpc-client-executor-11] com.alibaba.nacos.common.remote.client   : [ec241db6-e28c-4d79-aaa7-cbaa7eabc528] Receive server push request, request = NotifySubscriberRequest, requestId = 2836
14:35:12:449  INFO 51549 --- [nacos-grpc-client-executor-11] com.alibaba.nacos.common.remote.client   : [ec241db6-e28c-4d79-aaa7-cbaa7eabc528] Ack server push request, request = NotifySubscriberRequest, requestId = 2836
14:35:13:058  INFO 51549 --- [RMI TCP Connection(4)-127.0.0.1] com.zaxxer.hikari.HikariDataSource       : HikariPool-1 - Start completed.
