14:10:10:757  INFO 49613 --- [main] com.hmall.user.userApplication           : The following 1 profile is active: "dev"
14:10:11:631  INFO 49613 --- [main] o.s.cloud.context.scope.GenericScope     : BeanFactory id=db2b66e9-bd65-335c-af97-1f3dd19e7a1e
14:10:11:937  INFO 49613 --- [main] o.s.b.w.embedded.tomcat.TomcatWebServer  : Tomcat initialized with port(s): 8084 (http)
14:10:11:944  INFO 49613 --- [main] o.apache.catalina.core.StandardService   : Starting service [Tomcat]
14:10:11:944  INFO 49613 --- [main] org.apache.catalina.core.StandardEngine  : Starting Servlet engine: [Apache Tomcat/9.0.75]
14:10:12:052  INFO 49613 --- [main] o.a.c.c.C.[Tomcat].[localhost].[/]       : Initializing Spring embedded WebApplicationContext
14:10:12:052  INFO 49613 --- [main] w.s.c.ServletWebServerApplicationContext : Root WebApplicationContext: initialization completed in 1271 ms
14:10:12:560  WARN 49613 --- [main] .s.s.UserDetailsServiceAutoConfiguration : 

Using generated security password: 42f6b89d-ddf1-4e94-9663-a47efd5a66a8

This generated password is for development use only. Your security configuration must be updated before running your application in production.

14:10:12:668  INFO 49613 --- [main] o.s.s.web.DefaultSecurityFilterChain     : Will secure any request with [org.springframework.security.web.session.DisableEncodeUrlFilter@b5d7233, org.springframework.security.web.context.request.async.WebAsyncManagerIntegrationFilter@6be2b567, org.springframework.security.web.context.SecurityContextPersistenceFilter@1afa048a, org.springframework.security.web.header.HeaderWriterFilter@69abeb14, org.springframework.security.web.authentication.logout.LogoutFilter@53dbe7b2, org.springframework.security.web.savedrequest.RequestCacheAwareFilter@70eb94d7, org.springframework.security.web.servletapi.SecurityContextHolderAwareRequestFilter@34d72f06, org.springframework.security.web.authentication.AnonymousAuthenticationFilter@169d1f92, org.springframework.security.web.session.SessionManagementFilter@6d0bcf8c, org.springframework.security.web.access.ExceptionTranslationFilter@41463c56, org.springframework.security.web.access.intercept.FilterSecurityInterceptor@acb1c9c]
14:10:12:921  INFO 49613 --- [main] c.a.c.sentinel.SentinelWebMvcConfigurer  : [Sentinel Starter] register SentinelWebInterceptor with urlPatterns: [/**].
14:10:13:357  INFO 49613 --- [main] o.s.b.a.e.web.EndpointLinksResolver      : Exposing 1 endpoint(s) beneath base path '/actuator'
14:10:13:424  INFO 49613 --- [main] com.alibaba.nacos.common.remote.client   : [RpcClientFactory] create a new rpc client of 35d76864-e411-44d5-82dd-c79d9c8b2a27
14:10:13:424  INFO 49613 --- [main] com.alibaba.nacos.common.remote.client   : [35d76864-e411-44d5-82dd-c79d9c8b2a27] RpcClient init label, labels = {module=naming, source=sdk}
14:10:13:426  INFO 49613 --- [main] com.alibaba.nacos.common.remote.client   : [35d76864-e411-44d5-82dd-c79d9c8b2a27] RpcClient init, ServerListFactory = com.alibaba.nacos.client.naming.core.ServerListManager
14:10:13:427  INFO 49613 --- [main] com.alibaba.nacos.common.remote.client   : [35d76864-e411-44d5-82dd-c79d9c8b2a27] Registry connection listener to current client:com.alibaba.nacos.client.naming.remote.gprc.redo.NamingGrpcRedoService
14:10:13:427  INFO 49613 --- [main] com.alibaba.nacos.common.remote.client   : [35d76864-e411-44d5-82dd-c79d9c8b2a27] Register server push request handler:com.alibaba.nacos.client.naming.remote.gprc.NamingPushRequestHandler
14:10:13:428  INFO 49613 --- [main] com.alibaba.nacos.common.remote.client   : [35d76864-e411-44d5-82dd-c79d9c8b2a27] Try to connect to server on start up, server: {serverIp = '49.235.39.92', server main port = 8848}
14:10:13:763  INFO 49613 --- [main] com.alibaba.nacos.common.remote.client   : [35d76864-e411-44d5-82dd-c79d9c8b2a27] Success to connect to server [49.235.39.92:8848] on start up, connectionId = 1765519813656_218.84.124.14_4086
14:10:13:763  INFO 49613 --- [main] com.alibaba.nacos.common.remote.client   : [35d76864-e411-44d5-82dd-c79d9c8b2a27] Register server push request handler:com.alibaba.nacos.common.remote.client.RpcClient$ConnectResetRequestHandler
14:10:13:763  INFO 49613 --- [main] com.alibaba.nacos.common.remote.client   : [35d76864-e411-44d5-82dd-c79d9c8b2a27] Register server push request handler:com.alibaba.nacos.common.remote.client.RpcClient$$Lambda$468/0x0000000800522440
14:10:13:763  INFO 49613 --- [com.alibaba.nacos.client.remote.worker] com.alibaba.nacos.common.remote.client   : [35d76864-e411-44d5-82dd-c79d9c8b2a27] Notify connected event to listeners.
14:10:13:875  INFO 49613 --- [main] o.s.b.w.embedded.tomcat.TomcatWebServer  : Tomcat started on port(s): 8084 (http) with context path ''
14:10:13:956  INFO 49613 --- [main] c.a.c.n.registry.NacosServiceRegistry    : nacos registry, DEFAULT_GROUP hm-user 192.168.1.3:8084 register finished
14:10:13:971  INFO 49613 --- [main] com.hmall.user.userApplication           : Started userApplication in 5.027 seconds (JVM running for 5.458)
14:10:13:976  INFO 49613 --- [main] c.a.c.n.refresh.NacosContextRefresher    : [Nacos Config] Listening config: dataId=hm-user-dev.yaml, group=DEFAULT_GROUP
14:10:13:977  INFO 49613 --- [main] c.a.c.n.refresh.NacosContextRefresher    : [Nacos Config] Listening config: dataId=hm-user, group=DEFAULT_GROUP
14:10:13:977  INFO 49613 --- [main] c.a.c.n.refresh.NacosContextRefresher    : [Nacos Config] Listening config: dataId=hm-user.yaml, group=DEFAULT_GROUP
14:10:14:206  INFO 49613 --- [RMI TCP Connection(6)-127.0.0.1] o.a.c.c.C.[Tomcat].[localhost].[/]       : Initializing Spring DispatcherServlet 'dispatcherServlet'
14:10:14:208  INFO 49613 --- [RMI TCP Connection(6)-127.0.0.1] o.s.web.servlet.DispatcherServlet        : Initializing Servlet 'dispatcherServlet'
14:10:14:209  INFO 49613 --- [RMI TCP Connection(6)-127.0.0.1] o.s.web.servlet.DispatcherServlet        : Completed initialization in 1 ms
14:10:14:220  INFO 49613 --- [RMI TCP Connection(5)-127.0.0.1] com.zaxxer.hikari.HikariDataSource       : HikariPool-1 - Starting...
14:10:14:374  INFO 49613 --- [nacos-grpc-client-executor-7] com.alibaba.nacos.common.remote.client   : [35d76864-e411-44d5-82dd-c79d9c8b2a27] Receive server push request, request = NotifySubscriberRequest, requestId = 2810
14:10:14:377  INFO 49613 --- [nacos-grpc-client-executor-7] com.alibaba.nacos.common.remote.client   : [35d76864-e411-44d5-82dd-c79d9c8b2a27] Ack server push request, request = NotifySubscriberRequest, requestId = 2810
14:10:15:355  INFO 49613 --- [RMI TCP Connection(5)-127.0.0.1] com.zaxxer.hikari.HikariDataSource       : HikariPool-1 - Start completed.
14:17:19:420  WARN 49613 --- [Thread-1] c.a.n.common.http.HttpClientBeanHolder   : [HttpClientBeanHolder] Start destroying common HttpClient
14:17:19:422  WARN 49613 --- [Thread-5] c.a.nacos.common.notify.NotifyCenter     : [NotifyCenter] Start destroying Publisher
14:17:19:423  WARN 49613 --- [Thread-5] c.a.nacos.common.notify.NotifyCenter     : [NotifyCenter] Destruction of the end
14:17:19:424  WARN 49613 --- [Thread-1] c.a.n.common.http.HttpClientBeanHolder   : [HttpClientBeanHolder] Destruction of the end
14:17:19:523  INFO 49613 --- [SpringApplicationShutdownHook] c.a.c.n.registry.NacosServiceRegistry    : De-registering from Nacos Server now...
14:17:19:596  INFO 49613 --- [SpringApplicationShutdownHook] c.a.c.n.registry.NacosServiceRegistry    : De-registration finished.
14:17:19:914  INFO 49613 --- [SpringApplicationShutdownHook] com.alibaba.nacos.common.remote.client   : Shutdown rpc client, set status to shutdown
14:17:19:914  INFO 49613 --- [SpringApplicationShutdownHook] com.alibaba.nacos.common.remote.client   : Shutdown client event executor java.util.concurrent.ScheduledThreadPoolExecutor@25cba5[Running, pool size = 2, active threads = 2, queued tasks = 0, completed tasks = 0]
14:17:19:914  INFO 49613 --- [SpringApplicationShutdownHook] com.alibaba.nacos.common.remote.client   : Close current connection 1765519813656_218.84.124.14_4086
14:17:19:920  INFO 49613 --- [SpringApplicationShutdownHook] c.a.n.c.remote.client.grpc.GrpcClient    : Shutdown grpc executor java.util.concurrent.ThreadPoolExecutor@5a0940c3[Running, pool size = 7, active threads = 0, queued tasks = 0, completed tasks = 178]
14:17:19:928  INFO 49613 --- [SpringApplicationShutdownHook] com.zaxxer.hikari.HikariDataSource       : HikariPool-1 - Shutdown initiated...
14:17:20:649  INFO 49613 --- [SpringApplicationShutdownHook] com.zaxxer.hikari.HikariDataSource       : HikariPool-1 - Shutdown completed.
14:19:01:731  INFO 50643 --- [main] com.hmall.user.userApplication           : The following 1 profile is active: "dev"
14:19:02:449  INFO 50643 --- [main] o.s.cloud.context.scope.GenericScope     : BeanFactory id=db2b66e9-bd65-335c-af97-1f3dd19e7a1e
14:19:02:863  INFO 50643 --- [main] o.s.b.w.embedded.tomcat.TomcatWebServer  : Tomcat initialized with port(s): 8084 (http)
14:19:02:869  INFO 50643 --- [main] o.apache.catalina.core.StandardService   : Starting service [Tomcat]
14:19:02:870  INFO 50643 --- [main] org.apache.catalina.core.StandardEngine  : Starting Servlet engine: [Apache Tomcat/9.0.75]
14:19:02:999  INFO 50643 --- [main] o.a.c.c.C.[Tomcat].[localhost].[/]       : Initializing Spring embedded WebApplicationContext
14:19:02:999  INFO 50643 --- [main] w.s.c.ServletWebServerApplicationContext : Root WebApplicationContext: initialization completed in 1255 ms
14:19:03:811  WARN 50643 --- [main] .s.s.UserDetailsServiceAutoConfiguration : 

Using generated security password: c1fc4f78-0975-4e77-9b37-240d268db4ad

This generated password is for development use only. Your security configuration must be updated before running your application in production.

14:19:03:883  INFO 50643 --- [main] o.s.s.web.DefaultSecurityFilterChain     : Will secure any request with [org.springframework.security.web.session.DisableEncodeUrlFilter@319d106c, org.springframework.security.web.context.request.async.WebAsyncManagerIntegrationFilter@641e67fa, org.springframework.security.web.context.SecurityContextPersistenceFilter@3b6c740b, org.springframework.security.web.header.HeaderWriterFilter@73baf7f0, org.springframework.security.web.authentication.logout.LogoutFilter@72b53f27, org.springframework.security.web.savedrequest.RequestCacheAwareFilter@78f4d15d, org.springframework.security.web.servletapi.SecurityContextHolderAwareRequestFilter@6958d5d0, org.springframework.security.web.authentication.AnonymousAuthenticationFilter@7fdff56b, org.springframework.security.web.session.SessionManagementFilter@319058ce, org.springframework.security.web.access.ExceptionTranslationFilter@4c3d72fd, org.springframework.security.web.access.intercept.FilterSecurityInterceptor@de40aa1]
14:19:04:103  INFO 50643 --- [main] c.a.c.sentinel.SentinelWebMvcConfigurer  : [Sentinel Starter] register SentinelWebInterceptor with urlPatterns: [/**].
14:19:04:435  INFO 50643 --- [main] o.s.b.a.e.web.EndpointLinksResolver      : Exposing 1 endpoint(s) beneath base path '/actuator'
14:19:04:507  INFO 50643 --- [main] com.alibaba.nacos.common.remote.client   : [RpcClientFactory] create a new rpc client of 55bd877b-acd8-45bf-9a71-4179189c7f8b
14:19:04:507  INFO 50643 --- [main] com.alibaba.nacos.common.remote.client   : [55bd877b-acd8-45bf-9a71-4179189c7f8b] RpcClient init label, labels = {module=naming, source=sdk}
14:19:04:510  INFO 50643 --- [main] com.alibaba.nacos.common.remote.client   : [55bd877b-acd8-45bf-9a71-4179189c7f8b] RpcClient init, ServerListFactory = com.alibaba.nacos.client.naming.core.ServerListManager
14:19:04:510  INFO 50643 --- [main] com.alibaba.nacos.common.remote.client   : [55bd877b-acd8-45bf-9a71-4179189c7f8b] Registry connection listener to current client:com.alibaba.nacos.client.naming.remote.gprc.redo.NamingGrpcRedoService
14:19:04:510  INFO 50643 --- [main] com.alibaba.nacos.common.remote.client   : [55bd877b-acd8-45bf-9a71-4179189c7f8b] Register server push request handler:com.alibaba.nacos.client.naming.remote.gprc.NamingPushRequestHandler
14:19:04:517  INFO 50643 --- [main] com.alibaba.nacos.common.remote.client   : [55bd877b-acd8-45bf-9a71-4179189c7f8b] Try to connect to server on start up, server: {serverIp = '49.235.39.92', server main port = 8848}
14:19:04:837  INFO 50643 --- [main] com.alibaba.nacos.common.remote.client   : [55bd877b-acd8-45bf-9a71-4179189c7f8b] Success to connect to server [49.235.39.92:8848] on start up, connectionId = 1765520344767_218.84.124.14_2909
14:19:04:837  INFO 50643 --- [main] com.alibaba.nacos.common.remote.client   : [55bd877b-acd8-45bf-9a71-4179189c7f8b] Register server push request handler:com.alibaba.nacos.common.remote.client.RpcClient$ConnectResetRequestHandler
14:19:04:837  INFO 50643 --- [main] com.alibaba.nacos.common.remote.client   : [55bd877b-acd8-45bf-9a71-4179189c7f8b] Register server push request handler:com.alibaba.nacos.common.remote.client.RpcClient$$Lambda$469/0x000000080044c440
14:19:04:838  INFO 50643 --- [com.alibaba.nacos.client.remote.worker] com.alibaba.nacos.common.remote.client   : [55bd877b-acd8-45bf-9a71-4179189c7f8b] Notify connected event to listeners.
14:19:04:946  INFO 50643 --- [main] o.s.b.w.embedded.tomcat.TomcatWebServer  : Tomcat started on port(s): 8084 (http) with context path ''
14:19:05:015  INFO 50643 --- [main] c.a.c.n.registry.NacosServiceRegistry    : nacos registry, DEFAULT_GROUP hm-user 192.168.1.3:8084 register finished
14:19:05:030  INFO 50643 --- [main] com.hmall.user.userApplication           : Started userApplication in 4.936 seconds (JVM running for 5.312)
14:19:05:034  INFO 50643 --- [main] c.a.c.n.refresh.NacosContextRefresher    : [Nacos Config] Listening config: dataId=hm-user-dev.yaml, group=DEFAULT_GROUP
14:19:05:035  INFO 50643 --- [main] c.a.c.n.refresh.NacosContextRefresher    : [Nacos Config] Listening config: dataId=hm-user, group=DEFAULT_GROUP
14:19:05:035  INFO 50643 --- [main] c.a.c.n.refresh.NacosContextRefresher    : [Nacos Config] Listening config: dataId=hm-user.yaml, group=DEFAULT_GROUP
14:19:05:452  INFO 50643 --- [nacos-grpc-client-executor-11] com.alibaba.nacos.common.remote.client   : [55bd877b-acd8-45bf-9a71-4179189c7f8b] Receive server push request, request = NotifySubscriberRequest, requestId = 2817
14:19:05:454  INFO 50643 --- [nacos-grpc-client-executor-11] com.alibaba.nacos.common.remote.client   : [55bd877b-acd8-45bf-9a71-4179189c7f8b] Ack server push request, request = NotifySubscriberRequest, requestId = 2817
14:19:05:571  INFO 50643 --- [RMI TCP Connection(4)-127.0.0.1] o.a.c.c.C.[Tomcat].[localhost].[/]       : Initializing Spring DispatcherServlet 'dispatcherServlet'
14:19:05:571  INFO 50643 --- [RMI TCP Connection(4)-127.0.0.1] o.s.web.servlet.DispatcherServlet        : Initializing Servlet 'dispatcherServlet'
14:19:05:573  INFO 50643 --- [RMI TCP Connection(4)-127.0.0.1] o.s.web.servlet.DispatcherServlet        : Completed initialization in 2 ms
14:19:05:586  INFO 50643 --- [RMI TCP Connection(2)-127.0.0.1] com.zaxxer.hikari.HikariDataSource       : HikariPool-1 - Starting...
14:19:06:735  INFO 50643 --- [RMI TCP Connection(2)-127.0.0.1] com.zaxxer.hikari.HikariDataSource       : HikariPool-1 - Start completed.
14:21:53:301  INFO 50643 --- [http-nio-8084-exec-1] c.hmall.user.controller.UserController   : 用户登录请求参数:LoginFormDTO(username=Rose, password=123, rememberMe=false)
14:21:53:401 DEBUG 50643 --- [http-nio-8084-exec-1] c.h.user.mapper.UserMapper.selectOne     : ==>  Preparing: SELECT id,username,password,phone,create_time,update_time,status,balance FROM user WHERE (username = ?)
14:21:53:412 DEBUG 50643 --- [http-nio-8084-exec-1] c.h.user.mapper.UserMapper.selectOne     : ==> Parameters: Rose(String)
14:21:53:524 DEBUG 50643 --- [http-nio-8084-exec-1] c.h.user.mapper.UserMapper.selectOne     : <==      Total: 1
14:30:38:457  WARN 50643 --- [Thread-1] c.a.n.common.http.HttpClientBeanHolder   : [HttpClientBeanHolder] Start destroying common HttpClient
14:30:38:458  WARN 50643 --- [Thread-5] c.a.nacos.common.notify.NotifyCenter     : [NotifyCenter] Start destroying Publisher
14:30:38:460  WARN 50643 --- [Thread-5] c.a.nacos.common.notify.NotifyCenter     : [NotifyCenter] Destruction of the end
14:30:38:470  WARN 50643 --- [Thread-1] c.a.n.common.http.HttpClientBeanHolder   : [HttpClientBeanHolder] Destruction of the end
14:30:38:591  INFO 50643 --- [SpringApplicationShutdownHook] c.a.c.n.registry.NacosServiceRegistry    : De-registering from Nacos Server now...
14:30:38:655  INFO 50643 --- [SpringApplicationShutdownHook] c.a.c.n.registry.NacosServiceRegistry    : De-registration finished.
14:30:38:960  INFO 50643 --- [SpringApplicationShutdownHook] com.alibaba.nacos.common.remote.client   : Shutdown rpc client, set status to shutdown
14:30:38:960  INFO 50643 --- [SpringApplicationShutdownHook] com.alibaba.nacos.common.remote.client   : Shutdown client event executor java.util.concurrent.ScheduledThreadPoolExecutor@73b8e7cf[Running, pool size = 2, active threads = 2, queued tasks = 0, completed tasks = 0]
14:30:38:960  INFO 50643 --- [SpringApplicationShutdownHook] com.alibaba.nacos.common.remote.client   : Close current connection 1765520344767_218.84.124.14_2909
14:30:38:963  INFO 50643 --- [SpringApplicationShutdownHook] c.a.n.c.remote.client.grpc.GrpcClient    : Shutdown grpc executor java.util.concurrent.ThreadPoolExecutor@7a32c961[Running, pool size = 8, active threads = 0, queued tasks = 0, completed tasks = 291]
14:30:38:966  INFO 50643 --- [SpringApplicationShutdownHook] com.zaxxer.hikari.HikariDataSource       : HikariPool-1 - Shutdown initiated...
14:30:39:661  INFO 50643 --- [SpringApplicationShutdownHook] com.zaxxer.hikari.HikariDataSource       : HikariPool-1 - Shutdown completed.
14:33:48:032  INFO 51423 --- [main] com.hmall.user.userApplication           : The following 1 profile is active: "dev"
14:33:48:503  INFO 51423 --- [main] o.s.cloud.context.scope.GenericScope     : BeanFactory id=db2b66e9-bd65-335c-af97-1f3dd19e7a1e
14:33:48:692  INFO 51423 --- [main] o.s.b.w.embedded.tomcat.TomcatWebServer  : Tomcat initialized with port(s): 8084 (http)
14:33:48:696  INFO 51423 --- [main] o.apache.catalina.core.StandardService   : Starting service [Tomcat]
14:33:48:696  INFO 51423 --- [main] org.apache.catalina.core.StandardEngine  : Starting Servlet engine: [Apache Tomcat/9.0.75]
14:33:48:746  INFO 51423 --- [main] o.a.c.c.C.[Tomcat].[localhost].[/]       : Initializing Spring embedded WebApplicationContext
14:33:48:747  INFO 51423 --- [main] w.s.c.ServletWebServerApplicationContext : Root WebApplicationContext: initialization completed in 708 ms
14:33:49:205  WARN 51423 --- [main] .s.s.UserDetailsServiceAutoConfiguration : 

Using generated security password: 854139b0-fc7d-489b-8755-49ca81544406

This generated password is for development use only. Your security configuration must be updated before running your application in production.

14:33:49:245  INFO 51423 --- [main] o.s.s.web.DefaultSecurityFilterChain     : Will secure any request with [org.springframework.security.web.session.DisableEncodeUrlFilter@411933, org.springframework.security.web.context.request.async.WebAsyncManagerIntegrationFilter@393e7546, org.springframework.security.web.context.SecurityContextPersistenceFilter@5b430541, org.springframework.security.web.header.HeaderWriterFilter@5020e5ab, org.springframework.security.web.authentication.logout.LogoutFilter@1642968c, org.springframework.security.web.savedrequest.RequestCacheAwareFilter@5a07ae2f, org.springframework.security.web.servletapi.SecurityContextHolderAwareRequestFilter@78829412, org.springframework.security.web.authentication.AnonymousAuthenticationFilter@6b43b101, org.springframework.security.web.session.SessionManagementFilter@1be4a7e3, org.springframework.security.web.access.ExceptionTranslationFilter@570127fa, org.springframework.security.web.access.intercept.FilterSecurityInterceptor@70ad0854]
14:33:49:348  INFO 51423 --- [main] c.a.c.sentinel.SentinelWebMvcConfigurer  : [Sentinel Starter] register SentinelWebInterceptor with urlPatterns: [/**].
14:33:49:596  INFO 51423 --- [main] o.s.b.a.e.web.EndpointLinksResolver      : Exposing 1 endpoint(s) beneath base path '/actuator'
14:33:49:637  INFO 51423 --- [main] com.alibaba.nacos.common.remote.client   : [RpcClientFactory] create a new rpc client of 6bdd990d-edaa-47bc-99e4-b07422b452a9
14:33:49:637  INFO 51423 --- [main] com.alibaba.nacos.common.remote.client   : [6bdd990d-edaa-47bc-99e4-b07422b452a9] RpcClient init label, labels = {module=naming, source=sdk}
14:33:49:638  INFO 51423 --- [main] com.alibaba.nacos.common.remote.client   : [6bdd990d-edaa-47bc-99e4-b07422b452a9] RpcClient init, ServerListFactory = com.alibaba.nacos.client.naming.core.ServerListManager
14:33:49:638  INFO 51423 --- [main] com.alibaba.nacos.common.remote.client   : [6bdd990d-edaa-47bc-99e4-b07422b452a9] Registry connection listener to current client:com.alibaba.nacos.client.naming.remote.gprc.redo.NamingGrpcRedoService
14:33:49:638  INFO 51423 --- [main] com.alibaba.nacos.common.remote.client   : [6bdd990d-edaa-47bc-99e4-b07422b452a9] Register server push request handler:com.alibaba.nacos.client.naming.remote.gprc.NamingPushRequestHandler
14:33:49:639  INFO 51423 --- [main] com.alibaba.nacos.common.remote.client   : [6bdd990d-edaa-47bc-99e4-b07422b452a9] Try to connect to server on start up, server: {serverIp = '49.235.39.92', server main port = 8848}
14:33:49:940  INFO 51423 --- [main] com.alibaba.nacos.common.remote.client   : [6bdd990d-edaa-47bc-99e4-b07422b452a9] Success to connect to server [49.235.39.92:8848] on start up, connectionId = 1765521229862_218.84.124.14_4609
14:33:49:940  INFO 51423 --- [main] com.alibaba.nacos.common.remote.client   : [6bdd990d-edaa-47bc-99e4-b07422b452a9] Register server push request handler:com.alibaba.nacos.common.remote.client.RpcClient$ConnectResetRequestHandler
14:33:49:940  INFO 51423 --- [main] com.alibaba.nacos.common.remote.client   : [6bdd990d-edaa-47bc-99e4-b07422b452a9] Register server push request handler:com.alibaba.nacos.common.remote.client.RpcClient$$Lambda$469/0x000000080044b840
14:33:49:940  INFO 51423 --- [com.alibaba.nacos.client.remote.worker] com.alibaba.nacos.common.remote.client   : [6bdd990d-edaa-47bc-99e4-b07422b452a9] Notify connected event to listeners.
14:33:50:019  INFO 51423 --- [main] o.s.b.w.embedded.tomcat.TomcatWebServer  : Tomcat started on port(s): 8084 (http) with context path ''
14:33:50:086  INFO 51423 --- [main] c.a.c.n.registry.NacosServiceRegistry    : nacos registry, DEFAULT_GROUP hm-user 192.168.1.3:8084 register finished
14:33:50:096  INFO 51423 --- [main] com.hmall.user.userApplication           : Started userApplication in 3.79 seconds (JVM running for 4.152)
14:33:50:099  INFO 51423 --- [main] c.a.c.n.refresh.NacosContextRefresher    : [Nacos Config] Listening config: dataId=hm-user-dev.yaml, group=DEFAULT_GROUP
14:33:50:099  INFO 51423 --- [main] c.a.c.n.refresh.NacosContextRefresher    : [Nacos Config] Listening config: dataId=hm-user, group=DEFAULT_GROUP
14:33:50:099  INFO 51423 --- [main] c.a.c.n.refresh.NacosContextRefresher    : [Nacos Config] Listening config: dataId=hm-user.yaml, group=DEFAULT_GROUP
14:33:50:567  INFO 51423 --- [nacos-grpc-client-executor-9] com.alibaba.nacos.common.remote.client   : [6bdd990d-edaa-47bc-99e4-b07422b452a9] Receive server push request, request = NotifySubscriberRequest, requestId = 2830
14:33:50:569  INFO 51423 --- [nacos-grpc-client-executor-9] com.alibaba.nacos.common.remote.client   : [6bdd990d-edaa-47bc-99e4-b07422b452a9] Ack server push request, request = NotifySubscriberRequest, requestId = 2830
14:33:50:639  INFO 51423 --- [RMI TCP Connection(4)-127.0.0.1] o.a.c.c.C.[Tomcat].[localhost].[/]       : Initializing Spring DispatcherServlet 'dispatcherServlet'
14:33:50:639  INFO 51423 --- [RMI TCP Connection(4)-127.0.0.1] o.s.web.servlet.DispatcherServlet        : Initializing Servlet 'dispatcherServlet'
14:33:50:640  INFO 51423 --- [RMI TCP Connection(4)-127.0.0.1] o.s.web.servlet.DispatcherServlet        : Completed initialization in 1 ms
14:33:50:652  INFO 51423 --- [RMI TCP Connection(3)-127.0.0.1] com.zaxxer.hikari.HikariDataSource       : HikariPool-1 - Starting...
14:33:51:592  INFO 51423 --- [RMI TCP Connection(3)-127.0.0.1] com.zaxxer.hikari.HikariDataSource       : HikariPool-1 - Start completed.
14:35:03:835  WARN 51423 --- [Thread-1] c.a.n.common.http.HttpClientBeanHolder   : [HttpClientBeanHolder] Start destroying common HttpClient
14:35:03:835  WARN 51423 --- [Thread-5] c.a.nacos.common.notify.NotifyCenter     : [NotifyCenter] Start destroying Publisher
14:35:03:837  WARN 51423 --- [Thread-5] c.a.nacos.common.notify.NotifyCenter     : [NotifyCenter] Destruction of the end
14:35:03:838  WARN 51423 --- [Thread-1] c.a.n.common.http.HttpClientBeanHolder   : [HttpClientBeanHolder] Destruction of the end
14:35:03:931  INFO 51423 --- [SpringApplicationShutdownHook] c.a.c.n.registry.NacosServiceRegistry    : De-registering from Nacos Server now...
14:35:03:995  INFO 51423 --- [SpringApplicationShutdownHook] c.a.c.n.registry.NacosServiceRegistry    : De-registration finished.
14:35:04:311  INFO 51423 --- [SpringApplicationShutdownHook] com.alibaba.nacos.common.remote.client   : Shutdown rpc client, set status to shutdown
14:35:04:311  INFO 51423 --- [SpringApplicationShutdownHook] com.alibaba.nacos.common.remote.client   : Shutdown client event executor java.util.concurrent.ScheduledThreadPoolExecutor@f43d4b4[Running, pool size = 2, active threads = 2, queued tasks = 0, completed tasks = 0]
14:35:04:311  INFO 51423 --- [SpringApplicationShutdownHook] com.alibaba.nacos.common.remote.client   : Close current connection 1765521229862_218.84.124.14_4609
14:35:04:319  INFO 51423 --- [SpringApplicationShutdownHook] c.a.n.c.remote.client.grpc.GrpcClient    : Shutdown grpc executor java.util.concurrent.ThreadPoolExecutor@3a00ef9d[Running, pool size = 6, active threads = 0, queued tasks = 0, completed tasks = 46]
14:35:04:331  INFO 51423 --- [SpringApplicationShutdownHook] com.zaxxer.hikari.HikariDataSource       : HikariPool-1 - Shutdown initiated...
14:35:05:025  INFO 51423 --- [SpringApplicationShutdownHook] com.zaxxer.hikari.HikariDataSource       : HikariPool-1 - Shutdown completed.
14:35:12:911  INFO 51561 --- [main] com.hmall.user.userApplication           : The following 1 profile is active: "dev"
14:35:13:417  INFO 51561 --- [main] o.s.cloud.context.scope.GenericScope     : BeanFactory id=db2b66e9-bd65-335c-af97-1f3dd19e7a1e
14:35:13:557  INFO 51561 --- [main] o.s.b.w.embedded.tomcat.TomcatWebServer  : Tomcat initialized with port(s): 8084 (http)
14:35:13:560  INFO 51561 --- [main] o.apache.catalina.core.StandardService   : Starting service [Tomcat]
14:35:13:560  INFO 51561 --- [main] org.apache.catalina.core.StandardEngine  : Starting Servlet engine: [Apache Tomcat/9.0.75]
14:35:13:600  INFO 51561 --- [main] o.a.c.c.C.[Tomcat].[localhost].[/]       : Initializing Spring embedded WebApplicationContext
14:35:13:601  INFO 51561 --- [main] w.s.c.ServletWebServerApplicationContext : Root WebApplicationContext: initialization completed in 683 ms
14:35:13:966  WARN 51561 --- [main] .s.s.UserDetailsServiceAutoConfiguration : 

Using generated security password: 2974198b-8f16-403d-a98c-fce099109357

This generated password is for development use only. Your security configuration must be updated before running your application in production.

14:35:13:995  INFO 51561 --- [main] o.s.s.web.DefaultSecurityFilterChain     : Will secure any request with [org.springframework.security.web.session.DisableEncodeUrlFilter@31028e45, org.springframework.security.web.context.request.async.WebAsyncManagerIntegrationFilter@68f75a35, org.springframework.security.web.context.SecurityContextPersistenceFilter@1e2b37cd, org.springframework.security.web.header.HeaderWriterFilter@70eb94d7, org.springframework.security.web.authentication.logout.LogoutFilter@5f4f6f89, org.springframework.security.web.savedrequest.RequestCacheAwareFilter@6033f36c, org.springframework.security.web.servletapi.SecurityContextHolderAwareRequestFilter@50b624da, org.springframework.security.web.authentication.AnonymousAuthenticationFilter@50e0b472, org.springframework.security.web.session.SessionManagementFilter@f575d2b, org.springframework.security.web.access.ExceptionTranslationFilter@6d0bcf8c, org.springframework.security.web.access.intercept.FilterSecurityInterceptor@7e7391e8]
14:35:14:077  INFO 51561 --- [main] c.a.c.sentinel.SentinelWebMvcConfigurer  : [Sentinel Starter] register SentinelWebInterceptor with urlPatterns: [/**].
14:35:14:291  INFO 51561 --- [main] o.s.b.a.e.web.EndpointLinksResolver      : Exposing 1 endpoint(s) beneath base path '/actuator'
14:35:14:330  INFO 51561 --- [main] com.alibaba.nacos.common.remote.client   : [RpcClientFactory] create a new rpc client of 432a88cc-e48b-48c1-ab5a-7088e747456f
14:35:14:330  INFO 51561 --- [main] com.alibaba.nacos.common.remote.client   : [432a88cc-e48b-48c1-ab5a-7088e747456f] RpcClient init label, labels = {module=naming, source=sdk}
14:35:14:331  INFO 51561 --- [main] com.alibaba.nacos.common.remote.client   : [432a88cc-e48b-48c1-ab5a-7088e747456f] RpcClient init, ServerListFactory = com.alibaba.nacos.client.naming.core.ServerListManager
14:35:14:331  INFO 51561 --- [main] com.alibaba.nacos.common.remote.client   : [432a88cc-e48b-48c1-ab5a-7088e747456f] Registry connection listener to current client:com.alibaba.nacos.client.naming.remote.gprc.redo.NamingGrpcRedoService
14:35:14:331  INFO 51561 --- [main] com.alibaba.nacos.common.remote.client   : [432a88cc-e48b-48c1-ab5a-7088e747456f] Register server push request handler:com.alibaba.nacos.client.naming.remote.gprc.NamingPushRequestHandler
14:35:14:331  INFO 51561 --- [main] com.alibaba.nacos.common.remote.client   : [432a88cc-e48b-48c1-ab5a-7088e747456f] Try to connect to server on start up, server: {serverIp = '49.235.39.92', server main port = 8848}
14:35:14:659  INFO 51561 --- [main] com.alibaba.nacos.common.remote.client   : [432a88cc-e48b-48c1-ab5a-7088e747456f] Success to connect to server [49.235.39.92:8848] on start up, connectionId = 1765521314561_218.84.124.14_4718
14:35:14:659  INFO 51561 --- [main] com.alibaba.nacos.common.remote.client   : [432a88cc-e48b-48c1-ab5a-7088e747456f] Register server push request handler:com.alibaba.nacos.common.remote.client.RpcClient$ConnectResetRequestHandler
14:35:14:659  INFO 51561 --- [com.alibaba.nacos.client.remote.worker] com.alibaba.nacos.common.remote.client   : [432a88cc-e48b-48c1-ab5a-7088e747456f] Notify connected event to listeners.
14:35:14:660  INFO 51561 --- [main] com.alibaba.nacos.common.remote.client   : [432a88cc-e48b-48c1-ab5a-7088e747456f] Register server push request handler:com.alibaba.nacos.common.remote.client.RpcClient$$Lambda$468/0x0000000800527840
14:35:14:771  INFO 51561 --- [main] o.s.b.w.embedded.tomcat.TomcatWebServer  : Tomcat started on port(s): 8084 (http) with context path ''
14:35:14:849  INFO 51561 --- [main] c.a.c.n.registry.NacosServiceRegistry    : nacos registry, DEFAULT_GROUP hm-user 192.168.1.3:8084 register finished
14:35:14:869  INFO 51561 --- [main] com.hmall.user.userApplication           : Started userApplication in 3.572 seconds (JVM running for 3.958)
14:35:14:880  INFO 51561 --- [main] c.a.c.n.refresh.NacosContextRefresher    : [Nacos Config] Listening config: dataId=hm-user-dev.yaml, group=DEFAULT_GROUP
14:35:14:881  INFO 51561 --- [main] c.a.c.n.refresh.NacosContextRefresher    : [Nacos Config] Listening config: dataId=hm-user, group=DEFAULT_GROUP
14:35:14:881  INFO 51561 --- [main] c.a.c.n.refresh.NacosContextRefresher    : [Nacos Config] Listening config: dataId=hm-user.yaml, group=DEFAULT_GROUP
14:35:15:249  INFO 51561 --- [RMI TCP Connection(5)-127.0.0.1] o.a.c.c.C.[Tomcat].[localhost].[/]       : Initializing Spring DispatcherServlet 'dispatcherServlet'
14:35:15:249  INFO 51561 --- [RMI TCP Connection(5)-127.0.0.1] o.s.web.servlet.DispatcherServlet        : Initializing Servlet 'dispatcherServlet'
14:35:15:250  INFO 51561 --- [RMI TCP Connection(5)-127.0.0.1] o.s.web.servlet.DispatcherServlet        : Completed initialization in 1 ms
14:35:15:260  INFO 51561 --- [RMI TCP Connection(4)-127.0.0.1] com.zaxxer.hikari.HikariDataSource       : HikariPool-1 - Starting...
14:35:15:340  INFO 51561 --- [nacos-grpc-client-executor-9] com.alibaba.nacos.common.remote.client   : [432a88cc-e48b-48c1-ab5a-7088e747456f] Receive server push request, request = NotifySubscriberRequest, requestId = 2839
14:35:15:341  INFO 51561 --- [nacos-grpc-client-executor-9] com.alibaba.nacos.common.remote.client   : [432a88cc-e48b-48c1-ab5a-7088e747456f] Ack server push request, request = NotifySubscriberRequest, requestId = 2839
14:35:16:322  INFO 51561 --- [RMI TCP Connection(4)-127.0.0.1] com.zaxxer.hikari.HikariDataSource       : HikariPool-1 - Start completed.
14:39:05:020  INFO 51561 --- [http-nio-8084-exec-1] c.hmall.user.controller.UserController   : 用户登录请求参数:LoginFormDTO(username=Rose, password=123, rememberMe=false)
14:39:05:118 DEBUG 51561 --- [http-nio-8084-exec-1] c.h.user.mapper.UserMapper.selectOne     : ==>  Preparing: SELECT id,username,password,phone,create_time,update_time,status,balance FROM user WHERE (username = ?)
14:39:05:127 DEBUG 51561 --- [http-nio-8084-exec-1] c.h.user.mapper.UserMapper.selectOne     : ==> Parameters: Rose(String)
14:39:05:211 DEBUG 51561 --- [http-nio-8084-exec-1] c.h.user.mapper.UserMapper.selectOne     : <==      Total: 1
14:39:20:530 DEBUG 51561 --- [http-nio-8084-exec-2] c.h.u.mapper.AddressMapper.selectList    : ==>  Preparing: SELECT id,user_id,province,city,town,mobile,street,contact,is_default,notes FROM address WHERE (user_id = ?)
14:39:20:531 DEBUG 51561 --- [http-nio-8084-exec-2] c.h.u.mapper.AddressMapper.selectList    : ==> Parameters: 2(Long)
14:39:20:606 DEBUG 51561 --- [http-nio-8084-exec-2] c.h.u.mapper.AddressMapper.selectList    : <==      Total: 0
14:43:45:536  INFO 51561 --- [http-nio-8084-exec-4] c.hmall.user.controller.UserController   : 用户登录请求参数:LoginFormDTO(username=Rose, password=123, rememberMe=false)
14:43:45:612 DEBUG 51561 --- [http-nio-8084-exec-4] c.h.user.mapper.UserMapper.selectOne     : ==>  Preparing: SELECT id,username,password,phone,create_time,update_time,status,balance FROM user WHERE (username = ?)
14:43:45:613 DEBUG 51561 --- [http-nio-8084-exec-4] c.h.user.mapper.UserMapper.selectOne     : ==> Parameters: Rose(String)
14:43:45:688 DEBUG 51561 --- [http-nio-8084-exec-4] c.h.user.mapper.UserMapper.selectOne     : <==      Total: 1
14:43:45:961 DEBUG 51561 --- [http-nio-8084-exec-5] c.h.u.mapper.AddressMapper.selectList    : ==>  Preparing: SELECT id,user_id,province,city,town,mobile,street,contact,is_default,notes FROM address WHERE (user_id = ?)
14:43:45:961 DEBUG 51561 --- [http-nio-8084-exec-5] c.h.u.mapper.AddressMapper.selectList    : ==> Parameters: 2(Long)
14:43:46:034 DEBUG 51561 --- [http-nio-8084-exec-5] c.h.u.mapper.AddressMapper.selectList    : <==      Total: 0
