19:27:25:420  INFO 72139 --- [main] com.hmall.user.userApplication           : Starting userApplication using Java 11.0.29 on mazhitaodeMac-mini.local with PID 72139 (/Users/dark/Documents/IDEA/hmall/hm-user/target/classes started by dark in /Users/dark/Documents/IDEA/hmall)
19:27:25:425 DEBUG 72139 --- [main] com.hmall.user.userApplication           : Running with Spring Boot v2.7.12, Spring v5.3.27
19:27:25:427  INFO 72139 --- [main] com.hmall.user.userApplication           : The following 1 profile is active: "dev"
19:27:26:807  INFO 72139 --- [main] o.s.cloud.context.scope.GenericScope     : BeanFactory id=573a5fa2-dd8d-3ea3-b11b-a9eff5db54f2
19:27:27:040  INFO 72139 --- [main] o.s.b.w.embedded.tomcat.TomcatWebServer  : Tomcat initialized with port(s): 8084 (http)
19:27:27:056  INFO 72139 --- [main] o.apache.catalina.core.StandardService   : Starting service [Tomcat]
19:27:27:056  INFO 72139 --- [main] org.apache.catalina.core.StandardEngine  : Starting Servlet engine: [Apache Tomcat/9.0.75]
19:27:27:189  INFO 72139 --- [main] o.a.c.c.C.[Tomcat].[localhost].[/]       : Initializing Spring embedded WebApplicationContext
19:27:27:189  INFO 72139 --- [main] w.s.c.ServletWebServerApplicationContext : Root WebApplicationContext: initialization completed in 1726 ms
19:27:28:207  WARN 72139 --- [main] .s.s.UserDetailsServiceAutoConfiguration : 

Using generated security password: c8ca0012-f4eb-467c-a85d-b96f015eaee7

This generated password is for development use only. Your security configuration must be updated before running your application in production.

19:27:28:251  INFO 72139 --- [main] o.s.s.web.DefaultSecurityFilterChain     : Will secure any request with [org.springframework.security.web.session.DisableEncodeUrlFilter@51743cc0, org.springframework.security.web.context.request.async.WebAsyncManagerIntegrationFilter@92e2c93, org.springframework.security.web.context.SecurityContextPersistenceFilter@3fe8ad3f, org.springframework.security.web.header.HeaderWriterFilter@9f2376f, org.springframework.security.web.authentication.logout.LogoutFilter@1308ef19, org.springframework.security.web.savedrequest.RequestCacheAwareFilter@4b09d1c3, org.springframework.security.web.servletapi.SecurityContextHolderAwareRequestFilter@18811c42, org.springframework.security.web.authentication.AnonymousAuthenticationFilter@6697f3d, org.springframework.security.web.session.SessionManagementFilter@37cf91d8, org.springframework.security.web.access.ExceptionTranslationFilter@56cd5d76, org.springframework.security.web.access.intercept.FilterSecurityInterceptor@223cbf0d]
19:27:28:890  INFO 72139 --- [main] o.s.b.a.e.web.EndpointLinksResolver      : Exposing 1 endpoint(s) beneath base path '/actuator'
19:27:28:956  INFO 72139 --- [main] com.alibaba.nacos.common.remote.client   : [RpcClientFactory] create a new rpc client of acd6e96a-abcf-4834-acc8-84ccf76e8ee1
19:27:28:985  INFO 72139 --- [main] org.reflections.Reflections              : Reflections took 16 ms to scan 1 urls, producing 3 keys and 6 values 
19:27:28:999  INFO 72139 --- [main] org.reflections.Reflections              : Reflections took 6 ms to scan 1 urls, producing 4 keys and 9 values 
19:27:29:007  INFO 72139 --- [main] org.reflections.Reflections              : Reflections took 5 ms to scan 1 urls, producing 3 keys and 10 values 
19:27:29:008  WARN 72139 --- [main] org.reflections.Reflections              : given scan urls are empty. set urls in the configuration
19:27:29:013  INFO 72139 --- [main] org.reflections.Reflections              : Reflections took 5 ms to scan 1 urls, producing 1 keys and 5 values 
19:27:29:017  INFO 72139 --- [main] org.reflections.Reflections              : Reflections took 3 ms to scan 1 urls, producing 1 keys and 7 values 
19:27:29:021  INFO 72139 --- [main] org.reflections.Reflections              : Reflections took 3 ms to scan 1 urls, producing 2 keys and 8 values 
19:27:29:022  WARN 72139 --- [main] org.reflections.Reflections              : given scan urls are empty. set urls in the configuration
19:27:29:023  INFO 72139 --- [main] com.alibaba.nacos.common.remote.client   : [acd6e96a-abcf-4834-acc8-84ccf76e8ee1] RpcClient init label, labels = {module=naming, source=sdk}
19:27:29:024  INFO 72139 --- [main] com.alibaba.nacos.common.remote.client   : [acd6e96a-abcf-4834-acc8-84ccf76e8ee1] RpcClient init, ServerListFactory = com.alibaba.nacos.client.naming.core.ServerListManager
19:27:29:024  INFO 72139 --- [main] com.alibaba.nacos.common.remote.client   : [acd6e96a-abcf-4834-acc8-84ccf76e8ee1] Registry connection listener to current client:com.alibaba.nacos.client.naming.remote.gprc.redo.NamingGrpcRedoService
19:27:29:025  INFO 72139 --- [main] com.alibaba.nacos.common.remote.client   : [acd6e96a-abcf-4834-acc8-84ccf76e8ee1] Register server push request handler:com.alibaba.nacos.client.naming.remote.gprc.NamingPushRequestHandler
19:27:29:026  INFO 72139 --- [main] com.alibaba.nacos.common.remote.client   : [acd6e96a-abcf-4834-acc8-84ccf76e8ee1] Try to connect to server on start up, server: {serverIp = '49.235.39.92', server main port = 8848}
19:27:29:692  INFO 72139 --- [main] com.alibaba.nacos.common.remote.client   : [acd6e96a-abcf-4834-acc8-84ccf76e8ee1] Success to connect to server [49.235.39.92:8848] on start up, connectionId = 1765193249438_218.84.124.103_24182
19:27:29:692  INFO 72139 --- [com.alibaba.nacos.client.remote.worker] com.alibaba.nacos.common.remote.client   : [acd6e96a-abcf-4834-acc8-84ccf76e8ee1] Notify connected event to listeners.
19:27:29:693  INFO 72139 --- [main] com.alibaba.nacos.common.remote.client   : [acd6e96a-abcf-4834-acc8-84ccf76e8ee1] Register server push request handler:com.alibaba.nacos.common.remote.client.RpcClient$ConnectResetRequestHandler
19:27:29:693  INFO 72139 --- [main] com.alibaba.nacos.common.remote.client   : [acd6e96a-abcf-4834-acc8-84ccf76e8ee1] Register server push request handler:com.alibaba.nacos.common.remote.client.RpcClient$$Lambda$1166/0x00000008007ed440
19:27:29:838  INFO 72139 --- [main] o.s.b.w.embedded.tomcat.TomcatWebServer  : Tomcat started on port(s): 8084 (http) with context path ''
19:27:29:924  INFO 72139 --- [main] c.a.c.n.registry.NacosServiceRegistry    : nacos registry, DEFAULT_GROUP hm-user 192.168.1.3:8084 register finished
19:27:29:937  INFO 72139 --- [main] com.hmall.user.userApplication           : Started userApplication in 4.948 seconds (JVM running for 5.669)
19:27:30:142  INFO 72139 --- [RMI TCP Connection(2)-127.0.0.1] com.zaxxer.hikari.HikariDataSource       : HikariPool-1 - Starting...
19:27:30:143  INFO 72139 --- [RMI TCP Connection(1)-127.0.0.1] o.a.c.c.C.[Tomcat].[localhost].[/]       : Initializing Spring DispatcherServlet 'dispatcherServlet'
19:27:30:143  INFO 72139 --- [RMI TCP Connection(1)-127.0.0.1] o.s.web.servlet.DispatcherServlet        : Initializing Servlet 'dispatcherServlet'
19:27:30:145  INFO 72139 --- [RMI TCP Connection(1)-127.0.0.1] o.s.web.servlet.DispatcherServlet        : Completed initialization in 2 ms
19:27:30:402  INFO 72139 --- [nacos-grpc-client-executor-11] com.alibaba.nacos.common.remote.client   : [acd6e96a-abcf-4834-acc8-84ccf76e8ee1] Receive server push request, request = NotifySubscriberRequest, requestId = 398
19:27:30:405  INFO 72139 --- [nacos-grpc-client-executor-11] com.alibaba.nacos.common.remote.client   : [acd6e96a-abcf-4834-acc8-84ccf76e8ee1] Ack server push request, request = NotifySubscriberRequest, requestId = 398
19:27:31:192  INFO 72139 --- [RMI TCP Connection(2)-127.0.0.1] com.zaxxer.hikari.HikariDataSource       : HikariPool-1 - Start completed.
19:57:53:651 ERROR 72139 --- [nacos-grpc-client-executor-725] c.a.n.c.remote.client.grpc.GrpcClient    : [1765193249438_218.84.124.103_24182]Request stream error, switch server,error={}

com.alibaba.nacos.shaded.io.grpc.StatusRuntimeException: UNAVAILABLE: Network closed for unknown reason
	at com.alibaba.nacos.shaded.io.grpc.Status.asRuntimeException(Status.java:533) ~[nacos-client-2.0.4.jar:na]
	at com.alibaba.nacos.shaded.io.grpc.stub.ClientCalls$StreamObserverToCallListenerAdapter.onClose(ClientCalls.java:442) ~[nacos-client-2.0.4.jar:na]
	at com.alibaba.nacos.shaded.io.grpc.PartialForwardingClientCallListener.onClose(PartialForwardingClientCallListener.java:39) ~[nacos-client-2.0.4.jar:na]
	at com.alibaba.nacos.shaded.io.grpc.ForwardingClientCallListener.onClose(ForwardingClientCallListener.java:23) ~[nacos-client-2.0.4.jar:na]
	at com.alibaba.nacos.shaded.io.grpc.ForwardingClientCallListener$SimpleForwardingClientCallListener.onClose(ForwardingClientCallListener.java:40) ~[nacos-client-2.0.4.jar:na]
	at com.alibaba.nacos.shaded.io.grpc.internal.CensusStatsModule$StatsClientInterceptor$1$1.onClose(CensusStatsModule.java:700) ~[nacos-client-2.0.4.jar:na]
	at com.alibaba.nacos.shaded.io.grpc.PartialForwardingClientCallListener.onClose(PartialForwardingClientCallListener.java:39) ~[nacos-client-2.0.4.jar:na]
	at com.alibaba.nacos.shaded.io.grpc.ForwardingClientCallListener.onClose(ForwardingClientCallListener.java:23) ~[nacos-client-2.0.4.jar:na]
	at com.alibaba.nacos.shaded.io.grpc.ForwardingClientCallListener$SimpleForwardingClientCallListener.onClose(ForwardingClientCallListener.java:40) ~[nacos-client-2.0.4.jar:na]
	at com.alibaba.nacos.shaded.io.grpc.internal.CensusTracingModule$TracingClientInterceptor$1$1.onClose(CensusTracingModule.java:399) ~[nacos-client-2.0.4.jar:na]
	at com.alibaba.nacos.shaded.io.grpc.internal.ClientCallImpl.closeObserver(ClientCallImpl.java:510) ~[nacos-client-2.0.4.jar:na]
	at com.alibaba.nacos.shaded.io.grpc.internal.ClientCallImpl.access$300(ClientCallImpl.java:66) ~[nacos-client-2.0.4.jar:na]
	at com.alibaba.nacos.shaded.io.grpc.internal.ClientCallImpl$ClientStreamListenerImpl.close(ClientCallImpl.java:630) ~[nacos-client-2.0.4.jar:na]
	at com.alibaba.nacos.shaded.io.grpc.internal.ClientCallImpl$ClientStreamListenerImpl.access$700(ClientCallImpl.java:518) ~[nacos-client-2.0.4.jar:na]
	at com.alibaba.nacos.shaded.io.grpc.internal.ClientCallImpl$ClientStreamListenerImpl$1StreamClosed.runInternal(ClientCallImpl.java:692) ~[nacos-client-2.0.4.jar:na]
	at com.alibaba.nacos.shaded.io.grpc.internal.ClientCallImpl$ClientStreamListenerImpl$1StreamClosed.runInContext(ClientCallImpl.java:681) ~[nacos-client-2.0.4.jar:na]
	at com.alibaba.nacos.shaded.io.grpc.internal.ContextRunnable.run(ContextRunnable.java:37) ~[nacos-client-2.0.4.jar:na]
	at com.alibaba.nacos.shaded.io.grpc.internal.SerializingExecutor.run(SerializingExecutor.java:123) ~[nacos-client-2.0.4.jar:na]
	at java.base/java.util.concurrent.ThreadPoolExecutor.runWorker(ThreadPoolExecutor.java:1128) ~[na:na]
	at java.base/java.util.concurrent.ThreadPoolExecutor$Worker.run(ThreadPoolExecutor.java:628) ~[na:na]
	at java.base/java.lang.Thread.run(Thread.java:829) ~[na:na]

19:57:53:660  INFO 72139 --- [com.alibaba.nacos.client.remote.worker] com.alibaba.nacos.common.remote.client   : [acd6e96a-abcf-4834-acc8-84ccf76e8ee1] Try to reconnect to a new server, server is  not appointed, will choose a random server.
19:57:54:034  INFO 72139 --- [com.alibaba.nacos.client.remote.worker] com.alibaba.nacos.common.remote.client   : [acd6e96a-abcf-4834-acc8-84ccf76e8ee1] Success to connect a server [49.235.39.92:8848], connectionId = 1765195073833_218.84.124.103_21529
19:57:54:035  INFO 72139 --- [com.alibaba.nacos.client.remote.worker] com.alibaba.nacos.common.remote.client   : [acd6e96a-abcf-4834-acc8-84ccf76e8ee1] Abandon prev connection, server is 49.235.39.92:8848, connectionId is 1765193249438_218.84.124.103_24182
19:57:54:037  INFO 72139 --- [com.alibaba.nacos.client.remote.worker] com.alibaba.nacos.common.remote.client   : Close current connection 1765193249438_218.84.124.103_24182
19:57:54:050  INFO 72139 --- [com.alibaba.nacos.client.remote.worker] com.alibaba.nacos.common.remote.client   : [acd6e96a-abcf-4834-acc8-84ccf76e8ee1] Notify disconnected event to listeners
19:57:54:053  INFO 72139 --- [com.alibaba.nacos.client.remote.worker] com.alibaba.nacos.common.remote.client   : [acd6e96a-abcf-4834-acc8-84ccf76e8ee1] Notify connected event to listeners.
19:57:55:682  INFO 72139 --- [nacos-grpc-client-executor-735] com.alibaba.nacos.common.remote.client   : [acd6e96a-abcf-4834-acc8-84ccf76e8ee1] Receive server push request, request = NotifySubscriberRequest, requestId = 404
19:57:55:682  INFO 72139 --- [nacos-grpc-client-executor-735] com.alibaba.nacos.common.remote.client   : [acd6e96a-abcf-4834-acc8-84ccf76e8ee1] Ack server push request, request = NotifySubscriberRequest, requestId = 404
19:58:04:079  INFO 72139 --- [com.alibaba.nacos.client.remote.worker] com.alibaba.nacos.common.remote.client   : [acd6e96a-abcf-4834-acc8-84ccf76e8ee1] Server healthy check fail, currentConnection = 1765195073833_218.84.124.103_21529
19:58:04:080  INFO 72139 --- [com.alibaba.nacos.client.remote.worker] com.alibaba.nacos.common.remote.client   : [acd6e96a-abcf-4834-acc8-84ccf76e8ee1] Try to reconnect to a new server, server is  not appointed, will choose a random server.
19:58:04:079 ERROR 72139 --- [nacos-grpc-client-executor-736] c.a.n.c.remote.client.grpc.GrpcClient    : [1765195073833_218.84.124.103_21529]Request stream error, switch server,error={}

com.alibaba.nacos.shaded.io.grpc.StatusRuntimeException: UNAVAILABLE: io exception
	at com.alibaba.nacos.shaded.io.grpc.Status.asRuntimeException(Status.java:533) ~[nacos-client-2.0.4.jar:na]
	at com.alibaba.nacos.shaded.io.grpc.stub.ClientCalls$StreamObserverToCallListenerAdapter.onClose(ClientCalls.java:442) ~[nacos-client-2.0.4.jar:na]
	at com.alibaba.nacos.shaded.io.grpc.PartialForwardingClientCallListener.onClose(PartialForwardingClientCallListener.java:39) ~[nacos-client-2.0.4.jar:na]
	at com.alibaba.nacos.shaded.io.grpc.ForwardingClientCallListener.onClose(ForwardingClientCallListener.java:23) ~[nacos-client-2.0.4.jar:na]
	at com.alibaba.nacos.shaded.io.grpc.ForwardingClientCallListener$SimpleForwardingClientCallListener.onClose(ForwardingClientCallListener.java:40) ~[nacos-client-2.0.4.jar:na]
	at com.alibaba.nacos.shaded.io.grpc.internal.CensusStatsModule$StatsClientInterceptor$1$1.onClose(CensusStatsModule.java:700) ~[nacos-client-2.0.4.jar:na]
	at com.alibaba.nacos.shaded.io.grpc.PartialForwardingClientCallListener.onClose(PartialForwardingClientCallListener.java:39) ~[nacos-client-2.0.4.jar:na]
	at com.alibaba.nacos.shaded.io.grpc.ForwardingClientCallListener.onClose(ForwardingClientCallListener.java:23) ~[nacos-client-2.0.4.jar:na]
	at com.alibaba.nacos.shaded.io.grpc.ForwardingClientCallListener$SimpleForwardingClientCallListener.onClose(ForwardingClientCallListener.java:40) ~[nacos-client-2.0.4.jar:na]
	at com.alibaba.nacos.shaded.io.grpc.internal.CensusTracingModule$TracingClientInterceptor$1$1.onClose(CensusTracingModule.java:399) ~[nacos-client-2.0.4.jar:na]
	at com.alibaba.nacos.shaded.io.grpc.internal.ClientCallImpl.closeObserver(ClientCallImpl.java:510) ~[nacos-client-2.0.4.jar:na]
	at com.alibaba.nacos.shaded.io.grpc.internal.ClientCallImpl.access$300(ClientCallImpl.java:66) ~[nacos-client-2.0.4.jar:na]
	at com.alibaba.nacos.shaded.io.grpc.internal.ClientCallImpl$ClientStreamListenerImpl.close(ClientCallImpl.java:630) ~[nacos-client-2.0.4.jar:na]
	at com.alibaba.nacos.shaded.io.grpc.internal.ClientCallImpl$ClientStreamListenerImpl.access$700(ClientCallImpl.java:518) ~[nacos-client-2.0.4.jar:na]
	at com.alibaba.nacos.shaded.io.grpc.internal.ClientCallImpl$ClientStreamListenerImpl$1StreamClosed.runInternal(ClientCallImpl.java:692) ~[nacos-client-2.0.4.jar:na]
	at com.alibaba.nacos.shaded.io.grpc.internal.ClientCallImpl$ClientStreamListenerImpl$1StreamClosed.runInContext(ClientCallImpl.java:681) ~[nacos-client-2.0.4.jar:na]
	at com.alibaba.nacos.shaded.io.grpc.internal.ContextRunnable.run(ContextRunnable.java:37) ~[nacos-client-2.0.4.jar:na]
	at com.alibaba.nacos.shaded.io.grpc.internal.SerializingExecutor.run(SerializingExecutor.java:123) ~[nacos-client-2.0.4.jar:na]
	at java.base/java.util.concurrent.ThreadPoolExecutor.runWorker(ThreadPoolExecutor.java:1128) ~[na:na]
	at java.base/java.util.concurrent.ThreadPoolExecutor$Worker.run(ThreadPoolExecutor.java:628) ~[na:na]
	at java.base/java.lang.Thread.run(Thread.java:829) ~[na:na]
Caused by: java.io.IOException: Connection reset by peer
	at java.base/sun.nio.ch.FileDispatcherImpl.read0(Native Method) ~[na:na]
	at java.base/sun.nio.ch.SocketDispatcher.read(SocketDispatcher.java:39) ~[na:na]
	at java.base/sun.nio.ch.IOUtil.readIntoNativeBuffer(IOUtil.java:276) ~[na:na]
	at java.base/sun.nio.ch.IOUtil.read(IOUtil.java:233) ~[na:na]
	at java.base/sun.nio.ch.IOUtil.read(IOUtil.java:223) ~[na:na]
	at java.base/sun.nio.ch.SocketChannelImpl.read(SocketChannelImpl.java:356) ~[na:na]
	at com.alibaba.nacos.shaded.io.grpc.netty.shaded.io.netty.buffer.PooledByteBuf.setBytes(PooledByteBuf.java:247) ~[nacos-client-2.0.4.jar:na]
	at com.alibaba.nacos.shaded.io.grpc.netty.shaded.io.netty.buffer.AbstractByteBuf.writeBytes(AbstractByteBuf.java:1140) ~[nacos-client-2.0.4.jar:na]
	at com.alibaba.nacos.shaded.io.grpc.netty.shaded.io.netty.channel.socket.nio.NioSocketChannel.doReadBytes(NioSocketChannel.java:347) ~[nacos-client-2.0.4.jar:na]
	at com.alibaba.nacos.shaded.io.grpc.netty.shaded.io.netty.channel.nio.AbstractNioByteChannel$NioByteUnsafe.read(AbstractNioByteChannel.java:148) ~[nacos-client-2.0.4.jar:na]
	at com.alibaba.nacos.shaded.io.grpc.netty.shaded.io.netty.channel.nio.NioEventLoop.processSelectedKey(NioEventLoop.java:697) ~[nacos-client-2.0.4.jar:na]
	at com.alibaba.nacos.shaded.io.grpc.netty.shaded.io.netty.channel.nio.NioEventLoop.processSelectedKeysOptimized(NioEventLoop.java:632) ~[nacos-client-2.0.4.jar:na]
	at com.alibaba.nacos.shaded.io.grpc.netty.shaded.io.netty.channel.nio.NioEventLoop.processSelectedKeys(NioEventLoop.java:549) ~[nacos-client-2.0.4.jar:na]
	at com.alibaba.nacos.shaded.io.grpc.netty.shaded.io.netty.channel.nio.NioEventLoop.run(NioEventLoop.java:511) ~[nacos-client-2.0.4.jar:na]
	at com.alibaba.nacos.shaded.io.grpc.netty.shaded.io.netty.util.concurrent.SingleThreadEventExecutor$5.run(SingleThreadEventExecutor.java:918) ~[nacos-client-2.0.4.jar:na]
	at com.alibaba.nacos.shaded.io.grpc.netty.shaded.io.netty.util.internal.ThreadExecutorMap$2.run(ThreadExecutorMap.java:74) ~[nacos-client-2.0.4.jar:na]
	at com.alibaba.nacos.shaded.io.grpc.netty.shaded.io.netty.util.concurrent.FastThreadLocalRunnable.run(FastThreadLocalRunnable.java:30) ~[nacos-client-2.0.4.jar:na]
	... 1 common frames omitted

19:58:04:416  INFO 72139 --- [com.alibaba.nacos.client.remote.worker] com.alibaba.nacos.common.remote.client   : [acd6e96a-abcf-4834-acc8-84ccf76e8ee1] Success to connect a server [49.235.39.92:8848], connectionId = 1765195084233_218.84.124.103_21822
19:58:04:417  INFO 72139 --- [com.alibaba.nacos.client.remote.worker] com.alibaba.nacos.common.remote.client   : [acd6e96a-abcf-4834-acc8-84ccf76e8ee1] Abandon prev connection, server is 49.235.39.92:8848, connectionId is 1765195073833_218.84.124.103_21529
19:58:04:417  INFO 72139 --- [com.alibaba.nacos.client.remote.worker] com.alibaba.nacos.common.remote.client   : Close current connection 1765195073833_218.84.124.103_21529
19:58:04:417  INFO 72139 --- [com.alibaba.nacos.client.remote.worker] com.alibaba.nacos.common.remote.client   : [acd6e96a-abcf-4834-acc8-84ccf76e8ee1] Notify disconnected event to listeners
19:58:04:418  INFO 72139 --- [com.alibaba.nacos.client.remote.worker] com.alibaba.nacos.common.remote.client   : [acd6e96a-abcf-4834-acc8-84ccf76e8ee1] Notify connected event to listeners.
19:58:07:783  INFO 72139 --- [nacos-grpc-client-executor-746] com.alibaba.nacos.common.remote.client   : [acd6e96a-abcf-4834-acc8-84ccf76e8ee1] Receive server push request, request = NotifySubscriberRequest, requestId = 409
19:58:07:784  INFO 72139 --- [nacos-grpc-client-executor-746] com.alibaba.nacos.common.remote.client   : [acd6e96a-abcf-4834-acc8-84ccf76e8ee1] Ack server push request, request = NotifySubscriberRequest, requestId = 409
19:58:31:166 ERROR 72139 --- [nacos-grpc-client-executor-755] c.a.n.c.remote.client.grpc.GrpcClient    : [1765195084233_218.84.124.103_21822]Request stream error, switch server,error={}

com.alibaba.nacos.shaded.io.grpc.StatusRuntimeException: UNAVAILABLE: Network closed for unknown reason
	at com.alibaba.nacos.shaded.io.grpc.Status.asRuntimeException(Status.java:533) ~[nacos-client-2.0.4.jar:na]
	at com.alibaba.nacos.shaded.io.grpc.stub.ClientCalls$StreamObserverToCallListenerAdapter.onClose(ClientCalls.java:442) ~[nacos-client-2.0.4.jar:na]
	at com.alibaba.nacos.shaded.io.grpc.PartialForwardingClientCallListener.onClose(PartialForwardingClientCallListener.java:39) ~[nacos-client-2.0.4.jar:na]
	at com.alibaba.nacos.shaded.io.grpc.ForwardingClientCallListener.onClose(ForwardingClientCallListener.java:23) ~[nacos-client-2.0.4.jar:na]
	at com.alibaba.nacos.shaded.io.grpc.ForwardingClientCallListener$SimpleForwardingClientCallListener.onClose(ForwardingClientCallListener.java:40) ~[nacos-client-2.0.4.jar:na]
	at com.alibaba.nacos.shaded.io.grpc.internal.CensusStatsModule$StatsClientInterceptor$1$1.onClose(CensusStatsModule.java:700) ~[nacos-client-2.0.4.jar:na]
	at com.alibaba.nacos.shaded.io.grpc.PartialForwardingClientCallListener.onClose(PartialForwardingClientCallListener.java:39) ~[nacos-client-2.0.4.jar:na]
	at com.alibaba.nacos.shaded.io.grpc.ForwardingClientCallListener.onClose(ForwardingClientCallListener.java:23) ~[nacos-client-2.0.4.jar:na]
	at com.alibaba.nacos.shaded.io.grpc.ForwardingClientCallListener$SimpleForwardingClientCallListener.onClose(ForwardingClientCallListener.java:40) ~[nacos-client-2.0.4.jar:na]
	at com.alibaba.nacos.shaded.io.grpc.internal.CensusTracingModule$TracingClientInterceptor$1$1.onClose(CensusTracingModule.java:399) ~[nacos-client-2.0.4.jar:na]
	at com.alibaba.nacos.shaded.io.grpc.internal.ClientCallImpl.closeObserver(ClientCallImpl.java:510) ~[nacos-client-2.0.4.jar:na]
	at com.alibaba.nacos.shaded.io.grpc.internal.ClientCallImpl.access$300(ClientCallImpl.java:66) ~[nacos-client-2.0.4.jar:na]
	at com.alibaba.nacos.shaded.io.grpc.internal.ClientCallImpl$ClientStreamListenerImpl.close(ClientCallImpl.java:630) ~[nacos-client-2.0.4.jar:na]
	at com.alibaba.nacos.shaded.io.grpc.internal.ClientCallImpl$ClientStreamListenerImpl.access$700(ClientCallImpl.java:518) ~[nacos-client-2.0.4.jar:na]
	at com.alibaba.nacos.shaded.io.grpc.internal.ClientCallImpl$ClientStreamListenerImpl$1StreamClosed.runInternal(ClientCallImpl.java:692) ~[nacos-client-2.0.4.jar:na]
	at com.alibaba.nacos.shaded.io.grpc.internal.ClientCallImpl$ClientStreamListenerImpl$1StreamClosed.runInContext(ClientCallImpl.java:681) ~[nacos-client-2.0.4.jar:na]
	at com.alibaba.nacos.shaded.io.grpc.internal.ContextRunnable.run(ContextRunnable.java:37) ~[nacos-client-2.0.4.jar:na]
	at com.alibaba.nacos.shaded.io.grpc.internal.SerializingExecutor.run(SerializingExecutor.java:123) ~[nacos-client-2.0.4.jar:na]
	at java.base/java.util.concurrent.ThreadPoolExecutor.runWorker(ThreadPoolExecutor.java:1128) ~[na:na]
	at java.base/java.util.concurrent.ThreadPoolExecutor$Worker.run(ThreadPoolExecutor.java:628) ~[na:na]
	at java.base/java.lang.Thread.run(Thread.java:829) ~[na:na]

19:58:31:167  INFO 72139 --- [com.alibaba.nacos.client.remote.worker] com.alibaba.nacos.common.remote.client   : [acd6e96a-abcf-4834-acc8-84ccf76e8ee1] Try to reconnect to a new server, server is  not appointed, will choose a random server.
19:58:31:487  INFO 72139 --- [com.alibaba.nacos.client.remote.worker] com.alibaba.nacos.common.remote.client   : [acd6e96a-abcf-4834-acc8-84ccf76e8ee1] Success to connect a server [49.235.39.92:8848], connectionId = 1765195111315_218.84.124.103_22010
19:58:31:488  INFO 72139 --- [com.alibaba.nacos.client.remote.worker] com.alibaba.nacos.common.remote.client   : [acd6e96a-abcf-4834-acc8-84ccf76e8ee1] Abandon prev connection, server is 49.235.39.92:8848, connectionId is 1765195084233_218.84.124.103_21822
19:58:31:488  INFO 72139 --- [com.alibaba.nacos.client.remote.worker] com.alibaba.nacos.common.remote.client   : Close current connection 1765195084233_218.84.124.103_21822
19:58:31:488  INFO 72139 --- [com.alibaba.nacos.client.remote.worker] com.alibaba.nacos.common.remote.client   : [acd6e96a-abcf-4834-acc8-84ccf76e8ee1] Notify disconnected event to listeners
19:58:31:489  INFO 72139 --- [com.alibaba.nacos.client.remote.worker] com.alibaba.nacos.common.remote.client   : [acd6e96a-abcf-4834-acc8-84ccf76e8ee1] Notify connected event to listeners.
19:58:35:010  INFO 72139 --- [nacos-grpc-client-executor-763] com.alibaba.nacos.common.remote.client   : [acd6e96a-abcf-4834-acc8-84ccf76e8ee1] Receive server push request, request = NotifySubscriberRequest, requestId = 415
19:58:35:010  INFO 72139 --- [nacos-grpc-client-executor-763] com.alibaba.nacos.common.remote.client   : [acd6e96a-abcf-4834-acc8-84ccf76e8ee1] Ack server push request, request = NotifySubscriberRequest, requestId = 415
20:11:34:846  WARN 72139 --- [Thread-4] c.a.nacos.common.notify.NotifyCenter     : [NotifyCenter] Start destroying Publisher
20:11:34:847  WARN 72139 --- [Thread-4] c.a.nacos.common.notify.NotifyCenter     : [NotifyCenter] Destruction of the end
20:11:34:847  WARN 72139 --- [Thread-7] c.a.n.common.http.HttpClientBeanHolder   : [HttpClientBeanHolder] Start destroying common HttpClient
20:11:34:849  WARN 72139 --- [Thread-7] c.a.n.common.http.HttpClientBeanHolder   : [HttpClientBeanHolder] Destruction of the end
20:11:34:941  INFO 72139 --- [SpringApplicationShutdownHook] c.a.c.n.registry.NacosServiceRegistry    : De-registering from Nacos Server now...
20:11:35:009  INFO 72139 --- [SpringApplicationShutdownHook] c.a.c.n.registry.NacosServiceRegistry    : De-registration finished.
20:11:35:325  INFO 72139 --- [SpringApplicationShutdownHook] com.alibaba.nacos.common.remote.client   : Shutdown rpc client, set status to shutdown
20:11:35:325  INFO 72139 --- [SpringApplicationShutdownHook] com.alibaba.nacos.common.remote.client   : Shutdown client event executor java.util.concurrent.ScheduledThreadPoolExecutor@39d1d4be[Running, pool size = 2, active threads = 2, queued tasks = 0, completed tasks = 0]
20:11:35:325  INFO 72139 --- [SpringApplicationShutdownHook] com.alibaba.nacos.common.remote.client   : Close current connection 1765195111315_218.84.124.103_22010
20:11:35:327  INFO 72139 --- [SpringApplicationShutdownHook] c.a.n.c.remote.client.grpc.GrpcClient    : Shutdown grpc executor java.util.concurrent.ThreadPoolExecutor@13dc413b[Running, pool size = 7, active threads = 0, queued tasks = 0, completed tasks = 1045]
20:11:35:331  INFO 72139 --- [SpringApplicationShutdownHook] com.zaxxer.hikari.HikariDataSource       : HikariPool-1 - Shutdown initiated...
20:11:35:337  INFO 72139 --- [SpringApplicationShutdownHook] com.zaxxer.hikari.HikariDataSource       : HikariPool-1 - Shutdown completed.
20:11:37:749  INFO 76815 --- [main] com.hmall.user.userApplication           : Starting userApplication using Java 11.0.29 on mazhitaodeMac-mini.local with PID 76815 (/Users/dark/Documents/IDEA/hmall/hm-user/target/classes started by dark in /Users/dark/Documents/IDEA/hmall)
20:11:37:752 DEBUG 76815 --- [main] com.hmall.user.userApplication           : Running with Spring Boot v2.7.12, Spring v5.3.27
20:11:37:754  INFO 76815 --- [main] com.hmall.user.userApplication           : The following 1 profile is active: "dev"
20:11:38:422  INFO 76815 --- [main] o.s.cloud.context.scope.GenericScope     : BeanFactory id=573a5fa2-dd8d-3ea3-b11b-a9eff5db54f2
20:11:38:572  INFO 76815 --- [main] o.s.b.w.embedded.tomcat.TomcatWebServer  : Tomcat initialized with port(s): 8084 (http)
20:11:38:575  INFO 76815 --- [main] o.apache.catalina.core.StandardService   : Starting service [Tomcat]
20:11:38:575  INFO 76815 --- [main] org.apache.catalina.core.StandardEngine  : Starting Servlet engine: [Apache Tomcat/9.0.75]
20:11:38:623  INFO 76815 --- [main] o.a.c.c.C.[Tomcat].[localhost].[/]       : Initializing Spring embedded WebApplicationContext
20:11:38:623  INFO 76815 --- [main] w.s.c.ServletWebServerApplicationContext : Root WebApplicationContext: initialization completed in 808 ms
20:11:39:115  WARN 76815 --- [main] .s.s.UserDetailsServiceAutoConfiguration : 

Using generated security password: 42b24058-04dd-4f7f-8e91-0f07d50966ef

This generated password is for development use only. Your security configuration must be updated before running your application in production.

20:11:39:153  INFO 76815 --- [main] o.s.s.web.DefaultSecurityFilterChain     : Will secure any request with [org.springframework.security.web.session.DisableEncodeUrlFilter@63b4b9c6, org.springframework.security.web.context.request.async.WebAsyncManagerIntegrationFilter@6c66ddab, org.springframework.security.web.context.SecurityContextPersistenceFilter@51e94b7d, org.springframework.security.web.header.HeaderWriterFilter@340c57e0, org.springframework.security.web.authentication.logout.LogoutFilter@93ce24d, org.springframework.security.web.savedrequest.RequestCacheAwareFilter@3a4f8e8a, org.springframework.security.web.servletapi.SecurityContextHolderAwareRequestFilter@4468fda8, org.springframework.security.web.authentication.AnonymousAuthenticationFilter@603f4e3e, org.springframework.security.web.session.SessionManagementFilter@10a0d93a, org.springframework.security.web.access.ExceptionTranslationFilter@2a9e754e, org.springframework.security.web.access.intercept.FilterSecurityInterceptor@45424c0]
20:11:39:444  INFO 76815 --- [main] o.s.b.a.e.web.EndpointLinksResolver      : Exposing 1 endpoint(s) beneath base path '/actuator'
20:11:39:491  INFO 76815 --- [main] com.alibaba.nacos.common.remote.client   : [RpcClientFactory] create a new rpc client of 0650b417-d3a6-4780-8a52-203187190ec6
20:11:39:509  INFO 76815 --- [main] org.reflections.Reflections              : Reflections took 9 ms to scan 1 urls, producing 3 keys and 6 values 
20:11:39:518  INFO 76815 --- [main] org.reflections.Reflections              : Reflections took 4 ms to scan 1 urls, producing 4 keys and 9 values 
20:11:39:522  INFO 76815 --- [main] org.reflections.Reflections              : Reflections took 3 ms to scan 1 urls, producing 3 keys and 10 values 
20:11:39:523  WARN 76815 --- [main] org.reflections.Reflections              : given scan urls are empty. set urls in the configuration
20:11:39:527  INFO 76815 --- [main] org.reflections.Reflections              : Reflections took 3 ms to scan 1 urls, producing 1 keys and 5 values 
20:11:39:537  INFO 76815 --- [main] org.reflections.Reflections              : Reflections took 10 ms to scan 1 urls, producing 1 keys and 7 values 
20:11:39:541  INFO 76815 --- [main] org.reflections.Reflections              : Reflections took 3 ms to scan 1 urls, producing 2 keys and 8 values 
20:11:39:542  WARN 76815 --- [main] org.reflections.Reflections              : given scan urls are empty. set urls in the configuration
20:11:39:542  INFO 76815 --- [main] com.alibaba.nacos.common.remote.client   : [0650b417-d3a6-4780-8a52-203187190ec6] RpcClient init label, labels = {module=naming, source=sdk}
20:11:39:543  INFO 76815 --- [main] com.alibaba.nacos.common.remote.client   : [0650b417-d3a6-4780-8a52-203187190ec6] RpcClient init, ServerListFactory = com.alibaba.nacos.client.naming.core.ServerListManager
20:11:39:543  INFO 76815 --- [main] com.alibaba.nacos.common.remote.client   : [0650b417-d3a6-4780-8a52-203187190ec6] Registry connection listener to current client:com.alibaba.nacos.client.naming.remote.gprc.redo.NamingGrpcRedoService
20:11:39:543  INFO 76815 --- [main] com.alibaba.nacos.common.remote.client   : [0650b417-d3a6-4780-8a52-203187190ec6] Register server push request handler:com.alibaba.nacos.client.naming.remote.gprc.NamingPushRequestHandler
20:11:39:544  INFO 76815 --- [main] com.alibaba.nacos.common.remote.client   : [0650b417-d3a6-4780-8a52-203187190ec6] Try to connect to server on start up, server: {serverIp = '49.235.39.92', server main port = 8848}
20:11:40:056  INFO 76815 --- [main] com.alibaba.nacos.common.remote.client   : [0650b417-d3a6-4780-8a52-203187190ec6] Success to connect to server [49.235.39.92:8848] on start up, connectionId = 1765195899859_218.84.124.103_25295
20:11:40:057  INFO 76815 --- [com.alibaba.nacos.client.remote.worker] com.alibaba.nacos.common.remote.client   : [0650b417-d3a6-4780-8a52-203187190ec6] Notify connected event to listeners.
20:11:40:058  INFO 76815 --- [main] com.alibaba.nacos.common.remote.client   : [0650b417-d3a6-4780-8a52-203187190ec6] Register server push request handler:com.alibaba.nacos.common.remote.client.RpcClient$ConnectResetRequestHandler
20:11:40:059  INFO 76815 --- [main] com.alibaba.nacos.common.remote.client   : [0650b417-d3a6-4780-8a52-203187190ec6] Register server push request handler:com.alibaba.nacos.common.remote.client.RpcClient$$Lambda$1166/0x00000008008e0440
20:11:40:186  INFO 76815 --- [main] o.s.b.w.embedded.tomcat.TomcatWebServer  : Tomcat started on port(s): 8084 (http) with context path ''
20:11:40:259  INFO 76815 --- [main] c.a.c.n.registry.NacosServiceRegistry    : nacos registry, DEFAULT_GROUP hm-user 192.168.1.3:8084 register finished
20:11:40:282  INFO 76815 --- [main] com.hmall.user.userApplication           : Started userApplication in 2.975 seconds (JVM running for 3.46)
20:11:40:738  INFO 76815 --- [nacos-grpc-client-executor-12] com.alibaba.nacos.common.remote.client   : [0650b417-d3a6-4780-8a52-203187190ec6] Receive server push request, request = NotifySubscriberRequest, requestId = 417
20:11:40:741  INFO 76815 --- [nacos-grpc-client-executor-12] com.alibaba.nacos.common.remote.client   : [0650b417-d3a6-4780-8a52-203187190ec6] Ack server push request, request = NotifySubscriberRequest, requestId = 417
20:11:40:824  INFO 76815 --- [RMI TCP Connection(1)-127.0.0.1] com.zaxxer.hikari.HikariDataSource       : HikariPool-1 - Starting...
20:11:40:826  INFO 76815 --- [RMI TCP Connection(2)-127.0.0.1] o.a.c.c.C.[Tomcat].[localhost].[/]       : Initializing Spring DispatcherServlet 'dispatcherServlet'
20:11:40:827  INFO 76815 --- [RMI TCP Connection(2)-127.0.0.1] o.s.web.servlet.DispatcherServlet        : Initializing Servlet 'dispatcherServlet'
20:11:40:828  INFO 76815 --- [RMI TCP Connection(2)-127.0.0.1] o.s.web.servlet.DispatcherServlet        : Completed initialization in 1 ms
20:11:41:781  INFO 76815 --- [RMI TCP Connection(1)-127.0.0.1] com.zaxxer.hikari.HikariDataSource       : HikariPool-1 - Start completed.
20:13:01:853  WARN 76815 --- [Thread-7] c.a.n.common.http.HttpClientBeanHolder   : [HttpClientBeanHolder] Start destroying common HttpClient
20:13:01:854  WARN 76815 --- [Thread-4] c.a.nacos.common.notify.NotifyCenter     : [NotifyCenter] Start destroying Publisher
20:13:01:854  WARN 76815 --- [Thread-4] c.a.nacos.common.notify.NotifyCenter     : [NotifyCenter] Destruction of the end
20:13:01:855  WARN 76815 --- [Thread-7] c.a.n.common.http.HttpClientBeanHolder   : [HttpClientBeanHolder] Destruction of the end
20:13:01:948  INFO 76815 --- [SpringApplicationShutdownHook] c.a.c.n.registry.NacosServiceRegistry    : De-registering from Nacos Server now...
20:13:02:018  INFO 76815 --- [SpringApplicationShutdownHook] c.a.c.n.registry.NacosServiceRegistry    : De-registration finished.
20:13:02:333  INFO 76815 --- [SpringApplicationShutdownHook] com.alibaba.nacos.common.remote.client   : Shutdown rpc client, set status to shutdown
20:13:02:334  INFO 76815 --- [SpringApplicationShutdownHook] com.alibaba.nacos.common.remote.client   : Shutdown client event executor java.util.concurrent.ScheduledThreadPoolExecutor@13d681f8[Running, pool size = 2, active threads = 2, queued tasks = 0, completed tasks = 0]
20:13:02:334  INFO 76815 --- [SpringApplicationShutdownHook] com.alibaba.nacos.common.remote.client   : Close current connection 1765195899859_218.84.124.103_25295
20:13:02:338  INFO 76815 --- [SpringApplicationShutdownHook] c.a.n.c.remote.client.grpc.GrpcClient    : Shutdown grpc executor java.util.concurrent.ThreadPoolExecutor@67bc1c44[Running, pool size = 8, active threads = 0, queued tasks = 0, completed tasks = 53]
20:13:02:342  INFO 76815 --- [SpringApplicationShutdownHook] com.zaxxer.hikari.HikariDataSource       : HikariPool-1 - Shutdown initiated...
20:13:03:043  INFO 76815 --- [SpringApplicationShutdownHook] com.zaxxer.hikari.HikariDataSource       : HikariPool-1 - Shutdown completed.
20:13:04:936  INFO 76972 --- [main] com.hmall.user.userApplication           : Starting userApplication using Java 11.0.29 on mazhitaodeMac-mini.local with PID 76972 (/Users/dark/Documents/IDEA/hmall/hm-user/target/classes started by dark in /Users/dark/Documents/IDEA/hmall)
20:13:04:936 DEBUG 76972 --- [main] com.hmall.user.userApplication           : Running with Spring Boot v2.7.12, Spring v5.3.27
20:13:04:937  INFO 76972 --- [main] com.hmall.user.userApplication           : The following 1 profile is active: "dev"
20:13:05:465  INFO 76972 --- [main] o.s.cloud.context.scope.GenericScope     : BeanFactory id=573a5fa2-dd8d-3ea3-b11b-a9eff5db54f2
20:13:05:600  INFO 76972 --- [main] o.s.b.w.embedded.tomcat.TomcatWebServer  : Tomcat initialized with port(s): 8084 (http)
20:13:05:603  INFO 76972 --- [main] o.apache.catalina.core.StandardService   : Starting service [Tomcat]
20:13:05:603  INFO 76972 --- [main] org.apache.catalina.core.StandardEngine  : Starting Servlet engine: [Apache Tomcat/9.0.75]
20:13:05:647  INFO 76972 --- [main] o.a.c.c.C.[Tomcat].[localhost].[/]       : Initializing Spring embedded WebApplicationContext
20:13:05:647  INFO 76972 --- [main] w.s.c.ServletWebServerApplicationContext : Root WebApplicationContext: initialization completed in 688 ms
20:13:06:061  WARN 76972 --- [main] .s.s.UserDetailsServiceAutoConfiguration : 

Using generated security password: 68585a52-50ed-42d9-b712-20e19416d156

This generated password is for development use only. Your security configuration must be updated before running your application in production.

20:13:06:096  INFO 76972 --- [main] o.s.s.web.DefaultSecurityFilterChain     : Will secure any request with [org.springframework.security.web.session.DisableEncodeUrlFilter@445058e8, org.springframework.security.web.context.request.async.WebAsyncManagerIntegrationFilter@5d5574c7, org.springframework.security.web.context.SecurityContextPersistenceFilter@595ec862, org.springframework.security.web.header.HeaderWriterFilter@3c71cf3e, org.springframework.security.web.authentication.logout.LogoutFilter@35ab4260, org.springframework.security.web.savedrequest.RequestCacheAwareFilter@102af1bb, org.springframework.security.web.servletapi.SecurityContextHolderAwareRequestFilter@797f97e3, org.springframework.security.web.authentication.AnonymousAuthenticationFilter@5a7a6d34, org.springframework.security.web.session.SessionManagementFilter@69ba72da, org.springframework.security.web.access.ExceptionTranslationFilter@1ff463bb, org.springframework.security.web.access.intercept.FilterSecurityInterceptor@5909ae90]
20:13:06:402  INFO 76972 --- [main] o.s.b.a.e.web.EndpointLinksResolver      : Exposing 1 endpoint(s) beneath base path '/actuator'
20:13:06:447  INFO 76972 --- [main] com.alibaba.nacos.common.remote.client   : [RpcClientFactory] create a new rpc client of 6f749fa4-f665-419d-9037-81feb1b4b94c
20:13:06:467  INFO 76972 --- [main] org.reflections.Reflections              : Reflections took 11 ms to scan 1 urls, producing 3 keys and 6 values 
20:13:06:478  INFO 76972 --- [main] org.reflections.Reflections              : Reflections took 3 ms to scan 1 urls, producing 4 keys and 9 values 
20:13:06:482  INFO 76972 --- [main] org.reflections.Reflections              : Reflections took 3 ms to scan 1 urls, producing 3 keys and 10 values 
20:13:06:483  WARN 76972 --- [main] org.reflections.Reflections              : given scan urls are empty. set urls in the configuration
20:13:06:487  INFO 76972 --- [main] org.reflections.Reflections              : Reflections took 3 ms to scan 1 urls, producing 1 keys and 5 values 
20:13:06:491  INFO 76972 --- [main] org.reflections.Reflections              : Reflections took 4 ms to scan 1 urls, producing 1 keys and 7 values 
20:13:06:509  INFO 76972 --- [main] org.reflections.Reflections              : Reflections took 17 ms to scan 1 urls, producing 2 keys and 8 values 
20:13:06:511  WARN 76972 --- [main] org.reflections.Reflections              : given scan urls are empty. set urls in the configuration
20:13:06:512  INFO 76972 --- [main] com.alibaba.nacos.common.remote.client   : [6f749fa4-f665-419d-9037-81feb1b4b94c] RpcClient init label, labels = {module=naming, source=sdk}
20:13:06:513  INFO 76972 --- [main] com.alibaba.nacos.common.remote.client   : [6f749fa4-f665-419d-9037-81feb1b4b94c] RpcClient init, ServerListFactory = com.alibaba.nacos.client.naming.core.ServerListManager
20:13:06:513  INFO 76972 --- [main] com.alibaba.nacos.common.remote.client   : [6f749fa4-f665-419d-9037-81feb1b4b94c] Registry connection listener to current client:com.alibaba.nacos.client.naming.remote.gprc.redo.NamingGrpcRedoService
20:13:06:514  INFO 76972 --- [main] com.alibaba.nacos.common.remote.client   : [6f749fa4-f665-419d-9037-81feb1b4b94c] Register server push request handler:com.alibaba.nacos.client.naming.remote.gprc.NamingPushRequestHandler
20:13:06:515  INFO 76972 --- [main] com.alibaba.nacos.common.remote.client   : [6f749fa4-f665-419d-9037-81feb1b4b94c] Try to connect to server on start up, server: {serverIp = '49.235.39.92', server main port = 8848}
20:13:07:074  INFO 76972 --- [main] com.alibaba.nacos.common.remote.client   : [6f749fa4-f665-419d-9037-81feb1b4b94c] Success to connect to server [49.235.39.92:8848] on start up, connectionId = 1765195986859_218.84.124.103_21801
20:13:07:075  INFO 76972 --- [com.alibaba.nacos.client.remote.worker] com.alibaba.nacos.common.remote.client   : [6f749fa4-f665-419d-9037-81feb1b4b94c] Notify connected event to listeners.
20:13:07:075  INFO 76972 --- [main] com.alibaba.nacos.common.remote.client   : [6f749fa4-f665-419d-9037-81feb1b4b94c] Register server push request handler:com.alibaba.nacos.common.remote.client.RpcClient$ConnectResetRequestHandler
20:13:07:076  INFO 76972 --- [main] com.alibaba.nacos.common.remote.client   : [6f749fa4-f665-419d-9037-81feb1b4b94c] Register server push request handler:com.alibaba.nacos.common.remote.client.RpcClient$$Lambda$1166/0x000000080080d040
20:13:07:207  INFO 76972 --- [main] o.s.b.w.embedded.tomcat.TomcatWebServer  : Tomcat started on port(s): 8084 (http) with context path ''
20:13:07:292  INFO 76972 --- [main] c.a.c.n.registry.NacosServiceRegistry    : nacos registry, DEFAULT_GROUP hm-user 192.168.1.3:8084 register finished
20:13:07:307  INFO 76972 --- [main] com.hmall.user.userApplication           : Started userApplication in 2.645 seconds (JVM running for 3.167)
20:13:07:705  INFO 76972 --- [nacos-grpc-client-executor-12] com.alibaba.nacos.common.remote.client   : [6f749fa4-f665-419d-9037-81feb1b4b94c] Receive server push request, request = NotifySubscriberRequest, requestId = 418
20:13:07:707  INFO 76972 --- [nacos-grpc-client-executor-12] com.alibaba.nacos.common.remote.client   : [6f749fa4-f665-419d-9037-81feb1b4b94c] Ack server push request, request = NotifySubscriberRequest, requestId = 418
20:13:07:778  INFO 76972 --- [RMI TCP Connection(2)-127.0.0.1] com.zaxxer.hikari.HikariDataSource       : HikariPool-1 - Starting...
20:13:07:778  INFO 76972 --- [RMI TCP Connection(3)-127.0.0.1] o.a.c.c.C.[Tomcat].[localhost].[/]       : Initializing Spring DispatcherServlet 'dispatcherServlet'
20:13:07:778  INFO 76972 --- [RMI TCP Connection(3)-127.0.0.1] o.s.web.servlet.DispatcherServlet        : Initializing Servlet 'dispatcherServlet'
20:13:07:781  INFO 76972 --- [RMI TCP Connection(3)-127.0.0.1] o.s.web.servlet.DispatcherServlet        : Completed initialization in 3 ms
20:13:08:925  INFO 76972 --- [RMI TCP Connection(2)-127.0.0.1] com.zaxxer.hikari.HikariDataSource       : HikariPool-1 - Start completed.
20:15:55:725  WARN 76972 --- [Thread-4] c.a.nacos.common.notify.NotifyCenter     : [NotifyCenter] Start destroying Publisher
20:15:55:726  WARN 76972 --- [Thread-4] c.a.nacos.common.notify.NotifyCenter     : [NotifyCenter] Destruction of the end
20:15:55:725  WARN 76972 --- [Thread-7] c.a.n.common.http.HttpClientBeanHolder   : [HttpClientBeanHolder] Start destroying common HttpClient
20:15:55:727  WARN 76972 --- [Thread-7] c.a.n.common.http.HttpClientBeanHolder   : [HttpClientBeanHolder] Destruction of the end
20:15:55:827  INFO 76972 --- [SpringApplicationShutdownHook] c.a.c.n.registry.NacosServiceRegistry    : De-registering from Nacos Server now...
20:15:55:909  INFO 76972 --- [SpringApplicationShutdownHook] c.a.c.n.registry.NacosServiceRegistry    : De-registration finished.
20:15:56:221  INFO 76972 --- [SpringApplicationShutdownHook] com.alibaba.nacos.common.remote.client   : Shutdown rpc client, set status to shutdown
20:15:56:222  INFO 76972 --- [SpringApplicationShutdownHook] com.alibaba.nacos.common.remote.client   : Shutdown client event executor java.util.concurrent.ScheduledThreadPoolExecutor@7e9d983e[Running, pool size = 2, active threads = 2, queued tasks = 0, completed tasks = 0]
20:15:56:223  INFO 76972 --- [SpringApplicationShutdownHook] com.alibaba.nacos.common.remote.client   : Close current connection 1765195986859_218.84.124.103_21801
20:15:56:235  INFO 76972 --- [SpringApplicationShutdownHook] c.a.n.c.remote.client.grpc.GrpcClient    : Shutdown grpc executor java.util.concurrent.ThreadPoolExecutor@5ee8d31f[Running, pool size = 9, active threads = 0, queued tasks = 0, completed tasks = 91]
20:15:56:239  INFO 76972 --- [SpringApplicationShutdownHook] com.zaxxer.hikari.HikariDataSource       : HikariPool-1 - Shutdown initiated...
20:15:56:942  INFO 76972 --- [SpringApplicationShutdownHook] com.zaxxer.hikari.HikariDataSource       : HikariPool-1 - Shutdown completed.
20:15:58:802  INFO 77264 --- [main] com.hmall.user.userApplication           : Starting userApplication using Java 11.0.29 on mazhitaodeMac-mini.local with PID 77264 (/Users/dark/Documents/IDEA/hmall/hm-user/target/classes started by dark in /Users/dark/Documents/IDEA/hmall)
20:15:58:802 DEBUG 77264 --- [main] com.hmall.user.userApplication           : Running with Spring Boot v2.7.12, Spring v5.3.27
20:15:58:803  INFO 77264 --- [main] com.hmall.user.userApplication           : The following 1 profile is active: "dev"
20:15:59:220  INFO 77264 --- [main] o.s.cloud.context.scope.GenericScope     : BeanFactory id=573a5fa2-dd8d-3ea3-b11b-a9eff5db54f2
20:15:59:363  INFO 77264 --- [main] o.s.b.w.embedded.tomcat.TomcatWebServer  : Tomcat initialized with port(s): 8084 (http)
20:15:59:366  INFO 77264 --- [main] o.apache.catalina.core.StandardService   : Starting service [Tomcat]
20:15:59:367  INFO 77264 --- [main] org.apache.catalina.core.StandardEngine  : Starting Servlet engine: [Apache Tomcat/9.0.75]
20:15:59:412  INFO 77264 --- [main] o.a.c.c.C.[Tomcat].[localhost].[/]       : Initializing Spring embedded WebApplicationContext
20:15:59:412  INFO 77264 --- [main] w.s.c.ServletWebServerApplicationContext : Root WebApplicationContext: initialization completed in 591 ms
20:15:59:832  WARN 77264 --- [main] .s.s.UserDetailsServiceAutoConfiguration : 

Using generated security password: 6db3449a-af92-4f3d-8a63-ee7f7ffbef63

This generated password is for development use only. Your security configuration must be updated before running your application in production.

20:15:59:872  INFO 77264 --- [main] o.s.s.web.DefaultSecurityFilterChain     : Will secure any request with [org.springframework.security.web.session.DisableEncodeUrlFilter@22ae32ba, org.springframework.security.web.context.request.async.WebAsyncManagerIntegrationFilter@b8b2184, org.springframework.security.web.context.SecurityContextPersistenceFilter@5b1ff8cd, org.springframework.security.web.header.HeaderWriterFilter@48af5f38, org.springframework.security.web.authentication.logout.LogoutFilter@e886caf, org.springframework.security.web.savedrequest.RequestCacheAwareFilter@780ee3ad, org.springframework.security.web.servletapi.SecurityContextHolderAwareRequestFilter@2c2aab92, org.springframework.security.web.authentication.AnonymousAuthenticationFilter@299a43d9, org.springframework.security.web.session.SessionManagementFilter@6a2badb1, org.springframework.security.web.access.ExceptionTranslationFilter@7d126083, org.springframework.security.web.access.intercept.FilterSecurityInterceptor@40a28bda]
20:16:00:252  INFO 77264 --- [main] o.s.b.a.e.web.EndpointLinksResolver      : Exposing 1 endpoint(s) beneath base path '/actuator'
20:16:00:307  INFO 77264 --- [main] com.alibaba.nacos.common.remote.client   : [RpcClientFactory] create a new rpc client of 0c4266f3-b85e-4cfb-b784-8475236aa7e8
20:16:00:326  INFO 77264 --- [main] org.reflections.Reflections              : Reflections took 10 ms to scan 1 urls, producing 3 keys and 6 values 
20:16:00:338  INFO 77264 --- [main] org.reflections.Reflections              : Reflections took 5 ms to scan 1 urls, producing 4 keys and 9 values 
20:16:00:343  INFO 77264 --- [main] org.reflections.Reflections              : Reflections took 3 ms to scan 1 urls, producing 3 keys and 10 values 
20:16:00:346  WARN 77264 --- [main] org.reflections.Reflections              : given scan urls are empty. set urls in the configuration
20:16:00:349  INFO 77264 --- [main] org.reflections.Reflections              : Reflections took 3 ms to scan 1 urls, producing 1 keys and 5 values 
20:16:00:355  INFO 77264 --- [main] org.reflections.Reflections              : Reflections took 4 ms to scan 1 urls, producing 1 keys and 7 values 
20:16:00:360  INFO 77264 --- [main] org.reflections.Reflections              : Reflections took 4 ms to scan 1 urls, producing 2 keys and 8 values 
20:16:00:361  WARN 77264 --- [main] org.reflections.Reflections              : given scan urls are empty. set urls in the configuration
20:16:00:361  INFO 77264 --- [main] com.alibaba.nacos.common.remote.client   : [0c4266f3-b85e-4cfb-b784-8475236aa7e8] RpcClient init label, labels = {module=naming, source=sdk}
20:16:00:362  INFO 77264 --- [main] com.alibaba.nacos.common.remote.client   : [0c4266f3-b85e-4cfb-b784-8475236aa7e8] RpcClient init, ServerListFactory = com.alibaba.nacos.client.naming.core.ServerListManager
20:16:00:362  INFO 77264 --- [main] com.alibaba.nacos.common.remote.client   : [0c4266f3-b85e-4cfb-b784-8475236aa7e8] Registry connection listener to current client:com.alibaba.nacos.client.naming.remote.gprc.redo.NamingGrpcRedoService
20:16:00:363  INFO 77264 --- [main] com.alibaba.nacos.common.remote.client   : [0c4266f3-b85e-4cfb-b784-8475236aa7e8] Register server push request handler:com.alibaba.nacos.client.naming.remote.gprc.NamingPushRequestHandler
20:16:00:363  INFO 77264 --- [main] com.alibaba.nacos.common.remote.client   : [0c4266f3-b85e-4cfb-b784-8475236aa7e8] Try to connect to server on start up, server: {serverIp = '49.235.39.92', server main port = 8848}
20:16:00:951  INFO 77264 --- [main] com.alibaba.nacos.common.remote.client   : [0c4266f3-b85e-4cfb-b784-8475236aa7e8] Success to connect to server [49.235.39.92:8848] on start up, connectionId = 1765196160735_218.84.124.103_22943
20:16:00:952  INFO 77264 --- [main] com.alibaba.nacos.common.remote.client   : [0c4266f3-b85e-4cfb-b784-8475236aa7e8] Register server push request handler:com.alibaba.nacos.common.remote.client.RpcClient$ConnectResetRequestHandler
20:16:00:952  INFO 77264 --- [com.alibaba.nacos.client.remote.worker] com.alibaba.nacos.common.remote.client   : [0c4266f3-b85e-4cfb-b784-8475236aa7e8] Notify connected event to listeners.
20:16:00:953  INFO 77264 --- [main] com.alibaba.nacos.common.remote.client   : [0c4266f3-b85e-4cfb-b784-8475236aa7e8] Register server push request handler:com.alibaba.nacos.common.remote.client.RpcClient$$Lambda$1166/0x00000008008d0440
20:16:01:073  INFO 77264 --- [main] o.s.b.w.embedded.tomcat.TomcatWebServer  : Tomcat started on port(s): 8084 (http) with context path ''
20:16:01:150  INFO 77264 --- [main] c.a.c.n.registry.NacosServiceRegistry    : nacos registry, DEFAULT_GROUP hm-user 192.168.1.3:8084 register finished
20:16:01:167  INFO 77264 --- [main] com.hmall.user.userApplication           : Started userApplication in 2.587 seconds (JVM running for 3.006)
20:16:01:423  INFO 77264 --- [RMI TCP Connection(5)-127.0.0.1] com.zaxxer.hikari.HikariDataSource       : HikariPool-1 - Starting...
20:16:01:425  INFO 77264 --- [RMI TCP Connection(3)-127.0.0.1] o.a.c.c.C.[Tomcat].[localhost].[/]       : Initializing Spring DispatcherServlet 'dispatcherServlet'
20:16:01:425  INFO 77264 --- [RMI TCP Connection(3)-127.0.0.1] o.s.web.servlet.DispatcherServlet        : Initializing Servlet 'dispatcherServlet'
20:16:01:426  INFO 77264 --- [RMI TCP Connection(3)-127.0.0.1] o.s.web.servlet.DispatcherServlet        : Completed initialization in 1 ms
20:16:01:648  INFO 77264 --- [nacos-grpc-client-executor-10] com.alibaba.nacos.common.remote.client   : [0c4266f3-b85e-4cfb-b784-8475236aa7e8] Receive server push request, request = NotifySubscriberRequest, requestId = 420
20:16:01:652  INFO 77264 --- [nacos-grpc-client-executor-10] com.alibaba.nacos.common.remote.client   : [0c4266f3-b85e-4cfb-b784-8475236aa7e8] Ack server push request, request = NotifySubscriberRequest, requestId = 420
20:16:02:502  INFO 77264 --- [RMI TCP Connection(5)-127.0.0.1] com.zaxxer.hikari.HikariDataSource       : HikariPool-1 - Start completed.
20:33:00:042  INFO 77264 --- [http-nio-8084-exec-1] c.hmall.user.controller.UserController   : :LoginFormDTO(username=Rose, password=123, rememberMe=false)
20:33:00:167 DEBUG 77264 --- [http-nio-8084-exec-1] c.h.user.mapper.UserMapper.selectOne     : ==>  Preparing: SELECT id,username,password,phone,create_time,update_time,status,balance FROM user WHERE (username = ?)
20:33:00:180 DEBUG 77264 --- [http-nio-8084-exec-1] c.h.user.mapper.UserMapper.selectOne     : ==> Parameters: Rose(String)
20:33:00:297 DEBUG 77264 --- [http-nio-8084-exec-1] c.h.user.mapper.UserMapper.selectOne     : <==      Total: 1
21:05:49:885  INFO 77264 --- [http-nio-8084-exec-3] c.hmall.user.controller.UserController   : :LoginFormDTO(username=Rose, password=123, rememberMe=false)
21:05:49:950 DEBUG 77264 --- [http-nio-8084-exec-3] c.h.user.mapper.UserMapper.selectOne     : ==>  Preparing: SELECT id,username,password,phone,create_time,update_time,status,balance FROM user WHERE (username = ?)
21:05:49:951 DEBUG 77264 --- [http-nio-8084-exec-3] c.h.user.mapper.UserMapper.selectOne     : ==> Parameters: Rose(String)
21:05:50:012 DEBUG 77264 --- [http-nio-8084-exec-3] c.h.user.mapper.UserMapper.selectOne     : <==      Total: 1
21:10:29:569  WARN 77264 --- [Thread-7] c.a.n.common.http.HttpClientBeanHolder   : [HttpClientBeanHolder] Start destroying common HttpClient
21:10:29:569  WARN 77264 --- [Thread-4] c.a.nacos.common.notify.NotifyCenter     : [NotifyCenter] Start destroying Publisher
21:10:29:584  WARN 77264 --- [Thread-4] c.a.nacos.common.notify.NotifyCenter     : [NotifyCenter] Destruction of the end
21:10:29:588  WARN 77264 --- [Thread-7] c.a.n.common.http.HttpClientBeanHolder   : [HttpClientBeanHolder] Destruction of the end
21:10:29:745  INFO 77264 --- [SpringApplicationShutdownHook] c.a.c.n.registry.NacosServiceRegistry    : De-registering from Nacos Server now...
21:10:29:816  INFO 77264 --- [SpringApplicationShutdownHook] c.a.c.n.registry.NacosServiceRegistry    : De-registration finished.
21:10:30:133  INFO 77264 --- [SpringApplicationShutdownHook] com.alibaba.nacos.common.remote.client   : Shutdown rpc client, set status to shutdown
21:10:30:133  INFO 77264 --- [SpringApplicationShutdownHook] com.alibaba.nacos.common.remote.client   : Shutdown client event executor java.util.concurrent.ScheduledThreadPoolExecutor@68747193[Running, pool size = 2, active threads = 2, queued tasks = 0, completed tasks = 0]
21:10:30:133  INFO 77264 --- [SpringApplicationShutdownHook] com.alibaba.nacos.common.remote.client   : Close current connection 1765196160735_218.84.124.103_22943
21:10:30:136  INFO 77264 --- [SpringApplicationShutdownHook] c.a.n.c.remote.client.grpc.GrpcClient    : Shutdown grpc executor java.util.concurrent.ThreadPoolExecutor@2a4c8ec6[Running, pool size = 3, active threads = 0, queued tasks = 0, completed tasks = 1132]
21:10:30:139  INFO 77264 --- [SpringApplicationShutdownHook] com.zaxxer.hikari.HikariDataSource       : HikariPool-1 - Shutdown initiated...
21:10:30:850  INFO 77264 --- [SpringApplicationShutdownHook] com.zaxxer.hikari.HikariDataSource       : HikariPool-1 - Shutdown completed.
21:10:38:074  INFO 82888 --- [main] com.hmall.user.userApplication           : Starting userApplication using Java 11.0.29 on mazhitaodeMac-mini.local with PID 82888 (/Users/dark/Documents/IDEA/hmall/hm-user/target/classes started by dark in /Users/dark/Documents/IDEA/hmall)
21:10:38:075 DEBUG 82888 --- [main] com.hmall.user.userApplication           : Running with Spring Boot v2.7.12, Spring v5.3.27
21:10:38:076  INFO 82888 --- [main] com.hmall.user.userApplication           : The following 1 profile is active: "dev"
21:10:38:898  INFO 82888 --- [main] o.s.cloud.context.scope.GenericScope     : BeanFactory id=573a5fa2-dd8d-3ea3-b11b-a9eff5db54f2
21:10:39:175  INFO 82888 --- [main] o.s.b.w.embedded.tomcat.TomcatWebServer  : Tomcat initialized with port(s): 8084 (http)
21:10:39:196  INFO 82888 --- [main] o.apache.catalina.core.StandardService   : Starting service [Tomcat]
21:10:39:196  INFO 82888 --- [main] org.apache.catalina.core.StandardEngine  : Starting Servlet engine: [Apache Tomcat/9.0.75]
21:10:39:360  INFO 82888 --- [main] o.a.c.c.C.[Tomcat].[localhost].[/]       : Initializing Spring embedded WebApplicationContext
21:10:39:360  INFO 82888 --- [main] w.s.c.ServletWebServerApplicationContext : Root WebApplicationContext: initialization completed in 1250 ms
21:10:40:055  WARN 82888 --- [main] .s.s.UserDetailsServiceAutoConfiguration : 

Using generated security password: 3b1548f0-9ff1-4385-9164-7ff0c5f90ee8

This generated password is for development use only. Your security configuration must be updated before running your application in production.

21:10:40:144  INFO 82888 --- [main] o.s.s.web.DefaultSecurityFilterChain     : Will secure any request with [org.springframework.security.web.session.DisableEncodeUrlFilter@25d9291a, org.springframework.security.web.context.request.async.WebAsyncManagerIntegrationFilter@445058e8, org.springframework.security.web.context.SecurityContextPersistenceFilter@abc7005, org.springframework.security.web.header.HeaderWriterFilter@248d3a, org.springframework.security.web.authentication.logout.LogoutFilter@7d977a20, org.springframework.security.web.savedrequest.RequestCacheAwareFilter@63c84d31, org.springframework.security.web.servletapi.SecurityContextHolderAwareRequestFilter@102af1bb, org.springframework.security.web.authentication.AnonymousAuthenticationFilter@5d5574c7, org.springframework.security.web.session.SessionManagementFilter@75f4d8a8, org.springframework.security.web.access.ExceptionTranslationFilter@fee881, org.springframework.security.web.access.intercept.FilterSecurityInterceptor@6630dd28]
21:10:40:616  INFO 82888 --- [main] o.s.b.a.e.web.EndpointLinksResolver      : Exposing 1 endpoint(s) beneath base path '/actuator'
21:10:40:737  INFO 82888 --- [main] com.alibaba.nacos.common.remote.client   : [RpcClientFactory] create a new rpc client of 90a8fa90-8f90-4649-9ad6-e2bf67d6abb7
21:10:40:780  INFO 82888 --- [main] org.reflections.Reflections              : Reflections took 21 ms to scan 1 urls, producing 3 keys and 6 values 
21:10:40:796  INFO 82888 --- [main] org.reflections.Reflections              : Reflections took 7 ms to scan 1 urls, producing 4 keys and 9 values 
21:10:40:802  INFO 82888 --- [main] org.reflections.Reflections              : Reflections took 5 ms to scan 1 urls, producing 3 keys and 10 values 
21:10:40:805  WARN 82888 --- [main] org.reflections.Reflections              : given scan urls are empty. set urls in the configuration
21:10:40:814  INFO 82888 --- [main] org.reflections.Reflections              : Reflections took 8 ms to scan 1 urls, producing 1 keys and 5 values 
21:10:40:823  INFO 82888 --- [main] org.reflections.Reflections              : Reflections took 8 ms to scan 1 urls, producing 1 keys and 7 values 
21:10:40:829  INFO 82888 --- [main] org.reflections.Reflections              : Reflections took 5 ms to scan 1 urls, producing 2 keys and 8 values 
21:10:40:830  WARN 82888 --- [main] org.reflections.Reflections              : given scan urls are empty. set urls in the configuration
21:10:40:831  INFO 82888 --- [main] com.alibaba.nacos.common.remote.client   : [90a8fa90-8f90-4649-9ad6-e2bf67d6abb7] RpcClient init label, labels = {module=naming, source=sdk}
21:10:40:838  INFO 82888 --- [main] com.alibaba.nacos.common.remote.client   : [90a8fa90-8f90-4649-9ad6-e2bf67d6abb7] RpcClient init, ServerListFactory = com.alibaba.nacos.client.naming.core.ServerListManager
21:10:40:838  INFO 82888 --- [main] com.alibaba.nacos.common.remote.client   : [90a8fa90-8f90-4649-9ad6-e2bf67d6abb7] Registry connection listener to current client:com.alibaba.nacos.client.naming.remote.gprc.redo.NamingGrpcRedoService
21:10:40:839  INFO 82888 --- [main] com.alibaba.nacos.common.remote.client   : [90a8fa90-8f90-4649-9ad6-e2bf67d6abb7] Register server push request handler:com.alibaba.nacos.client.naming.remote.gprc.NamingPushRequestHandler
21:10:40:848  INFO 82888 --- [main] com.alibaba.nacos.common.remote.client   : [90a8fa90-8f90-4649-9ad6-e2bf67d6abb7] Try to connect to server on start up, server: {serverIp = '49.235.39.92', server main port = 8848}
21:10:41:505  INFO 82888 --- [main] com.alibaba.nacos.common.remote.client   : [90a8fa90-8f90-4649-9ad6-e2bf67d6abb7] Success to connect to server [49.235.39.92:8848] on start up, connectionId = 1765199441297_218.84.124.103_23717
21:10:41:506  INFO 82888 --- [main] com.alibaba.nacos.common.remote.client   : [90a8fa90-8f90-4649-9ad6-e2bf67d6abb7] Register server push request handler:com.alibaba.nacos.common.remote.client.RpcClient$ConnectResetRequestHandler
21:10:41:506  INFO 82888 --- [com.alibaba.nacos.client.remote.worker] com.alibaba.nacos.common.remote.client   : [90a8fa90-8f90-4649-9ad6-e2bf67d6abb7] Notify connected event to listeners.
21:10:41:506  INFO 82888 --- [main] com.alibaba.nacos.common.remote.client   : [90a8fa90-8f90-4649-9ad6-e2bf67d6abb7] Register server push request handler:com.alibaba.nacos.common.remote.client.RpcClient$$Lambda$1166/0x00000008007f5440
21:10:41:621  INFO 82888 --- [main] o.s.b.w.embedded.tomcat.TomcatWebServer  : Tomcat started on port(s): 8084 (http) with context path ''
21:10:41:698  INFO 82888 --- [main] c.a.c.n.registry.NacosServiceRegistry    : nacos registry, DEFAULT_GROUP hm-user 192.168.1.3:8084 register finished
21:10:41:713  INFO 82888 --- [main] com.hmall.user.userApplication           : Started userApplication in 4.035 seconds (JVM running for 4.501)
21:10:42:088  INFO 82888 --- [RMI TCP Connection(1)-127.0.0.1] com.zaxxer.hikari.HikariDataSource       : HikariPool-1 - Starting...
21:10:42:089  INFO 82888 --- [RMI TCP Connection(3)-127.0.0.1] o.a.c.c.C.[Tomcat].[localhost].[/]       : Initializing Spring DispatcherServlet 'dispatcherServlet'
21:10:42:090  INFO 82888 --- [RMI TCP Connection(3)-127.0.0.1] o.s.web.servlet.DispatcherServlet        : Initializing Servlet 'dispatcherServlet'
21:10:42:091  INFO 82888 --- [RMI TCP Connection(3)-127.0.0.1] o.s.web.servlet.DispatcherServlet        : Completed initialization in 1 ms
21:10:42:203  INFO 82888 --- [nacos-grpc-client-executor-10] com.alibaba.nacos.common.remote.client   : [90a8fa90-8f90-4649-9ad6-e2bf67d6abb7] Receive server push request, request = NotifySubscriberRequest, requestId = 444
21:10:42:204  INFO 82888 --- [nacos-grpc-client-executor-10] com.alibaba.nacos.common.remote.client   : [90a8fa90-8f90-4649-9ad6-e2bf67d6abb7] Ack server push request, request = NotifySubscriberRequest, requestId = 444
21:10:43:081  INFO 82888 --- [RMI TCP Connection(1)-127.0.0.1] com.zaxxer.hikari.HikariDataSource       : HikariPool-1 - Start completed.
