14:10:13:024  INFO 49618 --- [main] com.hmall.trade.tradeApplication         : The following 1 profile is active: "dev"
14:10:13:730  INFO 49618 --- [main] o.s.cloud.context.scope.GenericScope     : BeanFactory id=acd68557-0e8d-3bba-8b0c-5d1aff48b225
14:10:14:062  INFO 49618 --- [main] o.s.b.w.embedded.tomcat.TomcatWebServer  : Tomcat initialized with port(s): 8085 (http)
14:10:14:068  INFO 49618 --- [main] o.apache.catalina.core.StandardService   : Starting service [Tomcat]
14:10:14:069  INFO 49618 --- [main] org.apache.catalina.core.StandardEngine  : Starting Servlet engine: [Apache Tomcat/9.0.75]
14:10:14:239  INFO 49618 --- [main] o.a.c.c.C.[Tomcat].[localhost].[/]       : Initializing Spring embedded WebApplicationContext
14:10:14:241  INFO 49618 --- [main] w.s.c.ServletWebServerApplicationContext : Root WebApplicationContext: initialization completed in 1202 ms
14:10:14:657  INFO 49618 --- [main] o.s.c.openfeign.FeignClientFactoryBean   : For 'item-service' URL not provided. Will try picking an instance via load-balancing.
14:10:14:914  INFO 49618 --- [main] o.s.c.openfeign.FeignClientFactoryBean   : For 'cart-service' URL not provided. Will try picking an instance via load-balancing.
14:10:15:054  INFO 49618 --- [main] c.a.c.sentinel.SentinelWebMvcConfigurer  : [Sentinel Starter] register SentinelWebInterceptor with urlPatterns: [/**].
14:10:15:656  INFO 49618 --- [main] o.s.b.a.e.web.EndpointLinksResolver      : Exposing 1 endpoint(s) beneath base path '/actuator'
14:10:15:757  INFO 49618 --- [main] com.alibaba.nacos.common.remote.client   : [RpcClientFactory] create a new rpc client of d72c1056-78ef-4727-8f72-6686f07a095b
14:10:15:757  INFO 49618 --- [main] com.alibaba.nacos.common.remote.client   : [d72c1056-78ef-4727-8f72-6686f07a095b] RpcClient init label, labels = {module=naming, source=sdk}
14:10:15:759  INFO 49618 --- [main] com.alibaba.nacos.common.remote.client   : [d72c1056-78ef-4727-8f72-6686f07a095b] RpcClient init, ServerListFactory = com.alibaba.nacos.client.naming.core.ServerListManager
14:10:15:759  INFO 49618 --- [main] com.alibaba.nacos.common.remote.client   : [d72c1056-78ef-4727-8f72-6686f07a095b] Registry connection listener to current client:com.alibaba.nacos.client.naming.remote.gprc.redo.NamingGrpcRedoService
14:10:15:759  INFO 49618 --- [main] com.alibaba.nacos.common.remote.client   : [d72c1056-78ef-4727-8f72-6686f07a095b] Register server push request handler:com.alibaba.nacos.client.naming.remote.gprc.NamingPushRequestHandler
14:10:15:760  INFO 49618 --- [main] com.alibaba.nacos.common.remote.client   : [d72c1056-78ef-4727-8f72-6686f07a095b] Try to connect to server on start up, server: {serverIp = '49.235.39.92', server main port = 8848}
14:10:16:108  INFO 49618 --- [main] com.alibaba.nacos.common.remote.client   : [d72c1056-78ef-4727-8f72-6686f07a095b] Success to connect to server [49.235.39.92:8848] on start up, connectionId = 1765519816005_218.84.124.14_4147
14:10:16:108  INFO 49618 --- [main] com.alibaba.nacos.common.remote.client   : [d72c1056-78ef-4727-8f72-6686f07a095b] Register server push request handler:com.alibaba.nacos.common.remote.client.RpcClient$ConnectResetRequestHandler
14:10:16:108  INFO 49618 --- [com.alibaba.nacos.client.remote.worker] com.alibaba.nacos.common.remote.client   : [d72c1056-78ef-4727-8f72-6686f07a095b] Notify connected event to listeners.
14:10:16:109  INFO 49618 --- [main] com.alibaba.nacos.common.remote.client   : [d72c1056-78ef-4727-8f72-6686f07a095b] Register server push request handler:com.alibaba.nacos.common.remote.client.RpcClient$$Lambda$468/0x0000000800522440
14:10:16:216  INFO 49618 --- [main] o.s.b.w.embedded.tomcat.TomcatWebServer  : Tomcat started on port(s): 8085 (http) with context path ''
14:10:16:293  INFO 49618 --- [main] c.a.c.n.registry.NacosServiceRegistry    : nacos registry, DEFAULT_GROUP trade-service 192.168.1.3:8085 register finished
14:10:16:306  INFO 49618 --- [main] com.hmall.trade.tradeApplication         : Started tradeApplication in 5.101 seconds (JVM running for 5.592)
14:10:16:315  INFO 49618 --- [main] c.a.c.n.refresh.NacosContextRefresher    : [Nacos Config] Listening config: dataId=trade-service, group=DEFAULT_GROUP
14:10:16:315  INFO 49618 --- [main] c.a.c.n.refresh.NacosContextRefresher    : [Nacos Config] Listening config: dataId=trade-service.yaml, group=DEFAULT_GROUP
14:10:16:316  INFO 49618 --- [main] c.a.c.n.refresh.NacosContextRefresher    : [Nacos Config] Listening config: dataId=trade-service-dev.yaml, group=DEFAULT_GROUP
14:10:16:772  INFO 49618 --- [nacos-grpc-client-executor-10] com.alibaba.nacos.common.remote.client   : [d72c1056-78ef-4727-8f72-6686f07a095b] Receive server push request, request = NotifySubscriberRequest, requestId = 2811
14:10:16:775  INFO 49618 --- [nacos-grpc-client-executor-10] com.alibaba.nacos.common.remote.client   : [d72c1056-78ef-4727-8f72-6686f07a095b] Ack server push request, request = NotifySubscriberRequest, requestId = 2811
14:10:17:031  INFO 49618 --- [RMI TCP Connection(3)-127.0.0.1] o.a.c.c.C.[Tomcat].[localhost].[/]       : Initializing Spring DispatcherServlet 'dispatcherServlet'
14:10:17:031  INFO 49618 --- [RMI TCP Connection(3)-127.0.0.1] o.s.web.servlet.DispatcherServlet        : Initializing Servlet 'dispatcherServlet'
14:10:17:033  INFO 49618 --- [RMI TCP Connection(3)-127.0.0.1] o.s.web.servlet.DispatcherServlet        : Completed initialization in 2 ms
14:10:17:060  INFO 49618 --- [RMI TCP Connection(7)-127.0.0.1] com.zaxxer.hikari.HikariDataSource       : HikariPool-1 - Starting...
14:10:18:298  INFO 49618 --- [RMI TCP Connection(7)-127.0.0.1] com.zaxxer.hikari.HikariDataSource       : HikariPool-1 - Start completed.
14:17:21:106  WARN 49618 --- [Thread-5] c.a.nacos.common.notify.NotifyCenter     : [NotifyCenter] Start destroying Publisher
14:17:21:108  WARN 49618 --- [Thread-1] c.a.n.common.http.HttpClientBeanHolder   : [HttpClientBeanHolder] Start destroying common HttpClient
14:17:21:108  WARN 49618 --- [Thread-5] c.a.nacos.common.notify.NotifyCenter     : [NotifyCenter] Destruction of the end
14:17:21:109  WARN 49618 --- [Thread-1] c.a.n.common.http.HttpClientBeanHolder   : [HttpClientBeanHolder] Destruction of the end
14:17:21:206  INFO 49618 --- [SpringApplicationShutdownHook] c.a.c.n.registry.NacosServiceRegistry    : De-registering from Nacos Server now...
14:17:21:279  INFO 49618 --- [SpringApplicationShutdownHook] c.a.c.n.registry.NacosServiceRegistry    : De-registration finished.
14:17:21:595  INFO 49618 --- [SpringApplicationShutdownHook] com.alibaba.nacos.common.remote.client   : Shutdown rpc client, set status to shutdown
14:17:21:595  INFO 49618 --- [SpringApplicationShutdownHook] com.alibaba.nacos.common.remote.client   : Shutdown client event executor java.util.concurrent.ScheduledThreadPoolExecutor@45d9e51e[Running, pool size = 2, active threads = 2, queued tasks = 0, completed tasks = 0]
14:17:21:595  INFO 49618 --- [SpringApplicationShutdownHook] com.alibaba.nacos.common.remote.client   : Close current connection 1765519816005_218.84.124.14_4147
14:17:21:598  INFO 49618 --- [SpringApplicationShutdownHook] c.a.n.c.remote.client.grpc.GrpcClient    : Shutdown grpc executor java.util.concurrent.ThreadPoolExecutor@5579b915[Running, pool size = 7, active threads = 0, queued tasks = 0, completed tasks = 182]
14:17:21:606  INFO 49618 --- [SpringApplicationShutdownHook] com.zaxxer.hikari.HikariDataSource       : HikariPool-1 - Shutdown initiated...
14:17:22:303  INFO 49618 --- [SpringApplicationShutdownHook] com.zaxxer.hikari.HikariDataSource       : HikariPool-1 - Shutdown completed.
14:19:00:801  INFO 50640 --- [main] com.hmall.trade.tradeApplication         : The following 1 profile is active: "dev"
14:19:01:524  INFO 50640 --- [main] o.s.cloud.context.scope.GenericScope     : BeanFactory id=acd68557-0e8d-3bba-8b0c-5d1aff48b225
14:19:01:871  INFO 50640 --- [main] o.s.b.w.embedded.tomcat.TomcatWebServer  : Tomcat initialized with port(s): 8085 (http)
14:19:01:880  INFO 50640 --- [main] o.apache.catalina.core.StandardService   : Starting service [Tomcat]
14:19:01:880  INFO 50640 --- [main] org.apache.catalina.core.StandardEngine  : Starting Servlet engine: [Apache Tomcat/9.0.75]
14:19:01:964  INFO 50640 --- [main] o.a.c.c.C.[Tomcat].[localhost].[/]       : Initializing Spring embedded WebApplicationContext
14:19:01:965  INFO 50640 --- [main] w.s.c.ServletWebServerApplicationContext : Root WebApplicationContext: initialization completed in 1154 ms
14:19:02:300  INFO 50640 --- [main] o.s.c.openfeign.FeignClientFactoryBean   : For 'item-service' URL not provided. Will try picking an instance via load-balancing.
14:19:02:778  INFO 50640 --- [main] o.s.c.openfeign.FeignClientFactoryBean   : For 'cart-service' URL not provided. Will try picking an instance via load-balancing.
14:19:02:999  INFO 50640 --- [main] c.a.c.sentinel.SentinelWebMvcConfigurer  : [Sentinel Starter] register SentinelWebInterceptor with urlPatterns: [/**].
14:19:03:466  INFO 50640 --- [main] o.s.b.a.e.web.EndpointLinksResolver      : Exposing 1 endpoint(s) beneath base path '/actuator'
14:19:03:565  INFO 50640 --- [main] com.alibaba.nacos.common.remote.client   : [RpcClientFactory] create a new rpc client of 59e21f16-dde0-4c3c-8b87-77bf564a15de
14:19:03:565  INFO 50640 --- [main] com.alibaba.nacos.common.remote.client   : [59e21f16-dde0-4c3c-8b87-77bf564a15de] RpcClient init label, labels = {module=naming, source=sdk}
14:19:03:568  INFO 50640 --- [main] com.alibaba.nacos.common.remote.client   : [59e21f16-dde0-4c3c-8b87-77bf564a15de] RpcClient init, ServerListFactory = com.alibaba.nacos.client.naming.core.ServerListManager
14:19:03:568  INFO 50640 --- [main] com.alibaba.nacos.common.remote.client   : [59e21f16-dde0-4c3c-8b87-77bf564a15de] Registry connection listener to current client:com.alibaba.nacos.client.naming.remote.gprc.redo.NamingGrpcRedoService
14:19:03:568  INFO 50640 --- [main] com.alibaba.nacos.common.remote.client   : [59e21f16-dde0-4c3c-8b87-77bf564a15de] Register server push request handler:com.alibaba.nacos.client.naming.remote.gprc.NamingPushRequestHandler
14:19:03:570  INFO 50640 --- [main] com.alibaba.nacos.common.remote.client   : [59e21f16-dde0-4c3c-8b87-77bf564a15de] Try to connect to server on start up, server: {serverIp = '49.235.39.92', server main port = 8848}
14:19:03:902  INFO 50640 --- [main] com.alibaba.nacos.common.remote.client   : [59e21f16-dde0-4c3c-8b87-77bf564a15de] Success to connect to server [49.235.39.92:8848] on start up, connectionId = 1765520343821_218.84.124.14_2907
14:19:03:902  INFO 50640 --- [main] com.alibaba.nacos.common.remote.client   : [59e21f16-dde0-4c3c-8b87-77bf564a15de] Register server push request handler:com.alibaba.nacos.common.remote.client.RpcClient$ConnectResetRequestHandler
14:19:03:902  INFO 50640 --- [main] com.alibaba.nacos.common.remote.client   : [59e21f16-dde0-4c3c-8b87-77bf564a15de] Register server push request handler:com.alibaba.nacos.common.remote.client.RpcClient$$Lambda$469/0x000000080044d840
14:19:03:902  INFO 50640 --- [com.alibaba.nacos.client.remote.worker] com.alibaba.nacos.common.remote.client   : [59e21f16-dde0-4c3c-8b87-77bf564a15de] Notify connected event to listeners.
14:19:04:021  INFO 50640 --- [main] o.s.b.w.embedded.tomcat.TomcatWebServer  : Tomcat started on port(s): 8085 (http) with context path ''
14:19:04:099  INFO 50640 --- [main] c.a.c.n.registry.NacosServiceRegistry    : nacos registry, DEFAULT_GROUP trade-service 192.168.1.3:8085 register finished
14:19:04:113  INFO 50640 --- [main] com.hmall.trade.tradeApplication         : Started tradeApplication in 5.042 seconds (JVM running for 5.366)
14:19:04:124  INFO 50640 --- [main] c.a.c.n.refresh.NacosContextRefresher    : [Nacos Config] Listening config: dataId=trade-service, group=DEFAULT_GROUP
14:19:04:124  INFO 50640 --- [main] c.a.c.n.refresh.NacosContextRefresher    : [Nacos Config] Listening config: dataId=trade-service.yaml, group=DEFAULT_GROUP
14:19:04:124  INFO 50640 --- [main] c.a.c.n.refresh.NacosContextRefresher    : [Nacos Config] Listening config: dataId=trade-service-dev.yaml, group=DEFAULT_GROUP
14:19:04:569  INFO 50640 --- [nacos-grpc-client-executor-7] com.alibaba.nacos.common.remote.client   : [59e21f16-dde0-4c3c-8b87-77bf564a15de] Receive server push request, request = NotifySubscriberRequest, requestId = 2816
14:19:04:576  INFO 50640 --- [nacos-grpc-client-executor-7] com.alibaba.nacos.common.remote.client   : [59e21f16-dde0-4c3c-8b87-77bf564a15de] Ack server push request, request = NotifySubscriberRequest, requestId = 2816
14:19:04:606  INFO 50640 --- [RMI TCP Connection(1)-127.0.0.1] o.a.c.c.C.[Tomcat].[localhost].[/]       : Initializing Spring DispatcherServlet 'dispatcherServlet'
14:19:04:607  INFO 50640 --- [RMI TCP Connection(1)-127.0.0.1] o.s.web.servlet.DispatcherServlet        : Initializing Servlet 'dispatcherServlet'
14:19:04:610  INFO 50640 --- [RMI TCP Connection(1)-127.0.0.1] o.s.web.servlet.DispatcherServlet        : Completed initialization in 3 ms
14:19:04:614  INFO 50640 --- [RMI TCP Connection(4)-127.0.0.1] com.zaxxer.hikari.HikariDataSource       : HikariPool-1 - Starting...
14:19:05:644  INFO 50640 --- [RMI TCP Connection(4)-127.0.0.1] com.zaxxer.hikari.HikariDataSource       : HikariPool-1 - Start completed.
14:30:38:452  WARN 50640 --- [Thread-1] c.a.n.common.http.HttpClientBeanHolder   : [HttpClientBeanHolder] Start destroying common HttpClient
14:30:38:453  WARN 50640 --- [Thread-5] c.a.nacos.common.notify.NotifyCenter     : [NotifyCenter] Start destroying Publisher
14:30:38:454  WARN 50640 --- [Thread-5] c.a.nacos.common.notify.NotifyCenter     : [NotifyCenter] Destruction of the end
14:30:38:454  WARN 50640 --- [Thread-1] c.a.n.common.http.HttpClientBeanHolder   : [HttpClientBeanHolder] Destruction of the end
14:30:38:602  INFO 50640 --- [SpringApplicationShutdownHook] c.a.c.n.registry.NacosServiceRegistry    : De-registering from Nacos Server now...
14:30:38:674  INFO 50640 --- [SpringApplicationShutdownHook] c.a.c.n.registry.NacosServiceRegistry    : De-registration finished.
14:30:38:986  INFO 50640 --- [SpringApplicationShutdownHook] com.alibaba.nacos.common.remote.client   : Shutdown rpc client, set status to shutdown
14:30:38:986  INFO 50640 --- [SpringApplicationShutdownHook] com.alibaba.nacos.common.remote.client   : Shutdown client event executor java.util.concurrent.ScheduledThreadPoolExecutor@65ace51c[Running, pool size = 2, active threads = 2, queued tasks = 0, completed tasks = 0]
14:30:38:986  INFO 50640 --- [SpringApplicationShutdownHook] com.alibaba.nacos.common.remote.client   : Close current connection 1765520343821_218.84.124.14_2907
14:30:38:990  INFO 50640 --- [SpringApplicationShutdownHook] c.a.n.c.remote.client.grpc.GrpcClient    : Shutdown grpc executor java.util.concurrent.ThreadPoolExecutor@937aa89[Running, pool size = 8, active threads = 0, queued tasks = 0, completed tasks = 286]
14:30:38:995  INFO 50640 --- [SpringApplicationShutdownHook] com.zaxxer.hikari.HikariDataSource       : HikariPool-1 - Shutdown initiated...
14:30:39:672  INFO 50640 --- [SpringApplicationShutdownHook] com.zaxxer.hikari.HikariDataSource       : HikariPool-1 - Shutdown completed.
14:33:43:988  INFO 51401 --- [main] com.hmall.trade.tradeApplication         : The following 1 profile is active: "dev"
14:33:44:622  INFO 51401 --- [main] o.s.cloud.context.scope.GenericScope     : BeanFactory id=acd68557-0e8d-3bba-8b0c-5d1aff48b225
14:33:44:840  INFO 51401 --- [main] o.s.b.w.embedded.tomcat.TomcatWebServer  : Tomcat initialized with port(s): 8085 (http)
14:33:44:846  INFO 51401 --- [main] o.apache.catalina.core.StandardService   : Starting service [Tomcat]
14:33:44:846  INFO 51401 --- [main] org.apache.catalina.core.StandardEngine  : Starting Servlet engine: [Apache Tomcat/9.0.75]
14:33:44:920  INFO 51401 --- [main] o.a.c.c.C.[Tomcat].[localhost].[/]       : Initializing Spring embedded WebApplicationContext
14:33:44:920  INFO 51401 --- [main] w.s.c.ServletWebServerApplicationContext : Root WebApplicationContext: initialization completed in 921 ms
14:33:45:228  INFO 51401 --- [main] o.s.c.openfeign.FeignClientFactoryBean   : For 'item-service' URL not provided. Will try picking an instance via load-balancing.
14:33:45:558  INFO 51401 --- [main] o.s.c.openfeign.FeignClientFactoryBean   : For 'cart-service' URL not provided. Will try picking an instance via load-balancing.
14:33:45:682  INFO 51401 --- [main] c.a.c.sentinel.SentinelWebMvcConfigurer  : [Sentinel Starter] register SentinelWebInterceptor with urlPatterns: [/**].
14:33:45:902  INFO 51401 --- [main] o.s.b.a.e.web.EndpointLinksResolver      : Exposing 1 endpoint(s) beneath base path '/actuator'
14:33:45:971  INFO 51401 --- [main] com.alibaba.nacos.common.remote.client   : [RpcClientFactory] create a new rpc client of 654fcd56-89db-4128-8667-8e09c909a434
14:33:45:971  INFO 51401 --- [main] com.alibaba.nacos.common.remote.client   : [654fcd56-89db-4128-8667-8e09c909a434] RpcClient init label, labels = {module=naming, source=sdk}
14:33:45:976  INFO 51401 --- [main] com.alibaba.nacos.common.remote.client   : [654fcd56-89db-4128-8667-8e09c909a434] RpcClient init, ServerListFactory = com.alibaba.nacos.client.naming.core.ServerListManager
14:33:45:976  INFO 51401 --- [main] com.alibaba.nacos.common.remote.client   : [654fcd56-89db-4128-8667-8e09c909a434] Registry connection listener to current client:com.alibaba.nacos.client.naming.remote.gprc.redo.NamingGrpcRedoService
14:33:45:976  INFO 51401 --- [main] com.alibaba.nacos.common.remote.client   : [654fcd56-89db-4128-8667-8e09c909a434] Register server push request handler:com.alibaba.nacos.client.naming.remote.gprc.NamingPushRequestHandler
14:33:45:977  INFO 51401 --- [main] com.alibaba.nacos.common.remote.client   : [654fcd56-89db-4128-8667-8e09c909a434] Try to connect to server on start up, server: {serverIp = '49.235.39.92', server main port = 8848}
14:33:46:302  INFO 51401 --- [main] com.alibaba.nacos.common.remote.client   : [654fcd56-89db-4128-8667-8e09c909a434] Success to connect to server [49.235.39.92:8848] on start up, connectionId = 1765521226207_218.84.124.14_4582
14:33:46:302  INFO 51401 --- [main] com.alibaba.nacos.common.remote.client   : [654fcd56-89db-4128-8667-8e09c909a434] Register server push request handler:com.alibaba.nacos.common.remote.client.RpcClient$ConnectResetRequestHandler
14:33:46:302  INFO 51401 --- [main] com.alibaba.nacos.common.remote.client   : [654fcd56-89db-4128-8667-8e09c909a434] Register server push request handler:com.alibaba.nacos.common.remote.client.RpcClient$$Lambda$468/0x000000080054a840
14:33:46:304  INFO 51401 --- [com.alibaba.nacos.client.remote.worker] com.alibaba.nacos.common.remote.client   : [654fcd56-89db-4128-8667-8e09c909a434] Notify connected event to listeners.
14:33:46:409  INFO 51401 --- [main] o.s.b.w.embedded.tomcat.TomcatWebServer  : Tomcat started on port(s): 8085 (http) with context path ''
14:33:46:487  INFO 51401 --- [main] c.a.c.n.registry.NacosServiceRegistry    : nacos registry, DEFAULT_GROUP trade-service 192.168.1.3:8085 register finished
14:33:46:499  INFO 51401 --- [main] com.hmall.trade.tradeApplication         : Started tradeApplication in 4.026 seconds (JVM running for 4.315)
14:33:46:505  INFO 51401 --- [main] c.a.c.n.refresh.NacosContextRefresher    : [Nacos Config] Listening config: dataId=trade-service, group=DEFAULT_GROUP
14:33:46:506  INFO 51401 --- [main] c.a.c.n.refresh.NacosContextRefresher    : [Nacos Config] Listening config: dataId=trade-service.yaml, group=DEFAULT_GROUP
14:33:46:506  INFO 51401 --- [main] c.a.c.n.refresh.NacosContextRefresher    : [Nacos Config] Listening config: dataId=trade-service-dev.yaml, group=DEFAULT_GROUP
14:33:46:978  INFO 51401 --- [nacos-grpc-client-executor-9] com.alibaba.nacos.common.remote.client   : [654fcd56-89db-4128-8667-8e09c909a434] Receive server push request, request = NotifySubscriberRequest, requestId = 2828
14:33:46:982  INFO 51401 --- [nacos-grpc-client-executor-9] com.alibaba.nacos.common.remote.client   : [654fcd56-89db-4128-8667-8e09c909a434] Ack server push request, request = NotifySubscriberRequest, requestId = 2828
14:33:47:003  INFO 51401 --- [RMI TCP Connection(3)-127.0.0.1] o.a.c.c.C.[Tomcat].[localhost].[/]       : Initializing Spring DispatcherServlet 'dispatcherServlet'
14:33:47:003  INFO 51401 --- [RMI TCP Connection(3)-127.0.0.1] o.s.web.servlet.DispatcherServlet        : Initializing Servlet 'dispatcherServlet'
14:33:47:004  INFO 51401 --- [RMI TCP Connection(3)-127.0.0.1] o.s.web.servlet.DispatcherServlet        : Completed initialization in 1 ms
14:33:47:025  INFO 51401 --- [RMI TCP Connection(5)-127.0.0.1] com.zaxxer.hikari.HikariDataSource       : HikariPool-1 - Starting...
14:33:48:171  INFO 51401 --- [RMI TCP Connection(5)-127.0.0.1] com.zaxxer.hikari.HikariDataSource       : HikariPool-1 - Start completed.
14:35:03:832  WARN 51401 --- [Thread-1] c.a.n.common.http.HttpClientBeanHolder   : [HttpClientBeanHolder] Start destroying common HttpClient
14:35:03:832  WARN 51401 --- [Thread-5] c.a.nacos.common.notify.NotifyCenter     : [NotifyCenter] Start destroying Publisher
14:35:03:833  WARN 51401 --- [Thread-5] c.a.nacos.common.notify.NotifyCenter     : [NotifyCenter] Destruction of the end
14:35:03:835  WARN 51401 --- [Thread-1] c.a.n.common.http.HttpClientBeanHolder   : [HttpClientBeanHolder] Destruction of the end
14:35:03:938  INFO 51401 --- [SpringApplicationShutdownHook] c.a.c.n.registry.NacosServiceRegistry    : De-registering from Nacos Server now...
14:35:04:009  INFO 51401 --- [SpringApplicationShutdownHook] c.a.c.n.registry.NacosServiceRegistry    : De-registration finished.
14:35:04:322  INFO 51401 --- [SpringApplicationShutdownHook] com.alibaba.nacos.common.remote.client   : Shutdown rpc client, set status to shutdown
14:35:04:322  INFO 51401 --- [SpringApplicationShutdownHook] com.alibaba.nacos.common.remote.client   : Shutdown client event executor java.util.concurrent.ScheduledThreadPoolExecutor@4edb0666[Running, pool size = 2, active threads = 2, queued tasks = 0, completed tasks = 0]
14:35:04:322  INFO 51401 --- [SpringApplicationShutdownHook] com.alibaba.nacos.common.remote.client   : Close current connection 1765521226207_218.84.124.14_4582
14:35:04:332  INFO 51401 --- [SpringApplicationShutdownHook] c.a.n.c.remote.client.grpc.GrpcClient    : Shutdown grpc executor java.util.concurrent.ThreadPoolExecutor@6394c74a[Running, pool size = 8, active threads = 0, queued tasks = 0, completed tasks = 46]
14:35:04:341  INFO 51401 --- [SpringApplicationShutdownHook] com.zaxxer.hikari.HikariDataSource       : HikariPool-1 - Shutdown initiated...
14:35:05:069  INFO 51401 --- [SpringApplicationShutdownHook] com.zaxxer.hikari.HikariDataSource       : HikariPool-1 - Shutdown completed.
14:35:10:428  INFO 51555 --- [main] com.hmall.trade.tradeApplication         : The following 1 profile is active: "dev"
14:35:11:199  INFO 51555 --- [main] o.s.cloud.context.scope.GenericScope     : BeanFactory id=acd68557-0e8d-3bba-8b0c-5d1aff48b225
14:35:11:402  INFO 51555 --- [main] o.s.b.w.embedded.tomcat.TomcatWebServer  : Tomcat initialized with port(s): 8085 (http)
14:35:11:407  INFO 51555 --- [main] o.apache.catalina.core.StandardService   : Starting service [Tomcat]
14:35:11:407  INFO 51555 --- [main] org.apache.catalina.core.StandardEngine  : Starting Servlet engine: [Apache Tomcat/9.0.75]
14:35:11:459  INFO 51555 --- [main] o.a.c.c.C.[Tomcat].[localhost].[/]       : Initializing Spring embedded WebApplicationContext
14:35:11:459  INFO 51555 --- [main] w.s.c.ServletWebServerApplicationContext : Root WebApplicationContext: initialization completed in 1018 ms
14:35:11:654  INFO 51555 --- [main] o.s.c.openfeign.FeignClientFactoryBean   : For 'item-service' URL not provided. Will try picking an instance via load-balancing.
14:35:11:925  INFO 51555 --- [main] o.s.c.openfeign.FeignClientFactoryBean   : For 'cart-service' URL not provided. Will try picking an instance via load-balancing.
14:35:12:081  INFO 51555 --- [main] c.a.c.sentinel.SentinelWebMvcConfigurer  : [Sentinel Starter] register SentinelWebInterceptor with urlPatterns: [/**].
14:35:12:288  INFO 51555 --- [main] o.s.b.a.e.web.EndpointLinksResolver      : Exposing 1 endpoint(s) beneath base path '/actuator'
14:35:12:326  INFO 51555 --- [main] com.alibaba.nacos.common.remote.client   : [RpcClientFactory] create a new rpc client of b24b4699-56ae-4640-85b9-a5aa8f76fe3c
14:35:12:326  INFO 51555 --- [main] com.alibaba.nacos.common.remote.client   : [b24b4699-56ae-4640-85b9-a5aa8f76fe3c] RpcClient init label, labels = {module=naming, source=sdk}
14:35:12:327  INFO 51555 --- [main] com.alibaba.nacos.common.remote.client   : [b24b4699-56ae-4640-85b9-a5aa8f76fe3c] RpcClient init, ServerListFactory = com.alibaba.nacos.client.naming.core.ServerListManager
14:35:12:327  INFO 51555 --- [main] com.alibaba.nacos.common.remote.client   : [b24b4699-56ae-4640-85b9-a5aa8f76fe3c] Registry connection listener to current client:com.alibaba.nacos.client.naming.remote.gprc.redo.NamingGrpcRedoService
14:35:12:328  INFO 51555 --- [main] com.alibaba.nacos.common.remote.client   : [b24b4699-56ae-4640-85b9-a5aa8f76fe3c] Register server push request handler:com.alibaba.nacos.client.naming.remote.gprc.NamingPushRequestHandler
14:35:12:328  INFO 51555 --- [main] com.alibaba.nacos.common.remote.client   : [b24b4699-56ae-4640-85b9-a5aa8f76fe3c] Try to connect to server on start up, server: {serverIp = '49.235.39.92', server main port = 8848}
14:35:12:647  INFO 51555 --- [main] com.alibaba.nacos.common.remote.client   : [b24b4699-56ae-4640-85b9-a5aa8f76fe3c] Success to connect to server [49.235.39.92:8848] on start up, connectionId = 1765521312554_218.84.124.14_4708
14:35:12:647  INFO 51555 --- [main] com.alibaba.nacos.common.remote.client   : [b24b4699-56ae-4640-85b9-a5aa8f76fe3c] Register server push request handler:com.alibaba.nacos.common.remote.client.RpcClient$ConnectResetRequestHandler
14:35:12:647  INFO 51555 --- [com.alibaba.nacos.client.remote.worker] com.alibaba.nacos.common.remote.client   : [b24b4699-56ae-4640-85b9-a5aa8f76fe3c] Notify connected event to listeners.
14:35:12:647  INFO 51555 --- [main] com.alibaba.nacos.common.remote.client   : [b24b4699-56ae-4640-85b9-a5aa8f76fe3c] Register server push request handler:com.alibaba.nacos.common.remote.client.RpcClient$$Lambda$468/0x0000000800527840
14:35:12:732  INFO 51555 --- [main] o.s.b.w.embedded.tomcat.TomcatWebServer  : Tomcat started on port(s): 8085 (http) with context path ''
14:35:12:806  INFO 51555 --- [main] c.a.c.n.registry.NacosServiceRegistry    : nacos registry, DEFAULT_GROUP trade-service 192.168.1.3:8085 register finished
14:35:12:820  INFO 51555 --- [main] com.hmall.trade.tradeApplication         : Started tradeApplication in 4.112 seconds (JVM running for 4.481)
14:35:12:826  INFO 51555 --- [main] c.a.c.n.refresh.NacosContextRefresher    : [Nacos Config] Listening config: dataId=trade-service, group=DEFAULT_GROUP
14:35:12:826  INFO 51555 --- [main] c.a.c.n.refresh.NacosContextRefresher    : [Nacos Config] Listening config: dataId=trade-service.yaml, group=DEFAULT_GROUP
14:35:12:826  INFO 51555 --- [main] c.a.c.n.refresh.NacosContextRefresher    : [Nacos Config] Listening config: dataId=trade-service-dev.yaml, group=DEFAULT_GROUP
14:35:13:216  INFO 51555 --- [RMI TCP Connection(3)-127.0.0.1] o.a.c.c.C.[Tomcat].[localhost].[/]       : Initializing Spring DispatcherServlet 'dispatcherServlet'
14:35:13:217  INFO 51555 --- [RMI TCP Connection(3)-127.0.0.1] o.s.web.servlet.DispatcherServlet        : Initializing Servlet 'dispatcherServlet'
14:35:13:219  INFO 51555 --- [RMI TCP Connection(3)-127.0.0.1] o.s.web.servlet.DispatcherServlet        : Completed initialization in 1 ms
14:35:13:238  INFO 51555 --- [RMI TCP Connection(6)-127.0.0.1] com.zaxxer.hikari.HikariDataSource       : HikariPool-1 - Starting...
14:35:13:243  INFO 51555 --- [nacos-grpc-client-executor-9] com.alibaba.nacos.common.remote.client   : [b24b4699-56ae-4640-85b9-a5aa8f76fe3c] Receive server push request, request = NotifySubscriberRequest, requestId = 2837
14:35:13:244  INFO 51555 --- [nacos-grpc-client-executor-9] com.alibaba.nacos.common.remote.client   : [b24b4699-56ae-4640-85b9-a5aa8f76fe3c] Ack server push request, request = NotifySubscriberRequest, requestId = 2837
14:35:14:202  INFO 51555 --- [RMI TCP Connection(6)-127.0.0.1] com.zaxxer.hikari.HikariDataSource       : HikariPool-1 - Start completed.
14:39:24:963  INFO 51555 --- [http-nio-8085-exec-1] c.h.common.config.UserinfoInterceptor    : =================================================
14:39:24:963  INFO 51555 --- [http-nio-8085-exec-1] c.h.common.config.UserinfoInterceptor    : >>>>> 拦截器启动！当前路径: /orders
14:39:24:963  INFO 51555 --- [http-nio-8085-exec-1] c.h.common.config.UserinfoInterceptor    : >>>>> 获取到的 user-info 头信息: 2
14:39:24:963  INFO 51555 --- [http-nio-8085-exec-1] c.h.common.config.UserinfoInterceptor    : =================================================
14:39:25:129 DEBUG 51555 --- [http-nio-8085-exec-1] com.hmall.api.client.itemClient          : [itemClient#queryItemByIds] ---> GET http://item-service/items?ids=40305713537&ids=8533120&ids=100000004580&ids=2120808&ids=14741770661 HTTP/1.1
14:39:25:129 DEBUG 51555 --- [http-nio-8085-exec-1] com.hmall.api.client.itemClient          : [itemClient#queryItemByIds] user-info: 2
14:39:25:129 DEBUG 51555 --- [http-nio-8085-exec-1] com.hmall.api.client.itemClient          : [itemClient#queryItemByIds] ---> END HTTP (0-byte body)
14:39:25:420 DEBUG 51555 --- [http-nio-8085-exec-1] com.hmall.api.client.itemClient          : [itemClient#queryItemByIds] <--- HTTP/1.1 200  (290ms)
14:39:25:420 DEBUG 51555 --- [http-nio-8085-exec-1] com.hmall.api.client.itemClient          : [itemClient#queryItemByIds] connection: keep-alive
14:39:25:420 DEBUG 51555 --- [http-nio-8085-exec-1] com.hmall.api.client.itemClient          : [itemClient#queryItemByIds] content-type: application/json
14:39:25:420 DEBUG 51555 --- [http-nio-8085-exec-1] com.hmall.api.client.itemClient          : [itemClient#queryItemByIds] date: Fri, 12 Dec 2025 06:39:25 GMT
14:39:25:420 DEBUG 51555 --- [http-nio-8085-exec-1] com.hmall.api.client.itemClient          : [itemClient#queryItemByIds] keep-alive: timeout=60
14:39:25:420 DEBUG 51555 --- [http-nio-8085-exec-1] com.hmall.api.client.itemClient          : [itemClient#queryItemByIds] transfer-encoding: chunked
14:39:25:420 DEBUG 51555 --- [http-nio-8085-exec-1] com.hmall.api.client.itemClient          : [itemClient#queryItemByIds] 
14:39:25:420 DEBUG 51555 --- [http-nio-8085-exec-1] com.hmall.api.client.itemClient          : [itemClient#queryItemByIds] [{"id":"2120808","name":"姬龙雪 guy laroche女包 GL经典手提包女牛皮大容量单肩包女欧美时尚包包女包GS1210001-06杏色","price":71800,"stock":1,"image":"https://m.360buyimg.com/mobilecms/s720x720_jfs/t30694/267/398774087/90954/6fc143cf/5bf25358N14dadbf7.jpg!q70.jpg.webp","category":"真皮包","brand":"姬龙雪","spec":"{}","sold":0,"commentCount":0,"isAD":false,"status":1},{"id":"8533120","name":"海尔 （Haier ）LQ65H31 65英寸 4K曲面人工智能全面屏超高清LED液晶电视","price":379500,"stock":10000,"image":"https://m.360buyimg.com/mobilecms/s720x720_jfs/t1/2851/14/13998/101463/5bd9723cE81b2c299/1bfdf2d1628648e4.jpg!q70.jpg.webp","category":"曲面电视","brand":"海尔","spec":"{}","sold":0,"commentCount":0,"isAD":false,"status":1},{"id":"14741770661","name":"康佳（KONKA） LED49UC3 49英寸超薄曲面36核4K HDR人工智能电视","price":144600,"stock":10000,"image":"https://m.360buyimg.com/mobilecms/s720x720_jfs/t16477/84/2032772431/400946/2887be91/5a912776N7e343ec3.jpg!q70.jpg.webp","category":"曲面电视","brand":"康佳","spec":"{}","sold":0,"commentCount":0,"isAD":false,"status":1},{"id":"40305713537","name":"【官方正品 品牌直营】奥古狮登小白鞋女秋季透气2018新款百搭韩版休闲鞋运动鞋女鞋厚底板鞋女 浅蓝【厚底】 41","price":35400,"stock":10000,"image":"https://m.360buyimg.com/mobilecms/s720x720_jfs/t1/14147/34/2890/275451/5c225484Ebd346404/e61513be4639ee2e.jpg!q70.jpg.webp","category":"休闲鞋","brand":"奥古狮登","spec":"{\"颜色\": \"金色\", \"尺码\": \"41\"}","sold":0,"commentCount":0,"isAD":false,"status":1},{"id":"100000004580","name":"薇妮(viney)女士单肩包 时尚牛皮女包百搭斜挎包女士手提大包(经典黑)","price":87900,"stock":9996,"image":"https://m.360buyimg.com/mobilecms/s720x720_jfs/t5590/64/5811657380/234462/5398e856/5965e173N34179777.jpg!q70.jpg.webp","category":"真皮包","brand":"viney","spec":"{\"颜色\": \"黑色\"}","sold":22233,"commentCount":2223232,"isAD":false,"status":1}]
14:39:25:421 DEBUG 51555 --- [http-nio-8085-exec-1] com.hmall.api.client.itemClient          : [itemClient#queryItemByIds] <--- END HTTP (2058-byte body)
14:39:25:442 DEBUG 51555 --- [http-nio-8085-exec-1] c.hmall.trade.mapper.OrderMapper.insert  : ==>  Preparing: INSERT INTO `order` ( id, total_fee, payment_type, user_id, status ) VALUES ( ?, ?, ?, ?, ? )
14:39:25:450 DEBUG 51555 --- [http-nio-8085-exec-1] c.hmall.trade.mapper.OrderMapper.insert  : ==> Parameters: 1999368474469679105(Long), 863800(Integer), 3(Integer), 2(Long), 1(Integer)
14:39:25:594 DEBUG 51555 --- [http-nio-8085-exec-1] c.hmall.trade.mapper.OrderMapper.insert  : <==    Updates: 1
14:39:25:605 DEBUG 51555 --- [http-nio-8085-exec-1] c.h.t.mapper.OrderDetailMapper.insert    : ==>  Preparing: INSERT INTO order_detail ( order_id, item_id, num, name, spec, price, image ) VALUES ( ?, ?, ?, ?, ?, ?, ? )
14:39:25:605 DEBUG 51555 --- [http-nio-8085-exec-1] c.h.t.mapper.OrderDetailMapper.insert    : ==> Parameters: 1999368474469679105(Long), 2120808(Long), 1(Integer), 姬龙雪 guy laroche女包 GL经典手提包女牛皮大容量单肩包女欧美时尚包包女包GS1210001-06杏色(String), {}(String), 71800(Integer), https://m.360buyimg.com/mobilecms/s720x720_jfs/t30694/267/398774087/90954/6fc143cf/5bf25358N14dadbf7.jpg!q70.jpg.webp(String)
14:39:25:606 DEBUG 51555 --- [http-nio-8085-exec-1] c.h.t.mapper.OrderDetailMapper.insert    : ==> Parameters: 1999368474469679105(Long), 8533120(Long), 1(Integer), 海尔 （Haier ）LQ65H31 65英寸 4K曲面人工智能全面屏超高清LED液晶电视(String), {}(String), 379500(Integer), https://m.360buyimg.com/mobilecms/s720x720_jfs/t1/2851/14/13998/101463/5bd9723cE81b2c299/1bfdf2d1628648e4.jpg!q70.jpg.webp(String)
14:39:25:607 DEBUG 51555 --- [http-nio-8085-exec-1] c.h.t.mapper.OrderDetailMapper.insert    : ==> Parameters: 1999368474469679105(Long), 14741770661(Long), 2(Integer), 康佳（KONKA） LED49UC3 49英寸超薄曲面36核4K HDR人工智能电视(String), {}(String), 144600(Integer), https://m.360buyimg.com/mobilecms/s720x720_jfs/t16477/84/2032772431/400946/2887be91/5a912776N7e343ec3.jpg!q70.jpg.webp(String)
14:39:25:607 DEBUG 51555 --- [http-nio-8085-exec-1] c.h.t.mapper.OrderDetailMapper.insert    : ==> Parameters: 1999368474469679105(Long), 40305713537(Long), 1(Integer), 【官方正品 品牌直营】奥古狮登小白鞋女秋季透气2018新款百搭韩版休闲鞋运动鞋女鞋厚底板鞋女 浅蓝【厚底】 41(String), {"颜色": "金色", "尺码": "41"}(String), 35400(Integer), https://m.360buyimg.com/mobilecms/s720x720_jfs/t1/14147/34/2890/275451/5c225484Ebd346404/e61513be4639ee2e.jpg!q70.jpg.webp(String)
14:39:25:608 DEBUG 51555 --- [http-nio-8085-exec-1] c.h.t.mapper.OrderDetailMapper.insert    : ==> Parameters: 1999368474469679105(Long), 100000004580(Long), 1(Integer), 薇妮(viney)女士单肩包 时尚牛皮女包百搭斜挎包女士手提大包(经典黑)(String), {"颜色": "黑色"}(String), 87900(Integer), https://m.360buyimg.com/mobilecms/s720x720_jfs/t5590/64/5811657380/234462/5398e856/5965e173N34179777.jpg!q70.jpg.webp(String)
14:39:25:834  INFO 51555 --- [nacos-grpc-client-executor-111] com.alibaba.nacos.common.remote.client   : [b24b4699-56ae-4640-85b9-a5aa8f76fe3c] Receive server push request, request = NotifySubscriberRequest, requestId = 2845
14:39:25:834  INFO 51555 --- [nacos-grpc-client-executor-111] com.alibaba.nacos.common.remote.client   : [b24b4699-56ae-4640-85b9-a5aa8f76fe3c] Ack server push request, request = NotifySubscriberRequest, requestId = 2845
14:39:26:046 DEBUG 51555 --- [http-nio-8085-exec-1] com.hmall.api.client.cartClient          : [cartClient#removeByItemIds] ---> DELETE http://cart-service/carts?ids=40305713537&ids=8533120&ids=100000004580&ids=2120808&ids=14741770661 HTTP/1.1
14:39:26:046 DEBUG 51555 --- [http-nio-8085-exec-1] com.hmall.api.client.cartClient          : [cartClient#removeByItemIds] user-info: 2
14:39:26:046 DEBUG 51555 --- [http-nio-8085-exec-1] com.hmall.api.client.cartClient          : [cartClient#removeByItemIds] ---> END HTTP (0-byte body)
14:39:26:376 DEBUG 51555 --- [http-nio-8085-exec-1] com.hmall.api.client.cartClient          : [cartClient#removeByItemIds] <--- HTTP/1.1 200  (329ms)
14:39:26:376 DEBUG 51555 --- [http-nio-8085-exec-1] com.hmall.api.client.cartClient          : [cartClient#removeByItemIds] connection: keep-alive
14:39:26:376 DEBUG 51555 --- [http-nio-8085-exec-1] com.hmall.api.client.cartClient          : [cartClient#removeByItemIds] content-length: 0
14:39:26:376 DEBUG 51555 --- [http-nio-8085-exec-1] com.hmall.api.client.cartClient          : [cartClient#removeByItemIds] date: Fri, 12 Dec 2025 06:39:26 GMT
14:39:26:376 DEBUG 51555 --- [http-nio-8085-exec-1] com.hmall.api.client.cartClient          : [cartClient#removeByItemIds] keep-alive: timeout=60
14:39:26:376 DEBUG 51555 --- [http-nio-8085-exec-1] com.hmall.api.client.cartClient          : [cartClient#removeByItemIds] <--- END HTTP (0-byte body)
14:39:26:392 DEBUG 51555 --- [http-nio-8085-exec-1] com.hmall.api.client.itemClient          : [itemClient#deductStock] ---> PUT http://item-service/items/stock/deduct HTTP/1.1
14:39:26:393 DEBUG 51555 --- [http-nio-8085-exec-1] com.hmall.api.client.itemClient          : [itemClient#deductStock] Content-Length: 159
14:39:26:393 DEBUG 51555 --- [http-nio-8085-exec-1] com.hmall.api.client.itemClient          : [itemClient#deductStock] Content-Type: application/json
14:39:26:393 DEBUG 51555 --- [http-nio-8085-exec-1] com.hmall.api.client.itemClient          : [itemClient#deductStock] user-info: 2
14:39:26:393 DEBUG 51555 --- [http-nio-8085-exec-1] com.hmall.api.client.itemClient          : [itemClient#deductStock] 
14:39:26:393 DEBUG 51555 --- [http-nio-8085-exec-1] com.hmall.api.client.itemClient          : [itemClient#deductStock] [{"itemId":"2120808","num":1},{"itemId":"8533120","num":1},{"itemId":"14741770661","num":2},{"itemId":"40305713537","num":1},{"itemId":"100000004580","num":1}]
14:39:26:393 DEBUG 51555 --- [http-nio-8085-exec-1] com.hmall.api.client.itemClient          : [itemClient#deductStock] ---> END HTTP (159-byte body)
14:39:26:734  INFO 51555 --- [nacos-grpc-client-executor-116] com.alibaba.nacos.common.remote.client   : [b24b4699-56ae-4640-85b9-a5aa8f76fe3c] Receive server push request, request = NotifySubscriberRequest, requestId = 2846
14:39:26:735  INFO 51555 --- [nacos-grpc-client-executor-116] com.alibaba.nacos.common.remote.client   : [b24b4699-56ae-4640-85b9-a5aa8f76fe3c] Ack server push request, request = NotifySubscriberRequest, requestId = 2846
14:39:26:885 DEBUG 51555 --- [http-nio-8085-exec-1] com.hmall.api.client.itemClient          : [itemClient#deductStock] <--- HTTP/1.1 200  (491ms)
14:39:26:885 DEBUG 51555 --- [http-nio-8085-exec-1] com.hmall.api.client.itemClient          : [itemClient#deductStock] connection: keep-alive
14:39:26:885 DEBUG 51555 --- [http-nio-8085-exec-1] com.hmall.api.client.itemClient          : [itemClient#deductStock] content-length: 0
14:39:26:885 DEBUG 51555 --- [http-nio-8085-exec-1] com.hmall.api.client.itemClient          : [itemClient#deductStock] date: Fri, 12 Dec 2025 06:39:26 GMT
14:39:26:885 DEBUG 51555 --- [http-nio-8085-exec-1] com.hmall.api.client.itemClient          : [itemClient#deductStock] keep-alive: timeout=60
14:39:26:885 DEBUG 51555 --- [http-nio-8085-exec-1] com.hmall.api.client.itemClient          : [itemClient#deductStock] <--- END HTTP (0-byte body)
14:39:31:162  INFO 51555 --- [http-nio-8085-exec-2] c.h.common.config.UserinfoInterceptor    : =================================================
14:39:31:163  INFO 51555 --- [http-nio-8085-exec-2] c.h.common.config.UserinfoInterceptor    : >>>>> 拦截器启动！当前路径: /orders
14:39:31:163  INFO 51555 --- [http-nio-8085-exec-2] c.h.common.config.UserinfoInterceptor    : >>>>> 获取到的 user-info 头信息: 2
14:39:31:163  INFO 51555 --- [http-nio-8085-exec-2] c.h.common.config.UserinfoInterceptor    : =================================================
14:39:31:302 DEBUG 51555 --- [http-nio-8085-exec-2] com.hmall.api.client.itemClient          : [itemClient#queryItemByIds] ---> GET http://item-service/items?ids=40305713537&ids=8533120&ids=100000004580&ids=2120808&ids=14741770661 HTTP/1.1
14:39:31:302 DEBUG 51555 --- [http-nio-8085-exec-2] com.hmall.api.client.itemClient          : [itemClient#queryItemByIds] user-info: 2
14:39:31:302 DEBUG 51555 --- [http-nio-8085-exec-2] com.hmall.api.client.itemClient          : [itemClient#queryItemByIds] ---> END HTTP (0-byte body)
14:39:31:445 DEBUG 51555 --- [http-nio-8085-exec-2] com.hmall.api.client.itemClient          : [itemClient#queryItemByIds] <--- HTTP/1.1 200  (142ms)
14:39:31:446 DEBUG 51555 --- [http-nio-8085-exec-2] com.hmall.api.client.itemClient          : [itemClient#queryItemByIds] connection: keep-alive
14:39:31:446 DEBUG 51555 --- [http-nio-8085-exec-2] com.hmall.api.client.itemClient          : [itemClient#queryItemByIds] content-type: application/json
14:39:31:446 DEBUG 51555 --- [http-nio-8085-exec-2] com.hmall.api.client.itemClient          : [itemClient#queryItemByIds] date: Fri, 12 Dec 2025 06:39:31 GMT
14:39:31:446 DEBUG 51555 --- [http-nio-8085-exec-2] com.hmall.api.client.itemClient          : [itemClient#queryItemByIds] keep-alive: timeout=60
14:39:31:446 DEBUG 51555 --- [http-nio-8085-exec-2] com.hmall.api.client.itemClient          : [itemClient#queryItemByIds] transfer-encoding: chunked
14:39:31:446 DEBUG 51555 --- [http-nio-8085-exec-2] com.hmall.api.client.itemClient          : [itemClient#queryItemByIds] 
14:39:31:446 DEBUG 51555 --- [http-nio-8085-exec-2] com.hmall.api.client.itemClient          : [itemClient#queryItemByIds] [{"id":"2120808","name":"姬龙雪 guy laroche女包 GL经典手提包女牛皮大容量单肩包女欧美时尚包包女包GS1210001-06杏色","price":71800,"stock":0,"image":"https://m.360buyimg.com/mobilecms/s720x720_jfs/t30694/267/398774087/90954/6fc143cf/5bf25358N14dadbf7.jpg!q70.jpg.webp","category":"真皮包","brand":"姬龙雪","spec":"{}","sold":0,"commentCount":0,"isAD":false,"status":1},{"id":"8533120","name":"海尔 （Haier ）LQ65H31 65英寸 4K曲面人工智能全面屏超高清LED液晶电视","price":379500,"stock":9999,"image":"https://m.360buyimg.com/mobilecms/s720x720_jfs/t1/2851/14/13998/101463/5bd9723cE81b2c299/1bfdf2d1628648e4.jpg!q70.jpg.webp","category":"曲面电视","brand":"海尔","spec":"{}","sold":0,"commentCount":0,"isAD":false,"status":1},{"id":"14741770661","name":"康佳（KONKA） LED49UC3 49英寸超薄曲面36核4K HDR人工智能电视","price":144600,"stock":9998,"image":"https://m.360buyimg.com/mobilecms/s720x720_jfs/t16477/84/2032772431/400946/2887be91/5a912776N7e343ec3.jpg!q70.jpg.webp","category":"曲面电视","brand":"康佳","spec":"{}","sold":0,"commentCount":0,"isAD":false,"status":1},{"id":"40305713537","name":"【官方正品 品牌直营】奥古狮登小白鞋女秋季透气2018新款百搭韩版休闲鞋运动鞋女鞋厚底板鞋女 浅蓝【厚底】 41","price":35400,"stock":9999,"image":"https://m.360buyimg.com/mobilecms/s720x720_jfs/t1/14147/34/2890/275451/5c225484Ebd346404/e61513be4639ee2e.jpg!q70.jpg.webp","category":"休闲鞋","brand":"奥古狮登","spec":"{\"颜色\": \"金色\", \"尺码\": \"41\"}","sold":0,"commentCount":0,"isAD":false,"status":1},{"id":"100000004580","name":"薇妮(viney)女士单肩包 时尚牛皮女包百搭斜挎包女士手提大包(经典黑)","price":87900,"stock":9995,"image":"https://m.360buyimg.com/mobilecms/s720x720_jfs/t5590/64/5811657380/234462/5398e856/5965e173N34179777.jpg!q70.jpg.webp","category":"真皮包","brand":"viney","spec":"{\"颜色\": \"黑色\"}","sold":22233,"commentCount":2223232,"isAD":false,"status":1}]
14:39:31:446 DEBUG 51555 --- [http-nio-8085-exec-2] com.hmall.api.client.itemClient          : [itemClient#queryItemByIds] <--- END HTTP (2055-byte body)
14:39:31:449 DEBUG 51555 --- [http-nio-8085-exec-2] c.hmall.trade.mapper.OrderMapper.insert  : ==>  Preparing: INSERT INTO `order` ( id, total_fee, payment_type, user_id, status ) VALUES ( ?, ?, ?, ?, ? )
14:39:31:450 DEBUG 51555 --- [http-nio-8085-exec-2] c.hmall.trade.mapper.OrderMapper.insert  : ==> Parameters: 1999368499664863233(Long), 863800(Integer), 3(Integer), 2(Long), 1(Integer)
14:39:31:587 DEBUG 51555 --- [http-nio-8085-exec-2] c.hmall.trade.mapper.OrderMapper.insert  : <==    Updates: 1
14:39:31:591 DEBUG 51555 --- [http-nio-8085-exec-2] c.h.t.mapper.OrderDetailMapper.insert    : ==>  Preparing: INSERT INTO order_detail ( order_id, item_id, num, name, spec, price, image ) VALUES ( ?, ?, ?, ?, ?, ?, ? )
14:39:31:592 DEBUG 51555 --- [http-nio-8085-exec-2] c.h.t.mapper.OrderDetailMapper.insert    : ==> Parameters: 1999368499664863233(Long), 2120808(Long), 1(Integer), 姬龙雪 guy laroche女包 GL经典手提包女牛皮大容量单肩包女欧美时尚包包女包GS1210001-06杏色(String), {}(String), 71800(Integer), https://m.360buyimg.com/mobilecms/s720x720_jfs/t30694/267/398774087/90954/6fc143cf/5bf25358N14dadbf7.jpg!q70.jpg.webp(String)
14:39:31:593 DEBUG 51555 --- [http-nio-8085-exec-2] c.h.t.mapper.OrderDetailMapper.insert    : ==> Parameters: 1999368499664863233(Long), 8533120(Long), 1(Integer), 海尔 （Haier ）LQ65H31 65英寸 4K曲面人工智能全面屏超高清LED液晶电视(String), {}(String), 379500(Integer), https://m.360buyimg.com/mobilecms/s720x720_jfs/t1/2851/14/13998/101463/5bd9723cE81b2c299/1bfdf2d1628648e4.jpg!q70.jpg.webp(String)
14:39:31:594 DEBUG 51555 --- [http-nio-8085-exec-2] c.h.t.mapper.OrderDetailMapper.insert    : ==> Parameters: 1999368499664863233(Long), 14741770661(Long), 2(Integer), 康佳（KONKA） LED49UC3 49英寸超薄曲面36核4K HDR人工智能电视(String), {}(String), 144600(Integer), https://m.360buyimg.com/mobilecms/s720x720_jfs/t16477/84/2032772431/400946/2887be91/5a912776N7e343ec3.jpg!q70.jpg.webp(String)
14:39:31:595 DEBUG 51555 --- [http-nio-8085-exec-2] c.h.t.mapper.OrderDetailMapper.insert    : ==> Parameters: 1999368499664863233(Long), 40305713537(Long), 1(Integer), 【官方正品 品牌直营】奥古狮登小白鞋女秋季透气2018新款百搭韩版休闲鞋运动鞋女鞋厚底板鞋女 浅蓝【厚底】 41(String), {"颜色": "金色", "尺码": "41"}(String), 35400(Integer), https://m.360buyimg.com/mobilecms/s720x720_jfs/t1/14147/34/2890/275451/5c225484Ebd346404/e61513be4639ee2e.jpg!q70.jpg.webp(String)
14:39:31:595 DEBUG 51555 --- [http-nio-8085-exec-2] c.h.t.mapper.OrderDetailMapper.insert    : ==> Parameters: 1999368499664863233(Long), 100000004580(Long), 1(Integer), 薇妮(viney)女士单肩包 时尚牛皮女包百搭斜挎包女士手提大包(经典黑)(String), {"颜色": "黑色"}(String), 87900(Integer), https://m.360buyimg.com/mobilecms/s720x720_jfs/t5590/64/5811657380/234462/5398e856/5965e173N34179777.jpg!q70.jpg.webp(String)
14:39:32:010 DEBUG 51555 --- [http-nio-8085-exec-2] com.hmall.api.client.cartClient          : [cartClient#removeByItemIds] ---> DELETE http://cart-service/carts?ids=40305713537&ids=8533120&ids=100000004580&ids=2120808&ids=14741770661 HTTP/1.1
14:39:32:010 DEBUG 51555 --- [http-nio-8085-exec-2] com.hmall.api.client.cartClient          : [cartClient#removeByItemIds] user-info: 2
14:39:32:010 DEBUG 51555 --- [http-nio-8085-exec-2] com.hmall.api.client.cartClient          : [cartClient#removeByItemIds] ---> END HTTP (0-byte body)
14:39:32:232 DEBUG 51555 --- [http-nio-8085-exec-2] com.hmall.api.client.cartClient          : [cartClient#removeByItemIds] <--- HTTP/1.1 200  (221ms)
14:39:32:232 DEBUG 51555 --- [http-nio-8085-exec-2] com.hmall.api.client.cartClient          : [cartClient#removeByItemIds] connection: keep-alive
14:39:32:232 DEBUG 51555 --- [http-nio-8085-exec-2] com.hmall.api.client.cartClient          : [cartClient#removeByItemIds] content-length: 0
14:39:32:232 DEBUG 51555 --- [http-nio-8085-exec-2] com.hmall.api.client.cartClient          : [cartClient#removeByItemIds] date: Fri, 12 Dec 2025 06:39:32 GMT
14:39:32:232 DEBUG 51555 --- [http-nio-8085-exec-2] com.hmall.api.client.cartClient          : [cartClient#removeByItemIds] keep-alive: timeout=60
14:39:32:232 DEBUG 51555 --- [http-nio-8085-exec-2] com.hmall.api.client.cartClient          : [cartClient#removeByItemIds] <--- END HTTP (0-byte body)
14:39:32:233 DEBUG 51555 --- [http-nio-8085-exec-2] com.hmall.api.client.itemClient          : [itemClient#deductStock] ---> PUT http://item-service/items/stock/deduct HTTP/1.1
14:39:32:233 DEBUG 51555 --- [http-nio-8085-exec-2] com.hmall.api.client.itemClient          : [itemClient#deductStock] Content-Length: 159
14:39:32:234 DEBUG 51555 --- [http-nio-8085-exec-2] com.hmall.api.client.itemClient          : [itemClient#deductStock] Content-Type: application/json
14:39:32:234 DEBUG 51555 --- [http-nio-8085-exec-2] com.hmall.api.client.itemClient          : [itemClient#deductStock] user-info: 2
14:39:32:234 DEBUG 51555 --- [http-nio-8085-exec-2] com.hmall.api.client.itemClient          : [itemClient#deductStock] 
14:39:32:234 DEBUG 51555 --- [http-nio-8085-exec-2] com.hmall.api.client.itemClient          : [itemClient#deductStock] [{"itemId":"2120808","num":1},{"itemId":"8533120","num":1},{"itemId":"14741770661","num":2},{"itemId":"40305713537","num":1},{"itemId":"100000004580","num":1}]
14:39:32:234 DEBUG 51555 --- [http-nio-8085-exec-2] com.hmall.api.client.itemClient          : [itemClient#deductStock] ---> END HTTP (159-byte body)
14:39:32:866 DEBUG 51555 --- [http-nio-8085-exec-2] com.hmall.api.client.itemClient          : [itemClient#deductStock] <--- HTTP/1.1 500  (632ms)
14:39:32:866 DEBUG 51555 --- [http-nio-8085-exec-2] com.hmall.api.client.itemClient          : [itemClient#deductStock] connection: close
14:39:32:866 DEBUG 51555 --- [http-nio-8085-exec-2] com.hmall.api.client.itemClient          : [itemClient#deductStock] content-type: application/json
14:39:32:866 DEBUG 51555 --- [http-nio-8085-exec-2] com.hmall.api.client.itemClient          : [itemClient#deductStock] date: Fri, 12 Dec 2025 06:39:32 GMT
14:39:32:866 DEBUG 51555 --- [http-nio-8085-exec-2] com.hmall.api.client.itemClient          : [itemClient#deductStock] transfer-encoding: chunked
14:39:32:866 DEBUG 51555 --- [http-nio-8085-exec-2] com.hmall.api.client.itemClient          : [itemClient#deductStock] 
14:39:32:867 DEBUG 51555 --- [http-nio-8085-exec-2] com.hmall.api.client.itemClient          : [itemClient#deductStock] {"timestamp":"2025-12-12T06:39:32.864+00:00","status":500,"error":"Internal Server Error","path":"/items/stock/deduct"}
14:39:32:867 DEBUG 51555 --- [http-nio-8085-exec-2] com.hmall.api.client.itemClient          : [itemClient#deductStock] <--- END HTTP (119-byte body)
14:39:33:025 ERROR 51555 --- [http-nio-8085-exec-2] o.a.c.c.C.[.[.[/].[dispatcherServlet]    : Servlet.service() for servlet [dispatcherServlet] in context with path [] threw exception [Request processing failed; nested exception is java.lang.RuntimeException: 库存不足！] with root cause

java.lang.RuntimeException: 库存不足！
	at com.hmall.trade.service.impl.OrderServiceImpl.createOrder(OrderServiceImpl.java:83) ~[classes/:na]
	at com.hmall.trade.service.impl.OrderServiceImpl$$FastClassBySpringCGLIB$$863dd453.invoke(<generated>) ~[classes/:na]
	at org.springframework.cglib.proxy.MethodProxy.invoke(MethodProxy.java:218) ~[spring-core-5.3.27.jar:5.3.27]
	at org.springframework.aop.framework.CglibAopProxy$CglibMethodInvocation.invokeJoinpoint(CglibAopProxy.java:793) ~[spring-aop-5.3.27.jar:5.3.27]
	at org.springframework.aop.framework.ReflectiveMethodInvocation.proceed(ReflectiveMethodInvocation.java:163) ~[spring-aop-5.3.27.jar:5.3.27]
	at org.springframework.aop.framework.CglibAopProxy$CglibMethodInvocation.proceed(CglibAopProxy.java:763) ~[spring-aop-5.3.27.jar:5.3.27]
	at org.springframework.transaction.interceptor.TransactionInterceptor$1.proceedWithInvocation(TransactionInterceptor.java:123) ~[spring-tx-5.3.27.jar:5.3.27]
	at org.springframework.transaction.interceptor.TransactionAspectSupport.invokeWithinTransaction(TransactionAspectSupport.java:388) ~[spring-tx-5.3.27.jar:5.3.27]
	at org.springframework.transaction.interceptor.TransactionInterceptor.invoke(TransactionInterceptor.java:119) ~[spring-tx-5.3.27.jar:5.3.27]
	at org.springframework.aop.framework.ReflectiveMethodInvocation.proceed(ReflectiveMethodInvocation.java:186) ~[spring-aop-5.3.27.jar:5.3.27]
	at org.springframework.aop.framework.CglibAopProxy$CglibMethodInvocation.proceed(CglibAopProxy.java:763) ~[spring-aop-5.3.27.jar:5.3.27]
	at org.springframework.aop.framework.CglibAopProxy$DynamicAdvisedInterceptor.intercept(CglibAopProxy.java:708) ~[spring-aop-5.3.27.jar:5.3.27]
	at com.hmall.trade.service.impl.OrderServiceImpl$$EnhancerBySpringCGLIB$$15a6127e.createOrder(<generated>) ~[classes/:na]
	at com.hmall.trade.controller.OrderController.createOrder(OrderController.java:30) ~[classes/:na]
	at java.base/jdk.internal.reflect.NativeMethodAccessorImpl.invoke0(Native Method) ~[na:na]
	at java.base/jdk.internal.reflect.NativeMethodAccessorImpl.invoke(NativeMethodAccessorImpl.java:62) ~[na:na]
	at java.base/jdk.internal.reflect.DelegatingMethodAccessorImpl.invoke(DelegatingMethodAccessorImpl.java:43) ~[na:na]
	at java.base/java.lang.reflect.Method.invoke(Method.java:566) ~[na:na]
	at org.springframework.web.method.support.InvocableHandlerMethod.doInvoke(InvocableHandlerMethod.java:205) ~[spring-web-5.3.27.jar:5.3.27]
	at org.springframework.web.method.support.InvocableHandlerMethod.invokeForRequest(InvocableHandlerMethod.java:150) ~[spring-web-5.3.27.jar:5.3.27]
	at org.springframework.web.servlet.mvc.method.annotation.ServletInvocableHandlerMethod.invokeAndHandle(ServletInvocableHandlerMethod.java:117) ~[spring-webmvc-5.3.27.jar:5.3.27]
	at org.springframework.web.servlet.mvc.method.annotation.RequestMappingHandlerAdapter.invokeHandlerMethod(RequestMappingHandlerAdapter.java:895) ~[spring-webmvc-5.3.27.jar:5.3.27]
	at org.springframework.web.servlet.mvc.method.annotation.RequestMappingHandlerAdapter.handleInternal(RequestMappingHandlerAdapter.java:808) ~[spring-webmvc-5.3.27.jar:5.3.27]
	at org.springframework.web.servlet.mvc.method.AbstractHandlerMethodAdapter.handle(AbstractHandlerMethodAdapter.java:87) ~[spring-webmvc-5.3.27.jar:5.3.27]
	at org.springframework.web.servlet.DispatcherServlet.doDispatch(DispatcherServlet.java:1072) ~[spring-webmvc-5.3.27.jar:5.3.27]
	at org.springframework.web.servlet.DispatcherServlet.doService(DispatcherServlet.java:965) ~[spring-webmvc-5.3.27.jar:5.3.27]
	at org.springframework.web.servlet.FrameworkServlet.processRequest(FrameworkServlet.java:1006) ~[spring-webmvc-5.3.27.jar:5.3.27]
	at org.springframework.web.servlet.FrameworkServlet.doPost(FrameworkServlet.java:909) ~[spring-webmvc-5.3.27.jar:5.3.27]
	at javax.servlet.http.HttpServlet.service(HttpServlet.java:555) ~[tomcat-embed-core-9.0.75.jar:4.0.FR]
	at org.springframework.web.servlet.FrameworkServlet.service(FrameworkServlet.java:883) ~[spring-webmvc-5.3.27.jar:5.3.27]
	at javax.servlet.http.HttpServlet.service(HttpServlet.java:623) ~[tomcat-embed-core-9.0.75.jar:4.0.FR]
	at org.apache.catalina.core.ApplicationFilterChain.internalDoFilter(ApplicationFilterChain.java:209) ~[tomcat-embed-core-9.0.75.jar:9.0.75]
	at org.apache.catalina.core.ApplicationFilterChain.doFilter(ApplicationFilterChain.java:153) ~[tomcat-embed-core-9.0.75.jar:9.0.75]
	at org.apache.tomcat.websocket.server.WsFilter.doFilter(WsFilter.java:51) ~[tomcat-embed-websocket-9.0.75.jar:9.0.75]
	at org.apache.catalina.core.ApplicationFilterChain.internalDoFilter(ApplicationFilterChain.java:178) ~[tomcat-embed-core-9.0.75.jar:9.0.75]
	at org.apache.catalina.core.ApplicationFilterChain.doFilter(ApplicationFilterChain.java:153) ~[tomcat-embed-core-9.0.75.jar:9.0.75]
	at org.springframework.web.filter.RequestContextFilter.doFilterInternal(RequestContextFilter.java:100) ~[spring-web-5.3.27.jar:5.3.27]
	at org.springframework.web.filter.OncePerRequestFilter.doFilter(OncePerRequestFilter.java:117) ~[spring-web-5.3.27.jar:5.3.27]
	at org.apache.catalina.core.ApplicationFilterChain.internalDoFilter(ApplicationFilterChain.java:178) ~[tomcat-embed-core-9.0.75.jar:9.0.75]
	at org.apache.catalina.core.ApplicationFilterChain.doFilter(ApplicationFilterChain.java:153) ~[tomcat-embed-core-9.0.75.jar:9.0.75]
	at org.springframework.web.filter.FormContentFilter.doFilterInternal(FormContentFilter.java:93) ~[spring-web-5.3.27.jar:5.3.27]
	at org.springframework.web.filter.OncePerRequestFilter.doFilter(OncePerRequestFilter.java:117) ~[spring-web-5.3.27.jar:5.3.27]
	at org.apache.catalina.core.ApplicationFilterChain.internalDoFilter(ApplicationFilterChain.java:178) ~[tomcat-embed-core-9.0.75.jar:9.0.75]
	at org.apache.catalina.core.ApplicationFilterChain.doFilter(ApplicationFilterChain.java:153) ~[tomcat-embed-core-9.0.75.jar:9.0.75]
	at org.springframework.boot.actuate.metrics.web.servlet.WebMvcMetricsFilter.doFilterInternal(WebMvcMetricsFilter.java:96) ~[spring-boot-actuator-2.7.12.jar:2.7.12]
	at org.springframework.web.filter.OncePerRequestFilter.doFilter(OncePerRequestFilter.java:117) ~[spring-web-5.3.27.jar:5.3.27]
	at org.apache.catalina.core.ApplicationFilterChain.internalDoFilter(ApplicationFilterChain.java:178) ~[tomcat-embed-core-9.0.75.jar:9.0.75]
	at org.apache.catalina.core.ApplicationFilterChain.doFilter(ApplicationFilterChain.java:153) ~[tomcat-embed-core-9.0.75.jar:9.0.75]
	at org.springframework.web.filter.CharacterEncodingFilter.doFilterInternal(CharacterEncodingFilter.java:201) ~[spring-web-5.3.27.jar:5.3.27]
	at org.springframework.web.filter.OncePerRequestFilter.doFilter(OncePerRequestFilter.java:117) ~[spring-web-5.3.27.jar:5.3.27]
	at org.apache.catalina.core.ApplicationFilterChain.internalDoFilter(ApplicationFilterChain.java:178) ~[tomcat-embed-core-9.0.75.jar:9.0.75]
	at org.apache.catalina.core.ApplicationFilterChain.doFilter(ApplicationFilterChain.java:153) ~[tomcat-embed-core-9.0.75.jar:9.0.75]
	at org.apache.catalina.core.StandardWrapperValve.invoke(StandardWrapperValve.java:167) ~[tomcat-embed-core-9.0.75.jar:9.0.75]
	at org.apache.catalina.core.StandardContextValve.invoke(StandardContextValve.java:90) ~[tomcat-embed-core-9.0.75.jar:9.0.75]
	at org.apache.catalina.authenticator.AuthenticatorBase.invoke(AuthenticatorBase.java:481) ~[tomcat-embed-core-9.0.75.jar:9.0.75]
	at org.apache.catalina.core.StandardHostValve.invoke(StandardHostValve.java:130) ~[tomcat-embed-core-9.0.75.jar:9.0.75]
	at org.apache.catalina.valves.ErrorReportValve.invoke(ErrorReportValve.java:93) ~[tomcat-embed-core-9.0.75.jar:9.0.75]
	at org.apache.catalina.core.StandardEngineValve.invoke(StandardEngineValve.java:74) ~[tomcat-embed-core-9.0.75.jar:9.0.75]
	at org.apache.catalina.connector.CoyoteAdapter.service(CoyoteAdapter.java:343) ~[tomcat-embed-core-9.0.75.jar:9.0.75]
	at org.apache.coyote.http11.Http11Processor.service(Http11Processor.java:390) ~[tomcat-embed-core-9.0.75.jar:9.0.75]
	at org.apache.coyote.AbstractProcessorLight.process(AbstractProcessorLight.java:63) ~[tomcat-embed-core-9.0.75.jar:9.0.75]
	at org.apache.coyote.AbstractProtocol$ConnectionHandler.process(AbstractProtocol.java:926) ~[tomcat-embed-core-9.0.75.jar:9.0.75]
	at org.apache.tomcat.util.net.NioEndpoint$SocketProcessor.doRun(NioEndpoint.java:1791) ~[tomcat-embed-core-9.0.75.jar:9.0.75]
	at org.apache.tomcat.util.net.SocketProcessorBase.run(SocketProcessorBase.java:52) ~[tomcat-embed-core-9.0.75.jar:9.0.75]
	at org.apache.tomcat.util.threads.ThreadPoolExecutor.runWorker(ThreadPoolExecutor.java:1191) ~[tomcat-embed-core-9.0.75.jar:9.0.75]
	at org.apache.tomcat.util.threads.ThreadPoolExecutor$Worker.run(ThreadPoolExecutor.java:659) ~[tomcat-embed-core-9.0.75.jar:9.0.75]
	at org.apache.tomcat.util.threads.TaskThread$WrappingRunnable.run(TaskThread.java:61) ~[tomcat-embed-core-9.0.75.jar:9.0.75]
	at java.base/java.lang.Thread.run(Thread.java:829) ~[na:na]

14:39:33:035  INFO 51555 --- [http-nio-8085-exec-2] c.h.common.config.UserinfoInterceptor    : =================================================
14:39:33:035  INFO 51555 --- [http-nio-8085-exec-2] c.h.common.config.UserinfoInterceptor    : >>>>> 拦截器启动！当前路径: /error
14:39:33:035  INFO 51555 --- [http-nio-8085-exec-2] c.h.common.config.UserinfoInterceptor    : >>>>> 获取到的 user-info 头信息: 2
14:39:33:035  INFO 51555 --- [http-nio-8085-exec-2] c.h.common.config.UserinfoInterceptor    : =================================================
14:43:37:063  INFO 51555 --- [http-nio-8085-exec-3] c.h.common.config.UserinfoInterceptor    : =================================================
14:43:37:064  INFO 51555 --- [http-nio-8085-exec-3] c.h.common.config.UserinfoInterceptor    : >>>>> 拦截器启动！当前路径: /orders
14:43:37:064  INFO 51555 --- [http-nio-8085-exec-3] c.h.common.config.UserinfoInterceptor    : >>>>> 获取到的 user-info 头信息: 2
14:43:37:064  INFO 51555 --- [http-nio-8085-exec-3] c.h.common.config.UserinfoInterceptor    : =================================================
14:43:37:209 DEBUG 51555 --- [http-nio-8085-exec-3] com.hmall.api.client.itemClient          : [itemClient#queryItemByIds] ---> GET http://item-service/items?ids=40305713537&ids=8533120&ids=100000004580&ids=2120808&ids=14741770661 HTTP/1.1
14:43:37:209 DEBUG 51555 --- [http-nio-8085-exec-3] com.hmall.api.client.itemClient          : [itemClient#queryItemByIds] user-info: 2
14:43:37:209 DEBUG 51555 --- [http-nio-8085-exec-3] com.hmall.api.client.itemClient          : [itemClient#queryItemByIds] ---> END HTTP (0-byte body)
14:43:37:462 DEBUG 51555 --- [http-nio-8085-exec-3] com.hmall.api.client.itemClient          : [itemClient#queryItemByIds] <--- HTTP/1.1 200  (252ms)
14:43:37:463 DEBUG 51555 --- [http-nio-8085-exec-3] com.hmall.api.client.itemClient          : [itemClient#queryItemByIds] connection: keep-alive
14:43:37:463 DEBUG 51555 --- [http-nio-8085-exec-3] com.hmall.api.client.itemClient          : [itemClient#queryItemByIds] content-type: application/json
14:43:37:463 DEBUG 51555 --- [http-nio-8085-exec-3] com.hmall.api.client.itemClient          : [itemClient#queryItemByIds] date: Fri, 12 Dec 2025 06:43:37 GMT
14:43:37:463 DEBUG 51555 --- [http-nio-8085-exec-3] com.hmall.api.client.itemClient          : [itemClient#queryItemByIds] keep-alive: timeout=60
14:43:37:463 DEBUG 51555 --- [http-nio-8085-exec-3] com.hmall.api.client.itemClient          : [itemClient#queryItemByIds] transfer-encoding: chunked
14:43:37:463 DEBUG 51555 --- [http-nio-8085-exec-3] com.hmall.api.client.itemClient          : [itemClient#queryItemByIds] 
14:43:37:463 DEBUG 51555 --- [http-nio-8085-exec-3] com.hmall.api.client.itemClient          : [itemClient#queryItemByIds] [{"id":"2120808","name":"姬龙雪 guy laroche女包 GL经典手提包女牛皮大容量单肩包女欧美时尚包包女包GS1210001-06杏色","price":71800,"stock":0,"image":"https://m.360buyimg.com/mobilecms/s720x720_jfs/t30694/267/398774087/90954/6fc143cf/5bf25358N14dadbf7.jpg!q70.jpg.webp","category":"真皮包","brand":"姬龙雪","spec":"{}","sold":0,"commentCount":0,"isAD":false,"status":1},{"id":"8533120","name":"海尔 （Haier ）LQ65H31 65英寸 4K曲面人工智能全面屏超高清LED液晶电视","price":379500,"stock":9998,"image":"https://m.360buyimg.com/mobilecms/s720x720_jfs/t1/2851/14/13998/101463/5bd9723cE81b2c299/1bfdf2d1628648e4.jpg!q70.jpg.webp","category":"曲面电视","brand":"海尔","spec":"{}","sold":0,"commentCount":0,"isAD":false,"status":1},{"id":"14741770661","name":"康佳（KONKA） LED49UC3 49英寸超薄曲面36核4K HDR人工智能电视","price":144600,"stock":9996,"image":"https://m.360buyimg.com/mobilecms/s720x720_jfs/t16477/84/2032772431/400946/2887be91/5a912776N7e343ec3.jpg!q70.jpg.webp","category":"曲面电视","brand":"康佳","spec":"{}","sold":0,"commentCount":0,"isAD":false,"status":1},{"id":"40305713537","name":"【官方正品 品牌直营】奥古狮登小白鞋女秋季透气2018新款百搭韩版休闲鞋运动鞋女鞋厚底板鞋女 浅蓝【厚底】 41","price":35400,"stock":9998,"image":"https://m.360buyimg.com/mobilecms/s720x720_jfs/t1/14147/34/2890/275451/5c225484Ebd346404/e61513be4639ee2e.jpg!q70.jpg.webp","category":"休闲鞋","brand":"奥古狮登","spec":"{\"颜色\": \"金色\", \"尺码\": \"41\"}","sold":0,"commentCount":0,"isAD":false,"status":1},{"id":"100000004580","name":"薇妮(viney)女士单肩包 时尚牛皮女包百搭斜挎包女士手提大包(经典黑)","price":87900,"stock":9994,"image":"https://m.360buyimg.com/mobilecms/s720x720_jfs/t5590/64/5811657380/234462/5398e856/5965e173N34179777.jpg!q70.jpg.webp","category":"真皮包","brand":"viney","spec":"{\"颜色\": \"黑色\"}","sold":22233,"commentCount":2223232,"isAD":false,"status":1}]
14:43:37:463 DEBUG 51555 --- [http-nio-8085-exec-3] com.hmall.api.client.itemClient          : [itemClient#queryItemByIds] <--- END HTTP (2055-byte body)
14:43:37:466 DEBUG 51555 --- [http-nio-8085-exec-3] c.hmall.trade.mapper.OrderMapper.insert  : ==>  Preparing: INSERT INTO `order` ( id, total_fee, payment_type, user_id, status ) VALUES ( ?, ?, ?, ?, ? )
14:43:37:467 DEBUG 51555 --- [http-nio-8085-exec-3] c.hmall.trade.mapper.OrderMapper.insert  : ==> Parameters: 1999369531539144706(Long), 863800(Integer), 3(Integer), 2(Long), 1(Integer)
14:43:37:608 DEBUG 51555 --- [http-nio-8085-exec-3] c.hmall.trade.mapper.OrderMapper.insert  : <==    Updates: 1
14:43:37:610 DEBUG 51555 --- [http-nio-8085-exec-3] c.h.t.mapper.OrderDetailMapper.insert    : ==>  Preparing: INSERT INTO order_detail ( order_id, item_id, num, name, spec, price, image ) VALUES ( ?, ?, ?, ?, ?, ?, ? )
14:43:37:611 DEBUG 51555 --- [http-nio-8085-exec-3] c.h.t.mapper.OrderDetailMapper.insert    : ==> Parameters: 1999369531539144706(Long), 2120808(Long), 1(Integer), 姬龙雪 guy laroche女包 GL经典手提包女牛皮大容量单肩包女欧美时尚包包女包GS1210001-06杏色(String), {}(String), 71800(Integer), https://m.360buyimg.com/mobilecms/s720x720_jfs/t30694/267/398774087/90954/6fc143cf/5bf25358N14dadbf7.jpg!q70.jpg.webp(String)
14:43:37:612 DEBUG 51555 --- [http-nio-8085-exec-3] c.h.t.mapper.OrderDetailMapper.insert    : ==> Parameters: 1999369531539144706(Long), 8533120(Long), 1(Integer), 海尔 （Haier ）LQ65H31 65英寸 4K曲面人工智能全面屏超高清LED液晶电视(String), {}(String), 379500(Integer), https://m.360buyimg.com/mobilecms/s720x720_jfs/t1/2851/14/13998/101463/5bd9723cE81b2c299/1bfdf2d1628648e4.jpg!q70.jpg.webp(String)
14:43:37:614 DEBUG 51555 --- [http-nio-8085-exec-3] c.h.t.mapper.OrderDetailMapper.insert    : ==> Parameters: 1999369531539144706(Long), 14741770661(Long), 2(Integer), 康佳（KONKA） LED49UC3 49英寸超薄曲面36核4K HDR人工智能电视(String), {}(String), 144600(Integer), https://m.360buyimg.com/mobilecms/s720x720_jfs/t16477/84/2032772431/400946/2887be91/5a912776N7e343ec3.jpg!q70.jpg.webp(String)
14:43:37:614 DEBUG 51555 --- [http-nio-8085-exec-3] c.h.t.mapper.OrderDetailMapper.insert    : ==> Parameters: 1999369531539144706(Long), 40305713537(Long), 1(Integer), 【官方正品 品牌直营】奥古狮登小白鞋女秋季透气2018新款百搭韩版休闲鞋运动鞋女鞋厚底板鞋女 浅蓝【厚底】 41(String), {"颜色": "金色", "尺码": "41"}(String), 35400(Integer), https://m.360buyimg.com/mobilecms/s720x720_jfs/t1/14147/34/2890/275451/5c225484Ebd346404/e61513be4639ee2e.jpg!q70.jpg.webp(String)
14:43:37:615 DEBUG 51555 --- [http-nio-8085-exec-3] c.h.t.mapper.OrderDetailMapper.insert    : ==> Parameters: 1999369531539144706(Long), 100000004580(Long), 1(Integer), 薇妮(viney)女士单肩包 时尚牛皮女包百搭斜挎包女士手提大包(经典黑)(String), {"颜色": "黑色"}(String), 87900(Integer), https://m.360buyimg.com/mobilecms/s720x720_jfs/t5590/64/5811657380/234462/5398e856/5965e173N34179777.jpg!q70.jpg.webp(String)
14:43:38:034 DEBUG 51555 --- [http-nio-8085-exec-3] com.hmall.api.client.cartClient          : [cartClient#removeByItemIds] ---> DELETE http://cart-service/carts?ids=40305713537&ids=8533120&ids=100000004580&ids=2120808&ids=14741770661 HTTP/1.1
14:43:38:035 DEBUG 51555 --- [http-nio-8085-exec-3] com.hmall.api.client.cartClient          : [cartClient#removeByItemIds] user-info: 2
14:43:38:035 DEBUG 51555 --- [http-nio-8085-exec-3] com.hmall.api.client.cartClient          : [cartClient#removeByItemIds] ---> END HTTP (0-byte body)
14:43:38:264 DEBUG 51555 --- [http-nio-8085-exec-3] com.hmall.api.client.cartClient          : [cartClient#removeByItemIds] <--- HTTP/1.1 200  (228ms)
14:43:38:265 DEBUG 51555 --- [http-nio-8085-exec-3] com.hmall.api.client.cartClient          : [cartClient#removeByItemIds] connection: keep-alive
14:43:38:265 DEBUG 51555 --- [http-nio-8085-exec-3] com.hmall.api.client.cartClient          : [cartClient#removeByItemIds] content-length: 0
14:43:38:265 DEBUG 51555 --- [http-nio-8085-exec-3] com.hmall.api.client.cartClient          : [cartClient#removeByItemIds] date: Fri, 12 Dec 2025 06:43:38 GMT
14:43:38:265 DEBUG 51555 --- [http-nio-8085-exec-3] com.hmall.api.client.cartClient          : [cartClient#removeByItemIds] keep-alive: timeout=60
14:43:38:265 DEBUG 51555 --- [http-nio-8085-exec-3] com.hmall.api.client.cartClient          : [cartClient#removeByItemIds] <--- END HTTP (0-byte body)
14:43:38:266 DEBUG 51555 --- [http-nio-8085-exec-3] com.hmall.api.client.itemClient          : [itemClient#deductStock] ---> PUT http://item-service/items/stock/deduct HTTP/1.1
14:43:38:266 DEBUG 51555 --- [http-nio-8085-exec-3] com.hmall.api.client.itemClient          : [itemClient#deductStock] Content-Length: 159
14:43:38:266 DEBUG 51555 --- [http-nio-8085-exec-3] com.hmall.api.client.itemClient          : [itemClient#deductStock] Content-Type: application/json
14:43:38:266 DEBUG 51555 --- [http-nio-8085-exec-3] com.hmall.api.client.itemClient          : [itemClient#deductStock] user-info: 2
14:43:38:266 DEBUG 51555 --- [http-nio-8085-exec-3] com.hmall.api.client.itemClient          : [itemClient#deductStock] 
14:43:38:266 DEBUG 51555 --- [http-nio-8085-exec-3] com.hmall.api.client.itemClient          : [itemClient#deductStock] [{"itemId":"2120808","num":1},{"itemId":"8533120","num":1},{"itemId":"14741770661","num":2},{"itemId":"40305713537","num":1},{"itemId":"100000004580","num":1}]
14:43:38:266 DEBUG 51555 --- [http-nio-8085-exec-3] com.hmall.api.client.itemClient          : [itemClient#deductStock] ---> END HTTP (159-byte body)
14:43:38:801 DEBUG 51555 --- [http-nio-8085-exec-3] com.hmall.api.client.itemClient          : [itemClient#deductStock] <--- HTTP/1.1 500  (534ms)
14:43:38:801 DEBUG 51555 --- [http-nio-8085-exec-3] com.hmall.api.client.itemClient          : [itemClient#deductStock] connection: close
14:43:38:801 DEBUG 51555 --- [http-nio-8085-exec-3] com.hmall.api.client.itemClient          : [itemClient#deductStock] content-type: application/json
14:43:38:801 DEBUG 51555 --- [http-nio-8085-exec-3] com.hmall.api.client.itemClient          : [itemClient#deductStock] date: Fri, 12 Dec 2025 06:43:38 GMT
14:43:38:801 DEBUG 51555 --- [http-nio-8085-exec-3] com.hmall.api.client.itemClient          : [itemClient#deductStock] transfer-encoding: chunked
14:43:38:801 DEBUG 51555 --- [http-nio-8085-exec-3] com.hmall.api.client.itemClient          : [itemClient#deductStock] 
14:43:38:802 DEBUG 51555 --- [http-nio-8085-exec-3] com.hmall.api.client.itemClient          : [itemClient#deductStock] {"timestamp":"2025-12-12T06:43:38.799+00:00","status":500,"error":"Internal Server Error","path":"/items/stock/deduct"}
14:43:38:802 DEBUG 51555 --- [http-nio-8085-exec-3] com.hmall.api.client.itemClient          : [itemClient#deductStock] <--- END HTTP (119-byte body)
14:43:38:943 ERROR 51555 --- [http-nio-8085-exec-3] o.a.c.c.C.[.[.[/].[dispatcherServlet]    : Servlet.service() for servlet [dispatcherServlet] in context with path [] threw exception [Request processing failed; nested exception is java.lang.RuntimeException: 库存不足！] with root cause

java.lang.RuntimeException: 库存不足！
	at com.hmall.trade.service.impl.OrderServiceImpl.createOrder(OrderServiceImpl.java:83) ~[classes/:na]
	at com.hmall.trade.service.impl.OrderServiceImpl$$FastClassBySpringCGLIB$$863dd453.invoke(<generated>) ~[classes/:na]
	at org.springframework.cglib.proxy.MethodProxy.invoke(MethodProxy.java:218) ~[spring-core-5.3.27.jar:5.3.27]
	at org.springframework.aop.framework.CglibAopProxy$CglibMethodInvocation.invokeJoinpoint(CglibAopProxy.java:793) ~[spring-aop-5.3.27.jar:5.3.27]
	at org.springframework.aop.framework.ReflectiveMethodInvocation.proceed(ReflectiveMethodInvocation.java:163) ~[spring-aop-5.3.27.jar:5.3.27]
	at org.springframework.aop.framework.CglibAopProxy$CglibMethodInvocation.proceed(CglibAopProxy.java:763) ~[spring-aop-5.3.27.jar:5.3.27]
	at org.springframework.transaction.interceptor.TransactionInterceptor$1.proceedWithInvocation(TransactionInterceptor.java:123) ~[spring-tx-5.3.27.jar:5.3.27]
	at org.springframework.transaction.interceptor.TransactionAspectSupport.invokeWithinTransaction(TransactionAspectSupport.java:388) ~[spring-tx-5.3.27.jar:5.3.27]
	at org.springframework.transaction.interceptor.TransactionInterceptor.invoke(TransactionInterceptor.java:119) ~[spring-tx-5.3.27.jar:5.3.27]
	at org.springframework.aop.framework.ReflectiveMethodInvocation.proceed(ReflectiveMethodInvocation.java:186) ~[spring-aop-5.3.27.jar:5.3.27]
	at org.springframework.aop.framework.CglibAopProxy$CglibMethodInvocation.proceed(CglibAopProxy.java:763) ~[spring-aop-5.3.27.jar:5.3.27]
	at org.springframework.aop.framework.CglibAopProxy$DynamicAdvisedInterceptor.intercept(CglibAopProxy.java:708) ~[spring-aop-5.3.27.jar:5.3.27]
	at com.hmall.trade.service.impl.OrderServiceImpl$$EnhancerBySpringCGLIB$$15a6127e.createOrder(<generated>) ~[classes/:na]
	at com.hmall.trade.controller.OrderController.createOrder(OrderController.java:30) ~[classes/:na]
	at java.base/jdk.internal.reflect.NativeMethodAccessorImpl.invoke0(Native Method) ~[na:na]
	at java.base/jdk.internal.reflect.NativeMethodAccessorImpl.invoke(NativeMethodAccessorImpl.java:62) ~[na:na]
	at java.base/jdk.internal.reflect.DelegatingMethodAccessorImpl.invoke(DelegatingMethodAccessorImpl.java:43) ~[na:na]
	at java.base/java.lang.reflect.Method.invoke(Method.java:566) ~[na:na]
	at org.springframework.web.method.support.InvocableHandlerMethod.doInvoke(InvocableHandlerMethod.java:205) ~[spring-web-5.3.27.jar:5.3.27]
	at org.springframework.web.method.support.InvocableHandlerMethod.invokeForRequest(InvocableHandlerMethod.java:150) ~[spring-web-5.3.27.jar:5.3.27]
	at org.springframework.web.servlet.mvc.method.annotation.ServletInvocableHandlerMethod.invokeAndHandle(ServletInvocableHandlerMethod.java:117) ~[spring-webmvc-5.3.27.jar:5.3.27]
	at org.springframework.web.servlet.mvc.method.annotation.RequestMappingHandlerAdapter.invokeHandlerMethod(RequestMappingHandlerAdapter.java:895) ~[spring-webmvc-5.3.27.jar:5.3.27]
	at org.springframework.web.servlet.mvc.method.annotation.RequestMappingHandlerAdapter.handleInternal(RequestMappingHandlerAdapter.java:808) ~[spring-webmvc-5.3.27.jar:5.3.27]
	at org.springframework.web.servlet.mvc.method.AbstractHandlerMethodAdapter.handle(AbstractHandlerMethodAdapter.java:87) ~[spring-webmvc-5.3.27.jar:5.3.27]
	at org.springframework.web.servlet.DispatcherServlet.doDispatch(DispatcherServlet.java:1072) ~[spring-webmvc-5.3.27.jar:5.3.27]
	at org.springframework.web.servlet.DispatcherServlet.doService(DispatcherServlet.java:965) ~[spring-webmvc-5.3.27.jar:5.3.27]
	at org.springframework.web.servlet.FrameworkServlet.processRequest(FrameworkServlet.java:1006) ~[spring-webmvc-5.3.27.jar:5.3.27]
	at org.springframework.web.servlet.FrameworkServlet.doPost(FrameworkServlet.java:909) ~[spring-webmvc-5.3.27.jar:5.3.27]
	at javax.servlet.http.HttpServlet.service(HttpServlet.java:555) ~[tomcat-embed-core-9.0.75.jar:4.0.FR]
	at org.springframework.web.servlet.FrameworkServlet.service(FrameworkServlet.java:883) ~[spring-webmvc-5.3.27.jar:5.3.27]
	at javax.servlet.http.HttpServlet.service(HttpServlet.java:623) ~[tomcat-embed-core-9.0.75.jar:4.0.FR]
	at org.apache.catalina.core.ApplicationFilterChain.internalDoFilter(ApplicationFilterChain.java:209) ~[tomcat-embed-core-9.0.75.jar:9.0.75]
	at org.apache.catalina.core.ApplicationFilterChain.doFilter(ApplicationFilterChain.java:153) ~[tomcat-embed-core-9.0.75.jar:9.0.75]
	at org.apache.tomcat.websocket.server.WsFilter.doFilter(WsFilter.java:51) ~[tomcat-embed-websocket-9.0.75.jar:9.0.75]
	at org.apache.catalina.core.ApplicationFilterChain.internalDoFilter(ApplicationFilterChain.java:178) ~[tomcat-embed-core-9.0.75.jar:9.0.75]
	at org.apache.catalina.core.ApplicationFilterChain.doFilter(ApplicationFilterChain.java:153) ~[tomcat-embed-core-9.0.75.jar:9.0.75]
	at org.springframework.web.filter.RequestContextFilter.doFilterInternal(RequestContextFilter.java:100) ~[spring-web-5.3.27.jar:5.3.27]
	at org.springframework.web.filter.OncePerRequestFilter.doFilter(OncePerRequestFilter.java:117) ~[spring-web-5.3.27.jar:5.3.27]
	at org.apache.catalina.core.ApplicationFilterChain.internalDoFilter(ApplicationFilterChain.java:178) ~[tomcat-embed-core-9.0.75.jar:9.0.75]
	at org.apache.catalina.core.ApplicationFilterChain.doFilter(ApplicationFilterChain.java:153) ~[tomcat-embed-core-9.0.75.jar:9.0.75]
	at org.springframework.web.filter.FormContentFilter.doFilterInternal(FormContentFilter.java:93) ~[spring-web-5.3.27.jar:5.3.27]
	at org.springframework.web.filter.OncePerRequestFilter.doFilter(OncePerRequestFilter.java:117) ~[spring-web-5.3.27.jar:5.3.27]
	at org.apache.catalina.core.ApplicationFilterChain.internalDoFilter(ApplicationFilterChain.java:178) ~[tomcat-embed-core-9.0.75.jar:9.0.75]
	at org.apache.catalina.core.ApplicationFilterChain.doFilter(ApplicationFilterChain.java:153) ~[tomcat-embed-core-9.0.75.jar:9.0.75]
	at org.springframework.boot.actuate.metrics.web.servlet.WebMvcMetricsFilter.doFilterInternal(WebMvcMetricsFilter.java:96) ~[spring-boot-actuator-2.7.12.jar:2.7.12]
	at org.springframework.web.filter.OncePerRequestFilter.doFilter(OncePerRequestFilter.java:117) ~[spring-web-5.3.27.jar:5.3.27]
	at org.apache.catalina.core.ApplicationFilterChain.internalDoFilter(ApplicationFilterChain.java:178) ~[tomcat-embed-core-9.0.75.jar:9.0.75]
	at org.apache.catalina.core.ApplicationFilterChain.doFilter(ApplicationFilterChain.java:153) ~[tomcat-embed-core-9.0.75.jar:9.0.75]
	at org.springframework.web.filter.CharacterEncodingFilter.doFilterInternal(CharacterEncodingFilter.java:201) ~[spring-web-5.3.27.jar:5.3.27]
	at org.springframework.web.filter.OncePerRequestFilter.doFilter(OncePerRequestFilter.java:117) ~[spring-web-5.3.27.jar:5.3.27]
	at org.apache.catalina.core.ApplicationFilterChain.internalDoFilter(ApplicationFilterChain.java:178) ~[tomcat-embed-core-9.0.75.jar:9.0.75]
	at org.apache.catalina.core.ApplicationFilterChain.doFilter(ApplicationFilterChain.java:153) ~[tomcat-embed-core-9.0.75.jar:9.0.75]
	at org.apache.catalina.core.StandardWrapperValve.invoke(StandardWrapperValve.java:167) ~[tomcat-embed-core-9.0.75.jar:9.0.75]
	at org.apache.catalina.core.StandardContextValve.invoke(StandardContextValve.java:90) ~[tomcat-embed-core-9.0.75.jar:9.0.75]
	at org.apache.catalina.authenticator.AuthenticatorBase.invoke(AuthenticatorBase.java:481) ~[tomcat-embed-core-9.0.75.jar:9.0.75]
	at org.apache.catalina.core.StandardHostValve.invoke(StandardHostValve.java:130) ~[tomcat-embed-core-9.0.75.jar:9.0.75]
	at org.apache.catalina.valves.ErrorReportValve.invoke(ErrorReportValve.java:93) ~[tomcat-embed-core-9.0.75.jar:9.0.75]
	at org.apache.catalina.core.StandardEngineValve.invoke(StandardEngineValve.java:74) ~[tomcat-embed-core-9.0.75.jar:9.0.75]
	at org.apache.catalina.connector.CoyoteAdapter.service(CoyoteAdapter.java:343) ~[tomcat-embed-core-9.0.75.jar:9.0.75]
	at org.apache.coyote.http11.Http11Processor.service(Http11Processor.java:390) ~[tomcat-embed-core-9.0.75.jar:9.0.75]
	at org.apache.coyote.AbstractProcessorLight.process(AbstractProcessorLight.java:63) ~[tomcat-embed-core-9.0.75.jar:9.0.75]
	at org.apache.coyote.AbstractProtocol$ConnectionHandler.process(AbstractProtocol.java:926) ~[tomcat-embed-core-9.0.75.jar:9.0.75]
	at org.apache.tomcat.util.net.NioEndpoint$SocketProcessor.doRun(NioEndpoint.java:1791) ~[tomcat-embed-core-9.0.75.jar:9.0.75]
	at org.apache.tomcat.util.net.SocketProcessorBase.run(SocketProcessorBase.java:52) ~[tomcat-embed-core-9.0.75.jar:9.0.75]
	at org.apache.tomcat.util.threads.ThreadPoolExecutor.runWorker(ThreadPoolExecutor.java:1191) ~[tomcat-embed-core-9.0.75.jar:9.0.75]
	at org.apache.tomcat.util.threads.ThreadPoolExecutor$Worker.run(ThreadPoolExecutor.java:659) ~[tomcat-embed-core-9.0.75.jar:9.0.75]
	at org.apache.tomcat.util.threads.TaskThread$WrappingRunnable.run(TaskThread.java:61) ~[tomcat-embed-core-9.0.75.jar:9.0.75]
	at java.base/java.lang.Thread.run(Thread.java:829) ~[na:na]

14:43:38:945  INFO 51555 --- [http-nio-8085-exec-3] c.h.common.config.UserinfoInterceptor    : =================================================
14:43:38:945  INFO 51555 --- [http-nio-8085-exec-3] c.h.common.config.UserinfoInterceptor    : >>>>> 拦截器启动！当前路径: /error
14:43:38:945  INFO 51555 --- [http-nio-8085-exec-3] c.h.common.config.UserinfoInterceptor    : >>>>> 获取到的 user-info 头信息: 2
14:43:38:946  INFO 51555 --- [http-nio-8085-exec-3] c.h.common.config.UserinfoInterceptor    : =================================================
