19:27:19:767  INFO 72123 --- [main] com.hmall.trade.tradeApplication         : Starting tradeApplication using Java 11.0.29 on mazhitaodeMac-mini.local with PID 72123 (/Users/dark/Documents/IDEA/hmall/trade-service/target/classes started by dark in /Users/dark/Documents/IDEA/hmall)
19:27:19:769 DEBUG 72123 --- [main] com.hmall.trade.tradeApplication         : Running with Spring Boot v2.7.12, Spring v5.3.27
19:27:19:769  INFO 72123 --- [main] com.hmall.trade.tradeApplication         : The following 1 profile is active: "dev"
19:27:20:492  INFO 72123 --- [main] o.s.cloud.context.scope.GenericScope     : BeanFactory id=ef61ea90-ee70-3fc4-8947-4a9b8897b226
19:27:20:818  INFO 72123 --- [main] o.s.b.w.embedded.tomcat.TomcatWebServer  : Tomcat initialized with port(s): 8085 (http)
19:27:20:829  INFO 72123 --- [main] o.apache.catalina.core.StandardService   : Starting service [Tomcat]
19:27:20:829  INFO 72123 --- [main] org.apache.catalina.core.StandardEngine  : Starting Servlet engine: [Apache Tomcat/9.0.75]
19:27:20:961  INFO 72123 --- [main] o.a.c.c.C.[Tomcat].[localhost].[/]       : Initializing Spring embedded WebApplicationContext
19:27:20:962  INFO 72123 --- [main] w.s.c.ServletWebServerApplicationContext : Root WebApplicationContext: initialization completed in 1164 ms
19:27:21:401  INFO 72123 --- [main] o.s.c.openfeign.FeignClientFactoryBean   : For 'item-service' URL not provided. Will try picking an instance via load-balancing.
19:27:22:103  INFO 72123 --- [main] o.s.c.openfeign.FeignClientFactoryBean   : For 'cart-service' URL not provided. Will try picking an instance via load-balancing.
19:27:22:605  INFO 72123 --- [main] o.s.b.a.e.web.EndpointLinksResolver      : Exposing 1 endpoint(s) beneath base path '/actuator'
19:27:22:776  INFO 72123 --- [main] com.alibaba.nacos.common.remote.client   : [RpcClientFactory] create a new rpc client of 3f834fed-7bd9-4a76-974a-7011785bdfe4
19:27:22:815  INFO 72123 --- [main] org.reflections.Reflections              : Reflections took 17 ms to scan 1 urls, producing 3 keys and 6 values 
19:27:22:831  INFO 72123 --- [main] org.reflections.Reflections              : Reflections took 5 ms to scan 1 urls, producing 4 keys and 9 values 
19:27:22:837  INFO 72123 --- [main] org.reflections.Reflections              : Reflections took 5 ms to scan 1 urls, producing 3 keys and 10 values 
19:27:22:838  WARN 72123 --- [main] org.reflections.Reflections              : given scan urls are empty. set urls in the configuration
19:27:22:845  INFO 72123 --- [main] org.reflections.Reflections              : Reflections took 6 ms to scan 1 urls, producing 1 keys and 5 values 
19:27:22:854  INFO 72123 --- [main] org.reflections.Reflections              : Reflections took 7 ms to scan 1 urls, producing 1 keys and 7 values 
19:27:22:859  INFO 72123 --- [main] org.reflections.Reflections              : Reflections took 4 ms to scan 1 urls, producing 2 keys and 8 values 
19:27:22:860  WARN 72123 --- [main] org.reflections.Reflections              : given scan urls are empty. set urls in the configuration
19:27:22:864  INFO 72123 --- [main] com.alibaba.nacos.common.remote.client   : [3f834fed-7bd9-4a76-974a-7011785bdfe4] RpcClient init label, labels = {module=naming, source=sdk}
19:27:22:867  INFO 72123 --- [main] com.alibaba.nacos.common.remote.client   : [3f834fed-7bd9-4a76-974a-7011785bdfe4] RpcClient init, ServerListFactory = com.alibaba.nacos.client.naming.core.ServerListManager
19:27:22:867  INFO 72123 --- [main] com.alibaba.nacos.common.remote.client   : [3f834fed-7bd9-4a76-974a-7011785bdfe4] Registry connection listener to current client:com.alibaba.nacos.client.naming.remote.gprc.redo.NamingGrpcRedoService
19:27:22:867  INFO 72123 --- [main] com.alibaba.nacos.common.remote.client   : [3f834fed-7bd9-4a76-974a-7011785bdfe4] Register server push request handler:com.alibaba.nacos.client.naming.remote.gprc.NamingPushRequestHandler
19:27:22:873  INFO 72123 --- [main] com.alibaba.nacos.common.remote.client   : [3f834fed-7bd9-4a76-974a-7011785bdfe4] Try to connect to server on start up, server: {serverIp = '49.235.39.92', server main port = 8848}
19:27:23:647  INFO 72123 --- [main] com.alibaba.nacos.common.remote.client   : [3f834fed-7bd9-4a76-974a-7011785bdfe4] Success to connect to server [49.235.39.92:8848] on start up, connectionId = 1765193243438_218.84.124.103_24066
19:27:23:651  INFO 72123 --- [main] com.alibaba.nacos.common.remote.client   : [3f834fed-7bd9-4a76-974a-7011785bdfe4] Register server push request handler:com.alibaba.nacos.common.remote.client.RpcClient$ConnectResetRequestHandler
19:27:23:652  INFO 72123 --- [main] com.alibaba.nacos.common.remote.client   : [3f834fed-7bd9-4a76-974a-7011785bdfe4] Register server push request handler:com.alibaba.nacos.common.remote.client.RpcClient$$Lambda$1154/0x00000008007ad840
19:27:23:650  INFO 72123 --- [com.alibaba.nacos.client.remote.worker] com.alibaba.nacos.common.remote.client   : [3f834fed-7bd9-4a76-974a-7011785bdfe4] Notify connected event to listeners.
19:27:23:832  INFO 72123 --- [main] o.s.b.w.embedded.tomcat.TomcatWebServer  : Tomcat started on port(s): 8085 (http) with context path ''
19:27:23:910  INFO 72123 --- [main] c.a.c.n.registry.NacosServiceRegistry    : nacos registry, DEFAULT_GROUP trade-service 192.168.1.3:8085 register finished
19:27:23:924  INFO 72123 --- [main] com.hmall.trade.tradeApplication         : Started tradeApplication in 4.51 seconds (JVM running for 5.04)
19:27:24:423  INFO 72123 --- [nacos-grpc-client-executor-10] com.alibaba.nacos.common.remote.client   : [3f834fed-7bd9-4a76-974a-7011785bdfe4] Receive server push request, request = NotifySubscriberRequest, requestId = 395
19:27:24:432  INFO 72123 --- [nacos-grpc-client-executor-10] com.alibaba.nacos.common.remote.client   : [3f834fed-7bd9-4a76-974a-7011785bdfe4] Ack server push request, request = NotifySubscriberRequest, requestId = 395
19:27:24:564  INFO 72123 --- [RMI TCP Connection(4)-127.0.0.1] com.zaxxer.hikari.HikariDataSource       : HikariPool-1 - Starting...
19:27:24:565  INFO 72123 --- [RMI TCP Connection(2)-127.0.0.1] o.a.c.c.C.[Tomcat].[localhost].[/]       : Initializing Spring DispatcherServlet 'dispatcherServlet'
19:27:24:566  INFO 72123 --- [RMI TCP Connection(2)-127.0.0.1] o.s.web.servlet.DispatcherServlet        : Initializing Servlet 'dispatcherServlet'
19:27:24:567  INFO 72123 --- [RMI TCP Connection(2)-127.0.0.1] o.s.web.servlet.DispatcherServlet        : Completed initialization in 1 ms
19:27:25:824  INFO 72123 --- [RMI TCP Connection(4)-127.0.0.1] com.zaxxer.hikari.HikariDataSource       : HikariPool-1 - Start completed.
19:57:53:657 ERROR 72123 --- [nacos-grpc-client-executor-730] c.a.n.c.remote.client.grpc.GrpcClient    : [1765193243438_218.84.124.103_24066]Request stream error, switch server,error={}

com.alibaba.nacos.shaded.io.grpc.StatusRuntimeException: UNAVAILABLE: Network closed for unknown reason
	at com.alibaba.nacos.shaded.io.grpc.Status.asRuntimeException(Status.java:533) ~[nacos-client-2.0.4.jar:na]
	at com.alibaba.nacos.shaded.io.grpc.stub.ClientCalls$StreamObserverToCallListenerAdapter.onClose(ClientCalls.java:442) ~[nacos-client-2.0.4.jar:na]
	at com.alibaba.nacos.shaded.io.grpc.PartialForwardingClientCallListener.onClose(PartialForwardingClientCallListener.java:39) ~[nacos-client-2.0.4.jar:na]
	at com.alibaba.nacos.shaded.io.grpc.ForwardingClientCallListener.onClose(ForwardingClientCallListener.java:23) ~[nacos-client-2.0.4.jar:na]
	at com.alibaba.nacos.shaded.io.grpc.ForwardingClientCallListener$SimpleForwardingClientCallListener.onClose(ForwardingClientCallListener.java:40) ~[nacos-client-2.0.4.jar:na]
	at com.alibaba.nacos.shaded.io.grpc.internal.CensusStatsModule$StatsClientInterceptor$1$1.onClose(CensusStatsModule.java:700) ~[nacos-client-2.0.4.jar:na]
	at com.alibaba.nacos.shaded.io.grpc.PartialForwardingClientCallListener.onClose(PartialForwardingClientCallListener.java:39) ~[nacos-client-2.0.4.jar:na]
	at com.alibaba.nacos.shaded.io.grpc.ForwardingClientCallListener.onClose(ForwardingClientCallListener.java:23) ~[nacos-client-2.0.4.jar:na]
	at com.alibaba.nacos.shaded.io.grpc.ForwardingClientCallListener$SimpleForwardingClientCallListener.onClose(ForwardingClientCallListener.java:40) ~[nacos-client-2.0.4.jar:na]
	at com.alibaba.nacos.shaded.io.grpc.internal.CensusTracingModule$TracingClientInterceptor$1$1.onClose(CensusTracingModule.java:399) ~[nacos-client-2.0.4.jar:na]
	at com.alibaba.nacos.shaded.io.grpc.internal.ClientCallImpl.closeObserver(ClientCallImpl.java:510) ~[nacos-client-2.0.4.jar:na]
	at com.alibaba.nacos.shaded.io.grpc.internal.ClientCallImpl.access$300(ClientCallImpl.java:66) ~[nacos-client-2.0.4.jar:na]
	at com.alibaba.nacos.shaded.io.grpc.internal.ClientCallImpl$ClientStreamListenerImpl.close(ClientCallImpl.java:630) ~[nacos-client-2.0.4.jar:na]
	at com.alibaba.nacos.shaded.io.grpc.internal.ClientCallImpl$ClientStreamListenerImpl.access$700(ClientCallImpl.java:518) ~[nacos-client-2.0.4.jar:na]
	at com.alibaba.nacos.shaded.io.grpc.internal.ClientCallImpl$ClientStreamListenerImpl$1StreamClosed.runInternal(ClientCallImpl.java:692) ~[nacos-client-2.0.4.jar:na]
	at com.alibaba.nacos.shaded.io.grpc.internal.ClientCallImpl$ClientStreamListenerImpl$1StreamClosed.runInContext(ClientCallImpl.java:681) ~[nacos-client-2.0.4.jar:na]
	at com.alibaba.nacos.shaded.io.grpc.internal.ContextRunnable.run(ContextRunnable.java:37) ~[nacos-client-2.0.4.jar:na]
	at com.alibaba.nacos.shaded.io.grpc.internal.SerializingExecutor.run(SerializingExecutor.java:123) ~[nacos-client-2.0.4.jar:na]
	at java.base/java.util.concurrent.ThreadPoolExecutor.runWorker(ThreadPoolExecutor.java:1128) ~[na:na]
	at java.base/java.util.concurrent.ThreadPoolExecutor$Worker.run(ThreadPoolExecutor.java:628) ~[na:na]
	at java.base/java.lang.Thread.run(Thread.java:829) ~[na:na]

19:57:53:660  INFO 72123 --- [com.alibaba.nacos.client.remote.worker] com.alibaba.nacos.common.remote.client   : [3f834fed-7bd9-4a76-974a-7011785bdfe4] Try to reconnect to a new server, server is  not appointed, will choose a random server.
19:57:54:015  INFO 72123 --- [com.alibaba.nacos.client.remote.worker] com.alibaba.nacos.common.remote.client   : [3f834fed-7bd9-4a76-974a-7011785bdfe4] Success to connect a server [49.235.39.92:8848], connectionId = 1765195073822_218.84.124.103_21532
19:57:54:016  INFO 72123 --- [com.alibaba.nacos.client.remote.worker] com.alibaba.nacos.common.remote.client   : [3f834fed-7bd9-4a76-974a-7011785bdfe4] Abandon prev connection, server is 49.235.39.92:8848, connectionId is 1765193243438_218.84.124.103_24066
19:57:54:017  INFO 72123 --- [com.alibaba.nacos.client.remote.worker] com.alibaba.nacos.common.remote.client   : Close current connection 1765193243438_218.84.124.103_24066
19:57:54:025  INFO 72123 --- [com.alibaba.nacos.client.remote.worker] com.alibaba.nacos.common.remote.client   : [3f834fed-7bd9-4a76-974a-7011785bdfe4] Notify disconnected event to listeners
19:57:54:027  INFO 72123 --- [com.alibaba.nacos.client.remote.worker] com.alibaba.nacos.common.remote.client   : [3f834fed-7bd9-4a76-974a-7011785bdfe4] Notify connected event to listeners.
19:57:55:479  INFO 72123 --- [nacos-grpc-client-executor-739] com.alibaba.nacos.common.remote.client   : [3f834fed-7bd9-4a76-974a-7011785bdfe4] Receive server push request, request = NotifySubscriberRequest, requestId = 403
19:57:55:479  INFO 72123 --- [nacos-grpc-client-executor-739] com.alibaba.nacos.common.remote.client   : [3f834fed-7bd9-4a76-974a-7011785bdfe4] Ack server push request, request = NotifySubscriberRequest, requestId = 403
19:58:04:068  INFO 72123 --- [com.alibaba.nacos.client.remote.worker] com.alibaba.nacos.common.remote.client   : [3f834fed-7bd9-4a76-974a-7011785bdfe4] Server healthy check fail, currentConnection = 1765195073822_218.84.124.103_21532
19:58:04:068 ERROR 72123 --- [nacos-grpc-client-executor-740] c.a.n.c.remote.client.grpc.GrpcClient    : [1765195073822_218.84.124.103_21532]Request stream error, switch server,error={}

com.alibaba.nacos.shaded.io.grpc.StatusRuntimeException: UNAVAILABLE: io exception
	at com.alibaba.nacos.shaded.io.grpc.Status.asRuntimeException(Status.java:533) ~[nacos-client-2.0.4.jar:na]
	at com.alibaba.nacos.shaded.io.grpc.stub.ClientCalls$StreamObserverToCallListenerAdapter.onClose(ClientCalls.java:442) ~[nacos-client-2.0.4.jar:na]
	at com.alibaba.nacos.shaded.io.grpc.PartialForwardingClientCallListener.onClose(PartialForwardingClientCallListener.java:39) ~[nacos-client-2.0.4.jar:na]
	at com.alibaba.nacos.shaded.io.grpc.ForwardingClientCallListener.onClose(ForwardingClientCallListener.java:23) ~[nacos-client-2.0.4.jar:na]
	at com.alibaba.nacos.shaded.io.grpc.ForwardingClientCallListener$SimpleForwardingClientCallListener.onClose(ForwardingClientCallListener.java:40) ~[nacos-client-2.0.4.jar:na]
	at com.alibaba.nacos.shaded.io.grpc.internal.CensusStatsModule$StatsClientInterceptor$1$1.onClose(CensusStatsModule.java:700) ~[nacos-client-2.0.4.jar:na]
	at com.alibaba.nacos.shaded.io.grpc.PartialForwardingClientCallListener.onClose(PartialForwardingClientCallListener.java:39) ~[nacos-client-2.0.4.jar:na]
	at com.alibaba.nacos.shaded.io.grpc.ForwardingClientCallListener.onClose(ForwardingClientCallListener.java:23) ~[nacos-client-2.0.4.jar:na]
	at com.alibaba.nacos.shaded.io.grpc.ForwardingClientCallListener$SimpleForwardingClientCallListener.onClose(ForwardingClientCallListener.java:40) ~[nacos-client-2.0.4.jar:na]
	at com.alibaba.nacos.shaded.io.grpc.internal.CensusTracingModule$TracingClientInterceptor$1$1.onClose(CensusTracingModule.java:399) ~[nacos-client-2.0.4.jar:na]
	at com.alibaba.nacos.shaded.io.grpc.internal.ClientCallImpl.closeObserver(ClientCallImpl.java:510) ~[nacos-client-2.0.4.jar:na]
	at com.alibaba.nacos.shaded.io.grpc.internal.ClientCallImpl.access$300(ClientCallImpl.java:66) ~[nacos-client-2.0.4.jar:na]
	at com.alibaba.nacos.shaded.io.grpc.internal.ClientCallImpl$ClientStreamListenerImpl.close(ClientCallImpl.java:630) ~[nacos-client-2.0.4.jar:na]
	at com.alibaba.nacos.shaded.io.grpc.internal.ClientCallImpl$ClientStreamListenerImpl.access$700(ClientCallImpl.java:518) ~[nacos-client-2.0.4.jar:na]
	at com.alibaba.nacos.shaded.io.grpc.internal.ClientCallImpl$ClientStreamListenerImpl$1StreamClosed.runInternal(ClientCallImpl.java:692) ~[nacos-client-2.0.4.jar:na]
	at com.alibaba.nacos.shaded.io.grpc.internal.ClientCallImpl$ClientStreamListenerImpl$1StreamClosed.runInContext(ClientCallImpl.java:681) ~[nacos-client-2.0.4.jar:na]
	at com.alibaba.nacos.shaded.io.grpc.internal.ContextRunnable.run(ContextRunnable.java:37) ~[nacos-client-2.0.4.jar:na]
	at com.alibaba.nacos.shaded.io.grpc.internal.SerializingExecutor.run(SerializingExecutor.java:123) ~[nacos-client-2.0.4.jar:na]
	at java.base/java.util.concurrent.ThreadPoolExecutor.runWorker(ThreadPoolExecutor.java:1128) ~[na:na]
	at java.base/java.util.concurrent.ThreadPoolExecutor$Worker.run(ThreadPoolExecutor.java:628) ~[na:na]
	at java.base/java.lang.Thread.run(Thread.java:829) ~[na:na]
Caused by: java.io.IOException: Connection reset by peer
	at java.base/sun.nio.ch.FileDispatcherImpl.read0(Native Method) ~[na:na]
	at java.base/sun.nio.ch.SocketDispatcher.read(SocketDispatcher.java:39) ~[na:na]
	at java.base/sun.nio.ch.IOUtil.readIntoNativeBuffer(IOUtil.java:276) ~[na:na]
	at java.base/sun.nio.ch.IOUtil.read(IOUtil.java:233) ~[na:na]
	at java.base/sun.nio.ch.IOUtil.read(IOUtil.java:223) ~[na:na]
	at java.base/sun.nio.ch.SocketChannelImpl.read(SocketChannelImpl.java:356) ~[na:na]
	at com.alibaba.nacos.shaded.io.grpc.netty.shaded.io.netty.buffer.PooledByteBuf.setBytes(PooledByteBuf.java:247) ~[nacos-client-2.0.4.jar:na]
	at com.alibaba.nacos.shaded.io.grpc.netty.shaded.io.netty.buffer.AbstractByteBuf.writeBytes(AbstractByteBuf.java:1140) ~[nacos-client-2.0.4.jar:na]
	at com.alibaba.nacos.shaded.io.grpc.netty.shaded.io.netty.channel.socket.nio.NioSocketChannel.doReadBytes(NioSocketChannel.java:347) ~[nacos-client-2.0.4.jar:na]
	at com.alibaba.nacos.shaded.io.grpc.netty.shaded.io.netty.channel.nio.AbstractNioByteChannel$NioByteUnsafe.read(AbstractNioByteChannel.java:148) ~[nacos-client-2.0.4.jar:na]
	at com.alibaba.nacos.shaded.io.grpc.netty.shaded.io.netty.channel.nio.NioEventLoop.processSelectedKey(NioEventLoop.java:697) ~[nacos-client-2.0.4.jar:na]
	at com.alibaba.nacos.shaded.io.grpc.netty.shaded.io.netty.channel.nio.NioEventLoop.processSelectedKeysOptimized(NioEventLoop.java:632) ~[nacos-client-2.0.4.jar:na]
	at com.alibaba.nacos.shaded.io.grpc.netty.shaded.io.netty.channel.nio.NioEventLoop.processSelectedKeys(NioEventLoop.java:549) ~[nacos-client-2.0.4.jar:na]
	at com.alibaba.nacos.shaded.io.grpc.netty.shaded.io.netty.channel.nio.NioEventLoop.run(NioEventLoop.java:511) ~[nacos-client-2.0.4.jar:na]
	at com.alibaba.nacos.shaded.io.grpc.netty.shaded.io.netty.util.concurrent.SingleThreadEventExecutor$5.run(SingleThreadEventExecutor.java:918) ~[nacos-client-2.0.4.jar:na]
	at com.alibaba.nacos.shaded.io.grpc.netty.shaded.io.netty.util.internal.ThreadExecutorMap$2.run(ThreadExecutorMap.java:74) ~[nacos-client-2.0.4.jar:na]
	at com.alibaba.nacos.shaded.io.grpc.netty.shaded.io.netty.util.concurrent.FastThreadLocalRunnable.run(FastThreadLocalRunnable.java:30) ~[nacos-client-2.0.4.jar:na]
	... 1 common frames omitted

19:58:04:069  INFO 72123 --- [com.alibaba.nacos.client.remote.worker] com.alibaba.nacos.common.remote.client   : [3f834fed-7bd9-4a76-974a-7011785bdfe4] Try to reconnect to a new server, server is  not appointed, will choose a random server.
19:58:04:376  INFO 72123 --- [com.alibaba.nacos.client.remote.worker] com.alibaba.nacos.common.remote.client   : [3f834fed-7bd9-4a76-974a-7011785bdfe4] Success to connect a server [49.235.39.92:8848], connectionId = 1765195084212_218.84.124.103_21821
19:58:04:376  INFO 72123 --- [com.alibaba.nacos.client.remote.worker] com.alibaba.nacos.common.remote.client   : [3f834fed-7bd9-4a76-974a-7011785bdfe4] Abandon prev connection, server is 49.235.39.92:8848, connectionId is 1765195073822_218.84.124.103_21532
19:58:04:376  INFO 72123 --- [com.alibaba.nacos.client.remote.worker] com.alibaba.nacos.common.remote.client   : Close current connection 1765195073822_218.84.124.103_21532
19:58:04:377  INFO 72123 --- [com.alibaba.nacos.client.remote.worker] com.alibaba.nacos.common.remote.client   : [3f834fed-7bd9-4a76-974a-7011785bdfe4] Notify disconnected event to listeners
19:58:04:378  INFO 72123 --- [com.alibaba.nacos.client.remote.worker] com.alibaba.nacos.common.remote.client   : [3f834fed-7bd9-4a76-974a-7011785bdfe4] Notify connected event to listeners.
19:58:07:685  INFO 72123 --- [nacos-grpc-client-executor-752] com.alibaba.nacos.common.remote.client   : [3f834fed-7bd9-4a76-974a-7011785bdfe4] Receive server push request, request = NotifySubscriberRequest, requestId = 408
19:58:07:685  INFO 72123 --- [nacos-grpc-client-executor-752] com.alibaba.nacos.common.remote.client   : [3f834fed-7bd9-4a76-974a-7011785bdfe4] Ack server push request, request = NotifySubscriberRequest, requestId = 408
19:58:31:161 ERROR 72123 --- [nacos-grpc-client-executor-761] c.a.n.c.remote.client.grpc.GrpcClient    : [1765195084212_218.84.124.103_21821]Request stream error, switch server,error={}

com.alibaba.nacos.shaded.io.grpc.StatusRuntimeException: UNAVAILABLE: Network closed for unknown reason
	at com.alibaba.nacos.shaded.io.grpc.Status.asRuntimeException(Status.java:533) ~[nacos-client-2.0.4.jar:na]
	at com.alibaba.nacos.shaded.io.grpc.stub.ClientCalls$StreamObserverToCallListenerAdapter.onClose(ClientCalls.java:442) ~[nacos-client-2.0.4.jar:na]
	at com.alibaba.nacos.shaded.io.grpc.PartialForwardingClientCallListener.onClose(PartialForwardingClientCallListener.java:39) ~[nacos-client-2.0.4.jar:na]
	at com.alibaba.nacos.shaded.io.grpc.ForwardingClientCallListener.onClose(ForwardingClientCallListener.java:23) ~[nacos-client-2.0.4.jar:na]
	at com.alibaba.nacos.shaded.io.grpc.ForwardingClientCallListener$SimpleForwardingClientCallListener.onClose(ForwardingClientCallListener.java:40) ~[nacos-client-2.0.4.jar:na]
	at com.alibaba.nacos.shaded.io.grpc.internal.CensusStatsModule$StatsClientInterceptor$1$1.onClose(CensusStatsModule.java:700) ~[nacos-client-2.0.4.jar:na]
	at com.alibaba.nacos.shaded.io.grpc.PartialForwardingClientCallListener.onClose(PartialForwardingClientCallListener.java:39) ~[nacos-client-2.0.4.jar:na]
	at com.alibaba.nacos.shaded.io.grpc.ForwardingClientCallListener.onClose(ForwardingClientCallListener.java:23) ~[nacos-client-2.0.4.jar:na]
	at com.alibaba.nacos.shaded.io.grpc.ForwardingClientCallListener$SimpleForwardingClientCallListener.onClose(ForwardingClientCallListener.java:40) ~[nacos-client-2.0.4.jar:na]
	at com.alibaba.nacos.shaded.io.grpc.internal.CensusTracingModule$TracingClientInterceptor$1$1.onClose(CensusTracingModule.java:399) ~[nacos-client-2.0.4.jar:na]
	at com.alibaba.nacos.shaded.io.grpc.internal.ClientCallImpl.closeObserver(ClientCallImpl.java:510) ~[nacos-client-2.0.4.jar:na]
	at com.alibaba.nacos.shaded.io.grpc.internal.ClientCallImpl.access$300(ClientCallImpl.java:66) ~[nacos-client-2.0.4.jar:na]
	at com.alibaba.nacos.shaded.io.grpc.internal.ClientCallImpl$ClientStreamListenerImpl.close(ClientCallImpl.java:630) ~[nacos-client-2.0.4.jar:na]
	at com.alibaba.nacos.shaded.io.grpc.internal.ClientCallImpl$ClientStreamListenerImpl.access$700(ClientCallImpl.java:518) ~[nacos-client-2.0.4.jar:na]
	at com.alibaba.nacos.shaded.io.grpc.internal.ClientCallImpl$ClientStreamListenerImpl$1StreamClosed.runInternal(ClientCallImpl.java:692) ~[nacos-client-2.0.4.jar:na]
	at com.alibaba.nacos.shaded.io.grpc.internal.ClientCallImpl$ClientStreamListenerImpl$1StreamClosed.runInContext(ClientCallImpl.java:681) ~[nacos-client-2.0.4.jar:na]
	at com.alibaba.nacos.shaded.io.grpc.internal.ContextRunnable.run(ContextRunnable.java:37) ~[nacos-client-2.0.4.jar:na]
	at com.alibaba.nacos.shaded.io.grpc.internal.SerializingExecutor.run(SerializingExecutor.java:123) ~[nacos-client-2.0.4.jar:na]
	at java.base/java.util.concurrent.ThreadPoolExecutor.runWorker(ThreadPoolExecutor.java:1128) ~[na:na]
	at java.base/java.util.concurrent.ThreadPoolExecutor$Worker.run(ThreadPoolExecutor.java:628) ~[na:na]
	at java.base/java.lang.Thread.run(Thread.java:829) ~[na:na]

19:58:31:165  INFO 72123 --- [com.alibaba.nacos.client.remote.worker] com.alibaba.nacos.common.remote.client   : [3f834fed-7bd9-4a76-974a-7011785bdfe4] Try to reconnect to a new server, server is  not appointed, will choose a random server.
19:58:31:479  INFO 72123 --- [com.alibaba.nacos.client.remote.worker] com.alibaba.nacos.common.remote.client   : [3f834fed-7bd9-4a76-974a-7011785bdfe4] Success to connect a server [49.235.39.92:8848], connectionId = 1765195111310_218.84.124.103_22009
19:58:31:479  INFO 72123 --- [com.alibaba.nacos.client.remote.worker] com.alibaba.nacos.common.remote.client   : [3f834fed-7bd9-4a76-974a-7011785bdfe4] Abandon prev connection, server is 49.235.39.92:8848, connectionId is 1765195084212_218.84.124.103_21821
19:58:31:479  INFO 72123 --- [com.alibaba.nacos.client.remote.worker] com.alibaba.nacos.common.remote.client   : Close current connection 1765195084212_218.84.124.103_21821
19:58:31:480  INFO 72123 --- [com.alibaba.nacos.client.remote.worker] com.alibaba.nacos.common.remote.client   : [3f834fed-7bd9-4a76-974a-7011785bdfe4] Notify disconnected event to listeners
19:58:31:480  INFO 72123 --- [com.alibaba.nacos.client.remote.worker] com.alibaba.nacos.common.remote.client   : [3f834fed-7bd9-4a76-974a-7011785bdfe4] Notify connected event to listeners.
19:58:34:811  INFO 72123 --- [nacos-grpc-client-executor-771] com.alibaba.nacos.common.remote.client   : [3f834fed-7bd9-4a76-974a-7011785bdfe4] Receive server push request, request = NotifySubscriberRequest, requestId = 414
19:58:34:811  INFO 72123 --- [nacos-grpc-client-executor-771] com.alibaba.nacos.common.remote.client   : [3f834fed-7bd9-4a76-974a-7011785bdfe4] Ack server push request, request = NotifySubscriberRequest, requestId = 414
21:10:29:560  WARN 72123 --- [Thread-7] c.a.n.common.http.HttpClientBeanHolder   : [HttpClientBeanHolder] Start destroying common HttpClient
21:10:29:562  WARN 72123 --- [Thread-4] c.a.nacos.common.notify.NotifyCenter     : [NotifyCenter] Start destroying Publisher
21:10:29:562  WARN 72123 --- [Thread-4] c.a.nacos.common.notify.NotifyCenter     : [NotifyCenter] Destruction of the end
21:10:29:566  WARN 72123 --- [Thread-7] c.a.n.common.http.HttpClientBeanHolder   : [HttpClientBeanHolder] Destruction of the end
21:10:29:739  INFO 72123 --- [SpringApplicationShutdownHook] c.a.c.n.registry.NacosServiceRegistry    : De-registering from Nacos Server now...
21:10:29:807  INFO 72123 --- [SpringApplicationShutdownHook] c.a.c.n.registry.NacosServiceRegistry    : De-registration finished.
21:10:30:120  INFO 72123 --- [SpringApplicationShutdownHook] com.alibaba.nacos.common.remote.client   : Shutdown rpc client, set status to shutdown
21:10:30:120  INFO 72123 --- [SpringApplicationShutdownHook] com.alibaba.nacos.common.remote.client   : Shutdown client event executor java.util.concurrent.ScheduledThreadPoolExecutor@33e20885[Running, pool size = 2, active threads = 2, queued tasks = 0, completed tasks = 0]
21:10:30:120  INFO 72123 --- [SpringApplicationShutdownHook] com.alibaba.nacos.common.remote.client   : Close current connection 1765195111310_218.84.124.103_22009
21:10:30:121  INFO 72123 --- [SpringApplicationShutdownHook] c.a.n.c.remote.client.grpc.GrpcClient    : Shutdown grpc executor java.util.concurrent.ThreadPoolExecutor@15041823[Running, pool size = 4, active threads = 0, queued tasks = 0, completed tasks = 1847]
21:10:30:131  INFO 72123 --- [SpringApplicationShutdownHook] com.zaxxer.hikari.HikariDataSource       : HikariPool-1 - Shutdown initiated...
21:10:30:831  INFO 72123 --- [SpringApplicationShutdownHook] com.zaxxer.hikari.HikariDataSource       : HikariPool-1 - Shutdown completed.
21:10:34:872  INFO 82875 --- [main] com.hmall.trade.tradeApplication         : Starting tradeApplication using Java 11.0.29 on mazhitaodeMac-mini.local with PID 82875 (/Users/dark/Documents/IDEA/hmall/trade-service/target/classes started by dark in /Users/dark/Documents/IDEA/hmall)
21:10:34:875 DEBUG 82875 --- [main] com.hmall.trade.tradeApplication         : Running with Spring Boot v2.7.12, Spring v5.3.27
21:10:34:875  INFO 82875 --- [main] com.hmall.trade.tradeApplication         : The following 1 profile is active: "dev"
21:10:35:871  INFO 82875 --- [main] o.s.cloud.context.scope.GenericScope     : BeanFactory id=ef61ea90-ee70-3fc4-8947-4a9b8897b226
21:10:36:189  INFO 82875 --- [main] o.s.b.w.embedded.tomcat.TomcatWebServer  : Tomcat initialized with port(s): 8085 (http)
21:10:36:193  INFO 82875 --- [main] o.apache.catalina.core.StandardService   : Starting service [Tomcat]
21:10:36:193  INFO 82875 --- [main] org.apache.catalina.core.StandardEngine  : Starting Servlet engine: [Apache Tomcat/9.0.75]
21:10:36:277  INFO 82875 --- [main] o.a.c.c.C.[Tomcat].[localhost].[/]       : Initializing Spring embedded WebApplicationContext
21:10:36:277  INFO 82875 --- [main] w.s.c.ServletWebServerApplicationContext : Root WebApplicationContext: initialization completed in 1368 ms
21:10:36:584  INFO 82875 --- [main] o.s.c.openfeign.FeignClientFactoryBean   : For 'item-service' URL not provided. Will try picking an instance via load-balancing.
21:10:36:961  INFO 82875 --- [main] o.s.c.openfeign.FeignClientFactoryBean   : For 'cart-service' URL not provided. Will try picking an instance via load-balancing.
21:10:37:564  INFO 82875 --- [main] o.s.b.a.e.web.EndpointLinksResolver      : Exposing 1 endpoint(s) beneath base path '/actuator'
21:10:37:642  INFO 82875 --- [main] com.alibaba.nacos.common.remote.client   : [RpcClientFactory] create a new rpc client of 3fa1bf61-48ef-4a76-812b-9e1c2d653b7a
21:10:37:668  INFO 82875 --- [main] org.reflections.Reflections              : Reflections took 15 ms to scan 1 urls, producing 3 keys and 6 values 
21:10:37:678  INFO 82875 --- [main] org.reflections.Reflections              : Reflections took 5 ms to scan 1 urls, producing 4 keys and 9 values 
21:10:37:683  INFO 82875 --- [main] org.reflections.Reflections              : Reflections took 4 ms to scan 1 urls, producing 3 keys and 10 values 
21:10:37:685  WARN 82875 --- [main] org.reflections.Reflections              : given scan urls are empty. set urls in the configuration
21:10:37:694  INFO 82875 --- [main] org.reflections.Reflections              : Reflections took 6 ms to scan 1 urls, producing 1 keys and 5 values 
21:10:37:704  INFO 82875 --- [main] org.reflections.Reflections              : Reflections took 7 ms to scan 1 urls, producing 1 keys and 7 values 
21:10:37:711  INFO 82875 --- [main] org.reflections.Reflections              : Reflections took 4 ms to scan 1 urls, producing 2 keys and 8 values 
21:10:37:712  WARN 82875 --- [main] org.reflections.Reflections              : given scan urls are empty. set urls in the configuration
21:10:37:713  INFO 82875 --- [main] com.alibaba.nacos.common.remote.client   : [3fa1bf61-48ef-4a76-812b-9e1c2d653b7a] RpcClient init label, labels = {module=naming, source=sdk}
21:10:37:714  INFO 82875 --- [main] com.alibaba.nacos.common.remote.client   : [3fa1bf61-48ef-4a76-812b-9e1c2d653b7a] RpcClient init, ServerListFactory = com.alibaba.nacos.client.naming.core.ServerListManager
21:10:37:714  INFO 82875 --- [main] com.alibaba.nacos.common.remote.client   : [3fa1bf61-48ef-4a76-812b-9e1c2d653b7a] Registry connection listener to current client:com.alibaba.nacos.client.naming.remote.gprc.redo.NamingGrpcRedoService
21:10:37:714  INFO 82875 --- [main] com.alibaba.nacos.common.remote.client   : [3fa1bf61-48ef-4a76-812b-9e1c2d653b7a] Register server push request handler:com.alibaba.nacos.client.naming.remote.gprc.NamingPushRequestHandler
21:10:37:716  INFO 82875 --- [main] com.alibaba.nacos.common.remote.client   : [3fa1bf61-48ef-4a76-812b-9e1c2d653b7a] Try to connect to server on start up, server: {serverIp = '49.235.39.92', server main port = 8848}
21:10:38:441  INFO 82875 --- [main] com.alibaba.nacos.common.remote.client   : [3fa1bf61-48ef-4a76-812b-9e1c2d653b7a] Success to connect to server [49.235.39.92:8848] on start up, connectionId = 1765199438184_218.84.124.103_23646
21:10:38:442  INFO 82875 --- [com.alibaba.nacos.client.remote.worker] com.alibaba.nacos.common.remote.client   : [3fa1bf61-48ef-4a76-812b-9e1c2d653b7a] Notify connected event to listeners.
21:10:38:443  INFO 82875 --- [main] com.alibaba.nacos.common.remote.client   : [3fa1bf61-48ef-4a76-812b-9e1c2d653b7a] Register server push request handler:com.alibaba.nacos.common.remote.client.RpcClient$ConnectResetRequestHandler
21:10:38:444  INFO 82875 --- [main] com.alibaba.nacos.common.remote.client   : [3fa1bf61-48ef-4a76-812b-9e1c2d653b7a] Register server push request handler:com.alibaba.nacos.common.remote.client.RpcClient$$Lambda$1154/0x00000008007ae040
21:10:38:575  INFO 82875 --- [main] o.s.b.w.embedded.tomcat.TomcatWebServer  : Tomcat started on port(s): 8085 (http) with context path ''
21:10:38:652  INFO 82875 --- [main] c.a.c.n.registry.NacosServiceRegistry    : nacos registry, DEFAULT_GROUP trade-service 192.168.1.3:8085 register finished
21:10:38:666  INFO 82875 --- [main] com.hmall.trade.tradeApplication         : Started tradeApplication in 4.25 seconds (JVM running for 4.774)
21:10:39:151  INFO 82875 --- [nacos-grpc-client-executor-10] com.alibaba.nacos.common.remote.client   : [3fa1bf61-48ef-4a76-812b-9e1c2d653b7a] Receive server push request, request = NotifySubscriberRequest, requestId = 442
21:10:39:161  INFO 82875 --- [nacos-grpc-client-executor-10] com.alibaba.nacos.common.remote.client   : [3fa1bf61-48ef-4a76-812b-9e1c2d653b7a] Ack server push request, request = NotifySubscriberRequest, requestId = 442
21:10:39:247  INFO 82875 --- [RMI TCP Connection(2)-127.0.0.1] com.zaxxer.hikari.HikariDataSource       : HikariPool-1 - Starting...
21:10:39:248  INFO 82875 --- [RMI TCP Connection(3)-127.0.0.1] o.a.c.c.C.[Tomcat].[localhost].[/]       : Initializing Spring DispatcherServlet 'dispatcherServlet'
21:10:39:248  INFO 82875 --- [RMI TCP Connection(3)-127.0.0.1] o.s.web.servlet.DispatcherServlet        : Initializing Servlet 'dispatcherServlet'
21:10:39:250  INFO 82875 --- [RMI TCP Connection(3)-127.0.0.1] o.s.web.servlet.DispatcherServlet        : Completed initialization in 2 ms
21:10:40:410  INFO 82875 --- [RMI TCP Connection(2)-127.0.0.1] com.zaxxer.hikari.HikariDataSource       : HikariPool-1 - Start completed.
