19:27:23:632  INFO 72134 --- [main] com.hmall.item.itemApplication           : Starting itemApplication using Java 17.0.17 on mazhitaodeMac-mini.local with PID 72134 (/Users/dark/Documents/IDEA/hmall/item-service/target/classes started by dark in /Users/dark/Documents/IDEA/hmall)
19:27:23:641 DEBUG 72134 --- [main] com.hmall.item.itemApplication           : Running with Spring Boot v2.7.12, Spring v5.3.27
19:27:23:642  INFO 72134 --- [main] com.hmall.item.itemApplication           : The following 1 profile is active: "dev"
19:27:24:477  INFO 72134 --- [main] o.s.cloud.context.scope.GenericScope     : BeanFactory id=990ee98e-a41f-32b2-9bee-5744760b7c7c
19:27:24:760  INFO 72134 --- [main] o.s.b.w.embedded.tomcat.TomcatWebServer  : Tomcat initialized with port(s): 8081 (http)
19:27:24:767  INFO 72134 --- [main] o.apache.catalina.core.StandardService   : Starting service [Tomcat]
19:27:24:767  INFO 72134 --- [main] org.apache.catalina.core.StandardEngine  : Starting Servlet engine: [Apache Tomcat/9.0.75]
19:27:24:867  INFO 72134 --- [main] o.a.c.c.C.[Tomcat].[localhost].[/]       : Initializing Spring embedded WebApplicationContext
19:27:24:867  INFO 72134 --- [main] w.s.c.ServletWebServerApplicationContext : Root WebApplicationContext: initialization completed in 1183 ms
19:27:25:531  INFO 72134 --- [main] pertySourcedRequestMappingHandlerMapping : Mapped URL path [/v2/api-docs] onto method [springfox.documentation.swagger2.web.Swagger2ControllerWebMvc#getDocumentation(String, HttpServletRequest)]
19:27:25:699  INFO 72134 --- [main] com.alibaba.nacos.common.remote.client   : [RpcClientFactory] create a new rpc client of 0a94af21-8137-4916-a15d-49c53f795209
19:27:25:742  INFO 72134 --- [main] org.reflections.Reflections              : Reflections took 21 ms to scan 1 urls, producing 3 keys and 6 values 
19:27:25:761  INFO 72134 --- [main] org.reflections.Reflections              : Reflections took 6 ms to scan 1 urls, producing 4 keys and 9 values 
19:27:25:767  INFO 72134 --- [main] org.reflections.Reflections              : Reflections took 5 ms to scan 1 urls, producing 3 keys and 10 values 
19:27:25:768  WARN 72134 --- [main] org.reflections.Reflections              : given scan urls are empty. set urls in the configuration
19:27:25:773  INFO 72134 --- [main] org.reflections.Reflections              : Reflections took 5 ms to scan 1 urls, producing 1 keys and 5 values 
19:27:25:779  INFO 72134 --- [main] org.reflections.Reflections              : Reflections took 4 ms to scan 1 urls, producing 1 keys and 7 values 
19:27:25:787  INFO 72134 --- [main] org.reflections.Reflections              : Reflections took 7 ms to scan 1 urls, producing 2 keys and 8 values 
19:27:25:789  WARN 72134 --- [main] org.reflections.Reflections              : given scan urls are empty. set urls in the configuration
19:27:25:790  INFO 72134 --- [main] com.alibaba.nacos.common.remote.client   : [0a94af21-8137-4916-a15d-49c53f795209] RpcClient init label, labels = {module=naming, source=sdk}
19:27:25:791  INFO 72134 --- [main] com.alibaba.nacos.common.remote.client   : [0a94af21-8137-4916-a15d-49c53f795209] RpcClient init, ServerListFactory = com.alibaba.nacos.client.naming.core.ServerListManager
19:27:25:792  INFO 72134 --- [main] com.alibaba.nacos.common.remote.client   : [0a94af21-8137-4916-a15d-49c53f795209] Registry connection listener to current client:com.alibaba.nacos.client.naming.remote.gprc.redo.NamingGrpcRedoService
19:27:25:792  INFO 72134 --- [main] com.alibaba.nacos.common.remote.client   : [0a94af21-8137-4916-a15d-49c53f795209] Register server push request handler:com.alibaba.nacos.client.naming.remote.gprc.NamingPushRequestHandler
19:27:25:793  INFO 72134 --- [main] com.alibaba.nacos.common.remote.client   : [0a94af21-8137-4916-a15d-49c53f795209] Try to connect to server on start up, server: {serverIp = '49.235.39.92', server main port = 8848}
19:27:26:863  INFO 72134 --- [main] com.alibaba.nacos.common.remote.client   : [0a94af21-8137-4916-a15d-49c53f795209] Success to connect to server [49.235.39.92:8848] on start up, connectionId = 1765193246653_218.84.124.103_24135
19:27:26:864  INFO 72134 --- [main] com.alibaba.nacos.common.remote.client   : [0a94af21-8137-4916-a15d-49c53f795209] Register server push request handler:com.alibaba.nacos.common.remote.client.RpcClient$ConnectResetRequestHandler
19:27:26:864  INFO 72134 --- [main] com.alibaba.nacos.common.remote.client   : [0a94af21-8137-4916-a15d-49c53f795209] Register server push request handler:com.alibaba.nacos.common.remote.client.RpcClient$$Lambda$915/0x0000007001737cb0
19:27:26:864  INFO 72134 --- [com.alibaba.nacos.client.remote.worker] com.alibaba.nacos.common.remote.client   : [0a94af21-8137-4916-a15d-49c53f795209] Notify connected event to listeners.
19:27:26:993  INFO 72134 --- [main] o.s.b.w.embedded.tomcat.TomcatWebServer  : Tomcat started on port(s): 8081 (http) with context path ''
19:27:27:073  INFO 72134 --- [main] c.a.c.n.registry.NacosServiceRegistry    : nacos registry, DEFAULT_GROUP item-service 192.168.1.3:8081 register finished
19:27:27:080  INFO 72134 --- [main] d.s.w.p.DocumentationPluginsBootstrapper : Documentation plugins bootstrapped
19:27:27:085  INFO 72134 --- [main] d.s.w.p.DocumentationPluginsBootstrapper : Found 1 custom documentation plugin(s)
19:27:27:101  INFO 72134 --- [main] s.d.s.w.s.ApiListingReferenceScanner     : Scanning for api listing references
19:27:27:270  INFO 72134 --- [main] com.hmall.item.itemApplication           : Started itemApplication in 3.988 seconds (JVM running for 4.614)
19:27:27:487  INFO 72134 --- [nacos-grpc-client-executor-12] com.alibaba.nacos.common.remote.client   : [0a94af21-8137-4916-a15d-49c53f795209] Receive server push request, request = NotifySubscriberRequest, requestId = 397
19:27:27:489  INFO 72134 --- [nacos-grpc-client-executor-12] com.alibaba.nacos.common.remote.client   : [0a94af21-8137-4916-a15d-49c53f795209] Ack server push request, request = NotifySubscriberRequest, requestId = 397
19:57:53:664 ERROR 72134 --- [nacos-grpc-client-executor-729] c.a.n.c.remote.client.grpc.GrpcClient    : [1765193246653_218.84.124.103_24135]Request stream error, switch server,error={}

com.alibaba.nacos.shaded.io.grpc.StatusRuntimeException: UNAVAILABLE: Network closed for unknown reason
	at com.alibaba.nacos.shaded.io.grpc.Status.asRuntimeException(Status.java:533) ~[nacos-client-2.0.4.jar:na]
	at com.alibaba.nacos.shaded.io.grpc.stub.ClientCalls$StreamObserverToCallListenerAdapter.onClose(ClientCalls.java:442) ~[nacos-client-2.0.4.jar:na]
	at com.alibaba.nacos.shaded.io.grpc.PartialForwardingClientCallListener.onClose(PartialForwardingClientCallListener.java:39) ~[nacos-client-2.0.4.jar:na]
	at com.alibaba.nacos.shaded.io.grpc.ForwardingClientCallListener.onClose(ForwardingClientCallListener.java:23) ~[nacos-client-2.0.4.jar:na]
	at com.alibaba.nacos.shaded.io.grpc.ForwardingClientCallListener$SimpleForwardingClientCallListener.onClose(ForwardingClientCallListener.java:40) ~[nacos-client-2.0.4.jar:na]
	at com.alibaba.nacos.shaded.io.grpc.internal.CensusStatsModule$StatsClientInterceptor$1$1.onClose(CensusStatsModule.java:700) ~[nacos-client-2.0.4.jar:na]
	at com.alibaba.nacos.shaded.io.grpc.PartialForwardingClientCallListener.onClose(PartialForwardingClientCallListener.java:39) ~[nacos-client-2.0.4.jar:na]
	at com.alibaba.nacos.shaded.io.grpc.ForwardingClientCallListener.onClose(ForwardingClientCallListener.java:23) ~[nacos-client-2.0.4.jar:na]
	at com.alibaba.nacos.shaded.io.grpc.ForwardingClientCallListener$SimpleForwardingClientCallListener.onClose(ForwardingClientCallListener.java:40) ~[nacos-client-2.0.4.jar:na]
	at com.alibaba.nacos.shaded.io.grpc.internal.CensusTracingModule$TracingClientInterceptor$1$1.onClose(CensusTracingModule.java:399) ~[nacos-client-2.0.4.jar:na]
	at com.alibaba.nacos.shaded.io.grpc.internal.ClientCallImpl.closeObserver(ClientCallImpl.java:510) ~[nacos-client-2.0.4.jar:na]
	at com.alibaba.nacos.shaded.io.grpc.internal.ClientCallImpl.access$300(ClientCallImpl.java:66) ~[nacos-client-2.0.4.jar:na]
	at com.alibaba.nacos.shaded.io.grpc.internal.ClientCallImpl$ClientStreamListenerImpl.close(ClientCallImpl.java:630) ~[nacos-client-2.0.4.jar:na]
	at com.alibaba.nacos.shaded.io.grpc.internal.ClientCallImpl$ClientStreamListenerImpl.access$700(ClientCallImpl.java:518) ~[nacos-client-2.0.4.jar:na]
	at com.alibaba.nacos.shaded.io.grpc.internal.ClientCallImpl$ClientStreamListenerImpl$1StreamClosed.runInternal(ClientCallImpl.java:692) ~[nacos-client-2.0.4.jar:na]
	at com.alibaba.nacos.shaded.io.grpc.internal.ClientCallImpl$ClientStreamListenerImpl$1StreamClosed.runInContext(ClientCallImpl.java:681) ~[nacos-client-2.0.4.jar:na]
	at com.alibaba.nacos.shaded.io.grpc.internal.ContextRunnable.run(ContextRunnable.java:37) ~[nacos-client-2.0.4.jar:na]
	at com.alibaba.nacos.shaded.io.grpc.internal.SerializingExecutor.run(SerializingExecutor.java:123) ~[nacos-client-2.0.4.jar:na]
	at java.base/java.util.concurrent.ThreadPoolExecutor.runWorker(ThreadPoolExecutor.java:1136) ~[na:na]
	at java.base/java.util.concurrent.ThreadPoolExecutor$Worker.run(ThreadPoolExecutor.java:635) ~[na:na]
	at java.base/java.lang.Thread.run(Thread.java:840) ~[na:na]

19:57:53:674  INFO 72134 --- [com.alibaba.nacos.client.remote.worker] com.alibaba.nacos.common.remote.client   : [0a94af21-8137-4916-a15d-49c53f795209] Try to reconnect to a new server, server is  not appointed, will choose a random server.
19:57:54:039  INFO 72134 --- [com.alibaba.nacos.client.remote.worker] com.alibaba.nacos.common.remote.client   : [0a94af21-8137-4916-a15d-49c53f795209] Success to connect a server [49.235.39.92:8848], connectionId = 1765195073840_218.84.124.103_21534
19:57:54:041  INFO 72134 --- [com.alibaba.nacos.client.remote.worker] com.alibaba.nacos.common.remote.client   : [0a94af21-8137-4916-a15d-49c53f795209] Abandon prev connection, server is 49.235.39.92:8848, connectionId is 1765193246653_218.84.124.103_24135
19:57:54:041  INFO 72134 --- [com.alibaba.nacos.client.remote.worker] com.alibaba.nacos.common.remote.client   : Close current connection 1765193246653_218.84.124.103_24135
19:57:54:051  INFO 72134 --- [com.alibaba.nacos.client.remote.worker] com.alibaba.nacos.common.remote.client   : [0a94af21-8137-4916-a15d-49c53f795209] Notify disconnected event to listeners
19:57:54:053  INFO 72134 --- [com.alibaba.nacos.client.remote.worker] com.alibaba.nacos.common.remote.client   : [0a94af21-8137-4916-a15d-49c53f795209] Notify connected event to listeners.
19:57:55:380  INFO 72134 --- [nacos-grpc-client-executor-737] com.alibaba.nacos.common.remote.client   : [0a94af21-8137-4916-a15d-49c53f795209] Receive server push request, request = NotifySubscriberRequest, requestId = 402
19:57:55:381  INFO 72134 --- [nacos-grpc-client-executor-737] com.alibaba.nacos.common.remote.client   : [0a94af21-8137-4916-a15d-49c53f795209] Ack server push request, request = NotifySubscriberRequest, requestId = 402
19:58:04:084  INFO 72134 --- [com.alibaba.nacos.client.remote.worker] com.alibaba.nacos.common.remote.client   : [0a94af21-8137-4916-a15d-49c53f795209] Server healthy check fail, currentConnection = 1765195073840_218.84.124.103_21534
19:58:04:085  INFO 72134 --- [com.alibaba.nacos.client.remote.worker] com.alibaba.nacos.common.remote.client   : [0a94af21-8137-4916-a15d-49c53f795209] Try to reconnect to a new server, server is  not appointed, will choose a random server.
19:58:04:085 ERROR 72134 --- [nacos-grpc-client-executor-738] c.a.n.c.remote.client.grpc.GrpcClient    : [1765195073840_218.84.124.103_21534]Request stream error, switch server,error={}

com.alibaba.nacos.shaded.io.grpc.StatusRuntimeException: UNAVAILABLE: io exception
	at com.alibaba.nacos.shaded.io.grpc.Status.asRuntimeException(Status.java:533) ~[nacos-client-2.0.4.jar:na]
	at com.alibaba.nacos.shaded.io.grpc.stub.ClientCalls$StreamObserverToCallListenerAdapter.onClose(ClientCalls.java:442) ~[nacos-client-2.0.4.jar:na]
	at com.alibaba.nacos.shaded.io.grpc.PartialForwardingClientCallListener.onClose(PartialForwardingClientCallListener.java:39) ~[nacos-client-2.0.4.jar:na]
	at com.alibaba.nacos.shaded.io.grpc.ForwardingClientCallListener.onClose(ForwardingClientCallListener.java:23) ~[nacos-client-2.0.4.jar:na]
	at com.alibaba.nacos.shaded.io.grpc.ForwardingClientCallListener$SimpleForwardingClientCallListener.onClose(ForwardingClientCallListener.java:40) ~[nacos-client-2.0.4.jar:na]
	at com.alibaba.nacos.shaded.io.grpc.internal.CensusStatsModule$StatsClientInterceptor$1$1.onClose(CensusStatsModule.java:700) ~[nacos-client-2.0.4.jar:na]
	at com.alibaba.nacos.shaded.io.grpc.PartialForwardingClientCallListener.onClose(PartialForwardingClientCallListener.java:39) ~[nacos-client-2.0.4.jar:na]
	at com.alibaba.nacos.shaded.io.grpc.ForwardingClientCallListener.onClose(ForwardingClientCallListener.java:23) ~[nacos-client-2.0.4.jar:na]
	at com.alibaba.nacos.shaded.io.grpc.ForwardingClientCallListener$SimpleForwardingClientCallListener.onClose(ForwardingClientCallListener.java:40) ~[nacos-client-2.0.4.jar:na]
	at com.alibaba.nacos.shaded.io.grpc.internal.CensusTracingModule$TracingClientInterceptor$1$1.onClose(CensusTracingModule.java:399) ~[nacos-client-2.0.4.jar:na]
	at com.alibaba.nacos.shaded.io.grpc.internal.ClientCallImpl.closeObserver(ClientCallImpl.java:510) ~[nacos-client-2.0.4.jar:na]
	at com.alibaba.nacos.shaded.io.grpc.internal.ClientCallImpl.access$300(ClientCallImpl.java:66) ~[nacos-client-2.0.4.jar:na]
	at com.alibaba.nacos.shaded.io.grpc.internal.ClientCallImpl$ClientStreamListenerImpl.close(ClientCallImpl.java:630) ~[nacos-client-2.0.4.jar:na]
	at com.alibaba.nacos.shaded.io.grpc.internal.ClientCallImpl$ClientStreamListenerImpl.access$700(ClientCallImpl.java:518) ~[nacos-client-2.0.4.jar:na]
	at com.alibaba.nacos.shaded.io.grpc.internal.ClientCallImpl$ClientStreamListenerImpl$1StreamClosed.runInternal(ClientCallImpl.java:692) ~[nacos-client-2.0.4.jar:na]
	at com.alibaba.nacos.shaded.io.grpc.internal.ClientCallImpl$ClientStreamListenerImpl$1StreamClosed.runInContext(ClientCallImpl.java:681) ~[nacos-client-2.0.4.jar:na]
	at com.alibaba.nacos.shaded.io.grpc.internal.ContextRunnable.run(ContextRunnable.java:37) ~[nacos-client-2.0.4.jar:na]
	at com.alibaba.nacos.shaded.io.grpc.internal.SerializingExecutor.run(SerializingExecutor.java:123) ~[nacos-client-2.0.4.jar:na]
	at java.base/java.util.concurrent.ThreadPoolExecutor.runWorker(ThreadPoolExecutor.java:1136) ~[na:na]
	at java.base/java.util.concurrent.ThreadPoolExecutor$Worker.run(ThreadPoolExecutor.java:635) ~[na:na]
	at java.base/java.lang.Thread.run(Thread.java:840) ~[na:na]
Caused by: java.net.SocketException: Connection reset
	at java.base/sun.nio.ch.SocketChannelImpl.throwConnectionReset(SocketChannelImpl.java:394) ~[na:na]
	at java.base/sun.nio.ch.SocketChannelImpl.read(SocketChannelImpl.java:426) ~[na:na]
	at com.alibaba.nacos.shaded.io.grpc.netty.shaded.io.netty.buffer.PooledByteBuf.setBytes(PooledByteBuf.java:247) ~[nacos-client-2.0.4.jar:na]
	at com.alibaba.nacos.shaded.io.grpc.netty.shaded.io.netty.buffer.AbstractByteBuf.writeBytes(AbstractByteBuf.java:1140) ~[nacos-client-2.0.4.jar:na]
	at com.alibaba.nacos.shaded.io.grpc.netty.shaded.io.netty.channel.socket.nio.NioSocketChannel.doReadBytes(NioSocketChannel.java:347) ~[nacos-client-2.0.4.jar:na]
	at com.alibaba.nacos.shaded.io.grpc.netty.shaded.io.netty.channel.nio.AbstractNioByteChannel$NioByteUnsafe.read(AbstractNioByteChannel.java:148) ~[nacos-client-2.0.4.jar:na]
	at com.alibaba.nacos.shaded.io.grpc.netty.shaded.io.netty.channel.nio.NioEventLoop.processSelectedKey(NioEventLoop.java:697) ~[nacos-client-2.0.4.jar:na]
	at com.alibaba.nacos.shaded.io.grpc.netty.shaded.io.netty.channel.nio.NioEventLoop.processSelectedKeysOptimized(NioEventLoop.java:632) ~[nacos-client-2.0.4.jar:na]
	at com.alibaba.nacos.shaded.io.grpc.netty.shaded.io.netty.channel.nio.NioEventLoop.processSelectedKeys(NioEventLoop.java:549) ~[nacos-client-2.0.4.jar:na]
	at com.alibaba.nacos.shaded.io.grpc.netty.shaded.io.netty.channel.nio.NioEventLoop.run(NioEventLoop.java:511) ~[nacos-client-2.0.4.jar:na]
	at com.alibaba.nacos.shaded.io.grpc.netty.shaded.io.netty.util.concurrent.SingleThreadEventExecutor$5.run(SingleThreadEventExecutor.java:918) ~[nacos-client-2.0.4.jar:na]
	at com.alibaba.nacos.shaded.io.grpc.netty.shaded.io.netty.util.internal.ThreadExecutorMap$2.run(ThreadExecutorMap.java:74) ~[nacos-client-2.0.4.jar:na]
	at com.alibaba.nacos.shaded.io.grpc.netty.shaded.io.netty.util.concurrent.FastThreadLocalRunnable.run(FastThreadLocalRunnable.java:30) ~[nacos-client-2.0.4.jar:na]
	... 1 common frames omitted

19:58:04:431  INFO 72134 --- [com.alibaba.nacos.client.remote.worker] com.alibaba.nacos.common.remote.client   : [0a94af21-8137-4916-a15d-49c53f795209] Success to connect a server [49.235.39.92:8848], connectionId = 1765195084247_218.84.124.103_21823
19:58:04:432  INFO 72134 --- [com.alibaba.nacos.client.remote.worker] com.alibaba.nacos.common.remote.client   : [0a94af21-8137-4916-a15d-49c53f795209] Abandon prev connection, server is 49.235.39.92:8848, connectionId is 1765195073840_218.84.124.103_21534
19:58:04:432  INFO 72134 --- [com.alibaba.nacos.client.remote.worker] com.alibaba.nacos.common.remote.client   : Close current connection 1765195073840_218.84.124.103_21534
19:58:04:432  INFO 72134 --- [com.alibaba.nacos.client.remote.worker] com.alibaba.nacos.common.remote.client   : [0a94af21-8137-4916-a15d-49c53f795209] Notify disconnected event to listeners
19:58:04:433  INFO 72134 --- [com.alibaba.nacos.client.remote.worker] com.alibaba.nacos.common.remote.client   : [0a94af21-8137-4916-a15d-49c53f795209] Notify connected event to listeners.
19:58:07:589  INFO 72134 --- [nacos-grpc-client-executor-748] com.alibaba.nacos.common.remote.client   : [0a94af21-8137-4916-a15d-49c53f795209] Receive server push request, request = NotifySubscriberRequest, requestId = 407
19:58:07:589  INFO 72134 --- [nacos-grpc-client-executor-748] com.alibaba.nacos.common.remote.client   : [0a94af21-8137-4916-a15d-49c53f795209] Ack server push request, request = NotifySubscriberRequest, requestId = 407
19:58:31:167 ERROR 72134 --- [nacos-grpc-client-executor-756] c.a.n.c.remote.client.grpc.GrpcClient    : [1765195084247_218.84.124.103_21823]Request stream error, switch server,error={}

com.alibaba.nacos.shaded.io.grpc.StatusRuntimeException: UNAVAILABLE: Network closed for unknown reason
	at com.alibaba.nacos.shaded.io.grpc.Status.asRuntimeException(Status.java:533) ~[nacos-client-2.0.4.jar:na]
	at com.alibaba.nacos.shaded.io.grpc.stub.ClientCalls$StreamObserverToCallListenerAdapter.onClose(ClientCalls.java:442) ~[nacos-client-2.0.4.jar:na]
	at com.alibaba.nacos.shaded.io.grpc.PartialForwardingClientCallListener.onClose(PartialForwardingClientCallListener.java:39) ~[nacos-client-2.0.4.jar:na]
	at com.alibaba.nacos.shaded.io.grpc.ForwardingClientCallListener.onClose(ForwardingClientCallListener.java:23) ~[nacos-client-2.0.4.jar:na]
	at com.alibaba.nacos.shaded.io.grpc.ForwardingClientCallListener$SimpleForwardingClientCallListener.onClose(ForwardingClientCallListener.java:40) ~[nacos-client-2.0.4.jar:na]
	at com.alibaba.nacos.shaded.io.grpc.internal.CensusStatsModule$StatsClientInterceptor$1$1.onClose(CensusStatsModule.java:700) ~[nacos-client-2.0.4.jar:na]
	at com.alibaba.nacos.shaded.io.grpc.PartialForwardingClientCallListener.onClose(PartialForwardingClientCallListener.java:39) ~[nacos-client-2.0.4.jar:na]
	at com.alibaba.nacos.shaded.io.grpc.ForwardingClientCallListener.onClose(ForwardingClientCallListener.java:23) ~[nacos-client-2.0.4.jar:na]
	at com.alibaba.nacos.shaded.io.grpc.ForwardingClientCallListener$SimpleForwardingClientCallListener.onClose(ForwardingClientCallListener.java:40) ~[nacos-client-2.0.4.jar:na]
	at com.alibaba.nacos.shaded.io.grpc.internal.CensusTracingModule$TracingClientInterceptor$1$1.onClose(CensusTracingModule.java:399) ~[nacos-client-2.0.4.jar:na]
	at com.alibaba.nacos.shaded.io.grpc.internal.ClientCallImpl.closeObserver(ClientCallImpl.java:510) ~[nacos-client-2.0.4.jar:na]
	at com.alibaba.nacos.shaded.io.grpc.internal.ClientCallImpl.access$300(ClientCallImpl.java:66) ~[nacos-client-2.0.4.jar:na]
	at com.alibaba.nacos.shaded.io.grpc.internal.ClientCallImpl$ClientStreamListenerImpl.close(ClientCallImpl.java:630) ~[nacos-client-2.0.4.jar:na]
	at com.alibaba.nacos.shaded.io.grpc.internal.ClientCallImpl$ClientStreamListenerImpl.access$700(ClientCallImpl.java:518) ~[nacos-client-2.0.4.jar:na]
	at com.alibaba.nacos.shaded.io.grpc.internal.ClientCallImpl$ClientStreamListenerImpl$1StreamClosed.runInternal(ClientCallImpl.java:692) ~[nacos-client-2.0.4.jar:na]
	at com.alibaba.nacos.shaded.io.grpc.internal.ClientCallImpl$ClientStreamListenerImpl$1StreamClosed.runInContext(ClientCallImpl.java:681) ~[nacos-client-2.0.4.jar:na]
	at com.alibaba.nacos.shaded.io.grpc.internal.ContextRunnable.run(ContextRunnable.java:37) ~[nacos-client-2.0.4.jar:na]
	at com.alibaba.nacos.shaded.io.grpc.internal.SerializingExecutor.run(SerializingExecutor.java:123) ~[nacos-client-2.0.4.jar:na]
	at java.base/java.util.concurrent.ThreadPoolExecutor.runWorker(ThreadPoolExecutor.java:1136) ~[na:na]
	at java.base/java.util.concurrent.ThreadPoolExecutor$Worker.run(ThreadPoolExecutor.java:635) ~[na:na]
	at java.base/java.lang.Thread.run(Thread.java:840) ~[na:na]

19:58:31:170  INFO 72134 --- [com.alibaba.nacos.client.remote.worker] com.alibaba.nacos.common.remote.client   : [0a94af21-8137-4916-a15d-49c53f795209] Try to reconnect to a new server, server is  not appointed, will choose a random server.
19:58:31:467  INFO 72134 --- [com.alibaba.nacos.client.remote.worker] com.alibaba.nacos.common.remote.client   : [0a94af21-8137-4916-a15d-49c53f795209] Success to connect a server [49.235.39.92:8848], connectionId = 1765195111309_218.84.124.103_22008
19:58:31:467  INFO 72134 --- [com.alibaba.nacos.client.remote.worker] com.alibaba.nacos.common.remote.client   : [0a94af21-8137-4916-a15d-49c53f795209] Abandon prev connection, server is 49.235.39.92:8848, connectionId is 1765195084247_218.84.124.103_21823
19:58:31:468  INFO 72134 --- [com.alibaba.nacos.client.remote.worker] com.alibaba.nacos.common.remote.client   : Close current connection 1765195084247_218.84.124.103_21823
19:58:31:469  INFO 72134 --- [com.alibaba.nacos.client.remote.worker] com.alibaba.nacos.common.remote.client   : [0a94af21-8137-4916-a15d-49c53f795209] Notify disconnected event to listeners
19:58:31:470  INFO 72134 --- [com.alibaba.nacos.client.remote.worker] com.alibaba.nacos.common.remote.client   : [0a94af21-8137-4916-a15d-49c53f795209] Notify connected event to listeners.
19:58:34:704  INFO 72134 --- [nacos-grpc-client-executor-765] com.alibaba.nacos.common.remote.client   : [0a94af21-8137-4916-a15d-49c53f795209] Receive server push request, request = NotifySubscriberRequest, requestId = 413
19:58:34:704  INFO 72134 --- [nacos-grpc-client-executor-765] com.alibaba.nacos.common.remote.client   : [0a94af21-8137-4916-a15d-49c53f795209] Ack server push request, request = NotifySubscriberRequest, requestId = 413
21:10:29:589  WARN 72134 --- [Thread-4] c.a.nacos.common.notify.NotifyCenter     : [NotifyCenter] Start destroying Publisher
21:10:29:589  WARN 72134 --- [Thread-7] c.a.n.common.http.HttpClientBeanHolder   : [HttpClientBeanHolder] Start destroying common HttpClient
21:10:29:612  WARN 72134 --- [Thread-4] c.a.nacos.common.notify.NotifyCenter     : [NotifyCenter] Destruction of the end
21:10:29:621  WARN 72134 --- [Thread-7] c.a.n.common.http.HttpClientBeanHolder   : [HttpClientBeanHolder] Destruction of the end
21:10:29:755  INFO 72134 --- [SpringApplicationShutdownHook] c.a.c.n.registry.NacosServiceRegistry    : De-registering from Nacos Server now...
21:10:29:819  INFO 72134 --- [SpringApplicationShutdownHook] c.a.c.n.registry.NacosServiceRegistry    : De-registration finished.
21:10:30:130  INFO 72134 --- [SpringApplicationShutdownHook] com.alibaba.nacos.common.remote.client   : Shutdown rpc client, set status to shutdown
21:10:30:130  INFO 72134 --- [SpringApplicationShutdownHook] com.alibaba.nacos.common.remote.client   : Shutdown client event executor java.util.concurrent.ScheduledThreadPoolExecutor@10c29d7f[Running, pool size = 2, active threads = 2, queued tasks = 0, completed tasks = 0]
21:10:30:130  INFO 72134 --- [SpringApplicationShutdownHook] com.alibaba.nacos.common.remote.client   : Close current connection 1765195111309_218.84.124.103_22008
21:10:30:133  INFO 72134 --- [SpringApplicationShutdownHook] c.a.n.c.remote.client.grpc.GrpcClient    : Shutdown grpc executor java.util.concurrent.ThreadPoolExecutor@29f5d07[Running, pool size = 5, active threads = 0, queued tasks = 0, completed tasks = 1810]
21:10:33:358  INFO 82870 --- [main] com.hmall.item.itemApplication           : Starting itemApplication using Java 17.0.17 on mazhitaodeMac-mini.local with PID 82870 (/Users/dark/Documents/IDEA/hmall/item-service/target/classes started by dark in /Users/dark/Documents/IDEA/hmall)
21:10:33:360 DEBUG 82870 --- [main] com.hmall.item.itemApplication           : Running with Spring Boot v2.7.12, Spring v5.3.27
21:10:33:360  INFO 82870 --- [main] com.hmall.item.itemApplication           : The following 1 profile is active: "dev"
21:10:33:939  INFO 82870 --- [main] o.s.cloud.context.scope.GenericScope     : BeanFactory id=990ee98e-a41f-32b2-9bee-5744760b7c7c
21:10:34:212  INFO 82870 --- [main] o.s.b.w.embedded.tomcat.TomcatWebServer  : Tomcat initialized with port(s): 8081 (http)
21:10:34:222  INFO 82870 --- [main] o.apache.catalina.core.StandardService   : Starting service [Tomcat]
21:10:34:223  INFO 82870 --- [main] org.apache.catalina.core.StandardEngine  : Starting Servlet engine: [Apache Tomcat/9.0.75]
21:10:34:355  INFO 82870 --- [main] o.a.c.c.C.[Tomcat].[localhost].[/]       : Initializing Spring embedded WebApplicationContext
21:10:34:356  INFO 82870 --- [main] w.s.c.ServletWebServerApplicationContext : Root WebApplicationContext: initialization completed in 971 ms
21:10:35:127  INFO 82870 --- [main] pertySourcedRequestMappingHandlerMapping : Mapped URL path [/v2/api-docs] onto method [springfox.documentation.swagger2.web.Swagger2ControllerWebMvc#getDocumentation(String, HttpServletRequest)]
21:10:35:271  INFO 82870 --- [main] com.alibaba.nacos.common.remote.client   : [RpcClientFactory] create a new rpc client of 30fa8d1f-88c8-4eee-9575-7b76308752ae
21:10:35:312  INFO 82870 --- [main] org.reflections.Reflections              : Reflections took 17 ms to scan 1 urls, producing 3 keys and 6 values 
21:10:35:323  INFO 82870 --- [main] org.reflections.Reflections              : Reflections took 4 ms to scan 1 urls, producing 4 keys and 9 values 
21:10:35:328  INFO 82870 --- [main] org.reflections.Reflections              : Reflections took 4 ms to scan 1 urls, producing 3 keys and 10 values 
21:10:35:329  WARN 82870 --- [main] org.reflections.Reflections              : given scan urls are empty. set urls in the configuration
21:10:35:334  INFO 82870 --- [main] org.reflections.Reflections              : Reflections took 4 ms to scan 1 urls, producing 1 keys and 5 values 
21:10:35:338  INFO 82870 --- [main] org.reflections.Reflections              : Reflections took 3 ms to scan 1 urls, producing 1 keys and 7 values 
21:10:35:355  INFO 82870 --- [main] org.reflections.Reflections              : Reflections took 13 ms to scan 1 urls, producing 2 keys and 8 values 
21:10:35:356  WARN 82870 --- [main] org.reflections.Reflections              : given scan urls are empty. set urls in the configuration
21:10:35:357  INFO 82870 --- [main] com.alibaba.nacos.common.remote.client   : [30fa8d1f-88c8-4eee-9575-7b76308752ae] RpcClient init label, labels = {module=naming, source=sdk}
21:10:35:358  INFO 82870 --- [main] com.alibaba.nacos.common.remote.client   : [30fa8d1f-88c8-4eee-9575-7b76308752ae] RpcClient init, ServerListFactory = com.alibaba.nacos.client.naming.core.ServerListManager
21:10:35:359  INFO 82870 --- [main] com.alibaba.nacos.common.remote.client   : [30fa8d1f-88c8-4eee-9575-7b76308752ae] Registry connection listener to current client:com.alibaba.nacos.client.naming.remote.gprc.redo.NamingGrpcRedoService
21:10:35:359  INFO 82870 --- [main] com.alibaba.nacos.common.remote.client   : [30fa8d1f-88c8-4eee-9575-7b76308752ae] Register server push request handler:com.alibaba.nacos.client.naming.remote.gprc.NamingPushRequestHandler
21:10:35:361  INFO 82870 --- [main] com.alibaba.nacos.common.remote.client   : [30fa8d1f-88c8-4eee-9575-7b76308752ae] Try to connect to server on start up, server: {serverIp = '49.235.39.92', server main port = 8848}
21:10:36:130  INFO 82870 --- [main] com.alibaba.nacos.common.remote.client   : [30fa8d1f-88c8-4eee-9575-7b76308752ae] Success to connect to server [49.235.39.92:8848] on start up, connectionId = 1765199435929_218.84.124.103_23599
21:10:36:131  INFO 82870 --- [com.alibaba.nacos.client.remote.worker] com.alibaba.nacos.common.remote.client   : [30fa8d1f-88c8-4eee-9575-7b76308752ae] Notify connected event to listeners.
21:10:36:132  INFO 82870 --- [main] com.alibaba.nacos.common.remote.client   : [30fa8d1f-88c8-4eee-9575-7b76308752ae] Register server push request handler:com.alibaba.nacos.common.remote.client.RpcClient$ConnectResetRequestHandler
21:10:36:132  INFO 82870 --- [main] com.alibaba.nacos.common.remote.client   : [30fa8d1f-88c8-4eee-9575-7b76308752ae] Register server push request handler:com.alibaba.nacos.common.remote.client.RpcClient$$Lambda$915/0x000000b0017179d8
21:10:36:265  INFO 82870 --- [main] o.s.b.w.embedded.tomcat.TomcatWebServer  : Tomcat started on port(s): 8081 (http) with context path ''
21:10:36:338  INFO 82870 --- [main] c.a.c.n.registry.NacosServiceRegistry    : nacos registry, DEFAULT_GROUP item-service 192.168.1.3:8081 register finished
21:10:36:344  INFO 82870 --- [main] d.s.w.p.DocumentationPluginsBootstrapper : Documentation plugins bootstrapped
21:10:36:347  INFO 82870 --- [main] d.s.w.p.DocumentationPluginsBootstrapper : Found 1 custom documentation plugin(s)
21:10:36:357  INFO 82870 --- [main] s.d.s.w.s.ApiListingReferenceScanner     : Scanning for api listing references
21:10:36:451  INFO 82870 --- [main] com.hmall.item.itemApplication           : Started itemApplication in 3.394 seconds (JVM running for 3.759)
21:10:36:815  INFO 82870 --- [nacos-grpc-client-executor-9] com.alibaba.nacos.common.remote.client   : [30fa8d1f-88c8-4eee-9575-7b76308752ae] Receive server push request, request = NotifySubscriberRequest, requestId = 441
21:10:36:818  INFO 82870 --- [nacos-grpc-client-executor-9] com.alibaba.nacos.common.remote.client   : [30fa8d1f-88c8-4eee-9575-7b76308752ae] Ack server push request, request = NotifySubscriberRequest, requestId = 441
21:11:03:412  INFO 82870 --- [http-nio-8081-exec-1] o.a.c.c.C.[Tomcat].[localhost].[/]       : Initializing Spring DispatcherServlet 'dispatcherServlet'
21:11:03:413  INFO 82870 --- [http-nio-8081-exec-1] o.s.web.servlet.DispatcherServlet        : Initializing Servlet 'dispatcherServlet'
21:11:03:415  INFO 82870 --- [http-nio-8081-exec-1] o.s.web.servlet.DispatcherServlet        : Completed initialization in 2 ms
21:11:03:450  INFO 82870 --- [http-nio-8081-exec-1] com.zaxxer.hikari.HikariDataSource       : HikariPool-1 - Starting...
21:11:04:386  INFO 82870 --- [http-nio-8081-exec-1] com.zaxxer.hikari.HikariDataSource       : HikariPool-1 - Start completed.
21:11:04:392 DEBUG 82870 --- [http-nio-8081-exec-1] c.h.i.mapper.ItemMapper.selectBatchIds   : ==>  Preparing: SELECT id,name,price,stock,image,category,brand,spec,sold,comment_count,isAD,status,create_time,update_time,creater,updater FROM item WHERE id IN ( ? )
21:11:04:406 DEBUG 82870 --- [http-nio-8081-exec-1] c.h.i.mapper.ItemMapper.selectBatchIds   : ==> Parameters: 100000003145(Long)
21:11:04:496 DEBUG 82870 --- [http-nio-8081-exec-1] c.h.i.mapper.ItemMapper.selectBatchIds   : <==      Total: 1
