14:10:08:160  INFO 49604 --- [main] com.hmall.gateway.GatewayApplication     : The following 1 profile is active: "dev"
14:10:08:658  INFO 49604 --- [main] o.s.cloud.context.scope.GenericScope     : BeanFactory id=60c7d69e-f7bd-33bc-a4d5-1a0226149efd
14:10:08:776  INFO 49604 --- [main] trationDelegate$BeanPostProcessorChecker : Bean 'org.springframework.cloud.client.loadbalancer.reactive.LoadBalancerBeanPostProcessorAutoConfiguration' of type [org.springframework.cloud.client.loadbalancer.reactive.LoadBalancerBeanPostProcessorAutoConfiguration] is not eligible for getting processed by all BeanPostProcessors (for example: not eligible for auto-proxying)
14:10:08:777  INFO 49604 --- [main] trationDelegate$BeanPostProcessorChecker : Bean 'org.springframework.cloud.client.loadbalancer.reactive.LoadBalancerBeanPostProcessorAutoConfiguration$ReactorDeferringLoadBalancerFilterConfig' of type [org.springframework.cloud.client.loadbalancer.reactive.LoadBalancerBeanPostProcessorAutoConfiguration$ReactorDeferringLoadBalancerFilterConfig] is not eligible for getting processed by all BeanPostProcessors (for example: not eligible for auto-proxying)
14:10:08:778  INFO 49604 --- [main] trationDelegate$BeanPostProcessorChecker : Bean 'reactorDeferringLoadBalancerExchangeFilterFunction' of type [org.springframework.cloud.client.loadbalancer.reactive.DeferringLoadBalancerExchangeFilterFunction] is not eligible for getting processed by all BeanPostProcessors (for example: not eligible for auto-proxying)
14:10:09:598  INFO 49604 --- [main] o.s.c.g.r.RouteDefinitionRouteLocator    : Loaded RoutePredicateFactory [After]
14:10:09:599  INFO 49604 --- [main] o.s.c.g.r.RouteDefinitionRouteLocator    : Loaded RoutePredicateFactory [Before]
14:10:09:599  INFO 49604 --- [main] o.s.c.g.r.RouteDefinitionRouteLocator    : Loaded RoutePredicateFactory [Between]
14:10:09:599  INFO 49604 --- [main] o.s.c.g.r.RouteDefinitionRouteLocator    : Loaded RoutePredicateFactory [Cookie]
14:10:09:599  INFO 49604 --- [main] o.s.c.g.r.RouteDefinitionRouteLocator    : Loaded RoutePredicateFactory [Header]
14:10:09:599  INFO 49604 --- [main] o.s.c.g.r.RouteDefinitionRouteLocator    : Loaded RoutePredicateFactory [Host]
14:10:09:599  INFO 49604 --- [main] o.s.c.g.r.RouteDefinitionRouteLocator    : Loaded RoutePredicateFactory [Method]
14:10:09:599  INFO 49604 --- [main] o.s.c.g.r.RouteDefinitionRouteLocator    : Loaded RoutePredicateFactory [Path]
14:10:09:599  INFO 49604 --- [main] o.s.c.g.r.RouteDefinitionRouteLocator    : Loaded RoutePredicateFactory [Query]
14:10:09:599  INFO 49604 --- [main] o.s.c.g.r.RouteDefinitionRouteLocator    : Loaded RoutePredicateFactory [ReadBody]
14:10:09:599  INFO 49604 --- [main] o.s.c.g.r.RouteDefinitionRouteLocator    : Loaded RoutePredicateFactory [RemoteAddr]
14:10:09:599  INFO 49604 --- [main] o.s.c.g.r.RouteDefinitionRouteLocator    : Loaded RoutePredicateFactory [XForwardedRemoteAddr]
14:10:09:599  INFO 49604 --- [main] o.s.c.g.r.RouteDefinitionRouteLocator    : Loaded RoutePredicateFactory [Weight]
14:10:09:599  INFO 49604 --- [main] o.s.c.g.r.RouteDefinitionRouteLocator    : Loaded RoutePredicateFactory [CloudFoundryRouteService]
14:10:09:712  INFO 49604 --- [main] c.a.c.s.SentinelWebFluxAutoConfiguration : [Sentinel Starter] register Sentinel SentinelWebFluxFilter
14:10:09:903  INFO 49604 --- [main] com.alibaba.nacos.common.remote.client   : [RpcClientFactory] create a new rpc client of 9ff437a5-9a69-4803-a357-3269cfd2479e
14:10:09:903  INFO 49604 --- [main] com.alibaba.nacos.common.remote.client   : [9ff437a5-9a69-4803-a357-3269cfd2479e] RpcClient init label, labels = {module=naming, source=sdk}
14:10:09:905  INFO 49604 --- [main] com.alibaba.nacos.common.remote.client   : [9ff437a5-9a69-4803-a357-3269cfd2479e] RpcClient init, ServerListFactory = com.alibaba.nacos.client.naming.core.ServerListManager
14:10:09:905  INFO 49604 --- [main] com.alibaba.nacos.common.remote.client   : [9ff437a5-9a69-4803-a357-3269cfd2479e] Registry connection listener to current client:com.alibaba.nacos.client.naming.remote.gprc.redo.NamingGrpcRedoService
14:10:09:905  INFO 49604 --- [main] com.alibaba.nacos.common.remote.client   : [9ff437a5-9a69-4803-a357-3269cfd2479e] Register server push request handler:com.alibaba.nacos.client.naming.remote.gprc.NamingPushRequestHandler
14:10:09:905  INFO 49604 --- [main] com.alibaba.nacos.common.remote.client   : [9ff437a5-9a69-4803-a357-3269cfd2479e] Try to connect to server on start up, server: {serverIp = '49.235.39.92', server main port = 8848}
14:10:10:215  INFO 49604 --- [main] com.alibaba.nacos.common.remote.client   : [9ff437a5-9a69-4803-a357-3269cfd2479e] Success to connect to server [49.235.39.92:8848] on start up, connectionId = 1765519810131_218.84.124.14_4029
14:10:10:215  INFO 49604 --- [main] com.alibaba.nacos.common.remote.client   : [9ff437a5-9a69-4803-a357-3269cfd2479e] Register server push request handler:com.alibaba.nacos.common.remote.client.RpcClient$ConnectResetRequestHandler
14:10:10:215  INFO 49604 --- [main] com.alibaba.nacos.common.remote.client   : [9ff437a5-9a69-4803-a357-3269cfd2479e] Register server push request handler:com.alibaba.nacos.common.remote.client.RpcClient$$Lambda$463/0x0000000800517c40
14:10:10:215  INFO 49604 --- [com.alibaba.nacos.client.remote.worker] com.alibaba.nacos.common.remote.client   : [9ff437a5-9a69-4803-a357-3269cfd2479e] Notify connected event to listeners.
14:10:10:341  INFO 49604 --- [main] o.s.b.web.embedded.netty.NettyWebServer  : Netty started on port 18080
14:10:10:416  INFO 49604 --- [main] c.a.c.n.registry.NacosServiceRegistry    : nacos registry, DEFAULT_GROUP hm-gateway 192.168.1.3:18080 register finished
14:10:10:428  INFO 49604 --- [main] com.hmall.gateway.GatewayApplication     : Started GatewayApplication in 4.076 seconds (JVM running for 4.516)
14:10:10:434  INFO 49604 --- [main] c.a.c.n.refresh.NacosContextRefresher    : [Nacos Config] Listening config: dataId=hm-gateway-dev.yaml, group=DEFAULT_GROUP
14:10:10:434  INFO 49604 --- [main] c.a.c.n.refresh.NacosContextRefresher    : [Nacos Config] Listening config: dataId=hm-gateway, group=DEFAULT_GROUP
14:10:10:434  INFO 49604 --- [main] c.a.c.n.refresh.NacosContextRefresher    : [Nacos Config] Listening config: dataId=hm-gateway.yaml, group=DEFAULT_GROUP
14:10:10:874  INFO 49604 --- [nacos-grpc-client-executor-7] com.alibaba.nacos.common.remote.client   : [9ff437a5-9a69-4803-a357-3269cfd2479e] Receive server push request, request = NotifySubscriberRequest, requestId = 2809
14:10:10:894  INFO 49604 --- [nacos-grpc-client-executor-7] com.alibaba.nacos.common.remote.client   : [9ff437a5-9a69-4803-a357-3269cfd2479e] Ack server push request, request = NotifySubscriberRequest, requestId = 2809
