14:10:08:160  INFO 49604 --- [main] com.hmall.gateway.GatewayApplication     : The following 1 profile is active: "dev"
14:10:08:658  INFO 49604 --- [main] o.s.cloud.context.scope.GenericScope     : BeanFactory id=60c7d69e-f7bd-33bc-a4d5-1a0226149efd
14:10:08:776  INFO 49604 --- [main] trationDelegate$BeanPostProcessorChecker : Bean 'org.springframework.cloud.client.loadbalancer.reactive.LoadBalancerBeanPostProcessorAutoConfiguration' of type [org.springframework.cloud.client.loadbalancer.reactive.LoadBalancerBeanPostProcessorAutoConfiguration] is not eligible for getting processed by all BeanPostProcessors (for example: not eligible for auto-proxying)
14:10:08:777  INFO 49604 --- [main] trationDelegate$BeanPostProcessorChecker : Bean 'org.springframework.cloud.client.loadbalancer.reactive.LoadBalancerBeanPostProcessorAutoConfiguration$ReactorDeferringLoadBalancerFilterConfig' of type [org.springframework.cloud.client.loadbalancer.reactive.LoadBalancerBeanPostProcessorAutoConfiguration$ReactorDeferringLoadBalancerFilterConfig] is not eligible for getting processed by all BeanPostProcessors (for example: not eligible for auto-proxying)
14:10:08:778  INFO 49604 --- [main] trationDelegate$BeanPostProcessorChecker : Bean 'reactorDeferringLoadBalancerExchangeFilterFunction' of type [org.springframework.cloud.client.loadbalancer.reactive.DeferringLoadBalancerExchangeFilterFunction] is not eligible for getting processed by all BeanPostProcessors (for example: not eligible for auto-proxying)
14:10:09:598  INFO 49604 --- [main] o.s.c.g.r.RouteDefinitionRouteLocator    : Loaded RoutePredicateFactory [After]
14:10:09:599  INFO 49604 --- [main] o.s.c.g.r.RouteDefinitionRouteLocator    : Loaded RoutePredicateFactory [Before]
14:10:09:599  INFO 49604 --- [main] o.s.c.g.r.RouteDefinitionRouteLocator    : Loaded RoutePredicateFactory [Between]
14:10:09:599  INFO 49604 --- [main] o.s.c.g.r.RouteDefinitionRouteLocator    : Loaded RoutePredicateFactory [Cookie]
14:10:09:599  INFO 49604 --- [main] o.s.c.g.r.RouteDefinitionRouteLocator    : Loaded RoutePredicateFactory [Header]
14:10:09:599  INFO 49604 --- [main] o.s.c.g.r.RouteDefinitionRouteLocator    : Loaded RoutePredicateFactory [Host]
14:10:09:599  INFO 49604 --- [main] o.s.c.g.r.RouteDefinitionRouteLocator    : Loaded RoutePredicateFactory [Method]
14:10:09:599  INFO 49604 --- [main] o.s.c.g.r.RouteDefinitionRouteLocator    : Loaded RoutePredicateFactory [Path]
14:10:09:599  INFO 49604 --- [main] o.s.c.g.r.RouteDefinitionRouteLocator    : Loaded RoutePredicateFactory [Query]
14:10:09:599  INFO 49604 --- [main] o.s.c.g.r.RouteDefinitionRouteLocator    : Loaded RoutePredicateFactory [ReadBody]
14:10:09:599  INFO 49604 --- [main] o.s.c.g.r.RouteDefinitionRouteLocator    : Loaded RoutePredicateFactory [RemoteAddr]
14:10:09:599  INFO 49604 --- [main] o.s.c.g.r.RouteDefinitionRouteLocator    : Loaded RoutePredicateFactory [XForwardedRemoteAddr]
14:10:09:599  INFO 49604 --- [main] o.s.c.g.r.RouteDefinitionRouteLocator    : Loaded RoutePredicateFactory [Weight]
14:10:09:599  INFO 49604 --- [main] o.s.c.g.r.RouteDefinitionRouteLocator    : Loaded RoutePredicateFactory [CloudFoundryRouteService]
14:10:09:712  INFO 49604 --- [main] c.a.c.s.SentinelWebFluxAutoConfiguration : [Sentinel Starter] register Sentinel SentinelWebFluxFilter
14:10:09:903  INFO 49604 --- [main] com.alibaba.nacos.common.remote.client   : [RpcClientFactory] create a new rpc client of 9ff437a5-9a69-4803-a357-3269cfd2479e
14:10:09:903  INFO 49604 --- [main] com.alibaba.nacos.common.remote.client   : [9ff437a5-9a69-4803-a357-3269cfd2479e] RpcClient init label, labels = {module=naming, source=sdk}
14:10:09:905  INFO 49604 --- [main] com.alibaba.nacos.common.remote.client   : [9ff437a5-9a69-4803-a357-3269cfd2479e] RpcClient init, ServerListFactory = com.alibaba.nacos.client.naming.core.ServerListManager
14:10:09:905  INFO 49604 --- [main] com.alibaba.nacos.common.remote.client   : [9ff437a5-9a69-4803-a357-3269cfd2479e] Registry connection listener to current client:com.alibaba.nacos.client.naming.remote.gprc.redo.NamingGrpcRedoService
14:10:09:905  INFO 49604 --- [main] com.alibaba.nacos.common.remote.client   : [9ff437a5-9a69-4803-a357-3269cfd2479e] Register server push request handler:com.alibaba.nacos.client.naming.remote.gprc.NamingPushRequestHandler
14:10:09:905  INFO 49604 --- [main] com.alibaba.nacos.common.remote.client   : [9ff437a5-9a69-4803-a357-3269cfd2479e] Try to connect to server on start up, server: {serverIp = '49.235.39.92', server main port = 8848}
14:10:10:215  INFO 49604 --- [main] com.alibaba.nacos.common.remote.client   : [9ff437a5-9a69-4803-a357-3269cfd2479e] Success to connect to server [49.235.39.92:8848] on start up, connectionId = 1765519810131_218.84.124.14_4029
14:10:10:215  INFO 49604 --- [main] com.alibaba.nacos.common.remote.client   : [9ff437a5-9a69-4803-a357-3269cfd2479e] Register server push request handler:com.alibaba.nacos.common.remote.client.RpcClient$ConnectResetRequestHandler
14:10:10:215  INFO 49604 --- [main] com.alibaba.nacos.common.remote.client   : [9ff437a5-9a69-4803-a357-3269cfd2479e] Register server push request handler:com.alibaba.nacos.common.remote.client.RpcClient$$Lambda$463/0x0000000800517c40
14:10:10:215  INFO 49604 --- [com.alibaba.nacos.client.remote.worker] com.alibaba.nacos.common.remote.client   : [9ff437a5-9a69-4803-a357-3269cfd2479e] Notify connected event to listeners.
14:10:10:341  INFO 49604 --- [main] o.s.b.web.embedded.netty.NettyWebServer  : Netty started on port 18080
14:10:10:416  INFO 49604 --- [main] c.a.c.n.registry.NacosServiceRegistry    : nacos registry, DEFAULT_GROUP hm-gateway 192.168.1.3:18080 register finished
14:10:10:428  INFO 49604 --- [main] com.hmall.gateway.GatewayApplication     : Started GatewayApplication in 4.076 seconds (JVM running for 4.516)
14:10:10:434  INFO 49604 --- [main] c.a.c.n.refresh.NacosContextRefresher    : [Nacos Config] Listening config: dataId=hm-gateway-dev.yaml, group=DEFAULT_GROUP
14:10:10:434  INFO 49604 --- [main] c.a.c.n.refresh.NacosContextRefresher    : [Nacos Config] Listening config: dataId=hm-gateway, group=DEFAULT_GROUP
14:10:10:434  INFO 49604 --- [main] c.a.c.n.refresh.NacosContextRefresher    : [Nacos Config] Listening config: dataId=hm-gateway.yaml, group=DEFAULT_GROUP
14:10:10:874  INFO 49604 --- [nacos-grpc-client-executor-7] com.alibaba.nacos.common.remote.client   : [9ff437a5-9a69-4803-a357-3269cfd2479e] Receive server push request, request = NotifySubscriberRequest, requestId = 2809
14:10:10:894  INFO 49604 --- [nacos-grpc-client-executor-7] com.alibaba.nacos.common.remote.client   : [9ff437a5-9a69-4803-a357-3269cfd2479e] Ack server push request, request = NotifySubscriberRequest, requestId = 2809
14:17:16:439  WARN 49604 --- [Thread-5] c.a.nacos.common.notify.NotifyCenter     : [NotifyCenter] Start destroying Publisher
14:17:16:439  WARN 49604 --- [Thread-1] c.a.n.common.http.HttpClientBeanHolder   : [HttpClientBeanHolder] Start destroying common HttpClient
14:17:16:440  WARN 49604 --- [Thread-5] c.a.nacos.common.notify.NotifyCenter     : [NotifyCenter] Destruction of the end
14:17:16:441  WARN 49604 --- [Thread-1] c.a.n.common.http.HttpClientBeanHolder   : [HttpClientBeanHolder] Destruction of the end
14:17:16:515  INFO 49604 --- [SpringApplicationShutdownHook] c.a.c.n.registry.NacosServiceRegistry    : De-registering from Nacos Server now...
14:17:16:583  INFO 49604 --- [SpringApplicationShutdownHook] c.a.c.n.registry.NacosServiceRegistry    : De-registration finished.
14:17:16:891  INFO 49604 --- [SpringApplicationShutdownHook] com.alibaba.nacos.common.remote.client   : Shutdown rpc client, set status to shutdown
14:17:16:891  INFO 49604 --- [SpringApplicationShutdownHook] com.alibaba.nacos.common.remote.client   : Shutdown client event executor java.util.concurrent.ScheduledThreadPoolExecutor@562124e0[Running, pool size = 2, active threads = 2, queued tasks = 0, completed tasks = 0]
14:17:16:891  INFO 49604 --- [SpringApplicationShutdownHook] com.alibaba.nacos.common.remote.client   : Close current connection 1765519810131_218.84.124.14_4029
14:17:16:894  INFO 49604 --- [SpringApplicationShutdownHook] c.a.n.c.remote.client.grpc.GrpcClient    : Shutdown grpc executor java.util.concurrent.ThreadPoolExecutor@33ac01d0[Running, pool size = 8, active threads = 0, queued tasks = 0, completed tasks = 178]
14:19:05:686  INFO 50652 --- [main] com.hmall.gateway.GatewayApplication     : The following 1 profile is active: "dev"
14:19:06:039  INFO 50652 --- [main] o.s.cloud.context.scope.GenericScope     : BeanFactory id=60c7d69e-f7bd-33bc-a4d5-1a0226149efd
14:19:06:132  INFO 50652 --- [main] trationDelegate$BeanPostProcessorChecker : Bean 'org.springframework.cloud.client.loadbalancer.reactive.LoadBalancerBeanPostProcessorAutoConfiguration' of type [org.springframework.cloud.client.loadbalancer.reactive.LoadBalancerBeanPostProcessorAutoConfiguration] is not eligible for getting processed by all BeanPostProcessors (for example: not eligible for auto-proxying)
14:19:06:133  INFO 50652 --- [main] trationDelegate$BeanPostProcessorChecker : Bean 'org.springframework.cloud.client.loadbalancer.reactive.LoadBalancerBeanPostProcessorAutoConfiguration$ReactorDeferringLoadBalancerFilterConfig' of type [org.springframework.cloud.client.loadbalancer.reactive.LoadBalancerBeanPostProcessorAutoConfiguration$ReactorDeferringLoadBalancerFilterConfig] is not eligible for getting processed by all BeanPostProcessors (for example: not eligible for auto-proxying)
14:19:06:134  INFO 50652 --- [main] trationDelegate$BeanPostProcessorChecker : Bean 'reactorDeferringLoadBalancerExchangeFilterFunction' of type [org.springframework.cloud.client.loadbalancer.reactive.DeferringLoadBalancerExchangeFilterFunction] is not eligible for getting processed by all BeanPostProcessors (for example: not eligible for auto-proxying)
14:19:06:592  INFO 50652 --- [main] o.s.c.g.r.RouteDefinitionRouteLocator    : Loaded RoutePredicateFactory [After]
14:19:06:593  INFO 50652 --- [main] o.s.c.g.r.RouteDefinitionRouteLocator    : Loaded RoutePredicateFactory [Before]
14:19:06:593  INFO 50652 --- [main] o.s.c.g.r.RouteDefinitionRouteLocator    : Loaded RoutePredicateFactory [Between]
14:19:06:593  INFO 50652 --- [main] o.s.c.g.r.RouteDefinitionRouteLocator    : Loaded RoutePredicateFactory [Cookie]
14:19:06:593  INFO 50652 --- [main] o.s.c.g.r.RouteDefinitionRouteLocator    : Loaded RoutePredicateFactory [Header]
14:19:06:593  INFO 50652 --- [main] o.s.c.g.r.RouteDefinitionRouteLocator    : Loaded RoutePredicateFactory [Host]
14:19:06:593  INFO 50652 --- [main] o.s.c.g.r.RouteDefinitionRouteLocator    : Loaded RoutePredicateFactory [Method]
14:19:06:593  INFO 50652 --- [main] o.s.c.g.r.RouteDefinitionRouteLocator    : Loaded RoutePredicateFactory [Path]
14:19:06:593  INFO 50652 --- [main] o.s.c.g.r.RouteDefinitionRouteLocator    : Loaded RoutePredicateFactory [Query]
14:19:06:593  INFO 50652 --- [main] o.s.c.g.r.RouteDefinitionRouteLocator    : Loaded RoutePredicateFactory [ReadBody]
14:19:06:593  INFO 50652 --- [main] o.s.c.g.r.RouteDefinitionRouteLocator    : Loaded RoutePredicateFactory [RemoteAddr]
14:19:06:593  INFO 50652 --- [main] o.s.c.g.r.RouteDefinitionRouteLocator    : Loaded RoutePredicateFactory [XForwardedRemoteAddr]
14:19:06:593  INFO 50652 --- [main] o.s.c.g.r.RouteDefinitionRouteLocator    : Loaded RoutePredicateFactory [Weight]
14:19:06:593  INFO 50652 --- [main] o.s.c.g.r.RouteDefinitionRouteLocator    : Loaded RoutePredicateFactory [CloudFoundryRouteService]
14:19:06:633  INFO 50652 --- [main] c.a.c.s.SentinelWebFluxAutoConfiguration : [Sentinel Starter] register Sentinel SentinelWebFluxFilter
14:19:06:724  INFO 50652 --- [main] com.alibaba.nacos.common.remote.client   : [RpcClientFactory] create a new rpc client of 3578f8eb-2755-44fc-b02e-a23d7b6a0aaf
14:19:06:724  INFO 50652 --- [main] com.alibaba.nacos.common.remote.client   : [3578f8eb-2755-44fc-b02e-a23d7b6a0aaf] RpcClient init label, labels = {module=naming, source=sdk}
14:19:06:725  INFO 50652 --- [main] com.alibaba.nacos.common.remote.client   : [3578f8eb-2755-44fc-b02e-a23d7b6a0aaf] RpcClient init, ServerListFactory = com.alibaba.nacos.client.naming.core.ServerListManager
14:19:06:725  INFO 50652 --- [main] com.alibaba.nacos.common.remote.client   : [3578f8eb-2755-44fc-b02e-a23d7b6a0aaf] Registry connection listener to current client:com.alibaba.nacos.client.naming.remote.gprc.redo.NamingGrpcRedoService
14:19:06:725  INFO 50652 --- [main] com.alibaba.nacos.common.remote.client   : [3578f8eb-2755-44fc-b02e-a23d7b6a0aaf] Register server push request handler:com.alibaba.nacos.client.naming.remote.gprc.NamingPushRequestHandler
14:19:06:725  INFO 50652 --- [main] com.alibaba.nacos.common.remote.client   : [3578f8eb-2755-44fc-b02e-a23d7b6a0aaf] Try to connect to server on start up, server: {serverIp = '49.235.39.92', server main port = 8848}
14:19:07:061  INFO 50652 --- [main] com.alibaba.nacos.common.remote.client   : [3578f8eb-2755-44fc-b02e-a23d7b6a0aaf] Success to connect to server [49.235.39.92:8848] on start up, connectionId = 1765520346982_218.84.124.14_2919
14:19:07:061  INFO 50652 --- [main] com.alibaba.nacos.common.remote.client   : [3578f8eb-2755-44fc-b02e-a23d7b6a0aaf] Register server push request handler:com.alibaba.nacos.common.remote.client.RpcClient$ConnectResetRequestHandler
14:19:07:061  INFO 50652 --- [main] com.alibaba.nacos.common.remote.client   : [3578f8eb-2755-44fc-b02e-a23d7b6a0aaf] Register server push request handler:com.alibaba.nacos.common.remote.client.RpcClient$$Lambda$462/0x0000000800522840
14:19:07:061  INFO 50652 --- [com.alibaba.nacos.client.remote.worker] com.alibaba.nacos.common.remote.client   : [3578f8eb-2755-44fc-b02e-a23d7b6a0aaf] Notify connected event to listeners.
14:19:07:186  INFO 50652 --- [main] o.s.b.web.embedded.netty.NettyWebServer  : Netty started on port 18080
14:19:07:271  INFO 50652 --- [main] c.a.c.n.registry.NacosServiceRegistry    : nacos registry, DEFAULT_GROUP hm-gateway 192.168.1.3:18080 register finished
14:19:07:282  INFO 50652 --- [main] com.hmall.gateway.GatewayApplication     : Started GatewayApplication in 3.129 seconds (JVM running for 3.583)
14:19:07:284  INFO 50652 --- [main] c.a.c.n.refresh.NacosContextRefresher    : [Nacos Config] Listening config: dataId=hm-gateway-dev.yaml, group=DEFAULT_GROUP
14:19:07:285  INFO 50652 --- [main] c.a.c.n.refresh.NacosContextRefresher    : [Nacos Config] Listening config: dataId=hm-gateway, group=DEFAULT_GROUP
14:19:07:285  INFO 50652 --- [main] c.a.c.n.refresh.NacosContextRefresher    : [Nacos Config] Listening config: dataId=hm-gateway.yaml, group=DEFAULT_GROUP
14:19:07:660  INFO 50652 --- [nacos-grpc-client-executor-10] com.alibaba.nacos.common.remote.client   : [3578f8eb-2755-44fc-b02e-a23d7b6a0aaf] Receive server push request, request = NotifySubscriberRequest, requestId = 2820
14:19:07:662  INFO 50652 --- [nacos-grpc-client-executor-10] com.alibaba.nacos.common.remote.client   : [3578f8eb-2755-44fc-b02e-a23d7b6a0aaf] Ack server push request, request = NotifySubscriberRequest, requestId = 2820
14:21:53:061  INFO 50652 --- [reactor-http-nio-2] c.hmall.gateway.fillter.MyGlobalFilter   : 执行了 过滤器 
14:21:53:063  INFO 50652 --- [reactor-http-nio-2] c.hmall.gateway.fillter.MyGlobalFilter   : POST method
14:21:53:063  INFO 50652 --- [reactor-http-nio-2] c.h.g.f.PrintAnyGatewayFilterFactory     : 执行前置过滤器printAnyFilter...
14:21:53:202 ERROR 50652 --- [boundedElastic-1] i.n.r.d.DnsServerAddressStreamProviders  : Unable to load io.netty.resolver.dns.macos.MacOSDnsServerAddressStreamProvider, fallback to system defaults. This may result in incorrect DNS resolutions on MacOS. Check whether you have a dependency on 'io.netty:netty-resolver-dns-native-macos'. Use DEBUG level to see the full stack: java.lang.UnsatisfiedLinkError: failed to load the required native library
14:21:53:650  INFO 50652 --- [reactor-http-nio-4] c.h.g.f.PrintAnyGatewayFilterFactory     : 执行后置过滤器printAnyFilter...
14:21:53:650  INFO 50652 --- [reactor-http-nio-4] c.hmall.gateway.fillter.MyGlobalFilter   : 执行了 过滤器 后置
14:21:53:687  INFO 50652 --- [nacos-grpc-client-executor-79] com.alibaba.nacos.common.remote.client   : [3578f8eb-2755-44fc-b02e-a23d7b6a0aaf] Receive server push request, request = NotifySubscriberRequest, requestId = 2822
14:21:53:688  INFO 50652 --- [nacos-grpc-client-executor-79] com.alibaba.nacos.common.remote.client   : [3578f8eb-2755-44fc-b02e-a23d7b6a0aaf] Ack server push request, request = NotifySubscriberRequest, requestId = 2822
14:21:53:860  INFO 50652 --- [reactor-http-nio-5] c.h.gateway.fillter.AuthGlobalFilter     : 传递给下游服务的用户信息:2
14:21:53:860  INFO 50652 --- [reactor-http-nio-5] c.hmall.gateway.fillter.MyGlobalFilter   : 执行了 过滤器 
14:21:53:860  INFO 50652 --- [reactor-http-nio-5] c.hmall.gateway.fillter.MyGlobalFilter   : GET method
14:21:53:860  INFO 50652 --- [reactor-http-nio-5] c.h.g.f.PrintAnyGatewayFilterFactory     : 执行前置过滤器printAnyFilter...
14:21:54:488  INFO 50652 --- [nacos-grpc-client-executor-84] com.alibaba.nacos.common.remote.client   : [3578f8eb-2755-44fc-b02e-a23d7b6a0aaf] Receive server push request, request = NotifySubscriberRequest, requestId = 2823
14:21:54:490  INFO 50652 --- [nacos-grpc-client-executor-84] com.alibaba.nacos.common.remote.client   : [3578f8eb-2755-44fc-b02e-a23d7b6a0aaf] Ack server push request, request = NotifySubscriberRequest, requestId = 2823
14:21:55:697  INFO 50652 --- [reactor-http-nio-6] c.h.g.f.PrintAnyGatewayFilterFactory     : 执行后置过滤器printAnyFilter...
14:21:55:697  INFO 50652 --- [reactor-http-nio-6] c.hmall.gateway.fillter.MyGlobalFilter   : 执行了 过滤器 后置
14:22:15:434  INFO 50652 --- [reactor-http-nio-7] c.h.gateway.fillter.AuthGlobalFilter     : 传递给下游服务的用户信息:2
14:22:15:436  INFO 50652 --- [reactor-http-nio-7] c.hmall.gateway.fillter.MyGlobalFilter   : 执行了 过滤器 
14:22:15:436  INFO 50652 --- [reactor-http-nio-7] c.hmall.gateway.fillter.MyGlobalFilter   : GET method
14:22:15:436  INFO 50652 --- [reactor-http-nio-7] c.h.g.f.PrintAnyGatewayFilterFactory     : 执行前置过滤器printAnyFilter...
14:22:15:766  INFO 50652 --- [reactor-http-nio-6] c.h.g.f.PrintAnyGatewayFilterFactory     : 执行后置过滤器printAnyFilter...
14:22:15:766  INFO 50652 --- [reactor-http-nio-6] c.hmall.gateway.fillter.MyGlobalFilter   : 执行了 过滤器 后置
14:27:58:421  WARN 50652 --- [reactor-http-nio-8] c.h.gateway.fillter.AuthGlobalFilter     : 身份校验失败，拦截请求: /api/carts，原因: 未登录
14:30:38:462  WARN 50652 --- [Thread-1] c.a.n.common.http.HttpClientBeanHolder   : [HttpClientBeanHolder] Start destroying common HttpClient
14:30:38:462  WARN 50652 --- [Thread-5] c.a.nacos.common.notify.NotifyCenter     : [NotifyCenter] Start destroying Publisher
14:30:38:464  WARN 50652 --- [Thread-5] c.a.nacos.common.notify.NotifyCenter     : [NotifyCenter] Destruction of the end
14:30:38:470  WARN 50652 --- [Thread-1] c.a.n.common.http.HttpClientBeanHolder   : [HttpClientBeanHolder] Destruction of the end
14:30:38:566  INFO 50652 --- [SpringApplicationShutdownHook] c.a.c.n.registry.NacosServiceRegistry    : De-registering from Nacos Server now...
14:30:38:645  INFO 50652 --- [SpringApplicationShutdownHook] c.a.c.n.registry.NacosServiceRegistry    : De-registration finished.
14:30:38:958  INFO 50652 --- [SpringApplicationShutdownHook] com.alibaba.nacos.common.remote.client   : Shutdown rpc client, set status to shutdown
14:30:38:958  INFO 50652 --- [SpringApplicationShutdownHook] com.alibaba.nacos.common.remote.client   : Shutdown client event executor java.util.concurrent.ScheduledThreadPoolExecutor@208a7e43[Running, pool size = 2, active threads = 2, queued tasks = 0, completed tasks = 0]
14:30:38:958  INFO 50652 --- [SpringApplicationShutdownHook] com.alibaba.nacos.common.remote.client   : Close current connection 1765520346982_218.84.124.14_2919
14:30:38:961  INFO 50652 --- [SpringApplicationShutdownHook] c.a.n.c.remote.client.grpc.GrpcClient    : Shutdown grpc executor java.util.concurrent.ThreadPoolExecutor@53c4cb00[Running, pool size = 8, active threads = 0, queued tasks = 0, completed tasks = 309]
14:30:53:877  INFO 51223 --- [main] com.hmall.gateway.GatewayApplication     : The following 1 profile is active: "dev"
14:30:54:065  INFO 51223 --- [main] o.s.cloud.context.scope.GenericScope     : BeanFactory id=60c7d69e-f7bd-33bc-a4d5-1a0226149efd
14:30:54:107  INFO 51223 --- [main] trationDelegate$BeanPostProcessorChecker : Bean 'org.springframework.cloud.client.loadbalancer.reactive.LoadBalancerBeanPostProcessorAutoConfiguration' of type [org.springframework.cloud.client.loadbalancer.reactive.LoadBalancerBeanPostProcessorAutoConfiguration] is not eligible for getting processed by all BeanPostProcessors (for example: not eligible for auto-proxying)
14:30:54:107  INFO 51223 --- [main] trationDelegate$BeanPostProcessorChecker : Bean 'org.springframework.cloud.client.loadbalancer.reactive.LoadBalancerBeanPostProcessorAutoConfiguration$ReactorDeferringLoadBalancerFilterConfig' of type [org.springframework.cloud.client.loadbalancer.reactive.LoadBalancerBeanPostProcessorAutoConfiguration$ReactorDeferringLoadBalancerFilterConfig] is not eligible for getting processed by all BeanPostProcessors (for example: not eligible for auto-proxying)
14:30:54:108  INFO 51223 --- [main] trationDelegate$BeanPostProcessorChecker : Bean 'reactorDeferringLoadBalancerExchangeFilterFunction' of type [org.springframework.cloud.client.loadbalancer.reactive.DeferringLoadBalancerExchangeFilterFunction] is not eligible for getting processed by all BeanPostProcessors (for example: not eligible for auto-proxying)
14:30:54:453  INFO 51223 --- [main] o.s.c.g.r.RouteDefinitionRouteLocator    : Loaded RoutePredicateFactory [After]
14:30:54:453  INFO 51223 --- [main] o.s.c.g.r.RouteDefinitionRouteLocator    : Loaded RoutePredicateFactory [Before]
14:30:54:453  INFO 51223 --- [main] o.s.c.g.r.RouteDefinitionRouteLocator    : Loaded RoutePredicateFactory [Between]
14:30:54:453  INFO 51223 --- [main] o.s.c.g.r.RouteDefinitionRouteLocator    : Loaded RoutePredicateFactory [Cookie]
14:30:54:453  INFO 51223 --- [main] o.s.c.g.r.RouteDefinitionRouteLocator    : Loaded RoutePredicateFactory [Header]
14:30:54:453  INFO 51223 --- [main] o.s.c.g.r.RouteDefinitionRouteLocator    : Loaded RoutePredicateFactory [Host]
14:30:54:453  INFO 51223 --- [main] o.s.c.g.r.RouteDefinitionRouteLocator    : Loaded RoutePredicateFactory [Method]
14:30:54:453  INFO 51223 --- [main] o.s.c.g.r.RouteDefinitionRouteLocator    : Loaded RoutePredicateFactory [Path]
14:30:54:454  INFO 51223 --- [main] o.s.c.g.r.RouteDefinitionRouteLocator    : Loaded RoutePredicateFactory [Query]
14:30:54:454  INFO 51223 --- [main] o.s.c.g.r.RouteDefinitionRouteLocator    : Loaded RoutePredicateFactory [ReadBody]
14:30:54:454  INFO 51223 --- [main] o.s.c.g.r.RouteDefinitionRouteLocator    : Loaded RoutePredicateFactory [RemoteAddr]
14:30:54:454  INFO 51223 --- [main] o.s.c.g.r.RouteDefinitionRouteLocator    : Loaded RoutePredicateFactory [XForwardedRemoteAddr]
14:30:54:454  INFO 51223 --- [main] o.s.c.g.r.RouteDefinitionRouteLocator    : Loaded RoutePredicateFactory [Weight]
14:30:54:454  INFO 51223 --- [main] o.s.c.g.r.RouteDefinitionRouteLocator    : Loaded RoutePredicateFactory [CloudFoundryRouteService]
14:30:54:489  INFO 51223 --- [main] c.a.c.s.SentinelWebFluxAutoConfiguration : [Sentinel Starter] register Sentinel SentinelWebFluxFilter
14:30:54:559  INFO 51223 --- [main] com.alibaba.nacos.common.remote.client   : [RpcClientFactory] create a new rpc client of 3dfe4efe-c715-435a-a959-e00d5eeaa14b
14:30:54:559  INFO 51223 --- [main] com.alibaba.nacos.common.remote.client   : [3dfe4efe-c715-435a-a959-e00d5eeaa14b] RpcClient init label, labels = {module=naming, source=sdk}
14:30:54:559  INFO 51223 --- [main] com.alibaba.nacos.common.remote.client   : [3dfe4efe-c715-435a-a959-e00d5eeaa14b] RpcClient init, ServerListFactory = com.alibaba.nacos.client.naming.core.ServerListManager
14:30:54:559  INFO 51223 --- [main] com.alibaba.nacos.common.remote.client   : [3dfe4efe-c715-435a-a959-e00d5eeaa14b] Registry connection listener to current client:com.alibaba.nacos.client.naming.remote.gprc.redo.NamingGrpcRedoService
14:30:54:559  INFO 51223 --- [main] com.alibaba.nacos.common.remote.client   : [3dfe4efe-c715-435a-a959-e00d5eeaa14b] Register server push request handler:com.alibaba.nacos.client.naming.remote.gprc.NamingPushRequestHandler
14:30:54:559  INFO 51223 --- [main] com.alibaba.nacos.common.remote.client   : [3dfe4efe-c715-435a-a959-e00d5eeaa14b] Try to connect to server on start up, server: {serverIp = '49.235.39.92', server main port = 8848}
14:30:54:867  INFO 51223 --- [main] com.alibaba.nacos.common.remote.client   : [3dfe4efe-c715-435a-a959-e00d5eeaa14b] Success to connect to server [49.235.39.92:8848] on start up, connectionId = 1765521054785_218.84.124.14_4269
14:30:54:867  INFO 51223 --- [main] com.alibaba.nacos.common.remote.client   : [3dfe4efe-c715-435a-a959-e00d5eeaa14b] Register server push request handler:com.alibaba.nacos.common.remote.client.RpcClient$ConnectResetRequestHandler
14:30:54:867  INFO 51223 --- [com.alibaba.nacos.client.remote.worker] com.alibaba.nacos.common.remote.client   : [3dfe4efe-c715-435a-a959-e00d5eeaa14b] Notify connected event to listeners.
14:30:54:867  INFO 51223 --- [main] com.alibaba.nacos.common.remote.client   : [3dfe4efe-c715-435a-a959-e00d5eeaa14b] Register server push request handler:com.alibaba.nacos.common.remote.client.RpcClient$$Lambda$447/0x0000000800518040
14:30:55:010  INFO 51223 --- [main] o.s.b.web.embedded.netty.NettyWebServer  : Netty started on port 18080
14:30:55:085  INFO 51223 --- [main] c.a.c.n.registry.NacosServiceRegistry    : nacos registry, DEFAULT_GROUP hm-gateway 192.168.1.3:18080 register finished
14:30:55:100  INFO 51223 --- [main] com.hmall.gateway.GatewayApplication     : Started GatewayApplication in 2.434 seconds (JVM running for 2.678)
14:30:55:104  INFO 51223 --- [main] c.a.c.n.refresh.NacosContextRefresher    : [Nacos Config] Listening config: dataId=hm-gateway-dev.yaml, group=DEFAULT_GROUP
14:30:55:104  INFO 51223 --- [main] c.a.c.n.refresh.NacosContextRefresher    : [Nacos Config] Listening config: dataId=hm-gateway, group=DEFAULT_GROUP
14:30:55:104  INFO 51223 --- [main] c.a.c.n.refresh.NacosContextRefresher    : [Nacos Config] Listening config: dataId=hm-gateway.yaml, group=DEFAULT_GROUP
14:30:55:532  INFO 51223 --- [nacos-grpc-client-executor-9] com.alibaba.nacos.common.remote.client   : [3dfe4efe-c715-435a-a959-e00d5eeaa14b] Receive server push request, request = NotifySubscriberRequest, requestId = 2826
14:30:55:534  INFO 51223 --- [nacos-grpc-client-executor-9] com.alibaba.nacos.common.remote.client   : [3dfe4efe-c715-435a-a959-e00d5eeaa14b] Ack server push request, request = NotifySubscriberRequest, requestId = 2826
14:33:40:072  WARN 51223 --- [Thread-5] c.a.nacos.common.notify.NotifyCenter     : [NotifyCenter] Start destroying Publisher
14:33:40:072  WARN 51223 --- [Thread-1] c.a.n.common.http.HttpClientBeanHolder   : [HttpClientBeanHolder] Start destroying common HttpClient
14:33:40:072  WARN 51223 --- [Thread-5] c.a.nacos.common.notify.NotifyCenter     : [NotifyCenter] Destruction of the end
14:33:40:073  WARN 51223 --- [Thread-1] c.a.n.common.http.HttpClientBeanHolder   : [HttpClientBeanHolder] Destruction of the end
14:33:40:148  INFO 51223 --- [SpringApplicationShutdownHook] c.a.c.n.registry.NacosServiceRegistry    : De-registering from Nacos Server now...
14:33:40:218  INFO 51223 --- [SpringApplicationShutdownHook] c.a.c.n.registry.NacosServiceRegistry    : De-registration finished.
14:33:40:532  INFO 51223 --- [SpringApplicationShutdownHook] com.alibaba.nacos.common.remote.client   : Shutdown rpc client, set status to shutdown
14:33:40:533  INFO 51223 --- [SpringApplicationShutdownHook] com.alibaba.nacos.common.remote.client   : Shutdown client event executor java.util.concurrent.ScheduledThreadPoolExecutor@6cff52ed[Running, pool size = 2, active threads = 2, queued tasks = 0, completed tasks = 0]
14:33:40:533  INFO 51223 --- [SpringApplicationShutdownHook] com.alibaba.nacos.common.remote.client   : Close current connection 1765521054785_218.84.124.14_4269
14:33:40:535  INFO 51223 --- [SpringApplicationShutdownHook] c.a.n.c.remote.client.grpc.GrpcClient    : Shutdown grpc executor java.util.concurrent.ThreadPoolExecutor@5275dad5[Running, pool size = 7, active threads = 0, queued tasks = 0, completed tasks = 75]
14:33:50:148  INFO 51431 --- [main] com.hmall.gateway.GatewayApplication     : The following 1 profile is active: "dev"
14:33:50:338  INFO 51431 --- [main] o.s.cloud.context.scope.GenericScope     : BeanFactory id=60c7d69e-f7bd-33bc-a4d5-1a0226149efd
14:33:50:378  INFO 51431 --- [main] trationDelegate$BeanPostProcessorChecker : Bean 'org.springframework.cloud.client.loadbalancer.reactive.LoadBalancerBeanPostProcessorAutoConfiguration' of type [org.springframework.cloud.client.loadbalancer.reactive.LoadBalancerBeanPostProcessorAutoConfiguration] is not eligible for getting processed by all BeanPostProcessors (for example: not eligible for auto-proxying)
14:33:50:378  INFO 51431 --- [main] trationDelegate$BeanPostProcessorChecker : Bean 'org.springframework.cloud.client.loadbalancer.reactive.LoadBalancerBeanPostProcessorAutoConfiguration$ReactorDeferringLoadBalancerFilterConfig' of type [org.springframework.cloud.client.loadbalancer.reactive.LoadBalancerBeanPostProcessorAutoConfiguration$ReactorDeferringLoadBalancerFilterConfig] is not eligible for getting processed by all BeanPostProcessors (for example: not eligible for auto-proxying)
14:33:50:379  INFO 51431 --- [main] trationDelegate$BeanPostProcessorChecker : Bean 'reactorDeferringLoadBalancerExchangeFilterFunction' of type [org.springframework.cloud.client.loadbalancer.reactive.DeferringLoadBalancerExchangeFilterFunction] is not eligible for getting processed by all BeanPostProcessors (for example: not eligible for auto-proxying)
14:33:50:765  INFO 51431 --- [main] o.s.c.g.r.RouteDefinitionRouteLocator    : Loaded RoutePredicateFactory [After]
14:33:50:766  INFO 51431 --- [main] o.s.c.g.r.RouteDefinitionRouteLocator    : Loaded RoutePredicateFactory [Before]
14:33:50:766  INFO 51431 --- [main] o.s.c.g.r.RouteDefinitionRouteLocator    : Loaded RoutePredicateFactory [Between]
14:33:50:766  INFO 51431 --- [main] o.s.c.g.r.RouteDefinitionRouteLocator    : Loaded RoutePredicateFactory [Cookie]
14:33:50:766  INFO 51431 --- [main] o.s.c.g.r.RouteDefinitionRouteLocator    : Loaded RoutePredicateFactory [Header]
14:33:50:766  INFO 51431 --- [main] o.s.c.g.r.RouteDefinitionRouteLocator    : Loaded RoutePredicateFactory [Host]
14:33:50:766  INFO 51431 --- [main] o.s.c.g.r.RouteDefinitionRouteLocator    : Loaded RoutePredicateFactory [Method]
14:33:50:766  INFO 51431 --- [main] o.s.c.g.r.RouteDefinitionRouteLocator    : Loaded RoutePredicateFactory [Path]
14:33:50:766  INFO 51431 --- [main] o.s.c.g.r.RouteDefinitionRouteLocator    : Loaded RoutePredicateFactory [Query]
14:33:50:766  INFO 51431 --- [main] o.s.c.g.r.RouteDefinitionRouteLocator    : Loaded RoutePredicateFactory [ReadBody]
14:33:50:766  INFO 51431 --- [main] o.s.c.g.r.RouteDefinitionRouteLocator    : Loaded RoutePredicateFactory [RemoteAddr]
14:33:50:766  INFO 51431 --- [main] o.s.c.g.r.RouteDefinitionRouteLocator    : Loaded RoutePredicateFactory [XForwardedRemoteAddr]
14:33:50:766  INFO 51431 --- [main] o.s.c.g.r.RouteDefinitionRouteLocator    : Loaded RoutePredicateFactory [Weight]
14:33:50:766  INFO 51431 --- [main] o.s.c.g.r.RouteDefinitionRouteLocator    : Loaded RoutePredicateFactory [CloudFoundryRouteService]
14:33:50:803  INFO 51431 --- [main] c.a.c.s.SentinelWebFluxAutoConfiguration : [Sentinel Starter] register Sentinel SentinelWebFluxFilter
14:33:50:900  INFO 51431 --- [main] com.alibaba.nacos.common.remote.client   : [RpcClientFactory] create a new rpc client of 7ffabfa1-60f9-469d-ac0b-d19becd28f65
14:33:50:900  INFO 51431 --- [main] com.alibaba.nacos.common.remote.client   : [7ffabfa1-60f9-469d-ac0b-d19becd28f65] RpcClient init label, labels = {module=naming, source=sdk}
14:33:50:901  INFO 51431 --- [main] com.alibaba.nacos.common.remote.client   : [7ffabfa1-60f9-469d-ac0b-d19becd28f65] RpcClient init, ServerListFactory = com.alibaba.nacos.client.naming.core.ServerListManager
14:33:50:901  INFO 51431 --- [main] com.alibaba.nacos.common.remote.client   : [7ffabfa1-60f9-469d-ac0b-d19becd28f65] Registry connection listener to current client:com.alibaba.nacos.client.naming.remote.gprc.redo.NamingGrpcRedoService
14:33:50:901  INFO 51431 --- [main] com.alibaba.nacos.common.remote.client   : [7ffabfa1-60f9-469d-ac0b-d19becd28f65] Register server push request handler:com.alibaba.nacos.client.naming.remote.gprc.NamingPushRequestHandler
14:33:50:901  INFO 51431 --- [main] com.alibaba.nacos.common.remote.client   : [7ffabfa1-60f9-469d-ac0b-d19becd28f65] Try to connect to server on start up, server: {serverIp = '49.235.39.92', server main port = 8848}
14:33:51:223  INFO 51431 --- [main] com.alibaba.nacos.common.remote.client   : [7ffabfa1-60f9-469d-ac0b-d19becd28f65] Success to connect to server [49.235.39.92:8848] on start up, connectionId = 1765521231128_218.84.124.14_4616
14:33:51:223  INFO 51431 --- [main] com.alibaba.nacos.common.remote.client   : [7ffabfa1-60f9-469d-ac0b-d19becd28f65] Register server push request handler:com.alibaba.nacos.common.remote.client.RpcClient$ConnectResetRequestHandler
14:33:51:223  INFO 51431 --- [com.alibaba.nacos.client.remote.worker] com.alibaba.nacos.common.remote.client   : [7ffabfa1-60f9-469d-ac0b-d19becd28f65] Notify connected event to listeners.
14:33:51:223  INFO 51431 --- [main] com.alibaba.nacos.common.remote.client   : [7ffabfa1-60f9-469d-ac0b-d19becd28f65] Register server push request handler:com.alibaba.nacos.common.remote.client.RpcClient$$Lambda$462/0x000000080053a040
14:33:51:345  INFO 51431 --- [main] o.s.b.web.embedded.netty.NettyWebServer  : Netty started on port 18080
14:33:51:425  INFO 51431 --- [main] c.a.c.n.registry.NacosServiceRegistry    : nacos registry, DEFAULT_GROUP hm-gateway 192.168.1.3:18080 register finished
14:33:51:438  INFO 51431 --- [main] com.hmall.gateway.GatewayApplication     : Started GatewayApplication in 2.731 seconds (JVM running for 2.994)
14:33:51:441  INFO 51431 --- [main] c.a.c.n.refresh.NacosContextRefresher    : [Nacos Config] Listening config: dataId=hm-gateway-dev.yaml, group=DEFAULT_GROUP
14:33:51:441  INFO 51431 --- [main] c.a.c.n.refresh.NacosContextRefresher    : [Nacos Config] Listening config: dataId=hm-gateway, group=DEFAULT_GROUP
14:33:51:441  INFO 51431 --- [main] c.a.c.n.refresh.NacosContextRefresher    : [Nacos Config] Listening config: dataId=hm-gateway.yaml, group=DEFAULT_GROUP
14:33:51:882  INFO 51431 --- [nacos-grpc-client-executor-10] com.alibaba.nacos.common.remote.client   : [7ffabfa1-60f9-469d-ac0b-d19becd28f65] Receive server push request, request = NotifySubscriberRequest, requestId = 2832
14:33:51:885  INFO 51431 --- [nacos-grpc-client-executor-10] com.alibaba.nacos.common.remote.client   : [7ffabfa1-60f9-469d-ac0b-d19becd28f65] Ack server push request, request = NotifySubscriberRequest, requestId = 2832
14:35:03:843  WARN 51431 --- [Thread-5] c.a.nacos.common.notify.NotifyCenter     : [NotifyCenter] Start destroying Publisher
14:35:03:843  WARN 51431 --- [Thread-1] c.a.n.common.http.HttpClientBeanHolder   : [HttpClientBeanHolder] Start destroying common HttpClient
14:35:03:844  WARN 51431 --- [Thread-5] c.a.nacos.common.notify.NotifyCenter     : [NotifyCenter] Destruction of the end
14:35:03:845  WARN 51431 --- [Thread-1] c.a.n.common.http.HttpClientBeanHolder   : [HttpClientBeanHolder] Destruction of the end
14:35:03:925  INFO 51431 --- [SpringApplicationShutdownHook] c.a.c.n.registry.NacosServiceRegistry    : De-registering from Nacos Server now...
14:35:03:997  INFO 51431 --- [SpringApplicationShutdownHook] c.a.c.n.registry.NacosServiceRegistry    : De-registration finished.
14:35:04:311  INFO 51431 --- [SpringApplicationShutdownHook] com.alibaba.nacos.common.remote.client   : Shutdown rpc client, set status to shutdown
14:35:04:312  INFO 51431 --- [SpringApplicationShutdownHook] com.alibaba.nacos.common.remote.client   : Shutdown client event executor java.util.concurrent.ScheduledThreadPoolExecutor@5e5d3163[Running, pool size = 2, active threads = 2, queued tasks = 0, completed tasks = 0]
14:35:04:312  INFO 51431 --- [SpringApplicationShutdownHook] com.alibaba.nacos.common.remote.client   : Close current connection 1765521231128_218.84.124.14_4616
14:35:04:320  INFO 51431 --- [SpringApplicationShutdownHook] c.a.n.c.remote.client.grpc.GrpcClient    : Shutdown grpc executor java.util.concurrent.ThreadPoolExecutor@10ed466c[Running, pool size = 6, active threads = 0, queued tasks = 0, completed tasks = 44]
14:35:11:692  INFO 51558 --- [main] com.hmall.gateway.GatewayApplication     : The following 1 profile is active: "dev"
14:35:12:020  INFO 51558 --- [main] o.s.cloud.context.scope.GenericScope     : BeanFactory id=60c7d69e-f7bd-33bc-a4d5-1a0226149efd
14:35:12:086  INFO 51558 --- [main] trationDelegate$BeanPostProcessorChecker : Bean 'org.springframework.cloud.client.loadbalancer.reactive.LoadBalancerBeanPostProcessorAutoConfiguration' of type [org.springframework.cloud.client.loadbalancer.reactive.LoadBalancerBeanPostProcessorAutoConfiguration] is not eligible for getting processed by all BeanPostProcessors (for example: not eligible for auto-proxying)
14:35:12:087  INFO 51558 --- [main] trationDelegate$BeanPostProcessorChecker : Bean 'org.springframework.cloud.client.loadbalancer.reactive.LoadBalancerBeanPostProcessorAutoConfiguration$ReactorDeferringLoadBalancerFilterConfig' of type [org.springframework.cloud.client.loadbalancer.reactive.LoadBalancerBeanPostProcessorAutoConfiguration$ReactorDeferringLoadBalancerFilterConfig] is not eligible for getting processed by all BeanPostProcessors (for example: not eligible for auto-proxying)
14:35:12:087  INFO 51558 --- [main] trationDelegate$BeanPostProcessorChecker : Bean 'reactorDeferringLoadBalancerExchangeFilterFunction' of type [org.springframework.cloud.client.loadbalancer.reactive.DeferringLoadBalancerExchangeFilterFunction] is not eligible for getting processed by all BeanPostProcessors (for example: not eligible for auto-proxying)
14:35:12:500  INFO 51558 --- [main] o.s.c.g.r.RouteDefinitionRouteLocator    : Loaded RoutePredicateFactory [After]
14:35:12:500  INFO 51558 --- [main] o.s.c.g.r.RouteDefinitionRouteLocator    : Loaded RoutePredicateFactory [Before]
14:35:12:500  INFO 51558 --- [main] o.s.c.g.r.RouteDefinitionRouteLocator    : Loaded RoutePredicateFactory [Between]
14:35:12:500  INFO 51558 --- [main] o.s.c.g.r.RouteDefinitionRouteLocator    : Loaded RoutePredicateFactory [Cookie]
14:35:12:500  INFO 51558 --- [main] o.s.c.g.r.RouteDefinitionRouteLocator    : Loaded RoutePredicateFactory [Header]
14:35:12:500  INFO 51558 --- [main] o.s.c.g.r.RouteDefinitionRouteLocator    : Loaded RoutePredicateFactory [Host]
14:35:12:500  INFO 51558 --- [main] o.s.c.g.r.RouteDefinitionRouteLocator    : Loaded RoutePredicateFactory [Method]
14:35:12:500  INFO 51558 --- [main] o.s.c.g.r.RouteDefinitionRouteLocator    : Loaded RoutePredicateFactory [Path]
14:35:12:500  INFO 51558 --- [main] o.s.c.g.r.RouteDefinitionRouteLocator    : Loaded RoutePredicateFactory [Query]
14:35:12:500  INFO 51558 --- [main] o.s.c.g.r.RouteDefinitionRouteLocator    : Loaded RoutePredicateFactory [ReadBody]
14:35:12:500  INFO 51558 --- [main] o.s.c.g.r.RouteDefinitionRouteLocator    : Loaded RoutePredicateFactory [RemoteAddr]
14:35:12:500  INFO 51558 --- [main] o.s.c.g.r.RouteDefinitionRouteLocator    : Loaded RoutePredicateFactory [XForwardedRemoteAddr]
14:35:12:500  INFO 51558 --- [main] o.s.c.g.r.RouteDefinitionRouteLocator    : Loaded RoutePredicateFactory [Weight]
14:35:12:500  INFO 51558 --- [main] o.s.c.g.r.RouteDefinitionRouteLocator    : Loaded RoutePredicateFactory [CloudFoundryRouteService]
14:35:12:536  INFO 51558 --- [main] c.a.c.s.SentinelWebFluxAutoConfiguration : [Sentinel Starter] register Sentinel SentinelWebFluxFilter
14:35:12:619  INFO 51558 --- [main] com.alibaba.nacos.common.remote.client   : [RpcClientFactory] create a new rpc client of 517c13b6-f270-423e-8983-ca577a72a30e
14:35:12:619  INFO 51558 --- [main] com.alibaba.nacos.common.remote.client   : [517c13b6-f270-423e-8983-ca577a72a30e] RpcClient init label, labels = {module=naming, source=sdk}
14:35:12:619  INFO 51558 --- [main] com.alibaba.nacos.common.remote.client   : [517c13b6-f270-423e-8983-ca577a72a30e] RpcClient init, ServerListFactory = com.alibaba.nacos.client.naming.core.ServerListManager
14:35:12:619  INFO 51558 --- [main] com.alibaba.nacos.common.remote.client   : [517c13b6-f270-423e-8983-ca577a72a30e] Registry connection listener to current client:com.alibaba.nacos.client.naming.remote.gprc.redo.NamingGrpcRedoService
14:35:12:620  INFO 51558 --- [main] com.alibaba.nacos.common.remote.client   : [517c13b6-f270-423e-8983-ca577a72a30e] Register server push request handler:com.alibaba.nacos.client.naming.remote.gprc.NamingPushRequestHandler
14:35:12:620  INFO 51558 --- [main] com.alibaba.nacos.common.remote.client   : [517c13b6-f270-423e-8983-ca577a72a30e] Try to connect to server on start up, server: {serverIp = '49.235.39.92', server main port = 8848}
14:35:12:941  INFO 51558 --- [main] com.alibaba.nacos.common.remote.client   : [517c13b6-f270-423e-8983-ca577a72a30e] Success to connect to server [49.235.39.92:8848] on start up, connectionId = 1765521312851_218.84.124.14_4709
14:35:12:942  INFO 51558 --- [main] com.alibaba.nacos.common.remote.client   : [517c13b6-f270-423e-8983-ca577a72a30e] Register server push request handler:com.alibaba.nacos.common.remote.client.RpcClient$ConnectResetRequestHandler
14:35:12:942  INFO 51558 --- [main] com.alibaba.nacos.common.remote.client   : [517c13b6-f270-423e-8983-ca577a72a30e] Register server push request handler:com.alibaba.nacos.common.remote.client.RpcClient$$Lambda$462/0x00000008004cc040
14:35:12:942  INFO 51558 --- [com.alibaba.nacos.client.remote.worker] com.alibaba.nacos.common.remote.client   : [517c13b6-f270-423e-8983-ca577a72a30e] Notify connected event to listeners.
14:35:13:102  INFO 51558 --- [main] o.s.b.web.embedded.netty.NettyWebServer  : Netty started on port 18080
14:35:13:182  INFO 51558 --- [main] c.a.c.n.registry.NacosServiceRegistry    : nacos registry, DEFAULT_GROUP hm-gateway 192.168.1.3:18080 register finished
14:35:13:231  INFO 51558 --- [main] com.hmall.gateway.GatewayApplication     : Started GatewayApplication in 3.384 seconds (JVM running for 3.675)
14:35:13:233  INFO 51558 --- [main] c.a.c.n.refresh.NacosContextRefresher    : [Nacos Config] Listening config: dataId=hm-gateway-dev.yaml, group=DEFAULT_GROUP
14:35:13:233  INFO 51558 --- [main] c.a.c.n.refresh.NacosContextRefresher    : [Nacos Config] Listening config: dataId=hm-gateway, group=DEFAULT_GROUP
14:35:13:234  INFO 51558 --- [main] c.a.c.n.refresh.NacosContextRefresher    : [Nacos Config] Listening config: dataId=hm-gateway.yaml, group=DEFAULT_GROUP
14:35:13:534  INFO 51558 --- [nacos-grpc-client-executor-9] com.alibaba.nacos.common.remote.client   : [517c13b6-f270-423e-8983-ca577a72a30e] Receive server push request, request = NotifySubscriberRequest, requestId = 2838
14:35:13:535  INFO 51558 --- [nacos-grpc-client-executor-9] com.alibaba.nacos.common.remote.client   : [517c13b6-f270-423e-8983-ca577a72a30e] Ack server push request, request = NotifySubscriberRequest, requestId = 2838
